targetFitness = 1536 
params : Main.GeneticAlgorithms.Types.GAParams(136, 1000000, 150, 150, 0.7, 0.01, true, IOStream(<file ../Results/logadd.log>), 69836.0, 1536.0, 0, 1) 
2019-07-11T23:27:53.001 , Gen : 100 , BEST: 1525 , SECOND: 1525 
2019-07-11T23:28:04.927 , Gen : 200 , BEST: 1525 , SECOND: 1525 
2019-07-11T23:28:17.496 , Gen : 300 , BEST: 1527 , SECOND: 1527 
2019-07-11T23:28:29.104 , Gen : 400 , BEST: 1527 , SECOND: 1527 
2019-07-11T23:28:40.935 , Gen : 500 , BEST: 1527 , SECOND: 1527 
2019-07-11T23:28:52.498 , Gen : 600 , BEST: 1527 , SECOND: 1527 
2019-07-11T23:29:04.461 , Gen : 700 , BEST: 1527 , SECOND: 1527 
2019-07-11T23:29:16.701 , Gen : 800 , BEST: 1527 , SECOND: 1527 
2019-07-11T23:29:28.569 , Gen : 900 , BEST: 1527 , SECOND: 1527 
2019-07-11T23:29:40.072 , Gen : 1000 , BEST: 1527 , SECOND: 1527 
fitness : 1527 
 code : >>>,++.]][-[,.<-+<.>,]]]<<-<<[[,,+[--.]]]-[><-><<,.-.,>[-<],,[[><.>]+<,<+>>,+,+]],,.,[<.<-<-+]>-<[]+----]<]]]<-,,]<>[.<[[+..[<[<->]<],,.+<-+>,,]+-,<,] 
 7 + 9 ->  9 
 6 + 4 ->  8 
 0 + 1 ->  2 
2019-07-11T23:29:51.666 , Gen : 1100 , BEST: 1527 , SECOND: 1527 
2019-07-11T23:30:03.257 , Gen : 1200 , BEST: 1527 , SECOND: 1527 
2019-07-11T23:30:14.759 , Gen : 1300 , BEST: 1527 , SECOND: 1527 
2019-07-11T23:30:26.167 , Gen : 1400 , BEST: 1527 , SECOND: 1527 
2019-07-11T23:30:37.792 , Gen : 1500 , BEST: 1527 , SECOND: 1527 
2019-07-11T23:30:49.59 , Gen : 1600 , BEST: 1527 , SECOND: 1527 
2019-07-11T23:31:01.138 , Gen : 1700 , BEST: 1527 , SECOND: 1527 
2019-07-11T23:31:13.263 , Gen : 1800 , BEST: 1527 , SECOND: 1527 
2019-07-11T23:31:25.241 , Gen : 1900 , BEST: 1527 , SECOND: 1527 
2019-07-11T23:31:37.719 , Gen : 2000 , BEST: 1527 , SECOND: 1527 
fitness : 1527 
 code : -[,++.][[-<,..--]]<<]><-<+-[<[[,,+[->-]-<-><-><<,.-.,[-<],<,>,[[><.><,<+>>,+,+]],,.,[<.<-<-+]>-<,]+----]<]]]<-,,]<>[.<+..[<[<->]<],,.+<-+>,,]+-,,<,]>< 
 15 + 7 ->  17 
 11 + 9 ->  13 
 10 + 4 ->  12 
2019-07-11T23:31:49.7 , Gen : 2100 , BEST: 1527 , SECOND: 1527 
2019-07-11T23:32:02.407 , Gen : 2200 , BEST: 1527 , SECOND: 1527 
2019-07-11T23:32:14.704 , Gen : 2300 , BEST: 1527 , SECOND: 1527 
2019-07-11T23:32:27.12 , Gen : 2400 , BEST: 1527 , SECOND: 1527 
2019-07-11T23:32:39.656 , Gen : 2500 , BEST: 1527 , SECOND: 1527 
2019-07-11T23:32:52.565 , Gen : 2600 , BEST: 1527 , SECOND: 1527 
2019-07-11T23:33:05.594 , Gen : 2700 , BEST: 1527 , SECOND: 1527 
2019-07-11T23:33:18.89 , Gen : 2800 , BEST: 1527 , SECOND: 1527 
2019-07-11T23:33:32.361 , Gen : 2900 , BEST: 1527 , SECOND: 1527 
2019-07-11T23:33:45.946 , Gen : 3000 , BEST: 1527 , SECOND: 1527 
fitness : 1527 
 code : --[,++.]<<,,[---[].][--]><-<[<[[<,+[>-.]]]-<><-><<,.-.,>[->],,[,><,[>+<.><,<+>>,+,+]],,.,[<.<-<-+]>-<[]+----]<]]>]<-,,]<>[.<+..[<[<->]<],,.+<-+>,]+-,< 
 5 + 9 ->  7 
 2 + 2 ->  4 
 1 + 7 ->  3 
2019-07-11T23:33:59.41 , Gen : 3100 , BEST: 1527 , SECOND: 1527 
2019-07-11T23:34:13.71 , Gen : 3200 , BEST: 1527 , SECOND: 1527 
2019-07-11T23:34:27.504 , Gen : 3300 , BEST: 1527 , SECOND: 1527 
2019-07-11T23:34:41.198 , Gen : 3400 , BEST: 1527 , SECOND: 1527 
2019-07-11T23:34:54.472 , Gen : 3500 , BEST: 1527 , SECOND: 1527 
2019-07-11T23:35:08.137 , Gen : 3600 , BEST: 1527 , SECOND: 1527 
2019-07-11T23:35:22.809 , Gen : 3700 , BEST: 1527 , SECOND: 1527 
2019-07-11T23:35:36.719 , Gen : 3800 , BEST: 1527 , SECOND: 1527 
2019-07-11T23:35:51.79 , Gen : 3900 , BEST: 1527 , SECOND: 1527 
2019-07-11T23:36:09.339 , Gen : 4000 , BEST: 1527 , SECOND: 1527 
fitness : 1527 
 code : ,++.--[]<,-+-.+,]-[+-><<-<+-[<[[,,+[->-]]-<-><->+<<,.-.,>[-<]<><<,><.><,<+>>,+,+]],,.,<.<-<-+]>-<[]+----]<]]]<-,+.,,]<>[.<+..[<[<->]<],,.+<-+>,]+-,<,[ 
 8 + 15 ->  10 
 4 + 10 ->  6 
 14 + 1 ->  16 
2019-07-11T23:36:25.904 , Gen : 4100 , BEST: 1527 , SECOND: 1527 
2019-07-11T23:36:42.408 , Gen : 4200 , BEST: 1527 , SECOND: 1527 
2019-07-11T23:36:56.864 , Gen : 4300 , BEST: 1527 , SECOND: 1527 
2019-07-11T23:37:11.005 , Gen : 4400 , BEST: 1527 , SECOND: 1527 
2019-07-11T23:37:25.076 , Gen : 4500 , BEST: 1527 , SECOND: 1527 
2019-07-11T23:37:38.291 , Gen : 4600 , BEST: 1527 , SECOND: 1527 
2019-07-11T23:37:51.952 , Gen : 4700 , BEST: 1527 , SECOND: 1527 
2019-07-11T23:38:05.623 , Gen : 4800 , BEST: 1527 , SECOND: 1527 
2019-07-11T23:38:19.731 , Gen : 4900 , BEST: 1527 , SECOND: 1527 
2019-07-11T23:38:34.691 , Gen : 5000 , BEST: 1527 , SECOND: 1527 
fitness : 1527 
 code : ,++.-+-[].<,--[].]---]><-<+-[<[[,++[->-.]]]-<><-><<,.-.,>[-<],<,><,[><.><,<+>>,+,++]],,<,[<.<-<-.+]>-<[]+----]<]]>]<-,,]<>[.<+..[<[<->]<],,.+<-+>,]+-, 
 1 + 14 ->  3 
 15 + 12 ->  17 
 5 + 4 ->  7 
2019-07-11T23:38:49.399 , Gen : 5100 , BEST: 1527 , SECOND: 1527 
2019-07-11T23:39:04.376 , Gen : 5200 , BEST: 1527 , SECOND: 1527 
2019-07-11T23:39:19.732 , Gen : 5300 , BEST: 1527 , SECOND: 1527 
2019-07-11T23:39:35.103 , Gen : 5400 , BEST: 1527 , SECOND: 1527 
2019-07-11T23:39:50.301 , Gen : 5500 , BEST: 1527 , SECOND: 1527 
2019-07-11T23:40:04.986 , Gen : 5600 , BEST: 1527 , SECOND: 1527 
2019-07-11T23:40:19.01 , Gen : 5700 , BEST: 1527 , SECOND: 1527 
2019-07-11T23:40:32.453 , Gen : 5800 , BEST: 1527 , SECOND: 1527 
2019-07-11T23:40:46.122 , Gen : 5900 , BEST: 1527 , SECOND: 1527 
2019-07-11T23:41:00.231 , Gen : 6000 , BEST: 1527 , SECOND: 1527 
fitness : 1527 
 code : ,++.-[+[][<,-+<.>>]]]><-<+-[<[[,,++[->-.>]]-><-><<,.-.,>[-<],<,><,[><.><,<+>>,+,+]],,.,[<.<-<-+]>-<<[[]+----]<]]>]<-,,]<>[.<+..[<[<->]<],,,.+<-+>,]+-, 
 3 + 14 ->  5 
 10 + 0 ->  12 
 12 + 7 ->  14 
2019-07-11T23:41:13.966 , Gen : 6100 , BEST: 1527 , SECOND: 1527 
2019-07-11T23:41:27.752 , Gen : 6200 , BEST: 1527 , SECOND: 1527 
2019-07-11T23:41:42.033 , Gen : 6300 , BEST: 1527 , SECOND: 1527 
2019-07-11T23:41:55.721 , Gen : 6400 , BEST: 1527 , SECOND: 1527 
2019-07-11T23:42:09.292 , Gen : 6500 , BEST: 1527 , SECOND: 1527 
2019-07-11T23:42:22.945 , Gen : 6600 , BEST: 1527 , SECOND: 1527 
2019-07-11T23:42:36.249 , Gen : 6700 , BEST: 1527 , SECOND: 1527 
2019-07-11T23:42:50.071 , Gen : 6800 , BEST: 1527 , SECOND: 1527 
2019-07-11T23:43:04.098 , Gen : 6900 , BEST: 1527 , SECOND: 1527 
2019-07-11T23:43:17.794 , Gen : 7000 , BEST: 1527 , SECOND: 1527 
fitness : 1527 
 code : ,++.-[+--[]<[-.<--><<-<+-[<[[,[,,++-->-.>]]-><-><<,.-.,>[-<],<,><,[><.><,<+>>,+,+]],,.,[<.<-<-+]>-<[]+----]<]]>]<-,,]<>[.<+..[<[<->]<],,.+<-+>,]+-,<,- 
 6 + 2 ->  8 
 14 + 4 ->  16 
 12 + 7 ->  14 
2019-07-11T23:43:31.589 , Gen : 7100 , BEST: 1527 , SECOND: 1527 
2019-07-11T23:43:45.117 , Gen : 7200 , BEST: 1527 , SECOND: 1527 
2019-07-11T23:43:59.028 , Gen : 7300 , BEST: 1527 , SECOND: 1527 
2019-07-11T23:44:12.593 , Gen : 7400 , BEST: 1527 , SECOND: 1527 
2019-07-11T23:44:26.634 , Gen : 7500 , BEST: 1527 , SECOND: 1527 
2019-07-11T23:44:40.678 , Gen : 7600 , BEST: 1527 , SECOND: 1527 
2019-07-11T23:44:54.09 , Gen : 7700 , BEST: 1527 , SECOND: 1527 
2019-07-11T23:45:07.815 , Gen : 7800 , BEST: 1527 , SECOND: 1527 
2019-07-11T23:45:23.155 , Gen : 7900 , BEST: 1527 , SECOND: 1527 
2019-07-11T23:45:37.777 , Gen : 8000 , BEST: 1527 , SECOND: 1527 
fitness : 1527 
 code : >+,++.[,.<,--[]>.]++]><--[<]>[,[,,++[->-.>]],><-><<,.-.,[-<],<,><,[><.><,<+>>,+,+]],,[.,[<.<-<-+]>-<[]----]<]]>]<-,,]<>[.<+..[<[<->]<],,.+<-+>,]+-,<,- 
 13 + 2 ->  15 
 7 + 8 ->  9 
 7 + 15 ->  9 
2019-07-11T23:45:52.004 , Gen : 8100 , BEST: 1527 , SECOND: 1527 
2019-07-11T23:46:05.373 , Gen : 8200 , BEST: 1527 , SECOND: 1527 
2019-07-11T23:46:19.046 , Gen : 8300 , BEST: 1527 , SECOND: 1527 
2019-07-11T23:46:31.643 , Gen : 8400 , BEST: 1527 , SECOND: 1527 
2019-07-11T23:46:44.416 , Gen : 8500 , BEST: 1527 , SECOND: 1527 
2019-07-11T23:47:00.544 , Gen : 8600 , BEST: 1527 , SECOND: 1527 
2019-07-11T23:47:16.279 , Gen : 8700 , BEST: 1527 , SECOND: 1527 
2019-07-11T23:47:30.879 , Gen : 8800 , BEST: 1527 , SECOND: 1527 
2019-07-11T23:47:44.676 , Gen : 8900 , BEST: 1527 , SECOND: 1527 
2019-07-11T23:47:58.082 , Gen : 9000 , BEST: 1527 , SECOND: 1527 
fitness : 1527 
 code : ->+,++.[,]<,--[].>,]]]><-<,+++-[<[[,++[->-.><-><<,-.,[-<,<,><,><,<.><,<+>>,+,+]],,.,[<<.<-<-+]>-<<[]+----]+]]>]<-,-,]<[.<+..-,[<,>]<],,..<>,]+-,<]<<]] 
 6 + 9 ->  8 
 6 + 0 ->  8 
 12 + 2 ->  14 
2019-07-11T23:48:11.114 , Gen : 9100 , BEST: 1527 , SECOND: 1527 
2019-07-11T23:48:23.728 , Gen : 9200 , BEST: 1527 , SECOND: 1527 
2019-07-11T23:48:36.605 , Gen : 9300 , BEST: 1527 , SECOND: 1527 
2019-07-11T23:48:49.711 , Gen : 9400 , BEST: 1527 , SECOND: 1527 
2019-07-11T23:49:02.486 , Gen : 9500 , BEST: 1527 , SECOND: 1527 
2019-07-11T23:49:16.157 , Gen : 9600 , BEST: 1527 , SECOND: 1527 
2019-07-11T23:49:29.262 , Gen : 9700 , BEST: 1527 , SECOND: 1527 
2019-07-11T23:49:41.88 , Gen : 9800 , BEST: 1527 , SECOND: 1527 
2019-07-11T23:49:54.751 , Gen : 9900 , BEST: 1527 , SECOND: 1527 
2019-07-11T23:50:07.518 , Gen : 10000 , BEST: 1527 , SECOND: 1527 
fitness : 1527 
 code : []->+,++.[,]<,--[].-,-]]><-<+-[<[[,++[->-.]]]-<><-,.-.,>[-<],<,><,[><.><,<+>>,+,+,,.,[<<.<-<-+]>-<<[]+----].]]>.]<-,,]<[.<+...<[<->]<],,.<-+>,]+.-,<[] 
 6 + 13 ->  8 
 3 + 11 ->  5 
 10 + 12 ->  12 
2019-07-11T23:50:22.332 , Gen : 10100 , BEST: 1527 , SECOND: 1527 
2019-07-11T23:50:36.809 , Gen : 10200 , BEST: 1527 , SECOND: 1527 
2019-07-11T23:50:49.621 , Gen : 10300 , BEST: 1527 , SECOND: 1527 
2019-07-11T23:51:02.917 , Gen : 10400 , BEST: 1527 , SECOND: 1527 
2019-07-11T23:51:16.771 , Gen : 10500 , BEST: 1527 , SECOND: 1527 
2019-07-11T23:51:30.543 , Gen : 10600 , BEST: 1527 , SECOND: 1527 
2019-07-11T23:51:43.772 , Gen : 10700 , BEST: 1527 , SECOND: 1527 
2019-07-11T23:51:57.222 , Gen : 10800 , BEST: 1527 , SECOND: 1527 
2019-07-11T23:52:10.304 , Gen : 10900 , BEST: 1527 , SECOND: 1527 
2019-07-11T23:52:22.987 , Gen : 11000 , BEST: 1527 , SECOND: 1527 
fitness : 1527 
 code : -,++.--[]].<,-[].]---]><-<+-[<[[,,+[->-]]-<-+>[-><<,.-.>[-<],<,><,[><.><,<+>>,+,+]],,.,[<<-<-+]>-<<[+----].]]>+<-,,]<[.<+..<[<->]<]<],,.<-+>,]+-,<]][- 
 13 + 2 ->  15 
 10 + 13 ->  12 
 3 + 2 ->  5 
2019-07-11T23:52:36.132 , Gen : 11100 , BEST: 1527 , SECOND: 1527 
2019-07-11T23:52:49.049 , Gen : 11200 , BEST: 1527 , SECOND: 1527 
2019-07-11T23:53:01.689 , Gen : 11300 , BEST: 1527 , SECOND: 1527 
2019-07-11T23:53:14.142 , Gen : 11400 , BEST: 1527 , SECOND: 1527 
2019-07-11T23:53:26.33 , Gen : 11500 , BEST: 1527 , SECOND: 1527 
2019-07-11T23:53:39.333 , Gen : 11600 , BEST: 1527 , SECOND: 1527 
2019-07-11T23:53:52.21 , Gen : 11700 , BEST: 1527 , SECOND: 1527 
2019-07-11T23:54:04.848 , Gen : 11800 , BEST: 1527 , SECOND: 1527 
2019-07-11T23:54:17.053 , Gen : 11900 , BEST: 1527 , SECOND: 1527 
2019-07-11T23:54:29.512 , Gen : 12000 , BEST: 1527 , SECOND: 1527 
fitness : 1527 
 code : ,++.--[]].,<-[]..]---]><-<+-[<[[,,+[->-]]-<-><><-><<,.-.,>[-<,<,><,<.><,<+>>,+,+]],,.,[<<.<-<-+]>-<<[]+----].]]>]<-,,]<[.<++...<[<->]<],,.<-+>,]+.-,<] 
 11 + 11 ->  13 
 14 + 6 ->  16 
 5 + 3 ->  7 
2019-07-11T23:54:41.862 , Gen : 12100 , BEST: 1527 , SECOND: 1527 
2019-07-11T23:54:54.611 , Gen : 12200 , BEST: 1527 , SECOND: 1527 
2019-07-11T23:55:07.211 , Gen : 12300 , BEST: 1527 , SECOND: 1527 
2019-07-11T23:55:20.609 , Gen : 12400 , BEST: 1527 , SECOND: 1527 
2019-07-11T23:55:33.176 , Gen : 12500 , BEST: 1527 , SECOND: 1527 
2019-07-11T23:55:45.949 , Gen : 12600 , BEST: 1527 , SECOND: 1527 
2019-07-11T23:55:58.416 , Gen : 12700 , BEST: 1527 , SECOND: 1527 
2019-07-11T23:56:10.952 , Gen : 12800 , BEST: 1527 , SECOND: 1527 
2019-07-11T23:56:23.112 , Gen : 12900 , BEST: 1527 , SECOND: 1527 
2019-07-11T23:56:36.101 , Gen : 13000 , BEST: 1527 , SECOND: 1527 
fitness : 1527 
 code : ,++.--[],--[-+<..<,]]]><-[<[[.,[,,++[->-.>]]-><-><<,.-.,,[-<,<,><,><.><,<+>>,+,+]],,.,-[<<.<-<-+]>-<<[]+----].]]>]<-,,]<[.<+...<[<->]<],,.<-+>,]+.-,<] 
 12 + 2 ->  14 
 6 + 2 ->  8 
 15 + 10 ->  17 
2019-07-11T23:56:48.591 , Gen : 13100 , BEST: 1527 , SECOND: 1527 
2019-07-11T23:57:02.142 , Gen : 13200 , BEST: 1527 , SECOND: 1527 
2019-07-11T23:57:14.727 , Gen : 13300 , BEST: 1527 , SECOND: 1527 
2019-07-11T23:57:28.019 , Gen : 13400 , BEST: 1527 , SECOND: 1527 
2019-07-11T23:57:40.759 , Gen : 13500 , BEST: 1527 , SECOND: 1527 
2019-07-11T23:57:53.017 , Gen : 13600 , BEST: 1527 , SECOND: 1527 
2019-07-11T23:58:05.222 , Gen : 13700 , BEST: 1527 , SECOND: 1527 
2019-07-11T23:58:17.907 , Gen : 13800 , BEST: 1527 , SECOND: 1527 
2019-07-11T23:58:30.437 , Gen : 13900 , BEST: 1527 , SECOND: 1527 
2019-07-11T23:58:43.622 , Gen : 14000 , BEST: 1527 , SECOND: 1527 
fitness : 1527 
 code : -,++..-[],-,.-+<..<,]]]><-<+-[<[[,,+[->-]]-<-><-><<,-.,>[-<,<,><,[><.><,<+>>,+,]],,.,[<<-<-+]>-<<[+<<[]+-,--].]]>]<-,,]<[.<+...<[<.->]<],,.<-+>,]+.-,< 
 13 + 4 ->  15 
 14 + 8 ->  16 
 9 + 2 ->  11 
2019-07-11T23:58:56.158 , Gen : 14100 , BEST: 1527 , SECOND: 1527 
2019-07-11T23:59:08.98 , Gen : 14200 , BEST: 1527 , SECOND: 1527 
2019-07-11T23:59:22.109 , Gen : 14300 , BEST: 1527 , SECOND: 1527 
2019-07-11T23:59:34.999 , Gen : 14400 , BEST: 1527 , SECOND: 1527 
2019-07-11T23:59:47.18 , Gen : 14500 , BEST: 1527 , SECOND: 1527 
2019-07-11T23:59:59.768 , Gen : 14600 , BEST: 1527 , SECOND: 1527 
2019-07-12T00:00:12.195 , Gen : 14700 , BEST: 1527 , SECOND: 1527 
2019-07-12T00:00:24.292 , Gen : 14800 , BEST: 1527 , SECOND: 1527 
2019-07-12T00:00:37.165 , Gen : 14900 , BEST: 1527 , SECOND: 1527 
2019-07-12T00:00:49.791 , Gen : 15000 , BEST: 1527 , SECOND: 1527 
fitness : 1527 
 code : >,++.-[,,.<-,--[].]->-]><--[<[[,,+[->-]]-<,><-><<,-.,>[-<<,<,><,[><.><,<+>>,+,]],,.,[<<-<-+]>-<<[+<<[]+--.-].]]>]<-,,]<[.<+...<[<.->]<],,.<-+>,].-,<]> 
 11 + 0 ->  13 
 2 + 1 ->  4 
 13 + 10 ->  15 
2019-07-12T00:01:02.342 , Gen : 15100 , BEST: 1528 , SECOND: 1528 
2019-07-12T00:01:14.19 , Gen : 15200 , BEST: 1528 , SECOND: 1528 
2019-07-12T00:01:25.514 , Gen : 15300 , BEST: 1528 , SECOND: 1528 
2019-07-12T00:01:37.278 , Gen : 15400 , BEST: 1528 , SECOND: 1528 
2019-07-12T00:01:49.362 , Gen : 15500 , BEST: 1528 , SECOND: 1528 
2019-07-12T00:02:01.103 , Gen : 15600 , BEST: 1528 , SECOND: 1528 
2019-07-12T00:02:13.332 , Gen : 15700 , BEST: 1528 , SECOND: 1528 
2019-07-12T00:02:26.026 , Gen : 15800 , BEST: 1528 , SECOND: 1528 
2019-07-12T00:02:40.549 , Gen : 15900 , BEST: 1528 , SECOND: 1528 
2019-07-12T00:02:53.583 , Gen : 16000 , BEST: 1528 , SECOND: 1528 
fitness : 1528 
 code : ,,+++.--[]--[].]---><-<+-[<[[,,+[->-]]-<-><-><]<,,-.,>[-<<,<,><,[><.><,<+>>,+,]],,.,,-[<-.<-<-+]>-<<[]+----].]]>]<-,,]<[.<+..<[<>]<],,.<-+>,,]++.-,<]+ 
 2 + 12 ->  15 
 6 + 14 ->  17 
 2 + 13 ->  16 
2019-07-12T00:03:06.608 , Gen : 16100 , BEST: 1528 , SECOND: 1528 
2019-07-12T00:03:19.208 , Gen : 16200 , BEST: 1528 , SECOND: 1528 
2019-07-12T00:03:32.606 , Gen : 16300 , BEST: 1528 , SECOND: 1528 
2019-07-12T00:03:45.955 , Gen : 16400 , BEST: 1528 , SECOND: 1528 
2019-07-12T00:03:59.191 , Gen : 16500 , BEST: 1528 , SECOND: 1528 
2019-07-12T00:04:12.035 , Gen : 16600 , BEST: 1528 , SECOND: 1528 
2019-07-12T00:04:25.929 , Gen : 16700 , BEST: 1528 , SECOND: 1528 
2019-07-12T00:04:39.275 , Gen : 16800 , BEST: 1528 , SECOND: 1528 
2019-07-12T00:04:51.919 , Gen : 16900 , BEST: 1528 , SECOND: 1528 
2019-07-12T00:05:05.166 , Gen : 17000 , BEST: 1528 , SECOND: 1528 
fitness : 1528 
 code : ,-,+++.--[]-,]]]>+-<]><-<+-[,++[->---]]]-<><-><-><<,.-.,[-<,<,><,><.><,<+>>,+,+]],,.,-[<<.<-<-+]>-<<[]+----].]],,],,]<[.<+...<[<->]<],,.<-+>,,]+.-,<]] 
 8 + 4 ->  7 
 11 + 13 ->  16 
 14 + 4 ->  7 
2019-07-12T00:05:18.199 , Gen : 17100 , BEST: 1528 , SECOND: 1528 
2019-07-12T00:05:31.557 , Gen : 17200 , BEST: 1528 , SECOND: 1528 
2019-07-12T00:05:44.165 , Gen : 17300 , BEST: 1528 , SECOND: 1528 
2019-07-12T00:05:57.345 , Gen : 17400 , BEST: 1528 , SECOND: 1528 
2019-07-12T00:06:09.649 , Gen : 17500 , BEST: 1528 , SECOND: 1528 
2019-07-12T00:06:24.605 , Gen : 17600 , BEST: 1528 , SECOND: 1528 
2019-07-12T00:06:39.399 , Gen : 17700 , BEST: 1528 , SECOND: 1528 
2019-07-12T00:06:52.083 , Gen : 17800 , BEST: 1528 , SECOND: 1528 
2019-07-12T00:07:04.941 , Gen : 17900 , BEST: 1528 , SECOND: 1528 
2019-07-12T00:07:18.221 , Gen : 18000 , BEST: 1528 , SECOND: 1528 
fitness : 1528 
 code : ,[-,+++.-,-[]><.>+,]]]><-<+-[<[[,,+[->-]]-<-><-><<,-.,>[-<<,<,><,[><.><,<+->>,+,]],,.,[<<-.<-<-+]>-[]+----].]]>]<-,,]<[.<+...<[<.->],,.<-+>>-,,]+.-,<] 
 13 + 8 ->  11 
 2 + 4 ->  7 
 10 + 7 ->  10 
2019-07-12T00:07:31.524 , Gen : 18100 , BEST: 1528 , SECOND: 1528 
2019-07-12T00:07:45.412 , Gen : 18200 , BEST: 1528 , SECOND: 1528 
2019-07-12T00:07:59.628 , Gen : 18300 , BEST: 1528 , SECOND: 1528 
2019-07-12T00:08:13.444 , Gen : 18400 , BEST: 1528 , SECOND: 1528 
2019-07-12T00:08:27.958 , Gen : 18500 , BEST: 1528 , SECOND: 1528 
2019-07-12T00:08:42.331 , Gen : 18600 , BEST: 1528 , SECOND: 1528 
2019-07-12T00:08:55.666 , Gen : 18700 , BEST: 1528 , SECOND: 1528 
2019-07-12T00:09:08.628 , Gen : 18800 , BEST: 1528 , SECOND: 1528 
2019-07-12T00:09:21.849 , Gen : 18900 , BEST: 1528 , SECOND: 1528 
2019-07-12T00:09:35.089 , Gen : 19000 , BEST: 1528 , SECOND: 1528 
fitness : 1528 
 code : ,[,+++.+]<.>[].]---><-<+-[[[.[,,++[->-.>]]-><-><<,.-.,,[-<,><,><><,[><.>,<]->>,+,]],[.,[<<-<-+]>-><<[]+----[.]],,],,]<[.<+...<[<->]<],,.<-+>,,]+.-,<]] 
 1 + 9 ->  12 
 5 + 2 ->  5 
 8 + 4 ->  7 
2019-07-12T00:09:49.753 , Gen : 19100 , BEST: 1528 , SECOND: 1528 
2019-07-12T00:10:03.416 , Gen : 19200 , BEST: 1528 , SECOND: 1528 
2019-07-12T00:10:16.624 , Gen : 19300 , BEST: 1528 , SECOND: 1528 
2019-07-12T00:10:29.919 , Gen : 19400 , BEST: 1528 , SECOND: 1528 
2019-07-12T00:10:42.496 , Gen : 19500 , BEST: 1528 , SECOND: 1528 
2019-07-12T00:10:55.668 , Gen : 19600 , BEST: 1528 , SECOND: 1528 
2019-07-12T00:11:09.463 , Gen : 19700 , BEST: 1528 , SECOND: 1528 
2019-07-12T00:11:24.64 , Gen : 19800 , BEST: 1528 , SECOND: 1528 
2019-07-12T00:11:38.79 , Gen : 19900 , BEST: 1528 , SECOND: 1528 
2019-07-12T00:11:52.287 , Gen : 20000 , BEST: 1528 , SECOND: 1528 
fitness : 1528 
 code : ,[,+++.+]<,]-[].]---><-<+-[<[[,,+[->-]]-<-><-><],-.+>[->.[-<<,<,><,[><.><,<+->>+,]],,.,[<<-.<-+]>-><<[]+----[.]],,],,]<[.<+...<[<->]<],,.<-+>,,]+.-,<[ 
 6 + 10 ->  13 
 4 + 9 ->  12 
 12 + 13 ->  16 
2019-07-12T00:12:05.715 , Gen : 20100 , BEST: 1528 , SECOND: 1528 
2019-07-12T00:12:19.602 , Gen : 20200 , BEST: 1528 , SECOND: 1528 
2019-07-12T00:12:32.36 , Gen : 20300 , BEST: 1528 , SECOND: 1528 
2019-07-12T00:12:45.821 , Gen : 20400 , BEST: 1528 , SECOND: 1528 
2019-07-12T00:12:59.268 , Gen : 20500 , BEST: 1528 , SECOND: 1528 
2019-07-12T00:13:12.278 , Gen : 20600 , BEST: 1528 , SECOND: 1528 
2019-07-12T00:13:25.938 , Gen : 20700 , BEST: 1528 , SECOND: 1528 
2019-07-12T00:13:38.573 , Gen : 20800 , BEST: 1528 , SECOND: 1528 
2019-07-12T00:13:52.259 , Gen : 20900 , BEST: 1528 , SECOND: 1528 
2019-07-12T00:14:05.424 , Gen : 21000 , BEST: 1528 , SECOND: 1528 
fitness : 1528 
 code : ,[,+++.][]<.>,]]<[+-]]><-[<+-[<[<,+[->-]]-<-><--.+>-.,,[-<,,><,><.><,<<+<.>,+,+<],,,,-[<<.<-<-+]>.<<[]+--->-].-],,]<[.<+...<..<[<->]<],,<-+>,,]+.-,<<> 
 0 + 10 ->  Void 
 15 + 9 ->  12 
 7 + 13 ->  16 
2019-07-12T00:14:18.107 , Gen : 21100 , BEST: 1528 , SECOND: 1528 
2019-07-12T00:14:31.098 , Gen : 21200 , BEST: 1528 , SECOND: 1528 
2019-07-12T00:14:44.436 , Gen : 21300 , BEST: 1528 , SECOND: 1528 
2019-07-12T00:14:57.953 , Gen : 21400 , BEST: 1528 , SECOND: 1528 
2019-07-12T00:15:10.472 , Gen : 21500 , BEST: 1528 , SECOND: 1528 
2019-07-12T00:15:22.989 , Gen : 21600 , BEST: 1528 , SECOND: 1528 
2019-07-12T00:15:35.956 , Gen : 21700 , BEST: 1528 , SECOND: 1528 
2019-07-12T00:15:49.572 , Gen : 21800 , BEST: 1528 , SECOND: 1528 
2019-07-12T00:16:03.171 , Gen : 21900 , BEST: 1528 , SECOND: 1528 
2019-07-12T00:16:16.096 , Gen : 22000 , BEST: 1528 , SECOND: 1528 
fitness : 1528 
 code : ,[,++[+.>.<,]-[].]---><-<+-[<[[,,+[->-]]-<-><-><],-.+-.,.[-<,>.><,<++>>,+,+],+]],,.,-[<.<-++-+]>-<<[]+----].]]],],,<[.<+...<..<[<-]][],,.<-+>,,]+.-,<[ 
 1 + 10 ->  13 
 4 + 5 ->  8 
 11 + 5 ->  8 
2019-07-12T00:16:29.202 , Gen : 22100 , BEST: 1528 , SECOND: 1528 
2019-07-12T00:16:42.611 , Gen : 22200 , BEST: 1528 , SECOND: 1528 
2019-07-12T00:16:55.118 , Gen : 22300 , BEST: 1528 , SECOND: 1528 
2019-07-12T00:17:07.894 , Gen : 22400 , BEST: 1528 , SECOND: 1528 
2019-07-12T00:17:19.977 , Gen : 22500 , BEST: 1528 , SECOND: 1528 
2019-07-12T00:17:32.481 , Gen : 22600 , BEST: 1528 , SECOND: 1528 
2019-07-12T00:17:45.134 , Gen : 22700 , BEST: 1528 , SECOND: 1528 
2019-07-12T00:17:58.17 , Gen : 22800 , BEST: 1528 , SECOND: 1528 
2019-07-12T00:18:11.296 , Gen : 22900 , BEST: 1528 , SECOND: 1528 
2019-07-12T00:18:23.587 , Gen : 23000 , BEST: 1528 , SECOND: 1528 
fitness : 1528 
 code : >,[,++[+.>.<[-[-].]--][><+-[<[[,,+[->-]]]-<,-><->><],-,.+>[->.[-<<><,[><.><,<->>,+,]],,.,[<<-.<-]+]>-,<<[]+----.]],,],...<..<[<]-]][],,.<-+>,,]+.<<..< 
 8 + 3 ->  6 
 13 + 9 ->  12 
 6 + 2 ->  5 
2019-07-12T00:18:36.721 , Gen : 23100 , BEST: 1528 , SECOND: 1528 
2019-07-12T00:18:48.732 , Gen : 23200 , BEST: 1528 , SECOND: 1528 
2019-07-12T00:19:00.806 , Gen : 23300 , BEST: 1528 , SECOND: 1528 
2019-07-12T00:19:13.33 , Gen : 23400 , BEST: 1528 , SECOND: 1528 
2019-07-12T00:19:27.144 , Gen : 23500 , BEST: 1528 , SECOND: 1528 
2019-07-12T00:19:40.088 , Gen : 23600 , BEST: 1528 , SECOND: 1528 
2019-07-12T00:19:52.748 , Gen : 23700 , BEST: 1528 , SECOND: 1528 
2019-07-12T00:20:05.047 , Gen : 23800 , BEST: 1528 , SECOND: 1528 
2019-07-12T00:20:17.174 , Gen : 23900 , BEST: 1528 , SECOND: 1528 
2019-07-12T00:20:30.733 , Gen : 24000 , BEST: 1528 , SECOND: 1528 
fitness : 1528 
 code : ,--,+++[..->.<[].]----><-<+-[<[[,,+[>>]]-<-><->+<+,+>.[->.[-<<,<,><,[><.[<,<+->>,+,]],.,[<<<-.<-]+]>-><<[]+----.]],,].<+...<..<[<->]<],,.<-+>,,]+.-<<. 
 9 + 4 ->  7 
 12 + 6 ->  9 
 0 + 10 ->  13 
2019-07-12T00:20:43.913 , Gen : 24100 , BEST: 1528 , SECOND: 1528 
2019-07-12T00:20:57.928 , Gen : 24200 , BEST: 1528 , SECOND: 1528 
2019-07-12T00:21:11.346 , Gen : 24300 , BEST: 1528 , SECOND: 1528 
2019-07-12T00:21:25.817 , Gen : 24400 , BEST: 1528 , SECOND: 1528 
2019-07-12T00:21:39.761 , Gen : 24500 , BEST: 1528 , SECOND: 1528 
2019-07-12T00:21:53.93 , Gen : 24600 , BEST: 1528 , SECOND: 1528 
2019-07-12T00:22:07.274 , Gen : 24700 , BEST: 1528 , SECOND: 1528 
2019-07-12T00:22:20.687 , Gen : 24800 , BEST: 1528 , SECOND: 1528 
2019-07-12T00:22:34.766 , Gen : 24900 , BEST: 1528 , SECOND: 1528 
2019-07-12T00:22:49.712 , Gen : 25000 , BEST: 1528 , SECOND: 1528 
fitness : 1528 
 code : ,>-,+++[.+>,<[]-+]]]<+<+>[<[[,,+[->-]]-]-<-><->-.+>>[->.[-<,,>.><,,<<<<+>>,+,+]],,.,-[<<.<-<-+]>.<<[]+.--].]],]<[.<+...<.><[<>]<],,.<-+>,,,]+.-,<<.-+< 
 6 + 9 ->  12 
 1 + 12 ->  15 
 4 + 12 ->  15 
2019-07-12T00:23:04.18 , Gen : 25100 , BEST: 1528 , SECOND: 1528 
2019-07-12T00:23:17.933 , Gen : 25200 , BEST: 1528 , SECOND: 1528 
2019-07-12T00:23:32.034 , Gen : 25300 , BEST: 1528 , SECOND: 1528 
2019-07-12T00:23:45.429 , Gen : 25400 , BEST: 1528 , SECOND: 1528 
2019-07-12T00:23:59.368 , Gen : 25500 , BEST: 1528 , SECOND: 1528 
2019-07-12T00:24:13.061 , Gen : 25600 , BEST: 1528 , SECOND: 1528 
2019-07-12T00:24:27.111 , Gen : 25700 , BEST: 1528 , SECOND: 1528 
2019-07-12T00:24:41.357 , Gen : 25800 , BEST: 1528 , SECOND: 1528 
2019-07-12T00:24:55.417 , Gen : 25900 , BEST: 1528 , SECOND: 1528 
2019-07-12T00:25:09.681 , Gen : 26000 , BEST: 1528 , SECOND: 1528 
fitness : 1528 
 code : ,>,+++[.>-.]]]>+-]]>[<-[<+-[<[[<,++[--.>]]-><->-<,<,-.,.[-<,>.><,<<+>>,+,+]],,.,<[<.<-+-+]>-,<[]+[]+.---].]],],,]<[.<+...<.><[<>]<],,.<-+>,,,]+.-,<<.- 
 1 + 11 ->  14 
 4 + 6 ->  9 
 2 + 11 ->  14 
2019-07-12T00:25:24.144 , Gen : 26100 , BEST: 1528 , SECOND: 1528 
2019-07-12T00:25:38.628 , Gen : 26200 , BEST: 1528 , SECOND: 1528 
2019-07-12T00:25:53.056 , Gen : 26300 , BEST: 1528 , SECOND: 1528 
2019-07-12T00:26:08.625 , Gen : 26400 , BEST: 1528 , SECOND: 1528 
2019-07-12T00:26:24.058 , Gen : 26500 , BEST: 1528 , SECOND: 1528 
2019-07-12T00:26:39.489 , Gen : 26600 , BEST: 1528 , SECOND: 1528 
2019-07-12T00:26:55.886 , Gen : 26700 , BEST: 1528 , SECOND: 1528 
2019-07-12T00:27:12.216 , Gen : 26800 , BEST: 1528 , SECOND: 1528 
2019-07-12T00:27:29.662 , Gen : 26900 , BEST: 1528 , SECOND: 1528 
2019-07-12T00:27:46.045 , Gen : 27000 , BEST: 1528 , SECOND: 1528 
fitness : 1528 
 code : ,-,+++[.>-]]]>+-],]<--[<[[.[,,++[[[>>]]-<-><-><]-,-.>,-[->.[-<,>.><,,<<<<+>>,+,+]],,,.,-[<<.<-<+]>.<<[]+.,--].]],,]<[,+...<.><[<>]<],,.<-+>,,,.-<,<<.< 
 11 + 10 ->  13 
 2 + 6 ->  9 
 10 + 6 ->  9 
2019-07-12T00:28:01.183 , Gen : 27100 , BEST: 1528 , SECOND: 1528 
2019-07-12T00:28:17.092 , Gen : 27200 , BEST: 1528 , SECOND: 1528 
2019-07-12T00:28:33.169 , Gen : 27300 , BEST: 1528 , SECOND: 1528 
2019-07-12T00:28:50.335 , Gen : 27400 , BEST: 1528 , SECOND: 1528 
2019-07-12T00:29:07.246 , Gen : 27500 , BEST: 1528 , SECOND: 1528 
2019-07-12T00:29:23.299 , Gen : 27600 , BEST: 1528 , SECOND: 1528 
2019-07-12T00:29:39.07 , Gen : 27700 , BEST: 1528 , SECOND: 1528 
2019-07-12T00:29:54.223 , Gen : 27800 , BEST: 1528 , SECOND: 1528 
2019-07-12T00:30:09.997 , Gen : 27900 , BEST: 1528 , SECOND: 1528 
2019-07-12T00:30:26.567 , Gen : 28000 , BEST: 1528 , SECOND: 1528 
fitness : 1528 
 code : ,[,+++[.]<.]]]>+-<,]]]<+-[<[[.[,,++,--.>]-><-><<,<,-.,.[-<<,,>.><,,<<<<+>>,+,+,+]],,.,-[<<.+-<-+]>.<<[]+.--].]],,]<[.<+...<.><[<>]<],,.-+>,,,]+.-,<<., 
 12 + 15 ->  18 
 1 + 0 ->  3 
 12 + 9 ->  12 
2019-07-12T00:30:41.287 , Gen : 28100 , BEST: 1528 , SECOND: 1528 
2019-07-12T00:30:56.094 , Gen : 28200 , BEST: 1528 , SECOND: 1528 
2019-07-12T00:31:11.056 , Gen : 28300 , BEST: 1528 , SECOND: 1528 
2019-07-12T00:31:25.705 , Gen : 28400 , BEST: 1528 , SECOND: 1528 
2019-07-12T00:31:40.318 , Gen : 28500 , BEST: 1528 , SECOND: 1528 
2019-07-12T00:31:54.521 , Gen : 28600 , BEST: 1528 , SECOND: 1528 
2019-07-12T00:32:08.232 , Gen : 28700 , BEST: 1528 , SECOND: 1528 
