targetFitness = 3328 
params : Main.GeneticAlgorithms.Types.GAParams(100, 100000, 70, 150, 0.7, 0.01, true, IOStream(<file ../Results/logCountdown.log>), 40187.0, 3328.0, 0, 1) 
2019-09-03T11:29:00.112 , Gen : 100 , BEST: 3319 , SECOND: 3318 
2019-09-03T11:29:01.707 , Gen : 200 , BEST: 3319 , SECOND: 3319 
2019-09-03T11:29:03.42 , Gen : 300 , BEST: 3319 , SECOND: 3319 
2019-09-03T11:29:05.068 , Gen : 400 , BEST: 3320 , SECOND: 3319 
2019-09-03T11:29:06.626 , Gen : 500 , BEST: 3320 , SECOND: 3320 
2019-09-03T11:29:08.315 , Gen : 600 , BEST: 3320 , SECOND: 3320 
2019-09-03T11:29:10.288 , Gen : 700 , BEST: 3321 , SECOND: 3321 
2019-09-03T11:29:12.226 , Gen : 800 , BEST: 3321 , SECOND: 3321 
2019-09-03T11:29:14.939 , Gen : 900 , BEST: 3321 , SECOND: 3321 
2019-09-03T11:29:17.099 , Gen : 1000 , BEST: 3321 , SECOND: 3321 
fitness : 3321 
  code : -,.-...+++++++++++[-++-,+-[+++++++[.+.<]><]+.[>+<,[+>],.,+-+,-+,+>]]--  
 count down 2 etc --> 2 1 1
2019-09-03T11:29:19.477 , Gen : 1100 , BEST: 3324 , SECOND: 3324 
2019-09-03T11:29:21.234 , Gen : 1200 , BEST: 3325 , SECOND: 3325 
2019-09-03T11:29:23.81 , Gen : 1300 , BEST: 3325 , SECOND: 3325 
2019-09-03T11:29:26.299 , Gen : 1400 , BEST: 3325 , SECOND: 3325 
2019-09-03T11:29:28.167 , Gen : 1500 , BEST: 3325 , SECOND: 3325 
2019-09-03T11:29:29.831 , Gen : 1600 , BEST: 3325 , SECOND: 3325 
2019-09-03T11:29:32.516 , Gen : 1700 , BEST: 3325 , SECOND: 3325 
2019-09-03T11:29:34.868 , Gen : 1800 , BEST: 3328 , SECOND: 3328 
2019-09-03T11:29:36.518 , Gen : 1900 , BEST: 3328 , SECOND: 3328 
fitness : 3328 
  code : ,.[-.-.]+<+.+>++<<+[++++[+++++++>[--.[[+++<[+[--].-.+++]++.-,[],-[[[+,  
 count down 3 etc --> 3 2 1 0
 Generation : 1960 
fitness 3328 
dna : [0.73659, 0.558208, 0.752211, 0.437393, 0.580743, 0.476269, 0.531619, 0.888343, 0.3743, 0.0769836, 0.267328, 0.530749, 0.279001, 0.229526, 0.369078, 0.369078, 0.0847068, 0.120278, 0.254434, 0.846088, 0.251235, 0.369078, 0.279217, 0.369078, 0.865817, 0.251235, 0.251235, 0.35401, 0.369078, 0.355761, 0.337262, 0.367797, 0.245543, 0.770549, 0.46985, 0.454849, 0.571907, 0.770549, 0.843232, 0.289512, 0.289512, 0.250819, 0.0628162, 0.810964, 0.289512, 0.794335, 0.451398, 0.471357, 0.948802, 0.596479, 0.401636, 0.591033, 0.299414, 0.289512, 0.289512, 0.922798, 0.289512, 0.250819, 0.514906, 0.412153, 0.682116, 0.756071, 0.957566, 0.733859, 0.407094, 0.756071, 0.764304, 0.756071, 0.305853, 0.733859] 
