targetFitness = 3328 
params : Main.GeneticAlgorithms.Types.GAParams(100, 100000, 70, 150, 0.7, 0.01, true, IOStream(<file ../Results/logCountdown.log>), 33499.0, 3328.0, 0, 1) 
2019-09-03T11:31:08.566 , Gen : 100 , BEST: 3321 , SECOND: 3320 
2019-09-03T11:31:10.799 , Gen : 200 , BEST: 3321 , SECOND: 3320 
2019-09-03T11:31:12.529 , Gen : 300 , BEST: 3321 , SECOND: 3321 
2019-09-03T11:31:14.726 , Gen : 400 , BEST: 3321 , SECOND: 3321 
2019-09-03T11:31:16.624 , Gen : 500 , BEST: 3321 , SECOND: 3321 
2019-09-03T11:31:18.656 , Gen : 600 , BEST: 3321 , SECOND: 3321 
2019-09-03T11:31:20.327 , Gen : 700 , BEST: 3322 , SECOND: 3321 
2019-09-03T11:31:21.898 , Gen : 800 , BEST: 3322 , SECOND: 3322 
2019-09-03T11:31:23.755 , Gen : 900 , BEST: 3322 , SECOND: 3322 
2019-09-03T11:31:26.234 , Gen : 1000 , BEST: 3322 , SECOND: 3322 
fitness : 3322 
  code : ,..--..[,.[][++-++++++++++[+++++.++[++,-]][[.,>]>]<<].]]--.,<,<-+.>+--  
 count down 5 etc --> 5 5 3 3 0 0
2019-09-03T11:31:28.366 , Gen : 1100 , BEST: 3323 , SECOND: 3322 
2019-09-03T11:31:31.133 , Gen : 1200 , BEST: 3323 , SECOND: 3323 
2019-09-03T11:31:33.74 , Gen : 1300 , BEST: 3325 , SECOND: 3325 
2019-09-03T11:31:35.424 , Gen : 1400 , BEST: 3325 , SECOND: 3325 
2019-09-03T11:31:37.321 , Gen : 1500 , BEST: 3325 , SECOND: 3325 
2019-09-03T11:31:39.225 , Gen : 1600 , BEST: 3325 , SECOND: 3325 
2019-09-03T11:31:41.501 , Gen : 1700 , BEST: 3325 , SECOND: 3325 
2019-09-03T11:31:44.092 , Gen : 1800 , BEST: 3325 , SECOND: 3325 
2019-09-03T11:31:46.012 , Gen : 1900 , BEST: 3328 , SECOND: 3325 
2019-09-03T11:31:47.908 , Gen : 2000 , BEST: 3328 , SECOND: 3328 
fitness : 3328 
  code : ,.[-.]+++++[++.++[+-+++-+++++-+++++++++++++-.<--..><<>],,++-]++>-.<]<+  
 count down 5 etc --> 5 4 3 2 1 0
fitness : 3328 
  code : +,.[-.]+++++[++++[+-+++.,+++++++[++++-.<>>.>.<<>>,>,+,+-,-,,[>.--->-,<  
 count down 3 etc --> 3 2 1 0
 Generation : 2094 
fitness 3328 
dna : [0.323568, 0.699332, 0.542211, 0.79894, 0.392546, 0.586178, 0.993055, 0.366027, 0.332575, 0.332575, 0.366027, 0.366027, 0.824405, 0.364525, 0.343185, 0.359527, 0.367961, 0.799848, 0.332575, 0.43981, 0.332575, 0.309725, 0.367961, 0.532897, 0.626845, 0.250083, 0.332575, 0.332575, 0.282983, 0.332575, 0.330655, 0.332575, 0.864286, 0.364714, 0.332575, 0.364714, 0.362767, 0.406725, 0.575696, 0.10119, 0.153997, 0.173599, 0.526164, 0.139795, 0.594687, 0.00114032, 0.00114032, 0.139795, 0.211707, 0.737709, 0.168974, 0.664376, 0.321564, 0.645767, 0.345583, 0.465044, 0.664376, 0.423586, 0.685517, 0.694652, 0.77843, 0.126171, 0.526479, 0.478643, 0.499373, 0.415965, 0.22998, 0.43112, 0.684026, 0.0755639] 
