targetFitness = 2048 
params : Main.GeneticAlgorithms.Types.GAParams(136, 1000000, 120, 150, 0.7, 0.01, true, IOStream(<file ../Results/logFibonacci.log>), 63346.0, 2048.0, 0, 1) 
2019-08-31T21:53:05.749 , Gen : 100 , BEST: 2011 , SECOND: 2011 
2019-08-31T21:53:08.388 , Gen : 200 , BEST: 2011 , SECOND: 2011 
2019-08-31T21:53:10.349 , Gen : 300 , BEST: 2013 , SECOND: 2013 
2019-08-31T21:53:12.37 , Gen : 400 , BEST: 2013 , SECOND: 2013 
2019-08-31T21:53:14.211 , Gen : 500 , BEST: 2027 , SECOND: 2027 
2019-08-31T21:53:16.196 , Gen : 600 , BEST: 2027 , SECOND: 2027 
2019-08-31T21:53:18.028 , Gen : 700 , BEST: 2027 , SECOND: 2027 
2019-08-31T21:53:20.028 , Gen : 800 , BEST: 2027 , SECOND: 2027 
2019-08-31T21:53:22.831 , Gen : 900 , BEST: 2031 , SECOND: 2031 
2019-08-31T21:53:24.88 , Gen : 1000 , BEST: 2031 , SECOND: 2031 
fitness : 2031 
 code : ><,,$$!,,>--*$[,-*$-.+!.+$$,!]$>,!]-$<.<+>!!!.+].$.<*,-]<$$*.>>*[,*>!,-$++]<<-<[<>]+,>>.*[]<.]>*!]!<<->$.!.*[+*+]>[[-->> 
 UInt8[0x01, 0x02] -> [3, 4] 
2019-08-31T21:53:27.04 , Gen : 1100 , BEST: 2031 , SECOND: 2031 
2019-08-31T21:53:29.1 , Gen : 1200 , BEST: 2031 , SECOND: 2031 
2019-08-31T21:53:31.412 , Gen : 1300 , BEST: 2031 , SECOND: 2031 
2019-08-31T21:53:33.909 , Gen : 1400 , BEST: 2031 , SECOND: 2031 
2019-08-31T21:53:36.58 , Gen : 1500 , BEST: 2031 , SECOND: 2031 
2019-08-31T21:53:39.343 , Gen : 1600 , BEST: 2031 , SECOND: 2031 
2019-08-31T21:53:41.735 , Gen : 1700 , BEST: 2031 , SECOND: 2031 
2019-08-31T21:53:43.769 , Gen : 1800 , BEST: 2035 , SECOND: 2034 
2019-08-31T21:53:46.153 , Gen : 1900 , BEST: 2035 , SECOND: 2035 
2019-08-31T21:53:49.218 , Gen : 2000 , BEST: 2035 , SECOND: 2035 
fitness : 2035 
 code : +++$--*-[>-**+[,*.]]$-<$,![.>$!-$<>],[$*$[-$<*+].!*.]->-,],,**$-$.-]>*$>$]],>,<*+*,]-*>>>$!<<><.$+->!.++*+,,.<<>]+[[$$,< 
 UInt8[0x08, 0x0d] -> [24, 39] 
2019-08-31T21:53:51.604 , Gen : 2100 , BEST: 2035 , SECOND: 2035 
2019-08-31T21:53:54.584 , Gen : 2200 , BEST: 2035 , SECOND: 2035 
2019-08-31T21:53:57.14 , Gen : 2300 , BEST: 2035 , SECOND: 2035 
2019-08-31T21:53:59.603 , Gen : 2400 , BEST: 2035 , SECOND: 2035 
2019-08-31T21:54:01.896 , Gen : 2500 , BEST: 2035 , SECOND: 2035 
2019-08-31T21:54:03.968 , Gen : 2600 , BEST: 2035 , SECOND: 2035 
2019-08-31T21:54:06.342 , Gen : 2700 , BEST: 2035 , SECOND: 2035 
2019-08-31T21:54:08.908 , Gen : 2800 , BEST: 2035 , SECOND: 2035 
2019-08-31T21:54:11.69 , Gen : 2900 , BEST: 2035 , SECOND: 2035 
2019-08-31T21:54:14.17 , Gen : 3000 , BEST: 2035 , SECOND: 2035 
fitness : 2035 
 code : +++$--*-[>-**+[,*.]]$-<$,![.>$!-$<>],[$*$[-$<*+].!*.]->-,],,**$-$.-]>*$>$]],>,<*+*,]-*>>>$!<<><.$+->!.++*+,,.<<>]+[[$$,< 
 UInt8[0x08, 0x0d] -> [24, 39] 
2019-08-31T21:54:17.041 , Gen : 3100 , BEST: 2035 , SECOND: 2035 
2019-08-31T21:54:19.785 , Gen : 3200 , BEST: 2035 , SECOND: 2035 
2019-08-31T21:54:22.354 , Gen : 3300 , BEST: 2035 , SECOND: 2035 
2019-08-31T21:54:25.016 , Gen : 3400 , BEST: 2035 , SECOND: 2035 
2019-08-31T21:54:28.212 , Gen : 3500 , BEST: 2035 , SECOND: 2035 
2019-08-31T21:54:30.394 , Gen : 3600 , BEST: 2035 , SECOND: 2035 
2019-08-31T21:54:32.882 , Gen : 3700 , BEST: 2035 , SECOND: 2035 
2019-08-31T21:54:35.69 , Gen : 3800 , BEST: 2035 , SECOND: 2035 
2019-08-31T21:54:38.361 , Gen : 3900 , BEST: 2035 , SECOND: 2035 
2019-08-31T21:54:40.914 , Gen : 4000 , BEST: 2037 , SECOND: 2037 
fitness : 2037 
 code : !>$!++$--*-[-*+[,*.*+.<<,$!-+><+**-[]$]$-<<<<.-<*+!*>*[**.$-!$<++*.-]+!--+,]>+.-]><+$.>,>*[**]>]<]]*<++!,**[*>>-!+<.**>- 
 UInt8[0x08, 0x0d] -> [16, 33] 
2019-08-31T21:54:43.015 , Gen : 4100 , BEST: 2037 , SECOND: 2037 
2019-08-31T21:54:45.533 , Gen : 4200 , BEST: 2037 , SECOND: 2037 
2019-08-31T21:54:47.811 , Gen : 4300 , BEST: 2037 , SECOND: 2037 
2019-08-31T21:54:50.164 , Gen : 4400 , BEST: 2037 , SECOND: 2037 
2019-08-31T21:54:52.508 , Gen : 4500 , BEST: 2037 , SECOND: 2037 
2019-08-31T21:54:55.182 , Gen : 4600 , BEST: 2037 , SECOND: 2037 
2019-08-31T21:54:57.555 , Gen : 4700 , BEST: 2037 , SECOND: 2037 
2019-08-31T21:54:59.867 , Gen : 4800 , BEST: 2037 , SECOND: 2037 
2019-08-31T21:55:01.925 , Gen : 4900 , BEST: 2037 , SECOND: 2037 
