targetFitness = 1064 
params : Main.GeneticAlgorithms.Types.GAParams(136, 10000, 150, 150, 0.7, 0.01, true, IOStream(<file ../Results/logLogicalAnd.log>), 32179.0, 1064.0, 0, 1) 
2019-07-05T12:12:45.732 
Gen : 100 , BEST: , 1063  , SECOND: 1063 
2019-07-05T12:12:51.41 
Gen : 200 , BEST: , 1063  , SECOND: 1063 
2019-07-05T12:12:56.979 
Gen : 300 , BEST: , 1063  , SECOND: 1063 
2019-07-05T12:13:02.829 
Gen : 400 , BEST: , 1063  , SECOND: 1063 
2019-07-05T12:13:08.79 
Gen : 500 , BEST: , 1063  , SECOND: 1063 
fitness : 1063 
 code : ,.-+!>>,$<!-$*[+,*,,+.[*>++!<,[]!*>-.]]>++<+]<.+.$[***[$>,][+*!.!++><-!>,-<-]<!-<!+]!!<-<---,+!<!][][-,!-]<>,-,*$!,$!,$+!$$!>-<-[---+]--<-<---->]-.-!* 
 00 -> 0
 01 -> 0
 10 -> 1
 11 -> 1
2019-07-05T12:13:15.987 
Gen : 600 , BEST: , 1063  , SECOND: 1063 
fitness : 1064 
 code : !>!,[$-$$,*[[[*!,,[*!,--+$+,,+.!+,]>]*+$,<<$>,,]]-+*!.!+>->].!>.].-.>]][<.]!-,-<---+.[$+<-][-.-,!*,-.-[*[[>$[-$],]]]-,>$-$![![[]$!,->-+-*].<,*>$[<,!>$ 
 00 -> 0
 01 -> 0
 10 -> 0
 11 -> 1
 Generation : 660 
fitness 1064 
dna : [0.841467, 0.135791, 0.897984, 0.516964, 0.598508, 0.765286, 0.299725, 0.765286, 0.765286, 0.506708, 0.913695, 0.557652, 0.557681, 0.557681, 0.954241, 0.834436, 0.477094, 0.542555, 0.613704, 0.948216, 0.834436, 0.481691, 0.314013, 0.328683, 0.216425, 0.771431, 0.260636, 0.477094, 0.542555, 0.269204, 0.392254, 0.86696, 0.250661, 0.462873, 0.721083, 0.149586, 0.666724, 0.980901, 0.219727, 0.776799, 0.511481, 0.0085213, 0.0447451, 0.749444, 0.153408, 0.4703, 0.4703, 0.705909, 0.646576, 0.347556, 0.235811, 0.921164, 0.894252, 0.447748, 0.902089, 0.235811, 0.159686, 0.341632, 0.159686, 0.661389, 0.426614, 0.902089, 0.159686, 0.4372, 0.661389, 0.447748, 0.341632, 0.452864, 0.159686, 0.661389, 0.661389, 0.569621, 0.0472523, 0.369925, 0.666606, 0.839375, 0.311374, 0.518463, 0.311374, 0.0713134, 0.311374, 0.32234, 0.311374, 0.20335, 0.412988, 0.556488, 0.775854, 0.244674, 0.0161532, 0.311374, 0.662321, 0.561294, 0.311374, 0.397271, 0.311374, 0.518463, 0.879302, 0.920735, 0.51949, 0.311374, 0.439498, 0.297708, 0.587888, 0.914548, 0.580765, 0.604053, 0.115023, 0.812224, 0.604053, 0.274125, 0.812224, 0.655372, 0.454632, 0.655372, 0.697765, 0.647123, 0.278792, 0.457926, 0.145319, 0.78418, 0.297708, 0.78418, 0.844321, 0.587044, 0.845167, 0.579548, 0.604053, 0.647123, 0.78418, 0.844321, 0.478073, 0.328783, 0.117373, 0.328783, 0.222186, 0.315212, 0.958425, 0.673447, 0.452129, 0.0276716, 0.516964, 0.997847, 0.178896, 0.741498, 0.581088, 0.0427104, 0.531769, 0.891219, 0.135791, 0.771094] 
