targetFitness = 1024 
params : Main.GeneticAlgorithms.Types.GAParams(136, 100000, 150, 150, 0.7, 0.01, true, IOStream(<file ../Results/logLogicalOr.log>), 49579.0, 1024.0, 0, 1) 
2019-07-18T14:37:58.756 , Gen : 100 , BEST: 1023 , SECOND: 1023 
2019-07-18T14:38:02.371 , Gen : 200 , BEST: 1023 , SECOND: 1023 
2019-07-18T14:38:06.101 , Gen : 300 , BEST: 1023 , SECOND: 1023 
2019-07-18T14:38:09.876 , Gen : 400 , BEST: 1023 , SECOND: 1023 
2019-07-18T14:38:12.923 , Gen : 500 , BEST: 1023 , SECOND: 1023 
2019-07-18T14:38:16.334 , Gen : 600 , BEST: 1023 , SECOND: 1023 
2019-07-18T14:38:20.612 , Gen : 700 , BEST: 1023 , SECOND: 1023 
2019-07-18T14:38:25.161 , Gen : 800 , BEST: 1024 , SECOND: 1023 
2019-07-18T14:38:29.21 , Gen : 900 , BEST: 1024 , SECOND: 1023 
fitness : 1024 
 code : -,[.]+-+[->>[+++++<+.+,<++>+>+-+++[++++++++++++++++.++++++[+++++++++++++++++++++-+++-++++[++[+++.+]]-]],+][,,.]<,+--+.+>++>+]<>+<+-.[-]>..]>>,>>,<<-+- 
 UInt8[0x00, 0x00] -> 0 
 UInt8[0x01, 0x00] -> 1 
 UInt8[0x00, 0x01] -> 1 
 UInt8[0x01, 0x01] -> 1 
 Generation : 970 
fitness 1024 
dna : [0.429389, 0.716771, 0.764794, 0.536223, 0.980497, 0.291244, 0.400333, 0.322448, 0.833652, 0.478703, 0.246495, 0.129807, 0.858987, 0.308436, 0.333688, 0.286085, 0.305876, 0.286829, 0.0149717, 0.274101, 0.581413, 0.312531, 0.731576, 0.1075, 0.289859, 0.307516, 0.168502, 0.289859, 0.230635, 0.358398, 0.376655, 0.264264, 0.289859, 0.358398, 0.756445, 0.264264, 0.289859, 0.307516, 0.307516, 0.307516, 0.374721, 0.343868, 0.267976, 0.343581, 0.272174, 0.343581, 0.261765, 0.282807, 0.294654, 0.374213, 0.264848, 0.528776, 0.252785, 0.343581, 0.280493, 0.343581, 0.256035, 0.272174, 0.793371, 0.345878, 0.272174, 0.345878, 0.317822, 0.347963, 0.343581, 0.358605, 0.272174, 0.347963, 0.25615, 0.347963, 0.358605, 0.272174, 0.347963, 0.25615, 0.25615, 0.298429, 0.25615, 0.298429, 0.282653, 0.298429, 0.411748, 0.252972, 0.25615, 0.298429, 0.475742, 0.25615, 0.298429, 0.282653, 0.298429, 0.830648, 0.272174, 0.272174, 0.806242, 0.345878, 0.338751, 0.345878, 0.506668, 0.372394, 0.951298, 0.876267, 0.407737, 0.929288, 0.954308, 0.636255, 0.365937, 0.939582, 0.814634, 0.741666, 0.74169, 0.619043, 0.875988, 0.0477553, 0.626684, 0.261115, 0.406507, 0.48846, 0.354154, 0.506508, 0.268969, 0.138142, 0.353341, 0.317188, 0.201612, 0.336881, 0.933616, 0.019287, 0.204029, 0.305525, 0.0323336, 0.305525, 0.412391, 0.511624, 0.871022, 0.456638, 0.93179, 0.191209, 0.502925, 0.503821, 0.895038, 0.208428, 0.191209, 0.686892, 0.208428, 0.191209, 0.673776, 0.0590142, 0.0329388, 0.47329, 0.344311, 0.379065] 
