targetFitness = 1280 
params : Main.GeneticAlgorithms.Types.GAParams(100, 100000, 120, 150, 0.7, 0.01, true, IOStream(<file ../Results/logLengthString.log>), 30381.0, 1280.0, 0, 1) 
2019-07-11T13:22:39.595 , Gen : 100 , BEST: 1205 , SECOND: 1205 
2019-07-11T13:22:49.889 , Gen : 200 , BEST: 1210 , SECOND: 1210 
2019-07-11T13:22:59.997 , Gen : 300 , BEST: 1210 , SECOND: 1210 
2019-07-11T13:23:11.68 , Gen : 400 , BEST: 1210 , SECOND: 1210 
2019-07-11T13:23:23.172 , Gen : 500 , BEST: 1218 , SECOND: 1218 
2019-07-11T13:23:32.658 , Gen : 600 , BEST: 1219 , SECOND: 1219 
2019-07-11T13:23:42.482 , Gen : 700 , BEST: 1219 , SECOND: 1219 
2019-07-11T13:23:50.406 , Gen : 800 , BEST: 1219 , SECOND: 1219 
2019-07-11T13:23:58.324 , Gen : 900 , BEST: 1223 , SECOND: 1223 
2019-07-11T13:24:05.413 , Gen : 1000 , BEST: 1228 , SECOND: 1228 
fitness : 1228 
  code : ,,[,,+,>,[[+-,->],>+,,]->,--<+++++++++++++.-.+>+]>[>,<+.+[+[,...+],][]<[].-<]<].-<>><->>[>,>+-,->-],<[-,.+,[[[,,,--]-[>>  
 test --> 12 
2019-07-11T13:24:12.121 , Gen : 1100 , BEST: 1229 , SECOND: 1229 
2019-07-11T13:24:17.511 , Gen : 1200 , BEST: 1236 , SECOND: 1236 
2019-07-11T13:24:23.142 , Gen : 1300 , BEST: 1237 , SECOND: 1237 
2019-07-11T13:24:29.398 , Gen : 1400 , BEST: 1238 , SECOND: 1238 
2019-07-11T13:24:34.309 , Gen : 1500 , BEST: 1239 , SECOND: 1239 
2019-07-11T13:24:39.508 , Gen : 1600 , BEST: 1241 , SECOND: 1241 
2019-07-11T13:24:45.656 , Gen : 1700 , BEST: 1241 , SECOND: 1241 
2019-07-11T13:24:50.297 , Gen : 1800 , BEST: 1241 , SECOND: 1241 
2019-07-11T13:24:54.828 , Gen : 1900 , BEST: 1241 , SECOND: 1241 
2019-07-11T13:24:59.606 , Gen : 2000 , BEST: 1241 , SECOND: 1241 
fitness : 1241 
  code : ,-,[>-,>,-,,[[,<-,+>,]+->+++++++++++++++.<++-,+,]>++><+<>.].,.][[.<+,]]].>,,+<]],,<>-<,->[]><<-,[<,.-]][][+[]],,[,[+,<,.  
 johnandjanesdfgjnsdkfjgjnrtkhreuitgure --> 15 
2019-07-11T13:25:04.449 , Gen : 2100 , BEST: 1241 , SECOND: 1241 
2019-07-11T13:25:09.873 , Gen : 2200 , BEST: 1241 , SECOND: 1241 
2019-07-11T13:25:14.432 , Gen : 2300 , BEST: 1241 , SECOND: 1241 
2019-07-11T13:25:18.662 , Gen : 2400 , BEST: 1241 , SECOND: 1241 
2019-07-11T13:25:24.468 , Gen : 2500 , BEST: 1241 , SECOND: 1241 
2019-07-11T13:25:31.369 , Gen : 2600 , BEST: 1241 , SECOND: 1241 
2019-07-11T13:25:36.656 , Gen : 2700 , BEST: 1241 , SECOND: 1241 
2019-07-11T13:25:41.362 , Gen : 2800 , BEST: 1241 , SECOND: 1241 
2019-07-11T13:25:46.792 , Gen : 2900 , BEST: 1241 , SECOND: 1241 
2019-07-11T13:25:52.972 , Gen : 3000 , BEST: 1241 , SECOND: 1241 
fitness : 1241 
  code : ,[[,>,,][+---+++,+]<[,+++>+++++++++++++++.>++-,+,]>++><+<>.],],,[>+.+[-[[]-],.]->.>>>>,.>,+>+-]<.]].,,<>.++<].++<.]<],<-  
 cori@domain.com --> 15 
2019-07-11T13:25:59.368 , Gen : 3100 , BEST: 1241 , SECOND: 1241 
2019-07-11T13:26:06.243 , Gen : 3200 , BEST: 1241 , SECOND: 1241 
2019-07-11T13:26:13.551 , Gen : 3300 , BEST: 1242 , SECOND: 1242 
2019-07-11T13:26:18.856 , Gen : 3400 , BEST: 1242 , SECOND: 1242 
2019-07-11T13:26:25.295 , Gen : 3500 , BEST: 1242 , SECOND: 1242 
2019-07-11T13:26:31.231 , Gen : 3600 , BEST: 1242 , SECOND: 1242 
2019-07-11T13:26:38.298 , Gen : 3700 , BEST: 1242 , SECOND: 1242 
2019-07-11T13:26:44.848 , Gen : 3800 , BEST: 1242 , SECOND: 1242 
2019-07-11T13:26:50.062 , Gen : 3900 , BEST: 1242 , SECOND: 1242 
2019-07-11T13:26:55.745 , Gen : 4000 , BEST: 1242 , SECOND: 1242 
fitness : 1242 
  code : -,[[,>,,][+---+-<+,+]<[,+++>+++++++++++++++.>-,+-,,+-,]>++><>+><+<>++.,.>--,[,-+,..,,<]<..+<>+]<>.]<.,.+,.][,[>.<>.,-]+[  
 cori@domain.com --> 15 
2019-07-11T13:27:03.204 , Gen : 4100 , BEST: 1242 , SECOND: 1242 
2019-07-11T13:27:11.473 , Gen : 4200 , BEST: 1242 , SECOND: 1242 
2019-07-11T13:27:20.458 , Gen : 4300 , BEST: 1242 , SECOND: 1242 
2019-07-11T13:27:27.194 , Gen : 4400 , BEST: 1242 , SECOND: 1242 
2019-07-11T13:27:31.467 , Gen : 4500 , BEST: 1242 , SECOND: 1242 
2019-07-11T13:27:36.024 , Gen : 4600 , BEST: 1242 , SECOND: 1242 
2019-07-11T13:27:40.422 , Gen : 4700 , BEST: 1242 , SECOND: 1242 
2019-07-11T13:27:45.702 , Gen : 4800 , BEST: 1243 , SECOND: 1243 
2019-07-11T13:27:50.103 , Gen : 4900 , BEST: 1243 , SECOND: 1243 
2019-07-11T13:27:54.237 , Gen : 5000 , BEST: 1243 , SECOND: 1243 
fitness : 1243 
  code : +,-,+-,,,+>-,+,,,+,[,>->+++++++++++++++.>>--,,+-,]>++><>+><+[<>++.>++.]]<<<<<]<[<...].<,]<]<..][<,-..],]..,+<]]-+]>>[-<-  
 cori@domain.com --> 15 
2019-07-11T13:28:00.584 , Gen : 5100 , BEST: 1243 , SECOND: 1243 
2019-07-11T13:28:05.839 , Gen : 5200 , BEST: 1243 , SECOND: 1243 
2019-07-11T13:28:10.501 , Gen : 5300 , BEST: 1243 , SECOND: 1243 
2019-07-11T13:28:16.648 , Gen : 5400 , BEST: 1244 , SECOND: 1244 
2019-07-11T13:28:24.746 , Gen : 5500 , BEST: 1244 , SECOND: 1244 
2019-07-11T13:28:32.091 , Gen : 5600 , BEST: 1267 , SECOND: 1267 
2019-07-11T13:28:38.465 , Gen : 5700 , BEST: 1267 , SECOND: 1267 
2019-07-11T13:28:43.978 , Gen : 5800 , BEST: 1272 , SECOND: 1272 
2019-07-11T13:28:49.627 , Gen : 5900 , BEST: 1272 , SECOND: 1272 
2019-07-11T13:28:55.832 , Gen : 6000 , BEST: 1272 , SECOND: 1272 
fitness : 1272 
  code : ,>,[+-<+><>-,+>,,+,,[,>>++++++++<,<,,,,+,]-+>,<>[>>-<<>[.,[<[++<+]<,.><<]<<]><]>.,+.[]][[[]+[[+<->.,<<<<.,<<<-+,..++-[-+  
 test --> 0 
2019-07-11T13:29:02.245 , Gen : 6100 , BEST: 1272 , SECOND: 1272 
2019-07-11T13:29:07.542 , Gen : 6200 , BEST: 1272 , SECOND: 1272 
2019-07-11T13:29:13.871 , Gen : 6300 , BEST: 1272 , SECOND: 1272 
2019-07-11T13:29:20.941 , Gen : 6400 , BEST: 1273 , SECOND: 1272 
2019-07-11T13:29:25.64 , Gen : 6500 , BEST: 1273 , SECOND: 1273 
2019-07-11T13:29:30.073 , Gen : 6600 , BEST: 1273 , SECOND: 1273 
2019-07-11T13:29:34.167 , Gen : 6700 , BEST: 1273 , SECOND: 1273 
2019-07-11T13:29:39.104 , Gen : 6800 , BEST: 1274 , SECOND: 1274 
2019-07-11T13:29:43.879 , Gen : 6900 , BEST: 1274 , SECOND: 1274 
2019-07-11T13:29:49.891 , Gen : 7000 , BEST: 1274 , SECOND: 1274 
fitness : 1274 
  code : >,,,>,+-+,+<,++>+[,[,+[,>>++++++++<,<,,,,,]-+>,<+>[>+><.-.>++><><.><--<>-><<.,]->.][,++..<]]<..--,,.]+,+,]-,+,+-]-,,.,,-  
 unknown-string-goes-here --> 24 
2019-07-11T13:29:57.265 , Gen : 7100 , BEST: 1274 , SECOND: 1274 
2019-07-11T13:30:03.173 , Gen : 7200 , BEST: 1274 , SECOND: 1274 
2019-07-11T13:30:09.272 , Gen : 7300 , BEST: 1274 , SECOND: 1274 
2019-07-11T13:30:14.897 , Gen : 7400 , BEST: 1274 , SECOND: 1274 
2019-07-11T13:30:20.015 , Gen : 7500 , BEST: 1274 , SECOND: 1274 
2019-07-11T13:30:28.295 , Gen : 7600 , BEST: 1274 , SECOND: 1274 
2019-07-11T13:30:36.413 , Gen : 7700 , BEST: 1275 , SECOND: 1274 
2019-07-11T13:30:43.276 , Gen : 7800 , BEST: 1275 , SECOND: 1275 
2019-07-11T13:30:49.152 , Gen : 7900 , BEST: 1275 , SECOND: 1275 
2019-07-11T13:30:54.096 , Gen : 8000 , BEST: 1275 , SECOND: 1275 
fitness : 1275 
  code : ,>>,,,>,,+[++>+[,[,+[,->>++++++++<,<,,,,,]--+>,<+>[>+><.-..>++><><><--<--><<,]->.][,+++<<,,]]<.-]+].+]]+,]<]<]<<[.->.+,-  
 test --> 3 
2019-07-11T13:30:58.25 , Gen : 8100 , BEST: 1275 , SECOND: 1275 
2019-07-11T13:31:04.399 , Gen : 8200 , BEST: 1275 , SECOND: 1275 
2019-07-11T13:31:11.169 , Gen : 8300 , BEST: 1276 , SECOND: 1275 
2019-07-11T13:31:18.43 , Gen : 8400 , BEST: 1276 , SECOND: 1276 
2019-07-11T13:31:24.109 , Gen : 8500 , BEST: 1276 , SECOND: 1276 
2019-07-11T13:31:29.448 , Gen : 8600 , BEST: 1276 , SECOND: 1276 
2019-07-11T13:31:34.901 , Gen : 8700 , BEST: 1276 , SECOND: 1276 
2019-07-11T13:31:39.699 , Gen : 8800 , BEST: 1276 , SECOND: 1276 
2019-07-11T13:31:45.417 , Gen : 8900 , BEST: 1276 , SECOND: 1276 
2019-07-11T13:31:51.514 , Gen : 9000 , BEST: 1276 , SECOND: 1276 
fitness : 1276 
  code : ,>,,>,,+[++>+[,[,>+[,->>++++++++<,,<,,,,]--+>,<>[>+><.-<.>++><>><-<----<--<<,]->.[.-]-]++<+.[+.[,-<>..+.+.,+.]]<][.,>,.,  
 cori@domain.com --> 16 
2019-07-11T13:31:58.122 , Gen : 9100 , BEST: 1276 , SECOND: 1276 
2019-07-11T13:32:04.196 , Gen : 9200 , BEST: 1276 , SECOND: 1276 
2019-07-11T13:32:11.502 , Gen : 9300 , BEST: 1276 , SECOND: 1276 
2019-07-11T13:32:17.317 , Gen : 9400 , BEST: 1276 , SECOND: 1276 
2019-07-11T13:32:24.424 , Gen : 9500 , BEST: 1276 , SECOND: 1276 
2019-07-11T13:32:30.99 , Gen : 9600 , BEST: 1276 , SECOND: 1276 
2019-07-11T13:32:38.078 , Gen : 9700 , BEST: 1276 , SECOND: 1276 
2019-07-11T13:32:44.235 , Gen : 9800 , BEST: 1276 , SECOND: 1276 
2019-07-11T13:32:50.077 , Gen : 9900 , BEST: 1276 , SECOND: 1276 
2019-07-11T13:32:56.011 , Gen : 10000 , BEST: 1276 , SECOND: 1276 
fitness : 1276 
  code : ,,,>,>,,+[++>+,[,>+[,->>++++++++<,,<,,,,]--+>,<>[+><.-<.>++><>><-<----<--<<,]->.[.>-]-]++<+.[.,+].].<.][.>.[->.<]-[[[-,>  
 cori@domain.com --> 16 
2019-07-11T13:33:03.603 , Gen : 10100 , BEST: 1276 , SECOND: 1276 
2019-07-11T13:33:11.264 , Gen : 10200 , BEST: 1276 , SECOND: 1276 
2019-07-11T13:33:18.616 , Gen : 10300 , BEST: 1276 , SECOND: 1276 
2019-07-11T13:33:26.079 , Gen : 10400 , BEST: 1276 , SECOND: 1276 
2019-07-11T13:33:32.81 , Gen : 10500 , BEST: 1276 , SECOND: 1276 
2019-07-11T13:33:39.114 , Gen : 10600 , BEST: 1276 , SECOND: 1276 
2019-07-11T13:33:44.958 , Gen : 10700 , BEST: 1276 , SECOND: 1276 
2019-07-11T13:33:54.902 , Gen : 10800 , BEST: 1276 , SECOND: 1276 
2019-07-11T13:34:01.754 , Gen : 10900 , BEST: 1276 , SECOND: 1276 
2019-07-11T13:34:06.771 , Gen : 11000 , BEST: 1276 , SECOND: 1276 
fitness : 1276 
  code : >-,[-,>,,,+[++>,[,>+[,->>++++++++<,,<,,,,]--+>,<>[<<>.<.-+++--+<<,]->.>>[]]+<+.>>-.<->+-],.].>-,>.<<-,<,>,,,,<,+,,+,>-,>  
 test --> 4 
2019-07-11T13:34:11.82 , Gen : 11100 , BEST: 1276 , SECOND: 1276 
2019-07-11T13:34:16.591 , Gen : 11200 , BEST: 1276 , SECOND: 1276 
2019-07-11T13:34:22.136 , Gen : 11300 , BEST: 1276 , SECOND: 1276 
2019-07-11T13:34:28.573 , Gen : 11400 , BEST: 1276 , SECOND: 1276 
2019-07-11T13:34:34.956 , Gen : 11500 , BEST: 1276 , SECOND: 1276 
2019-07-11T13:34:42.524 , Gen : 11600 , BEST: 1276 , SECOND: 1276 
2019-07-11T13:34:48.496 , Gen : 11700 , BEST: 1276 , SECOND: 1276 
2019-07-11T13:34:55.051 , Gen : 11800 , BEST: 1276 , SECOND: 1276 
2019-07-11T13:34:59.909 , Gen : 11900 , BEST: 1276 , SECOND: 1276 
2019-07-11T13:35:05.277 , Gen : 12000 , BEST: 1276 , SECOND: 1276 
fitness : 1276 
  code : ,,,[+,[,+[++>,[,>,+[,->>++++++++<,,<,,,,]--+>,<>[<<.<.--+++--+<<,]>.>>[]]+<+.->>->>-,,,],,,]-].+<.-<<,,,.[>+,,,,.<,,.,[+  
 mt@po.box --> 8 
2019-07-11T13:35:09.778 , Gen : 12100 , BEST: 1276 , SECOND: 1276 
2019-07-11T13:35:14.106 , Gen : 12200 , BEST: 1276 , SECOND: 1276 
2019-07-11T13:35:20.133 , Gen : 12300 , BEST: 1276 , SECOND: 1276 
2019-07-11T13:35:26.383 , Gen : 12400 , BEST: 1276 , SECOND: 1276 
2019-07-11T13:35:31.678 , Gen : 12500 , BEST: 1276 , SECOND: 1276 
2019-07-11T13:35:37.137 , Gen : 12600 , BEST: 1276 , SECOND: 1276 
2019-07-11T13:35:42.667 , Gen : 12700 , BEST: 1276 , SECOND: 1276 
2019-07-11T13:35:48.028 , Gen : 12800 , BEST: 1276 , SECOND: 1276 
2019-07-11T13:35:53.152 , Gen : 12900 , BEST: 1276 , SECOND: 1276 
2019-07-11T13:35:58.267 , Gen : 13000 , BEST: 1276 , SECOND: 1276 
fitness : 1276 
  code : -->,[,[,+[+,<[,+[++>,[,>,+[,>>++++++++<,,<,,,,]-->,<>[<<.<.--+++--+<<,]>.>>[]]+<+..->>>-,][].<].<]<,><<.>]+<,>>]][.<>[,+  
 test --> 4 
2019-07-11T13:36:03.175 , Gen : 13100 , BEST: 1276 , SECOND: 1276 
2019-07-11T13:36:07.468 , Gen : 13200 , BEST: 1276 , SECOND: 1276 
2019-07-11T13:36:14.95 , Gen : 13300 , BEST: 1276 , SECOND: 1276 
2019-07-11T13:36:21.556 , Gen : 13400 , BEST: 1276 , SECOND: 1276 
2019-07-11T13:36:28.414 , Gen : 13500 , BEST: 1276 , SECOND: 1276 
2019-07-11T13:36:34.231 , Gen : 13600 , BEST: 1276 , SECOND: 1276 
2019-07-11T13:36:40.22 , Gen : 13700 , BEST: 1276 , SECOND: 1276 
2019-07-11T13:36:48.38 , Gen : 13800 , BEST: 1276 , SECOND: 1276 
2019-07-11T13:36:53.571 , Gen : 13900 , BEST: 1276 , SECOND: 1276 
2019-07-11T13:36:59.612 , Gen : 14000 , BEST: 1276 , SECOND: 1276 
fitness : 1276 
  code : ,,,[,+>,<,+[++>,[>>>,[,>+>++++++++<,,<,,,,]-->,<>[<<.->..--++,-,]>..>>[][]]<+.+<>]+,<>...<..<+<.>[[,+,<<-<[,>>+,,.,>+,-<  
 test --> 4 
2019-07-11T13:37:07.505 , Gen : 14100 , BEST: 1276 , SECOND: 1276 
2019-07-11T13:37:16.288 , Gen : 14200 , BEST: 1276 , SECOND: 1276 
2019-07-11T13:37:23.361 , Gen : 14300 , BEST: 1276 , SECOND: 1276 
2019-07-11T13:37:29.357 , Gen : 14400 , BEST: 1276 , SECOND: 1276 
2019-07-11T13:37:35.406 , Gen : 14500 , BEST: 1276 , SECOND: 1276 
2019-07-11T13:37:42.072 , Gen : 14600 , BEST: 1276 , SECOND: 1276 
2019-07-11T13:37:48.214 , Gen : 14700 , BEST: 1276 , SECOND: 1276 
2019-07-11T13:37:56.199 , Gen : 14800 , BEST: 1276 , SECOND: 1276 
2019-07-11T13:38:04.703 , Gen : 14900 , BEST: 1276 , SECOND: 1276 
2019-07-11T13:38:11.993 , Gen : 15000 , BEST: 1276 , SECOND: 1276 
fitness : 1276 
  code : >>,,,>,[->+[++>,[>>>+[,>+>++++++++<,,<,,,,]-->,<>[<+<.++-+-+,-,]>..>>[][]]]<[+.+<>][<.>+[,]<<-.]++,,+],+>,,+,>.-<,[<,.]>  
 mt@po.box --> 8 
2019-07-11T13:38:20.552 , Gen : 15100 , BEST: 1276 , SECOND: 1276 
2019-07-11T13:38:28.718 , Gen : 15200 , BEST: 1276 , SECOND: 1276 
2019-07-11T13:38:35.13 , Gen : 15300 , BEST: 1276 , SECOND: 1276 
2019-07-11T13:38:40.445 , Gen : 15400 , BEST: 1276 , SECOND: 1276 
2019-07-11T13:38:46.814 , Gen : 15500 , BEST: 1276 , SECOND: 1276 
2019-07-11T13:38:52.607 , Gen : 15600 , BEST: 1276 , SECOND: 1276 
2019-07-11T13:38:57.509 , Gen : 15700 , BEST: 1276 , SECOND: 1276 
2019-07-11T13:39:05.099 , Gen : 15800 , BEST: 1276 , SECOND: 1276 
2019-07-11T13:39:12.05 , Gen : 15900 , BEST: 1276 , SECOND: 1276 
2019-07-11T13:39:19.406 , Gen : 16000 , BEST: 1276 , SECOND: 1276 
fitness : 1276 
  code : ,,[,,>+,>>+[++>,[>>>+[,>+>++++++++<,,<,,,,]-->,<>[<+<.,++-+-+,-,]>.>>[][]]]<[+.+<>]+,,<,<<]><<,,[>,<,+[<<>+[<>-+<.-[>[.,  
 test --> 4 
2019-07-11T13:39:25.385 , Gen : 16100 , BEST: 1276 , SECOND: 1276 
2019-07-11T13:39:30.679 , Gen : 16200 , BEST: 1276 , SECOND: 1276 
2019-07-11T13:39:36.673 , Gen : 16300 , BEST: 1276 , SECOND: 1276 
2019-07-11T13:39:44.056 , Gen : 16400 , BEST: 1276 , SECOND: 1276 
2019-07-11T13:39:52.738 , Gen : 16500 , BEST: 1276 , SECOND: 1276 
2019-07-11T13:40:00.777 , Gen : 16600 , BEST: 1276 , SECOND: 1276 
2019-07-11T13:40:08.063 , Gen : 16700 , BEST: 1276 , SECOND: 1276 
2019-07-11T13:40:14.076 , Gen : 16800 , BEST: 1276 , SECOND: 1276 
2019-07-11T13:40:20.456 , Gen : 16900 , BEST: 1276 , SECOND: 1276 
2019-07-11T13:40:27.078 , Gen : 17000 , BEST: 1276 , SECOND: 1276 
fitness : 1276 
  code : >,[,,>+,>>+[++>,[>>>+[,>+>++++++++<,,<,,,,]--->,<>[<+<.,++-+<+,-,]>.>>[][]]]<[+.+]<,.<<<++[[]-,,><<<<+<<]<]]]<+<.<<<]-,>  
 unknown-string-goes-here --> 24 
2019-07-11T13:40:36.392 , Gen : 17100 , BEST: 1276 , SECOND: 1276 
2019-07-11T13:40:42.437 , Gen : 17200 , BEST: 1276 , SECOND: 1276 
2019-07-11T13:40:48.215 , Gen : 17300 , BEST: 1276 , SECOND: 1276 
2019-07-11T13:40:53.764 , Gen : 17400 , BEST: 1276 , SECOND: 1276 
2019-07-11T13:41:01.308 , Gen : 17500 , BEST: 1276 , SECOND: 1276 
2019-07-11T13:41:07.342 , Gen : 17600 , BEST: 1276 , SECOND: 1276 
2019-07-11T13:41:12.476 , Gen : 17700 , BEST: 1276 , SECOND: 1276 
2019-07-11T13:41:20.436 , Gen : 17800 , BEST: 1276 , SECOND: 1276 
2019-07-11T13:41:26.509 , Gen : 17900 , BEST: 1276 , SECOND: 1276 
2019-07-11T13:41:33.893 , Gen : 18000 , BEST: 1276 , SECOND: 1276 
fitness : 1276 
  code : ++[,,,,>>+,>+[++>,[>>>+[,>+>++++++++<,,<,,,,]-->,<>[<<.,+.+-+,]>..>[][]]<[+.-<]<],-],+,<,<<<<]<<<<>,,<,<,.[<-><,-++]>[>.  
 cori@domain.com --> 16 
2019-07-11T13:41:41.898 , Gen : 18100 , BEST: 1276 , SECOND: 1276 
2019-07-11T13:41:48.03 , Gen : 18200 , BEST: 1276 , SECOND: 1276 
2019-07-11T13:41:54.328 , Gen : 18300 , BEST: 1276 , SECOND: 1276 
2019-07-11T13:42:01.743 , Gen : 18400 , BEST: 1276 , SECOND: 1276 
2019-07-11T13:42:08.167 , Gen : 18500 , BEST: 1276 , SECOND: 1276 
2019-07-11T13:42:14.206 , Gen : 18600 , BEST: 1276 , SECOND: 1276 
2019-07-11T13:42:21.688 , Gen : 18700 , BEST: 1276 , SECOND: 1276 
2019-07-11T13:42:30.351 , Gen : 18800 , BEST: 1276 , SECOND: 1276 
2019-07-11T13:42:36.35 , Gen : 18900 , BEST: 1276 , SECOND: 1276 
2019-07-11T13:42:40.929 , Gen : 19000 , BEST: 1276 , SECOND: 1276 
fitness : 1276 
  code : ,,+[,,,,>>+,>+[++>,[>>>+[,>+>++++++++<,,<,,,,]-->,<>[<<,+.+-+,]>..>[][+]]<[+.-<]<],-]+-<,<.<<.<<,]<<,<,+.-,+]<[><.<-]><,  
 mt@po.box --> 8 
2019-07-11T13:42:46.784 , Gen : 19100 , BEST: 1276 , SECOND: 1276 
2019-07-11T13:42:52.365 , Gen : 19200 , BEST: 1276 , SECOND: 1276 
2019-07-11T13:43:00.568 , Gen : 19300 , BEST: 1276 , SECOND: 1276 
2019-07-11T13:43:08.602 , Gen : 19400 , BEST: 1276 , SECOND: 1276 
2019-07-11T13:43:16.996 , Gen : 19500 , BEST: 1276 , SECOND: 1276 
2019-07-11T13:43:27.809 , Gen : 19600 , BEST: 1276 , SECOND: 1276 
2019-07-11T13:43:36.85 , Gen : 19700 , BEST: 1276 , SECOND: 1276 
2019-07-11T13:43:44.655 , Gen : 19800 , BEST: 1276 , SECOND: 1276 
2019-07-11T13:43:54.459 , Gen : 19900 , BEST: 1276 , SECOND: 1276 
2019-07-11T13:44:03.767 , Gen : 20000 , BEST: 1276 , SECOND: 1276 
fitness : 1276 
  code : >,>,,>,,,+,>+[++>,,[>>>+[,>+>++++++++<,,<,,,]-->,<>[<<<>,,+,]>.->[]+-]]<[+..-]+<<,,,.-++],-,,-<<,<,,[<<<[[>--><-+<>]],.+  
 johnandjanesdfgjnsdkfjgjnrtkhreuitgure --> 40 
2019-07-11T13:44:13.513 , Gen : 20100 , BEST: 1276 , SECOND: 1276 
2019-07-11T13:44:22.161 , Gen : 20200 , BEST: 1276 , SECOND: 1276 
2019-07-11T13:44:31.218 , Gen : 20300 , BEST: 1276 , SECOND: 1276 
2019-07-11T13:44:39.658 , Gen : 20400 , BEST: 1276 , SECOND: 1276 
2019-07-11T13:44:48.442 , Gen : 20500 , BEST: 1276 , SECOND: 1276 
2019-07-11T13:44:55.108 , Gen : 20600 , BEST: 1276 , SECOND: 1276 
2019-07-11T13:45:01.386 , Gen : 20700 , BEST: 1276 , SECOND: 1276 
2019-07-11T13:45:07.128 , Gen : 20800 , BEST: 1276 , SECOND: 1276 
2019-07-11T13:45:13.05 , Gen : 20900 , BEST: 1276 , SECOND: 1276 
2019-07-11T13:45:21.265 , Gen : 21000 , BEST: 1276 , SECOND: 1276 
fitness : 1276 
  code : ,,,,+,,-+,+[++>,,[[>><+[,>+>++++++++<,,<,,,]-->,<>[<<<>,+,]>.->[][]+-]]<[+...++[].>,<[.<,<-----[-------+-<>>]>+.>+[+++,,  
 test --> 4 
2019-07-11T13:45:29.506 , Gen : 21100 , BEST: 1276 , SECOND: 1276 
2019-07-11T13:45:36.351 , Gen : 21200 , BEST: 1276 , SECOND: 1276 
2019-07-11T13:45:47.526 , Gen : 21300 , BEST: 1276 , SECOND: 1276 
2019-07-11T13:45:55.899 , Gen : 21400 , BEST: 1276 , SECOND: 1276 
2019-07-11T13:46:04.061 , Gen : 21500 , BEST: 1276 , SECOND: 1276 
2019-07-11T13:46:12.171 , Gen : 21600 , BEST: 1276 , SECOND: 1276 
2019-07-11T13:46:20.056 , Gen : 21700 , BEST: 1276 , SECOND: 1276 
2019-07-11T13:46:27.084 , Gen : 21800 , BEST: 1276 , SECOND: 1276 
2019-07-11T13:46:34.714 , Gen : 21900 , BEST: 1276 , SECOND: 1276 
2019-07-11T13:46:43.498 , Gen : 22000 , BEST: 1276 , SECOND: 1276 
fitness : 1276 
  code : ,,,,+,,,+++>,,[[>>><+[,>+>++++++++<,,<,,,]--->,<>[<-<<>,+,]>.--[]+[]+-]]<[+...++>..+..-.[.]--]+---<<]<+-,+.,-,>,+.,.>,.>  
 cori@domain.com --> 16 
2019-07-11T13:46:51.161 , Gen : 22100 , BEST: 1276 , SECOND: 1276 
2019-07-11T13:46:59.31 , Gen : 22200 , BEST: 1276 , SECOND: 1276 
2019-07-11T13:47:09.417 , Gen : 22300 , BEST: 1276 , SECOND: 1276 
2019-07-11T13:47:20.286 , Gen : 22400 , BEST: 1276 , SECOND: 1276 
2019-07-11T13:47:30.749 , Gen : 22500 , BEST: 1276 , SECOND: 1276 
2019-07-11T13:47:41.221 , Gen : 22600 , BEST: 1276 , SECOND: 1276 
2019-07-11T13:47:53.028 , Gen : 22700 , BEST: 1276 , SECOND: 1276 
2019-07-11T13:48:05.57 , Gen : 22800 , BEST: 1276 , SECOND: 1276 
2019-07-11T13:48:12.536 , Gen : 22900 , BEST: 1276 , SECOND: 1276 
2019-07-11T13:48:19.104 , Gen : 23000 , BEST: 1276 , SECOND: 1276 
fitness : 1276 
  code : ,,,,+,,,+++>,,[[>>>+[,>+>++++++++<,,<,,,]--->,<>[--<<>,+,]>.--->[]+[]--]]<[+....++>...+-<],-,+-+>.<.-.->>>>]>[[-.,-,],>+  
 cori@domain.com --> 16 
2019-07-11T13:48:28.498 , Gen : 23100 , BEST: 1276 , SECOND: 1276 
2019-07-11T13:48:40.035 , Gen : 23200 , BEST: 1276 , SECOND: 1276 
2019-07-11T13:48:53.535 , Gen : 23300 , BEST: 1276 , SECOND: 1276 
2019-07-11T13:49:06.932 , Gen : 23400 , BEST: 1276 , SECOND: 1276 
2019-07-11T13:49:20.887 , Gen : 23500 , BEST: 1277 , SECOND: 1277 
2019-07-11T13:49:30.202 , Gen : 23600 , BEST: 1278 , SECOND: 1278 
2019-07-11T13:49:34.511 , Gen : 23700 , BEST: 1278 , SECOND: 1278 
2019-07-11T13:49:39.293 , Gen : 23800 , BEST: 1278 , SECOND: 1278 
2019-07-11T13:49:44.656 , Gen : 23900 , BEST: 1278 , SECOND: 1278 
2019-07-11T13:49:49.421 , Gen : 24000 , BEST: 1278 , SECOND: 1278 
fitness : 1278 
  code : >,[[,[<->+[-,>+++<+++,,],,,,-,<>--+,]>.[>.<[>.>><.<>[<+<][<+<]<<+<<+>++>+.++++]<.<<[.-,,<->[,,+>[[>+[+,+,<><]><+[+.,]+>+  
 johnandjanesdfgjnsdkfjgjnrtkhreuitgure --> 39 
2019-07-11T13:49:53.863 , Gen : 24100 , BEST: 1278 , SECOND: 1278 
2019-07-11T13:49:57.755 , Gen : 24200 , BEST: 1278 , SECOND: 1278 
2019-07-11T13:50:01.005 , Gen : 24300 , BEST: 1278 , SECOND: 1278 
2019-07-11T13:50:04.206 , Gen : 24400 , BEST: 1278 , SECOND: 1278 
2019-07-11T13:50:07.627 , Gen : 24500 , BEST: 1278 , SECOND: 1278 
2019-07-11T13:50:11.162 , Gen : 24600 , BEST: 1278 , SECOND: 1278 
2019-07-11T13:50:14.613 , Gen : 24700 , BEST: 1278 , SECOND: 1278 
2019-07-11T13:50:18.226 , Gen : 24800 , BEST: 1278 , SECOND: 1278 
2019-07-11T13:50:23.525 , Gen : 24900 , BEST: 1278 , SECOND: 1278 
2019-07-11T13:50:31.214 , Gen : 25000 , BEST: 1278 , SECOND: 1278 
fitness : 1278 
  code : ,-[[,[,+>+++-<+++,],+,,,-,,>.+-,-,>..++.++]][<]<+][,+<..[,.,<..+>[,].+.>[,>,,>--++>-]>,]+>+]+.]]+][<]<]->],<,[,,,[,]].><  
 mt@po.box --> 8 
2019-07-11T13:50:37.016 , Gen : 25100 , BEST: 1278 , SECOND: 1278 
2019-07-11T13:50:44.819 , Gen : 25200 , BEST: 1278 , SECOND: 1278 
2019-07-11T13:50:54.419 , Gen : 25300 , BEST: 1278 , SECOND: 1278 
2019-07-11T13:51:03.568 , Gen : 25400 , BEST: 1278 , SECOND: 1278 
2019-07-11T13:51:12 , Gen : 25500 , BEST: 1278 , SECOND: 1278 
2019-07-11T13:51:20.116 , Gen : 25600 , BEST: 1278 , SECOND: 1278 
2019-07-11T13:51:26.06 , Gen : 25700 , BEST: 1278 , SECOND: 1278 
2019-07-11T13:51:31.227 , Gen : 25800 , BEST: 1278 , SECOND: 1278 
2019-07-11T13:51:35.452 , Gen : 25900 , BEST: 1278 , SECOND: 1278 
2019-07-11T13:51:39.204 , Gen : 26000 , BEST: 1278 , SECOND: 1278 
fitness : 1278 
  code : -[[,[,+>++<++,]-,,--,,>.+,,-,+><+>.<+]-[,[+,,-[[,[,.[-<+.[>]-,.[,,.[-+>]-+]+<]>[>[>[[+]-..-<-++][+<,.],.]<],.-[+]]<]-[,]  
 mt@po.box --> 10 
2019-07-11T13:51:42.817 , Gen : 26100 , BEST: 1278 , SECOND: 1278 
2019-07-11T13:51:47.128 , Gen : 26200 , BEST: 1278 , SECOND: 1278 
2019-07-11T13:51:51.428 , Gen : 26300 , BEST: 1278 , SECOND: 1278 
2019-07-11T13:51:55.829 , Gen : 26400 , BEST: 1278 , SECOND: 1278 
2019-07-11T13:52:01.038 , Gen : 26500 , BEST: 1278 , SECOND: 1278 
2019-07-11T13:52:08.291 , Gen : 26600 , BEST: 1278 , SECOND: 1278 
2019-07-11T13:52:13.389 , Gen : 26700 , BEST: 1278 , SECOND: 1278 
2019-07-11T13:52:17.079 , Gen : 26800 , BEST: 1278 , SECOND: 1278 
2019-07-11T13:52:21.322 , Gen : 26900 , BEST: 1278 , SECOND: 1278 
2019-07-11T13:52:25.452 , Gen : 27000 , BEST: 1278 , SECOND: 1278 
fitness : 1278 
  code : ->,[-[,+>++<++,]-,,-,,>.<,<,++[]+++++++.<,+-[,<++<<-[<<-<,<+.]<<<<]<,].]]<..,..,]<>>+[,<<<-.>.+<[.[.].].]],><.>>.],.--++  
 test --> 4 
2019-07-11T13:52:31.314 , Gen : 27100 , BEST: 1278 , SECOND: 1278 
2019-07-11T13:52:36.372 , Gen : 27200 , BEST: 1278 , SECOND: 1278 
2019-07-11T13:52:41.186 , Gen : 27300 , BEST: 1278 , SECOND: 1278 
2019-07-11T13:52:45.16 , Gen : 27400 , BEST: 1278 , SECOND: 1278 
2019-07-11T13:52:49.548 , Gen : 27500 , BEST: 1278 , SECOND: 1278 
2019-07-11T13:52:57.3 , Gen : 27600 , BEST: 1278 , SECOND: 1278 
2019-07-11T13:53:06.137 , Gen : 27700 , BEST: 1278 , SECOND: 1278 
2019-07-11T13:53:13.666 , Gen : 27800 , BEST: 1278 , SECOND: 1278 
2019-07-11T13:53:17.844 , Gen : 27900 , BEST: 1278 , SECOND: 1278 
2019-07-11T13:53:21.483 , Gen : 28000 , BEST: 1278 , SECOND: 1278 
fitness : 1278 
  code : >,[-[,+>++<++-,],,-,,>.,,.<,+++++<+..+<>>->[<+<]-[]<[]]<>->]-<,,,>.<<>.<>.]<.]>>]]].]]].<<><---.>..>]>-><++[++.[,>,>-,[[  
 unknown-string-goes-here --> 24 
2019-07-11T13:53:25.265 , Gen : 28100 , BEST: 1278 , SECOND: 1278 
2019-07-11T13:53:28.826 , Gen : 28200 , BEST: 1278 , SECOND: 1278 
2019-07-11T13:53:32.548 , Gen : 28300 , BEST: 1280 , SECOND: 1280 
2019-07-11T13:53:35.911 , Gen : 28400 , BEST: 1280 , SECOND: 1280 
fitness : 1280 
  code : ,[++>+<++-,],,-,,>.,,.<,++,<+++++.++-]><.><,,-.-]<<+[+<,<+.<..]>[]]]].]<<<]-[].]>-.[>.>[->>[-.>>,]>+>+>][]],<-[]<,+>,.],  
 unknown-string-goes-here --> 24 
 Generation : 28410 
fitness 1280 
dna : [0.747775, 0.859705, 0.284242, 0.264897, 0.168411, 0.288449, 0.0691623, 0.371006, 0.337842, 0.460992, 0.641035, 0.9422, 0.718561, 0.719769, 0.485917, 0.664529, 0.660834, 0.193345, 0.523786, 0.719769, 0.677598, 0.552557, 0.0993623, 0.677598, 0.296264, 0.308344, 0.719769, 0.113772, 0.308344, 0.308344, 0.308344, 0.308344, 0.308344, 0.504536, 0.308344, 0.353638, 0.388397, 0.964627, 0.2188, 0.0993623, 0.56845, 0.188655, 0.0693022, 0.686071, 0.716511, 0.428649, 0.56845, 0.443942, 0.965727, 0.00180638, 0.00180638, 0.312716, 0.8346, 0.312716, 0.0823539, 0.682116, 0.00180638, 0.312716, 0.571383, 0.0476264, 0.571383, 0.601816, 0.950827, 0.152122, 0.782382, 0.968097, 0.950827, 0.968097, 0.950827, 0.601816, 0.984321, 0.0785211, 0.0521931, 0.0762459, 0.913025, 0.470813, 0.781259, 0.950827, 0.590097, 0.954407, 0.222834, 0.401531, 0.599111, 0.850685, 0.233386, 0.523306, 0.240916, 0.820627, 0.428758, 0.199667, 0.240916, 0.820627, 0.428758, 0.599111, 0.199667, 0.199667, 0.687111, 0.980201, 0.240916, 0.25802, 0.172238, 0.354514, 0.189623, 0.984731, 0.795387, 0.917339, 0.9969, 0.732781, 0.0293638, 0.453128, 0.795387, 0.917339, 0.106879, 0.732781, 0.360325, 0.145961, 0.707995, 0.534264, 0.958127, 0.713951] 
