targetFitness = 1064 
params : Main.GeneticAlgorithms.Types.GAParams(136, 100000, 100, 150, 0.7, 0.01, true, IOStream(<file ../Results/logLogicalOr.log>), 33133.0, 1064.0, 0, 1) 
2019-07-05T17:51:37.193 
Gen : 100 , BEST: , 1063  , SECOND: 1063 
2019-07-05T17:51:41.99 
Gen : 200 , BEST: , 1063  , SECOND: 1063 
2019-07-05T17:51:46.709 
Gen : 300 , BEST: , 1063  , SECOND: 1063 
2019-07-05T17:51:51.559 
Gen : 400 , BEST: , 1063  , SECOND: 1063 
2019-07-05T17:51:56.208 
Gen : 500 , BEST: , 1063  , SECOND: 1063 
2019-07-05T17:52:00.847 
Gen : 600 , BEST: , 1063  , SECOND: 1063 
2019-07-05T17:52:05.563 
Gen : 700 , BEST: , 1063  , SECOND: 1063 
2019-07-05T17:52:10.59 
Gen : 800 , BEST: , 1063  , SECOND: 1063 
2019-07-05T17:52:15.87 
Gen : 900 , BEST: , 1063  , SECOND: 1063 
2019-07-05T17:52:21.398 
Gen : 1000 , BEST: , 1063  , SECOND: 1063 
fitness : 1063 
 code : $-$!![**,.****[.+>*.*[**$$.><.$>$,>>,>,!+,<.!<<+,<$>>*>*,,***>,*]<**!-,*-]-.!*-.]$*>>*+]!*<..,$[.-.+ 
 00 -> 0
 01 -> 0
 10 -> 1
 11 -> 1
2019-07-05T17:52:27.068 
Gen : 1100 , BEST: , 1063  , SECOND: 1063 
2019-07-05T17:52:32.293 
Gen : 1200 , BEST: , 1063  , SECOND: 1063 
2019-07-05T17:52:37.41 
Gen : 1300 , BEST: , 1063  , SECOND: 1063 
2019-07-05T17:52:42.571 
Gen : 1400 , BEST: , 1063  , SECOND: 1063 
2019-07-05T17:52:47.58 
Gen : 1500 , BEST: , 1063  , SECOND: 1063 
2019-07-05T17:52:52.722 
Gen : 1600 , BEST: , 1063  , SECOND: 1063 
2019-07-05T17:52:58.003 
Gen : 1700 , BEST: , 1063  , SECOND: 1063 
2019-07-05T17:53:04.007 
Gen : 1800 , BEST: , 1063  , SECOND: 1063 
2019-07-05T17:53:10.18 
Gen : 1900 , BEST: , 1063  , SECOND: 1063 
2019-07-05T17:53:16.379 
Gen : 2000 , BEST: , 1063  , SECOND: 1063 
fitness : 1063 
 code : ,[.[+$$,[*+[*+,++,,++*,,+$,+.][!,>[-]-]-]-][!]]$,---*[.-*.-$$,+,-+>+-[].+-,-!]!*,<!]!*]!.$[*],,*!!$> 
 00 -> 0
 01 -> 0
 10 -> 1
 11 -> 1
2019-07-05T17:53:23.408 
Gen : 2100 , BEST: , 1063  , SECOND: 1063 
2019-07-05T17:53:31.807 
Gen : 2200 , BEST: , 1063  , SECOND: 1063 
2019-07-05T17:53:39.518 
Gen : 2300 , BEST: , 1063  , SECOND: 1063 
2019-07-05T17:53:50.121 
Gen : 2400 , BEST: , 1063  , SECOND: 1063 
2019-07-05T17:53:59.184 
Gen : 2500 , BEST: , 1063  , SECOND: 1063 
2019-07-05T17:54:07.099 
Gen : 2600 , BEST: , 1063  , SECOND: 1063 
2019-07-05T17:54:15.352 
Gen : 2700 , BEST: , 1063  , SECOND: 1063 
2019-07-05T17:54:25.367 
Gen : 2800 , BEST: , 1063  , SECOND: 1063 
2019-07-05T17:54:36.195 
Gen : 2900 , BEST: , 1063  , SECOND: 1063 
2019-07-05T17:54:47.589 
Gen : 3000 , BEST: , 1063  , SECOND: 1063 
fitness : 1063 
 code : !,$$[!,$!*[-[-*+$,[[[!+[.,[.*-+**,$>+>,-<$$$>++$.,,$$+$$,]<]!<<++<-$]<**]-*-$$<*.]>.]*$..**+>]*!.-.+ 
 00 -> 0
 01 -> 1
 10 -> 0
 11 -> 1
2019-07-05T17:54:58.253 
Gen : 3100 , BEST: , 1063  , SECOND: 1063 
2019-07-05T17:55:05.712 
Gen : 3200 , BEST: , 1063  , SECOND: 1063 
2019-07-05T17:55:11.452 
Gen : 3300 , BEST: , 1063  , SECOND: 1063 
2019-07-05T17:55:18.063 
Gen : 3400 , BEST: , 1063  , SECOND: 1063 
2019-07-05T17:55:24.972 
Gen : 3500 , BEST: , 1063  , SECOND: 1063 
2019-07-05T17:55:32.133 
Gen : 3600 , BEST: , 1063  , SECOND: 1063 
2019-07-05T17:55:40.453 
Gen : 3700 , BEST: , 1063  , SECOND: 1063 
2019-07-05T17:55:47.98 
Gen : 3800 , BEST: , 1063  , SECOND: 1063 
2019-07-05T17:55:55.699 
Gen : 3900 , BEST: , 1063  , SECOND: 1063 
2019-07-05T17:56:06.746 
Gen : 4000 , BEST: , 1063  , SECOND: 1063 
fitness : 1063 
 code : $,[.*[[[*[$[[$[>,*+++**-.,*.,[,+*.][-[.[]..+<.+!++,+++$!<],+++>+..]$!<*[**!]]![**!-.-]]!-]]-+.-->+!< 
 00 -> 0
 01 -> 0
 10 -> 1
 11 -> 1
2019-07-05T17:56:17.527 
Gen : 4100 , BEST: , 1063  , SECOND: 1063 
2019-07-05T17:56:26.195 
Gen : 4200 , BEST: , 1063  , SECOND: 1063 
2019-07-05T17:56:35.471 
Gen : 4300 , BEST: , 1063  , SECOND: 1063 
2019-07-05T17:56:44.645 
Gen : 4400 , BEST: , 1063  , SECOND: 1063 
2019-07-05T17:56:55.789 
Gen : 4500 , BEST: , 1063  , SECOND: 1063 
2019-07-05T17:57:11.012 
Gen : 4600 , BEST: , 1063  , SECOND: 1063 
2019-07-05T17:57:34.146 
Gen : 4700 , BEST: , 1063  , SECOND: 1063 
2019-07-05T17:57:58.866 
Gen : 4800 , BEST: , 1063  , SECOND: 1063 
2019-07-05T17:58:16.974 
Gen : 4900 , BEST: , 1063  , SECOND: 1063 
2019-07-05T17:58:25.031 
Gen : 5000 , BEST: , 1063  , SECOND: 1063 
fitness : 1063 
 code : *+,+,$,.$++!*,[>[*[[+++***+*!*++**+-*!**>*.---*!![*>!++*,,[-<],*-.].,-,,-!.!.!.,]..]]>*,+<-[[+$>,*+, 
 00 -> 0
 01 -> 1
 10 -> 0
 11 -> 1
2019-07-05T17:58:33.764 
Gen : 5100 , BEST: , 1063  , SECOND: 1063 
2019-07-05T17:58:43.709 
Gen : 5200 , BEST: , 1063  , SECOND: 1063 
2019-07-05T17:58:52.327 
Gen : 5300 , BEST: , 1063  , SECOND: 1063 
2019-07-05T17:58:59.049 
Gen : 5400 , BEST: , 1063  , SECOND: 1063 
2019-07-05T17:59:05.458 
Gen : 5500 , BEST: , 1063  , SECOND: 1063 
2019-07-05T17:59:11.916 
Gen : 5600 , BEST: , 1063  , SECOND: 1063 
fitness : 1064 
 code : $>>-$,$*[>-,-+<*,[>,+***->>!,.$$,[$$.!>.[*!+,<*,]>*]],]$,<,>.[[,***.].+..]!]]*.>*]>[]-]-<-->$[$!]*,* 
 00 -> 0
 01 -> 1
 10 -> 1
 11 -> 1
 Generation : 5646 
fitness 1064 
dna : [0.744487, 0.12244, 0.12244, 0.354412, 0.75317, 0.489035, 0.796826, 0.942415, 0.589639, 0.0955663, 0.354412, 0.512808, 0.276904, 0.255809, 0.00594598, 0.942415, 0.471316, 0.573126, 0.0924802, 0.524197, 0.249335, 0.942415, 0.965958, 0.912631, 0.289288, 0.15906, 0.15906, 0.886008, 0.464808, 0.389008, 0.72933, 0.813239, 0.484693, 0.553719, 0.770764, 0.78466, 0.376792, 0.886008, 0.15906, 0.389008, 0.582155, 0.965958, 0.886008, 0.216352, 0.529411, 0.0408574, 0.922363, 0.459442, 0.689268, 0.0926291, 0.922363, 0.714107, 0.714227, 0.460593, 0.658907, 0.754385, 0.538308, 0.0365335, 0.538308, 0.160894, 0.381429, 0.602984, 0.602984, 0.538308, 0.958044, 0.973965, 0.922363, 0.432707, 0.652584, 0.372231, 0.213065, 0.453689, 0.415549, 0.653747, 0.829129, 0.707425, 0.653747, 0.95539, 0.415549, 0.125954, 0.963892, 0.653747, 0.125954, 0.561877, 0.707425, 0.321523, 0.653747, 0.361492, 0.0532809, 0.318438, 0.354412, 0.171433, 0.730053, 0.561877, 0.730053, 0.829367, 0.6649, 0.989389, 0.503706, 0.95539] 
