targetFitness = 1064 
params : Main.GeneticAlgorithms.Types.GAParams(100, 1000000, 150, 150, 0.7, 0.01, true, IOStream(<file ../Results/logLogicalAnd.log>), 34731.0, 1064.0, 0, 1) 
2019-07-11T23:06:37.061 , Gen : 100 , BEST: 1063 , SECOND: 1063 
2019-07-11T23:06:39.642 , Gen : 200 , BEST: 1063 , SECOND: 1063 
2019-07-11T23:06:42.233 , Gen : 300 , BEST: 1063 , SECOND: 1063 
2019-07-11T23:06:44.894 , Gen : 400 , BEST: 1063 , SECOND: 1063 
2019-07-11T23:06:47.607 , Gen : 500 , BEST: 1063 , SECOND: 1063 
2019-07-11T23:06:50.196 , Gen : 600 , BEST: 1063 , SECOND: 1063 
2019-07-11T23:06:52.862 , Gen : 700 , BEST: 1063 , SECOND: 1063 
2019-07-11T23:06:55.29 , Gen : 800 , BEST: 1063 , SECOND: 1063 
2019-07-11T23:06:57.787 , Gen : 900 , BEST: 1063 , SECOND: 1063 
2019-07-11T23:07:01.352 , Gen : 1000 , BEST: 1063 , SECOND: 1063 
fitness : 1063 
 code : +++++$[*$*[*,[[[[$>,]++[[<.,]].*]]+*,[]..-[<,..]+$--.[$,-$$*.]!+,-,*+,,]>.<>+>$,,+>+$..]>]-!,<,][.*!.<+-$*!.$->--![]+![-<[.*+.*-+,]+-*!-]]+!*..+!,,+>- 
 00 -> 0
 01 -> 1
 10 -> 0
 11 -> 1
2019-07-11T23:07:06.085 , Gen : 1100 , BEST: 1063 , SECOND: 1063 
2019-07-11T23:07:09.849 , Gen : 1200 , BEST: 1063 , SECOND: 1063 
2019-07-11T23:07:14.263 , Gen : 1300 , BEST: 1063 , SECOND: 1063 
2019-07-11T23:07:18.365 , Gen : 1400 , BEST: 1063 , SECOND: 1063 
2019-07-11T23:07:22.871 , Gen : 1500 , BEST: 1063 , SECOND: 1063 
