targetFitness = 1064 
params : Main.GeneticAlgorithms.Types.GAParams(136, 100000, 100, 150, 0.7, 0.01, true, IOStream(<file ../Results/logLogicalOr.log>), 34194.0, 1064.0, 0, 1) 
2019-07-08T13:56:08.943 
Gen : 100 , BEST: , 1063  , SECOND: 1063 
2019-07-08T13:56:12.671 
Gen : 200 , BEST: , 1063  , SECOND: 1063 
2019-07-08T13:56:16.779 
Gen : 300 , BEST: , 1063  , SECOND: 1063 
2019-07-08T13:56:21.235 
Gen : 400 , BEST: , 1063  , SECOND: 1063 
2019-07-08T13:56:25.828 
Gen : 500 , BEST: , 1063  , SECOND: 1063 
2019-07-08T13:56:30.387 
Gen : 600 , BEST: , 1063  , SECOND: 1063 
2019-07-08T13:56:35.04 
Gen : 700 , BEST: , 1063  , SECOND: 1063 
2019-07-08T13:56:40.081 
Gen : 800 , BEST: , 1063  , SECOND: 1063 
2019-07-08T13:56:45.685 
Gen : 900 , BEST: , 1063  , SECOND: 1063 
2019-07-08T13:56:50.517 
Gen : 1000 , BEST: , 1063  , SECOND: 1063 
fitness : 1063 
 code : --+$,.[*[**![*,+++++,+[-*[,][*]$>*.<]-,>]>--]]>!$,!!.$][.>,>!,,>,,$*,<.]$-!**+*,[.<$]]*-.-]>-.]<<]!$ 
 00 -> 0
 01 -> 0
 10 -> 1
 11 -> 1
2019-07-08T13:56:55.575 
Gen : 1100 , BEST: , 1063  , SECOND: 1063 
2019-07-08T13:57:00.303 
Gen : 1200 , BEST: , 1063  , SECOND: 1063 
2019-07-08T13:57:04.931 
Gen : 1300 , BEST: , 1063  , SECOND: 1063 
2019-07-08T13:57:13.095 
Gen : 1400 , BEST: , 1063  , SECOND: 1063 
