targetFitness = 1024 
params : Main.GeneticAlgorithms.Types.GAParams(136, 1000000, 150, 150, 0.7, 0.01, true, IOStream(<file ../Results/logLogicalXor.log>), 38854.0, 1024.0, 0, 1) 
2019-07-18T14:23:08.845 , Gen : 100 , BEST: 1023 , SECOND: 1023 
2019-07-18T14:23:11.478 , Gen : 200 , BEST: 1023 , SECOND: 1023 
2019-07-18T14:23:13.759 , Gen : 300 , BEST: 1023 , SECOND: 1023 
2019-07-18T14:23:16.174 , Gen : 400 , BEST: 1023 , SECOND: 1023 
2019-07-18T14:23:19.523 , Gen : 500 , BEST: 1023 , SECOND: 1023 
2019-07-18T14:23:21.877 , Gen : 600 , BEST: 1023 , SECOND: 1023 
2019-07-18T14:23:23.773 , Gen : 700 , BEST: 1023 , SECOND: 1023 
2019-07-18T14:23:25.842 , Gen : 800 , BEST: 1023 , SECOND: 1023 
2019-07-18T14:23:27.798 , Gen : 900 , BEST: 1023 , SECOND: 1023 
2019-07-18T14:23:30.105 , Gen : 1000 , BEST: 1023 , SECOND: 1023 
fitness : 1023 
 code : +[>,]++++,.--,++++++++++++++++++++++-++++++++++[+-[+++++-+++[++.+++[+++.++-++<[+++<+++-+++++++-+>+..>.<++,-+]+>.<><,>,,-[,<,--<+<..>-].,.>]+,,-[.-+++< 
 UInt8[0x00, 0x00] -> 0 
 UInt8[0x01, 0x00] -> 0 
 UInt8[0x00, 0x01] -> 1 
 UInt8[0x01, 0x01] -> 0 
2019-07-18T14:23:32.6 , Gen : 1100 , BEST: 1023 , SECOND: 1023 
2019-07-18T14:23:35.765 , Gen : 1200 , BEST: 1023 , SECOND: 1023 
2019-07-18T14:23:39.118 , Gen : 1300 , BEST: 1023 , SECOND: 1023 
2019-07-18T14:23:41.898 , Gen : 1400 , BEST: 1023 , SECOND: 1023 
2019-07-18T14:23:44.689 , Gen : 1500 , BEST: 1023 , SECOND: 1023 
2019-07-18T14:23:47.363 , Gen : 1600 , BEST: 1023 , SECOND: 1023 
2019-07-18T14:23:49.8 , Gen : 1700 , BEST: 1023 , SECOND: 1023 
2019-07-18T14:23:52.198 , Gen : 1800 , BEST: 1023 , SECOND: 1023 
2019-07-18T14:23:54.971 , Gen : 1900 , BEST: 1023 , SECOND: 1023 
2019-07-18T14:23:58.715 , Gen : 2000 , BEST: 1023 , SECOND: 1023 
fitness : 1023 
 code : ++[>,]+++,.--[-[]<>-[[<,-.[-]>]+,><.+.[+,---],.,.[[..-]-.-[+-><+]+[[,-++,-+--.+].[[-+<]-[+-.-+[]-><[-,,>,>->[<+..>.<],-].<+,.]>+,<++-][,[[,-+[-<>,-++, 
 UInt8[0x00, 0x00] -> 0 
 UInt8[0x01, 0x00] -> 0 
 UInt8[0x00, 0x01] -> 1 
 UInt8[0x01, 0x01] -> 0 
2019-07-18T14:24:02.427 , Gen : 2100 , BEST: 1023 , SECOND: 1023 
2019-07-18T14:24:05.657 , Gen : 2200 , BEST: 1023 , SECOND: 1023 
2019-07-18T14:24:09.269 , Gen : 2300 , BEST: 1023 , SECOND: 1023 
2019-07-18T14:24:12.007 , Gen : 2400 , BEST: 1023 , SECOND: 1023 
2019-07-18T14:24:14.113 , Gen : 2500 , BEST: 1023 , SECOND: 1023 
2019-07-18T14:24:16.266 , Gen : 2600 , BEST: 1023 , SECOND: 1023 
2019-07-18T14:24:18.451 , Gen : 2700 , BEST: 1023 , SECOND: 1023 
2019-07-18T14:24:20.672 , Gen : 2800 , BEST: 1023 , SECOND: 1023 
2019-07-18T14:24:22.928 , Gen : 2900 , BEST: 1023 , SECOND: 1023 
2019-07-18T14:24:25.194 , Gen : 3000 , BEST: 1023 , SECOND: 1023 
fitness : 1023 
 code : ++[>,]+++,.--[-[]<>-[[<,-.[-]>]+,><.+.[+,---],.,.[[..-]-.-[+-><+]+[[,-++,-+--.+].[[-+<]-[+-.-+[]-><[-,,>,>->[<+..>.<],-].<+,.]>+,<++-][,[[,-+[-<>,-++, 
 UInt8[0x00, 0x00] -> 0 
 UInt8[0x01, 0x00] -> 0 
 UInt8[0x00, 0x01] -> 1 
 UInt8[0x01, 0x01] -> 0 
2019-07-18T14:24:27.479 , Gen : 3100 , BEST: 1023 , SECOND: 1023 
2019-07-18T14:24:29.65 , Gen : 3200 , BEST: 1023 , SECOND: 1023 
2019-07-18T14:24:31.901 , Gen : 3300 , BEST: 1023 , SECOND: 1023 
2019-07-18T14:24:34.228 , Gen : 3400 , BEST: 1023 , SECOND: 1023 
2019-07-18T14:24:36.528 , Gen : 3500 , BEST: 1023 , SECOND: 1023 
2019-07-18T14:24:38.811 , Gen : 3600 , BEST: 1023 , SECOND: 1023 
2019-07-18T14:24:41.219 , Gen : 3700 , BEST: 1023 , SECOND: 1023 
2019-07-18T14:24:43.497 , Gen : 3800 , BEST: 1023 , SECOND: 1023 
2019-07-18T14:24:46.114 , Gen : 3900 , BEST: 1023 , SECOND: 1023 
2019-07-18T14:24:48.78 , Gen : 4000 , BEST: 1023 , SECOND: 1023 
fitness : 1023 
 code : ++[>,]+++,.--[-[]<>-[[<,-.[-]>]+,><.+.[+,---],.,.[[..-]-.-[+-><+]+[[,-++,-+--.+].[[-+<]-[+-.-+[]-><[-,,>,>->[<+..>.<],-].<+,.]>+,<++-][,[[,-+[-<>,-++, 
 UInt8[0x00, 0x00] -> 0 
 UInt8[0x01, 0x00] -> 0 
 UInt8[0x00, 0x01] -> 1 
 UInt8[0x01, 0x01] -> 0 
2019-07-18T14:24:51.151 , Gen : 4100 , BEST: 1023 , SECOND: 1023 
2019-07-18T14:24:53.419 , Gen : 4200 , BEST: 1023 , SECOND: 1023 
2019-07-18T14:24:55.755 , Gen : 4300 , BEST: 1023 , SECOND: 1023 
2019-07-18T14:24:58.034 , Gen : 4400 , BEST: 1023 , SECOND: 1023 
2019-07-18T14:25:00.317 , Gen : 4500 , BEST: 1023 , SECOND: 1023 
2019-07-18T14:25:02.579 , Gen : 4600 , BEST: 1023 , SECOND: 1023 
2019-07-18T14:25:04.993 , Gen : 4700 , BEST: 1023 , SECOND: 1023 
2019-07-18T14:25:07.791 , Gen : 4800 , BEST: 1023 , SECOND: 1023 
2019-07-18T14:25:11.276 , Gen : 4900 , BEST: 1023 , SECOND: 1023 
2019-07-18T14:25:14.99 , Gen : 5000 , BEST: 1023 , SECOND: 1023 
fitness : 1023 
 code : ++[>,]+++,.--[-[]<>-[[<,-.[-]>]+,><.+.[+,---],.,.[[..-]-.-[+-><+]+[[,-++,-+--.+].[[-+<]-[+-.-+[]-><[-,,>,>->[<+..>.<],-].<+,.]>+,<++-][,[[,-+[-<>,-++, 
 UInt8[0x00, 0x00] -> 0 
 UInt8[0x01, 0x00] -> 0 
 UInt8[0x00, 0x01] -> 1 
 UInt8[0x01, 0x01] -> 0 
2019-07-18T14:25:18.362 , Gen : 5100 , BEST: 1023 , SECOND: 1023 
2019-07-18T14:25:21.383 , Gen : 5200 , BEST: 1023 , SECOND: 1023 
2019-07-18T14:25:24.394 , Gen : 5300 , BEST: 1023 , SECOND: 1023 
2019-07-18T14:25:27.356 , Gen : 5400 , BEST: 1023 , SECOND: 1023 
2019-07-18T14:25:30.998 , Gen : 5500 , BEST: 1023 , SECOND: 1023 
2019-07-18T14:25:34.77 , Gen : 5600 , BEST: 1023 , SECOND: 1023 
2019-07-18T14:25:37.951 , Gen : 5700 , BEST: 1023 , SECOND: 1023 
2019-07-18T14:25:41.178 , Gen : 5800 , BEST: 1023 , SECOND: 1023 
2019-07-18T14:25:45.221 , Gen : 5900 , BEST: 1023 , SECOND: 1023 
2019-07-18T14:25:49.388 , Gen : 6000 , BEST: 1023 , SECOND: 1023 
fitness : 1023 
 code : ++[>,]+++,.--[-[]<>-[[<,-.[-]>]+,><.+.[+,---],.,.[[..-]-.-[+-><+]+[[,-++,-+--.+].[[-+<]-[+-.-+[]-><[-,,>,>->[<+..>.<],-].<+,.]>+,<++-][,[[,-+[-<>,-++, 
 UInt8[0x00, 0x00] -> 0 
 UInt8[0x01, 0x00] -> 0 
 UInt8[0x00, 0x01] -> 1 
 UInt8[0x01, 0x01] -> 0 
2019-07-18T14:25:53.796 , Gen : 6100 , BEST: 1023 , SECOND: 1023 
2019-07-18T14:25:58.359 , Gen : 6200 , BEST: 1023 , SECOND: 1023 
2019-07-18T14:26:03.295 , Gen : 6300 , BEST: 1023 , SECOND: 1023 
2019-07-18T14:26:08.077 , Gen : 6400 , BEST: 1023 , SECOND: 1023 
2019-07-18T14:26:13.081 , Gen : 6500 , BEST: 1023 , SECOND: 1023 
2019-07-18T14:26:17.188 , Gen : 6600 , BEST: 1023 , SECOND: 1023 
2019-07-18T14:26:21.011 , Gen : 6700 , BEST: 1023 , SECOND: 1023 
2019-07-18T14:26:25.15 , Gen : 6800 , BEST: 1023 , SECOND: 1023 
2019-07-18T14:26:28.709 , Gen : 6900 , BEST: 1023 , SECOND: 1023 
2019-07-18T14:26:31.977 , Gen : 7000 , BEST: 1023 , SECOND: 1023 
fitness : 1023 
 code : ++[>,]+++,.--[-[]<>-[[<,-.[-]>]+,><.+.[+,---],.,.[[..-]-.-[+-><+]+[[,-++,-+--.+].[[-+<]-[+-.-+[]-><[-,,>,>->[<+..>.<],-].<+,.]>+,<++-][,[[,-+[-<>,-++, 
 UInt8[0x00, 0x00] -> 0 
 UInt8[0x01, 0x00] -> 0 
 UInt8[0x00, 0x01] -> 1 
 UInt8[0x01, 0x01] -> 0 
2019-07-18T14:26:35.346 , Gen : 7100 , BEST: 1023 , SECOND: 1023 
2019-07-18T14:26:38.653 , Gen : 7200 , BEST: 1023 , SECOND: 1023 
2019-07-18T14:26:42.03 , Gen : 7300 , BEST: 1023 , SECOND: 1023 
2019-07-18T14:26:45.757 , Gen : 7400 , BEST: 1023 , SECOND: 1023 
2019-07-18T14:26:49.304 , Gen : 7500 , BEST: 1023 , SECOND: 1023 
2019-07-18T14:26:52.701 , Gen : 7600 , BEST: 1023 , SECOND: 1023 
2019-07-18T14:26:56.402 , Gen : 7700 , BEST: 1023 , SECOND: 1023 
2019-07-18T14:26:59.545 , Gen : 7800 , BEST: 1023 , SECOND: 1023 
2019-07-18T14:27:02.469 , Gen : 7900 , BEST: 1023 , SECOND: 1023 
2019-07-18T14:27:05.56 , Gen : 8000 , BEST: 1023 , SECOND: 1023 
fitness : 1023 
 code : ++[>,]+++,.--[-[]<>-[[<,-.[-]>]+,><.+.[+,---],.,.[[..-]-.-[+-><+]+[[,-++,-+--.+].[[-+<]-[+-.-+[]-><[-,,>,>->[<+..>.<],-].<+,.]>+,<++-][,[[,-+[-<>,-++, 
 UInt8[0x00, 0x00] -> 0 
 UInt8[0x01, 0x00] -> 0 
 UInt8[0x00, 0x01] -> 1 
 UInt8[0x01, 0x01] -> 0 
2019-07-18T14:27:09.158 , Gen : 8100 , BEST: 1023 , SECOND: 1023 
2019-07-18T14:27:13.023 , Gen : 8200 , BEST: 1023 , SECOND: 1023 
2019-07-18T14:27:16.26 , Gen : 8300 , BEST: 1023 , SECOND: 1023 
2019-07-18T14:27:19.408 , Gen : 8400 , BEST: 1023 , SECOND: 1023 
2019-07-18T14:27:22.992 , Gen : 8500 , BEST: 1023 , SECOND: 1023 
2019-07-18T14:27:26.318 , Gen : 8600 , BEST: 1023 , SECOND: 1023 
2019-07-18T14:27:29.219 , Gen : 8700 , BEST: 1023 , SECOND: 1023 
2019-07-18T14:27:32.509 , Gen : 8800 , BEST: 1023 , SECOND: 1023 
2019-07-18T14:27:36.047 , Gen : 8900 , BEST: 1023 , SECOND: 1023 
2019-07-18T14:27:39.435 , Gen : 9000 , BEST: 1023 , SECOND: 1023 
fitness : 1023 
 code : ++[>,]+++,.--[-[]<>-[[<,-.[-]>]+,><.+.[+,---],.,.[[..-]-.-[+-><+]+[[,-++,-+--.+].[[-+<]-[+-.-+[]-><[-,,>,>->[<+..>.<],-].<+,.]>+,<++-][,[[,-+[-<>,-++, 
 UInt8[0x00, 0x00] -> 0 
 UInt8[0x01, 0x00] -> 0 
 UInt8[0x00, 0x01] -> 1 
 UInt8[0x01, 0x01] -> 0 
2019-07-18T14:27:42.916 , Gen : 9100 , BEST: 1023 , SECOND: 1023 
2019-07-18T14:27:46.534 , Gen : 9200 , BEST: 1023 , SECOND: 1023 
2019-07-18T14:27:50.2 , Gen : 9300 , BEST: 1023 , SECOND: 1023 
2019-07-18T14:27:53.828 , Gen : 9400 , BEST: 1023 , SECOND: 1023 
2019-07-18T14:27:57.525 , Gen : 9500 , BEST: 1023 , SECOND: 1023 
2019-07-18T14:28:01.196 , Gen : 9600 , BEST: 1023 , SECOND: 1023 
2019-07-18T14:28:05.1 , Gen : 9700 , BEST: 1023 , SECOND: 1023 
2019-07-18T14:28:08.817 , Gen : 9800 , BEST: 1023 , SECOND: 1023 
2019-07-18T14:28:12.428 , Gen : 9900 , BEST: 1023 , SECOND: 1023 
2019-07-18T14:28:15.719 , Gen : 10000 , BEST: 1024 , SECOND: 1024 
fitness : 1024 
 code : >+,-+[--,[,---[[[>.+<+++++]>.>.[,<+++>-+]<+]<>.+.,,],+.[<...-<..<[.[.][,<]>-[->],>][[]..>>,.]],]+.]+,..<>.,+<]].<->-,>>,]>]<[++]++...],,<].][...[>-><] 
 UInt8[0x00, 0x00] -> 0 
 UInt8[0x01, 0x00] -> 1 
 UInt8[0x00, 0x01] -> 1 
 UInt8[0x01, 0x01] -> 0 
2019-07-18T14:28:19.01 , Gen : 10100 , BEST: 1024 , SECOND: 1024 
fitness : 1024 
 code : <>+,-+[--,[,---[[[>.+<+++++]>.>.[,<+++>-+]<+]<>.+.,,],+.[<...-<..<[.[.][,<]>-[->],>][[]..>>,.]],]+.]+,..<>.<]<]<,>>]]][[[+>...][+..+]++[[<,.,<.+]<->], 
 UInt8[0x00, 0x00] -> 0 
 UInt8[0x01, 0x00] -> 1 
 UInt8[0x00, 0x01] -> 1 
 UInt8[0x01, 0x01] -> 0 
 Generation : 10190 
fitness 1024 
dna : [0.0659684, 0.209328, 0.34463, 0.631713, 0.494002, 0.33318, 0.850833, 0.427631, 0.494002, 0.741446, 0.814928, 0.651274, 0.42572, 0.435753, 0.386744, 0.837015, 0.797418, 0.797418, 0.138084, 0.5229, 0.347413, 0.0391156, 0.314495, 0.337147, 0.337147, 0.314495, 0.296225, 0.956894, 0.1415, 0.60286, 0.193475, 0.516267, 0.845583, 0.686155, 0.0245434, 0.304077, 0.264258, 0.351796, 0.211654, 0.41165, 0.316576, 0.901359, 0.045276, 0.316576, 0.920279, 0.114002, 0.157846, 0.601257, 0.353924, 0.561332, 0.725499, 0.71916, 0.930503, 0.749003, 0.283247, 0.513966, 0.830457, 0.0437298, 0.538467, 0.542423, 0.574132, 0.489571, 0.0289107, 0.549731, 0.513966, 0.0509953, 0.758656, 0.604026, 0.826526, 0.528573, 0.915294, 0.836225, 0.678808, 0.0801663, 0.880113, 0.190292, 0.37983, 0.839196, 0.45922, 0.247439, 0.98912, 0.643701, 0.247439, 0.98912, 0.765286, 0.792764, 0.915543, 0.519154, 0.534317, 0.247439, 0.140502, 0.678128, 0.528438, 0.986124, 0.943083, 0.743574, 0.985084, 0.292143, 0.522009, 0.986124, 0.266358, 0.729963, 0.556264, 0.617403, 0.0364595, 0.22293, 0.511609, 0.0461218, 0.904901, 0.00248505, 0.945907, 0.110103, 0.682738, 0.184868, 0.199742, 0.988888, 0.880438, 0.92176, 0.837002, 0.787569, 0.80648, 0.296781, 0.242358, 0.576361, 0.553577, 0.54903, 0.998883, 0.830417, 0.259749, 0.608155, 0.576361, 0.308136, 0.917103, 0.268954, 0.34524, 0.853124, 0.83543, 0.0159741, 0.664343, 0.565706, 0.693499, 0.101913, 0.515751, 0.371861, 0.875377, 0.035292, 0.402115, 0.215693, 0.990041, 0.744126] 
