targetFitness = 1280 
params : Main.GeneticAlgorithms.Types.GAParams(100, 100000, 100, 150, 0.7, 0.01, true, IOStream(<file ../Results/logLengthString.log>), 41449.0, 1280.0, 0, 1) 
2019-08-26T15:30:35.102 , Gen : 100 , BEST: 1222 , SECOND: 1219 
2019-08-26T15:30:46.192 , Gen : 200 , BEST: 1227 , SECOND: 1227 
2019-08-26T15:30:56.062 , Gen : 300 , BEST: 1227 , SECOND: 1227 
2019-08-26T15:31:07.023 , Gen : 400 , BEST: 1228 , SECOND: 1228 
2019-08-26T15:31:16.439 , Gen : 500 , BEST: 1229 , SECOND: 1229 
2019-08-26T15:31:26.26 , Gen : 600 , BEST: 1229 , SECOND: 1229 
2019-08-26T15:31:38.307 , Gen : 700 , BEST: 1230 , SECOND: 1230 
2019-08-26T15:31:48.143 , Gen : 800 , BEST: 1230 , SECOND: 1230 
2019-08-26T15:31:57.996 , Gen : 900 , BEST: 1230 , SECOND: 1230 
2019-08-26T15:32:08.972 , Gen : 1000 , BEST: 1231 , SECOND: 1231 
fitness : 1231 
  code : +><+[+++++++++++++[.+[.>.>,[,<+.[><[[>-]<,<>++][].<.-+-+[<-[,<.-<.,,><-]].<->>>>.-<]][,+<,..>>>..--<  
 unknown-string-goes-here --> 15 
2019-08-26T15:32:20.115 , Gen : 1100 , BEST: 1231 , SECOND: 1231 
2019-08-26T15:32:31.874 , Gen : 1200 , BEST: 1231 , SECOND: 1231 
2019-08-26T15:32:42.781 , Gen : 1300 , BEST: 1231 , SECOND: 1231 
2019-08-26T15:32:54.668 , Gen : 1400 , BEST: 1231 , SECOND: 1231 
2019-08-26T15:33:05.867 , Gen : 1500 , BEST: 1231 , SECOND: 1231 
2019-08-26T15:33:15.366 , Gen : 1600 , BEST: 1231 , SECOND: 1231 
2019-08-26T15:33:23.325 , Gen : 1700 , BEST: 1231 , SECOND: 1231 
2019-08-26T15:33:31.53 , Gen : 1800 , BEST: 1231 , SECOND: 1231 
2019-08-26T15:33:42.21 , Gen : 1900 , BEST: 1231 , SECOND: 1231 
2019-08-26T15:33:52.535 , Gen : 2000 , BEST: 1231 , SECOND: 1231 
fitness : 1231 
  code : +><+[+++++++++++++[.+[.>.>,[,<+.[><[[>-]<,<>++][].<.-+-+[<-[,<.-<.,,><-]].<->>>>.-<]][,+<,..>>>..--<  
 johnandjanesdfgjnsdkfjgjnrtkhreuitgure --> 15 
2019-08-26T15:34:03.964 , Gen : 2100 , BEST: 1232 , SECOND: 1232 
2019-08-26T15:34:12.423 , Gen : 2200 , BEST: 1232 , SECOND: 1232 
2019-08-26T15:34:21.692 , Gen : 2300 , BEST: 1232 , SECOND: 1232 
2019-08-26T15:34:29.401 , Gen : 2400 , BEST: 1232 , SECOND: 1232 
2019-08-26T15:34:38.451 , Gen : 2500 , BEST: 1232 , SECOND: 1232 
2019-08-26T15:34:48.373 , Gen : 2600 , BEST: 1232 , SECOND: 1232 
2019-08-26T15:35:00.102 , Gen : 2700 , BEST: 1232 , SECOND: 1232 
2019-08-26T15:35:08.88 , Gen : 2800 , BEST: 1232 , SECOND: 1232 
2019-08-26T15:35:16.392 , Gen : 2900 , BEST: 1232 , SECOND: 1232 
2019-08-26T15:35:26.49 , Gen : 3000 , BEST: 1232 , SECOND: 1232 
fitness : 1232 
  code : >-+,>++[++++++++>,>-,[<<[<>>,,[+,<++[.+<]><.]>>]>>+--,.-[+--+--,]]+>.<<.,]<>>[[,..]-][<-,.]<,+[[<],,  
 unknown-string-goes-here --> 12 
2019-08-26T15:35:38.606 , Gen : 3100 , BEST: 1234 , SECOND: 1234 
2019-08-26T15:35:49.398 , Gen : 3200 , BEST: 1236 , SECOND: 1236 
2019-08-26T15:36:00.365 , Gen : 3300 , BEST: 1236 , SECOND: 1236 
2019-08-26T15:36:12.379 , Gen : 3400 , BEST: 1237 , SECOND: 1237 
2019-08-26T15:36:24.321 , Gen : 3500 , BEST: 1237 , SECOND: 1237 
2019-08-26T15:36:35.569 , Gen : 3600 , BEST: 1237 , SECOND: 1237 
2019-08-26T15:36:45.47 , Gen : 3700 , BEST: 1237 , SECOND: 1237 
2019-08-26T15:36:55.067 , Gen : 3800 , BEST: 1239 , SECOND: 1239 
2019-08-26T15:37:04.112 , Gen : 3900 , BEST: 1239 , SECOND: 1239 
2019-08-26T15:37:14.157 , Gen : 4000 , BEST: 1239 , SECOND: 1239 
fitness : 1239 
  code : ,>++[++++++++++>,>]-,<<+[<>>,,[,<++.,.]+...,<<,]>[-><,,--[<..<.[<,[<>,,<-]+.]>]+,<.+-]-<]],<..,+,+]>  
 cori@domain.com --> 15 
2019-08-26T15:37:21.398 , Gen : 4100 , BEST: 1239 , SECOND: 1239 
2019-08-26T15:37:32.473 , Gen : 4200 , BEST: 1239 , SECOND: 1239 
2019-08-26T15:37:41.718 , Gen : 4300 , BEST: 1239 , SECOND: 1239 
2019-08-26T15:37:47.399 , Gen : 4400 , BEST: 1239 , SECOND: 1239 
2019-08-26T15:37:54.644 , Gen : 4500 , BEST: 1239 , SECOND: 1239 
2019-08-26T15:38:02.186 , Gen : 4600 , BEST: 1239 , SECOND: 1239 
2019-08-26T15:38:08.677 , Gen : 4700 , BEST: 1239 , SECOND: 1239 
2019-08-26T15:38:14.878 , Gen : 4800 , BEST: 1239 , SECOND: 1239 
2019-08-26T15:38:22.266 , Gen : 4900 , BEST: 1240 , SECOND: 1239 
2019-08-26T15:38:34.228 , Gen : 5000 , BEST: 1240 , SECOND: 1239 
fitness : 1240 
  code : +[++[+++[++>,>]-,--,+<<+<>>,,[[<++++++...,<.]>->-><-+[.[+>>-+]-+->]]++..,>[+<[]-.+.>.,]<-+-].,++-,.-  
 johnandjanesdfgjnsdkfjgjnrtkhreuitgure --> 15 
2019-08-26T15:38:46.07 , Gen : 5100 , BEST: 1240 , SECOND: 1240 
2019-08-26T15:38:55.084 , Gen : 5200 , BEST: 1240 , SECOND: 1240 
2019-08-26T15:39:02.48 , Gen : 5300 , BEST: 1240 , SECOND: 1240 
2019-08-26T15:39:10.825 , Gen : 5400 , BEST: 1240 , SECOND: 1240 
2019-08-26T15:39:22.615 , Gen : 5500 , BEST: 1240 , SECOND: 1240 
2019-08-26T15:39:32.903 , Gen : 5600 , BEST: 1240 , SECOND: 1240 
2019-08-26T15:39:44.759 , Gen : 5700 , BEST: 1240 , SECOND: 1240 
2019-08-26T15:39:55.887 , Gen : 5800 , BEST: 1240 , SECOND: 1240 
2019-08-26T15:40:07.943 , Gen : 5900 , BEST: 1240 , SECOND: 1240 
2019-08-26T15:40:18.453 , Gen : 6000 , BEST: 1240 , SECOND: 1240 
fitness : 1240 
  code : >+[++[+++[++>,>]-,--,+<<+<>>,,[[<++++++...,<.]>->-><-+[.[+>>-]-+->]]++..,>[+<[]-.+.>.,]<-+-].,++-,.-  
 cori@domain.com --> 15 
2019-08-26T15:40:30.149 , Gen : 6100 , BEST: 1240 , SECOND: 1240 
2019-08-26T15:40:43.984 , Gen : 6200 , BEST: 1240 , SECOND: 1240 
2019-08-26T15:40:58.564 , Gen : 6300 , BEST: 1240 , SECOND: 1240 
2019-08-26T15:41:07.753 , Gen : 6400 , BEST: 1240 , SECOND: 1240 
2019-08-26T15:41:17.946 , Gen : 6500 , BEST: 1240 , SECOND: 1240 
2019-08-26T15:41:30.889 , Gen : 6600 , BEST: 1240 , SECOND: 1240 
2019-08-26T15:41:43.293 , Gen : 6700 , BEST: 1240 , SECOND: 1240 
2019-08-26T15:41:54.281 , Gen : 6800 , BEST: 1240 , SECOND: 1240 
2019-08-26T15:42:03.523 , Gen : 6900 , BEST: 1241 , SECOND: 1240 
2019-08-26T15:42:15.43 , Gen : 7000 , BEST: 1241 , SECOND: 1241 
fitness : 1241 
  code : +[++[+++[++>,>]-,--,+<<+<>>,,[[<++++++...,<.]>>->+-+[-[+>>-]-+-><-,>]]+++.-><<<.->-,<[[<..].>[-+.>,>  
 johnandjanesdfgjnsdkfjgjnrtkhreuitgure --> 15 
2019-08-26T15:42:28.634 , Gen : 7100 , BEST: 1241 , SECOND: 1241 
2019-08-26T15:42:42.926 , Gen : 7200 , BEST: 1241 , SECOND: 1241 
2019-08-26T15:42:56.375 , Gen : 7300 , BEST: 1241 , SECOND: 1241 
2019-08-26T15:43:07.557 , Gen : 7400 , BEST: 1241 , SECOND: 1241 
2019-08-26T15:43:19.564 , Gen : 7500 , BEST: 1241 , SECOND: 1241 
2019-08-26T15:43:31.926 , Gen : 7600 , BEST: 1241 , SECOND: 1241 
2019-08-26T15:43:45.309 , Gen : 7700 , BEST: 1241 , SECOND: 1241 
2019-08-26T15:43:58.624 , Gen : 7800 , BEST: 1241 , SECOND: 1241 
2019-08-26T15:44:09.735 , Gen : 7900 , BEST: 1241 , SECOND: 1241 
2019-08-26T15:44:21.231 , Gen : 8000 , BEST: 1241 , SECOND: 1241 
fitness : 1241 
  code : >+[++[+++[++>,>],--,+<<+<>>,,[[<++++++...,<.]>>->+-+[-[+>>-]-+><-,>]]+++.>-,<.>>-,<<,[..],+-..+.]>,.  
 test --> 3 
2019-08-26T15:44:33.489 , Gen : 8100 , BEST: 1241 , SECOND: 1241 
2019-08-26T15:44:40.258 , Gen : 8200 , BEST: 1241 , SECOND: 1241 
2019-08-26T15:44:47.53 , Gen : 8300 , BEST: 1241 , SECOND: 1241 
2019-08-26T15:44:55.754 , Gen : 8400 , BEST: 1241 , SECOND: 1241 
2019-08-26T15:45:04.494 , Gen : 8500 , BEST: 1241 , SECOND: 1241 
2019-08-26T15:45:13.004 , Gen : 8600 , BEST: 1241 , SECOND: 1241 
2019-08-26T15:45:21.656 , Gen : 8700 , BEST: 1241 , SECOND: 1241 
2019-08-26T15:45:33.189 , Gen : 8800 , BEST: 1241 , SECOND: 1241 
2019-08-26T15:45:44.345 , Gen : 8900 , BEST: 1241 , SECOND: 1241 
2019-08-26T15:45:58.75 , Gen : 9000 , BEST: 1241 , SECOND: 1241 
fitness : 1241 
  code : >+[++[+++[++>,>],--,+<<+<>>,,[[<++++++...,<.]>>->+-+[-[+>>-]-+><-,>]]+++.>-,<.>>-,<<,[..],+-..+.]>,.  
 test --> 3 
2019-08-26T15:46:11.819 , Gen : 9100 , BEST: 1241 , SECOND: 1241 
2019-08-26T15:46:27.395 , Gen : 9200 , BEST: 1241 , SECOND: 1241 
2019-08-26T15:46:40.873 , Gen : 9300 , BEST: 1241 , SECOND: 1241 
2019-08-26T15:46:52.967 , Gen : 9400 , BEST: 1241 , SECOND: 1241 
2019-08-26T15:47:05.624 , Gen : 9500 , BEST: 1241 , SECOND: 1241 
2019-08-26T15:47:18.012 , Gen : 9600 , BEST: 1241 , SECOND: 1241 
2019-08-26T15:47:30.935 , Gen : 9700 , BEST: 1241 , SECOND: 1241 
2019-08-26T15:47:41.996 , Gen : 9800 , BEST: 1241 , SECOND: 1241 
2019-08-26T15:47:54.123 , Gen : 9900 , BEST: 1241 , SECOND: 1241 
2019-08-26T15:48:06.86 , Gen : 10000 , BEST: 1241 , SECOND: 1241 
fitness : 1241 
  code : >-->>+++[+++++>,>]-,-,+<<+<>>,,[[<++++++...,<.]>>->+-+[-[+>-]>.-+,,>]<]+++>--<.-[.[,<.<<-[.],[,-<,.,  
 cori@domain.com --> 15 
2019-08-26T15:48:18.418 , Gen : 10100 , BEST: 1241 , SECOND: 1241 
2019-08-26T15:48:30.294 , Gen : 10200 , BEST: 1241 , SECOND: 1241 
2019-08-26T15:48:41.779 , Gen : 10300 , BEST: 1241 , SECOND: 1241 
2019-08-26T15:48:54.244 , Gen : 10400 , BEST: 1241 , SECOND: 1241 
2019-08-26T15:49:06.605 , Gen : 10500 , BEST: 1241 , SECOND: 1241 
2019-08-26T15:49:18.489 , Gen : 10600 , BEST: 1241 , SECOND: 1241 
2019-08-26T15:49:31.918 , Gen : 10700 , BEST: 1241 , SECOND: 1241 
2019-08-26T15:49:43.028 , Gen : 10800 , BEST: 1241 , SECOND: 1241 
2019-08-26T15:49:55.195 , Gen : 10900 , BEST: 1241 , SECOND: 1241 
2019-08-26T15:50:06.772 , Gen : 11000 , BEST: 1241 , SECOND: 1241 
fitness : 1241 
  code : >-->>+++[+++++>,>]-,-,+<<+<>>,,[[<++++++...,<.]>>->+-+[-[+>-]>.-+,,>]<]+++>--<.-[.[,<.<<-[.],[,-<,.,  
 johnandjanesdfgjnsdkfjgjnrtkhreuitgure --> 15 
2019-08-26T15:50:21.144 , Gen : 11100 , BEST: 1241 , SECOND: 1241 
2019-08-26T15:50:36.427 , Gen : 11200 , BEST: 1241 , SECOND: 1241 
2019-08-26T15:50:50.961 , Gen : 11300 , BEST: 1241 , SECOND: 1241 
2019-08-26T15:51:04.584 , Gen : 11400 , BEST: 1241 , SECOND: 1241 
2019-08-26T15:51:18.436 , Gen : 11500 , BEST: 1241 , SECOND: 1241 
2019-08-26T15:51:31.515 , Gen : 11600 , BEST: 1241 , SECOND: 1241 
2019-08-26T15:51:42.068 , Gen : 11700 , BEST: 1241 , SECOND: 1241 
2019-08-26T15:51:52.713 , Gen : 11800 , BEST: 1241 , SECOND: 1241 
2019-08-26T15:52:04.881 , Gen : 11900 , BEST: 1241 , SECOND: 1241 
2019-08-26T15:52:17.85 , Gen : 12000 , BEST: 1241 , SECOND: 1241 
fitness : 1241 
  code : >-->>+++[+++++>,>]-,-,+<<+<>>,,[[<++++++...,<.]>>->+-+[-[+>-]>.-+,,>]<]+++>--<.-[.[,<.<<-[.],[,-<,.,  
 cori@domain.com --> 15 
2019-08-26T15:52:32.091 , Gen : 12100 , BEST: 1241 , SECOND: 1241 
2019-08-26T15:52:43.953 , Gen : 12200 , BEST: 1241 , SECOND: 1241 
2019-08-26T15:52:54.906 , Gen : 12300 , BEST: 1241 , SECOND: 1241 
2019-08-26T15:53:06.932 , Gen : 12400 , BEST: 1241 , SECOND: 1241 
2019-08-26T15:53:21.431 , Gen : 12500 , BEST: 1241 , SECOND: 1241 
2019-08-26T15:53:34.893 , Gen : 12600 , BEST: 1241 , SECOND: 1241 
2019-08-26T15:53:48.222 , Gen : 12700 , BEST: 1241 , SECOND: 1241 
2019-08-26T15:54:02.205 , Gen : 12800 , BEST: 1241 , SECOND: 1241 
2019-08-26T15:54:16.313 , Gen : 12900 , BEST: 1241 , SECOND: 1241 
2019-08-26T15:54:29.933 , Gen : 13000 , BEST: 1241 , SECOND: 1241 
fitness : 1241 
  code : >-->>+++[+++++>,>]-,-,+<<+<>>,,[[<++++++...,<.]>>->+-+[-[+>-]>.-+,,>]<]+++>--<.-[.[,<.<<-[.],[,-<,.,  
 unknown-string-goes-here --> 15 
2019-08-26T15:54:44.025 , Gen : 13100 , BEST: 1241 , SECOND: 1241 
2019-08-26T15:54:57.032 , Gen : 13200 , BEST: 1241 , SECOND: 1241 
2019-08-26T15:55:07.831 , Gen : 13300 , BEST: 1241 , SECOND: 1241 
2019-08-26T15:55:19.109 , Gen : 13400 , BEST: 1241 , SECOND: 1241 
2019-08-26T15:55:29.736 , Gen : 13500 , BEST: 1241 , SECOND: 1241 
2019-08-26T15:55:41.295 , Gen : 13600 , BEST: 1241 , SECOND: 1241 
2019-08-26T15:55:54.201 , Gen : 13700 , BEST: 1241 , SECOND: 1241 
2019-08-26T15:56:05.017 , Gen : 13800 , BEST: 1258 , SECOND: 1257 
2019-08-26T15:56:18.191 , Gen : 13900 , BEST: 1268 , SECOND: 1268 
2019-08-26T15:56:29.576 , Gen : 14000 , BEST: 1275 , SECOND: 1275 
fitness : 1275 
  code : -->-[[,<+>]]-,,[[<]++>]+[<++.>+<-],<<+.]++]<-]<[+.<<[+>],><>>>>,+-+-[>[+.+.>-.]<+--.,.<[+-+--.,<.,]<  
 unknown-string-goes-here --> 25 
2019-08-26T15:56:41.424 , Gen : 14100 , BEST: 1280 , SECOND: 1280 
2019-08-26T15:56:53.954 , Gen : 14200 , BEST: 1280 , SECOND: 1280 
fitness : 1280 
  code : ,[>>,[[,<+>]-,+,[,.+<++<.-+]-<+.,]+,<,-]][>>].>]<[[--]>+].>><]-].][>[+.+.>-.]<]+-.].,><.+<.+..>+>.[,  
 unknown-string-goes-here --> 24 
 Generation : 14292 
fitness 1280 
dna : [0.69962, 0.753666, 0.165645, 0.234522, 0.725706, 0.799408, 0.756614, 0.639918, 0.0387136, 0.258903, 0.169511, 0.882477, 0.391914, 0.734569, 0.289132, 0.67449, 0.805405, 0.734569, 0.50955, 0.298179, 0.0557258, 0.305546, 0.330995, 0.101471, 0.559111, 0.442791, 0.322133, 0.944459, 0.407324, 0.0324221, 0.330995, 0.612826, 0.653348, 0.991111, 0.330995, 0.67062, 0.10704, 0.732898, 0.379419, 0.908227, 0.901998, 0.76754, 0.158726, 0.153536, 0.925227, 0.582162, 0.201757, 0.962036, 0.0145588, 0.81927, 0.783799, 0.47453, 0.380355, 0.90776, 0.216756, 0.343535, 0.925227, 0.582162, 0.201757, 0.237127, 0.0859498, 0.930377, 0.473103, 0.919114, 0.527437, 0.929454, 0.760015, 0.190279, 0.768427, 0.312925, 0.513015, 0.29205, 0.591123, 0.226477, 0.378772, 0.535801, 0.981494, 0.121896, 0.988606, 0.29205, 0.380728, 0.560954, 0.907802, 0.535801, 0.634405, 0.189809, 0.0941796, 0.513015, 0.29205, 0.119837, 0.560954, 0.298199, 0.511648, 0.506023, 0.19563, 0.298199, 0.19563, 0.599942, 0.851829, 0.65443] 
