targetFitness = 1280 
params : Main.GeneticAlgorithms.Types.GAParams(100, 100000, 100, 150, 0.7, 0.01, true, IOStream(<file ../Results/logLengthString.log>), 34807.0, 1280.0, 0, 1) 
2019-07-18T14:28:25.834 , Gen : 100 , BEST: 1231 , SECOND: 1231 
2019-07-18T14:28:28.116 , Gen : 200 , BEST: 1231 , SECOND: 1231 
2019-07-18T14:28:30.471 , Gen : 300 , BEST: 1231 , SECOND: 1231 
2019-07-18T14:28:32.763 , Gen : 400 , BEST: 1231 , SECOND: 1231 
2019-07-18T14:28:35.349 , Gen : 500 , BEST: 1231 , SECOND: 1231 
2019-07-18T14:28:38.396 , Gen : 600 , BEST: 1231 , SECOND: 1231 
2019-07-18T14:28:41.629 , Gen : 700 , BEST: 1231 , SECOND: 1231 
2019-07-18T14:28:44.854 , Gen : 800 , BEST: 1231 , SECOND: 1231 
2019-07-18T14:28:47.504 , Gen : 900 , BEST: 1231 , SECOND: 1231 
2019-07-18T14:28:50.329 , Gen : 1000 , BEST: 1231 , SECOND: 1231 
fitness : 1231 
  code : ++[+++++++++++++.,<>>,[[[[++]-]+-++<<-,+]<>+]<.<.,<]--[]+,+<->-[,<>..[..++.<,>+<+-[[]]>,<]<>+].,.],,  
 test --> 15 
2019-07-18T14:28:52.966 , Gen : 1100 , BEST: 1231 , SECOND: 1231 
2019-07-18T14:28:56.27 , Gen : 1200 , BEST: 1231 , SECOND: 1231 
2019-07-18T14:28:59.554 , Gen : 1300 , BEST: 1231 , SECOND: 1231 
2019-07-18T14:29:02.535 , Gen : 1400 , BEST: 1231 , SECOND: 1231 
2019-07-18T14:29:05.358 , Gen : 1500 , BEST: 1231 , SECOND: 1231 
2019-07-18T14:29:08.448 , Gen : 1600 , BEST: 1231 , SECOND: 1231 
2019-07-18T14:29:11.925 , Gen : 1700 , BEST: 1231 , SECOND: 1231 
2019-07-18T14:29:15.646 , Gen : 1800 , BEST: 1231 , SECOND: 1231 
2019-07-18T14:29:18.788 , Gen : 1900 , BEST: 1231 , SECOND: 1231 
2019-07-18T14:29:21.771 , Gen : 2000 , BEST: 1231 , SECOND: 1231 
fitness : 1231 
  code : ++[+++++++++++++.,<>>,[[[[++]-]+-++<<-,+]<>+]<.<.,<]--[]+,+<->-[,<>..[..++.<,>+<+-[[]]>,<]<>+].,.],,  
 cori@domain.com --> 15 
2019-07-18T14:29:23.841 , Gen : 2100 , BEST: 1231 , SECOND: 1231 
2019-07-18T14:29:26.305 , Gen : 2200 , BEST: 1231 , SECOND: 1231 
2019-07-18T14:29:28.112 , Gen : 2300 , BEST: 1231 , SECOND: 1231 
2019-07-18T14:29:30.104 , Gen : 2400 , BEST: 1231 , SECOND: 1231 
2019-07-18T14:29:32.281 , Gen : 2500 , BEST: 1280 , SECOND: 1280 
2019-07-18T14:29:35.4 , Gen : 2600 , BEST: 1280 , SECOND: 1280 
fitness : 1280 
  code : ,-,-+>-+>-[<+>,]<[+.+-[.++<[.]],+..+][.+.,[>[[.>>-,,[+-><+<,,,+-,.]-,[<..-..-.-[[[]+]].].,,[[>[.]..-  
 cori@domain.com --> 15 
 Generation : 2674 
fitness 1280 
dna : [0.630159, 0.451082, 0.71344, 0.420495, 0.305803, 0.245039, 0.380696, 0.305803, 0.245039, 0.380696, 0.775922, 0.0516117, 0.263692, 0.188203, 0.720095, 0.883292, 0.037471, 0.831124, 0.294487, 0.515323, 0.271242, 0.440688, 0.834331, 0.545283, 0.266029, 0.343179, 0.0323594, 0.797601, 0.568115, 0.926593, 0.936726, 0.74238, 0.255072, 0.54608, 0.541223, 0.346811, 0.883828, 0.857955, 0.5787, 0.277718, 0.60608, 0.660886, 0.837112, 0.13706, 0.780574, 0.797601, 0.568115, 0.190932, 0.18745, 0.439848, 0.681015, 0.692434, 0.83019, 0.259965, 0.376351, 0.185208, 0.0378051, 0.259965, 0.104066, 0.660886, 0.685722, 0.692434, 0.368079, 0.401707, 0.664958, 0.577022, 0.929491, 0.395665, 0.703013, 0.788668, 0.0893164, 0.546539, 0.585781, 0.404426, 0.52503, 0.59457, 0.464888, 0.519526, 0.439639, 0.811087, 0.806743, 0.843027, 0.987649, 0.255641, 0.978577, 0.978577, 0.517925, 0.978577, 0.501541, 0.738432, 0.676102, 0.80156, 0.826306, 0.127008, 0.764901, 0.613768, 0.967563, 0.554492, 0.541015, 0.408493] 
