targetFitness = 1024 
params : Main.GeneticAlgorithms.Types.GAParams(136, 1000000, 150, 150, 0.7, 0.01, true, IOStream(<file ../Results/logLogicalXor.log>), 44987.0, 1024.0, 0, 1) 
2019-07-11T17:20:41.12 , Gen : 100 , BEST: 1023 , SECOND: 1023 
2019-07-11T17:20:46.451 , Gen : 200 , BEST: 1023 , SECOND: 1023 
2019-07-11T17:20:50.783 , Gen : 300 , BEST: 1023 , SECOND: 1023 
2019-07-11T17:20:55.375 , Gen : 400 , BEST: 1023 , SECOND: 1023 
2019-07-11T17:21:02.034 , Gen : 500 , BEST: 1023 , SECOND: 1023 
2019-07-11T17:21:16.825 , Gen : 600 , BEST: 1023 , SECOND: 1023 
2019-07-11T17:21:23.661 , Gen : 700 , BEST: 1023 , SECOND: 1023 
2019-07-11T17:21:29.312 , Gen : 800 , BEST: 1023 , SECOND: 1023 
2019-07-11T17:21:34.529 , Gen : 900 , BEST: 1023 , SECOND: 1023 
2019-07-11T17:21:39.243 , Gen : 1000 , BEST: 1023 , SECOND: 1023 
fitness : 1023 
 code : --+>++++++++++++++++++++++[,][+++++++++]+++++++++++++++++++++,.+++++++[++++++++++++++++++++++++++++.++++++++++++,++++++++++++.,-[[>[-,.+]+,],]],[->--+ 
 UInt8[0x00, 0x00] -> 0 
 UInt8[0x01, 0x00] -> 0 
 UInt8[0x00, 0x01] -> 1 
 UInt8[0x01, 0x01] -> 0 
2019-07-11T17:21:44.008 , Gen : 1100 , BEST: 1023 , SECOND: 1023 
2019-07-11T17:21:48.467 , Gen : 1200 , BEST: 1023 , SECOND: 1023 
