targetFitness = 1280 
params : Main.GeneticAlgorithms.Types.GAParams(100, 100000, 100, 150, 0.7, 0.01, true, IOStream(<file ../Results/logLengthString.log>), 31789.0, 1280.0, 0, 1) 
2019-07-11T14:41:14.351 , Gen : 100 , BEST: 1195 , SECOND: 1195 
2019-07-11T14:41:18.501 , Gen : 200 , BEST: 1216 , SECOND: 1216 
2019-07-11T14:41:25.664 , Gen : 300 , BEST: 1222 , SECOND: 1222 
2019-07-11T14:41:37.531 , Gen : 400 , BEST: 1222 , SECOND: 1222 
2019-07-11T14:41:49.886 , Gen : 500 , BEST: 1222 , SECOND: 1222 
2019-07-11T14:42:02.303 , Gen : 600 , BEST: 1222 , SECOND: 1222 
2019-07-11T14:42:14.011 , Gen : 700 , BEST: 1222 , SECOND: 1222 
2019-07-11T14:42:27.162 , Gen : 800 , BEST: 1225 , SECOND: 1225 
2019-07-11T14:42:39.908 , Gen : 900 , BEST: 1225 , SECOND: 1225 
2019-07-11T14:42:53.574 , Gen : 1000 , BEST: 1225 , SECOND: 1225 
fitness : 1225 
  code : ,>+++++++[+<[>+.,,.<<>[.>.-]-]-,<+><>,+><>>,+<.<+].,.]]>-.--.-.---><<+,,+<<><<.>,,,+,,.,[-].+,[.,,,-  
 mt@po.box --> 9 
2019-07-11T14:43:08.996 , Gen : 1100 , BEST: 1225 , SECOND: 1225 
2019-07-11T14:43:23.19 , Gen : 1200 , BEST: 1225 , SECOND: 1225 
2019-07-11T14:43:34.829 , Gen : 1300 , BEST: 1227 , SECOND: 1227 
2019-07-11T14:43:44.151 , Gen : 1400 , BEST: 1229 , SECOND: 1229 
2019-07-11T14:43:56.031 , Gen : 1500 , BEST: 1229 , SECOND: 1229 
2019-07-11T14:44:05.472 , Gen : 1600 , BEST: 1229 , SECOND: 1229 
2019-07-11T14:44:12.92 , Gen : 1700 , BEST: 1229 , SECOND: 1229 
2019-07-11T14:44:18.424 , Gen : 1800 , BEST: 1229 , SECOND: 1229 
2019-07-11T14:44:23.237 , Gen : 1900 , BEST: 1229 , SECOND: 1229 
2019-07-11T14:44:29.14 , Gen : 2000 , BEST: 1229 , SECOND: 1229 
fitness : 1229 
  code : -+>++++++++[+<[>.,-+[-][-.><[><>.[><>.<<.[<>--->-.>><-><-]+<<+<..,.].+]]<>..>>.,-,,,,>.,]+,,>+++][,<  
 unknown-string-goes-here --> 13 
2019-07-11T14:44:37.052 , Gen : 2100 , BEST: 1229 , SECOND: 1229 
2019-07-11T14:44:43.404 , Gen : 2200 , BEST: 1229 , SECOND: 1229 
2019-07-11T14:44:49.237 , Gen : 2300 , BEST: 1229 , SECOND: 1229 
2019-07-11T14:44:56.942 , Gen : 2400 , BEST: 1229 , SECOND: 1229 
2019-07-11T14:45:03.979 , Gen : 2500 , BEST: 1229 , SECOND: 1229 
2019-07-11T14:45:08.528 , Gen : 2600 , BEST: 1229 , SECOND: 1229 
2019-07-11T14:45:13.71 , Gen : 2700 , BEST: 1229 , SECOND: 1229 
2019-07-11T14:45:19.438 , Gen : 2800 , BEST: 1229 , SECOND: 1229 
2019-07-11T14:45:27.031 , Gen : 2900 , BEST: 1231 , SECOND: 1229 
2019-07-11T14:45:33.866 , Gen : 3000 , BEST: 1231 , SECOND: 1231 
fitness : 1231 
  code : >>++++++++[++<[>.,-+[-][-.<[,<>><--[<-.<[[+<<+.,<<<><><]>.-].>.]->.,,.+]]-,.,,-,+<]+,>+++]+]+,,-].>[  
 cori@domain.com --> 15 
2019-07-11T14:45:40.176 , Gen : 3100 , BEST: 1231 , SECOND: 1231 
2019-07-11T14:45:45.217 , Gen : 3200 , BEST: 1231 , SECOND: 1231 
2019-07-11T14:45:50.126 , Gen : 3300 , BEST: 1231 , SECOND: 1231 
2019-07-11T14:45:55.882 , Gen : 3400 , BEST: 1231 , SECOND: 1231 
2019-07-11T14:46:01.402 , Gen : 3500 , BEST: 1231 , SECOND: 1231 
2019-07-11T14:46:07.851 , Gen : 3600 , BEST: 1231 , SECOND: 1231 
2019-07-11T14:46:12.346 , Gen : 3700 , BEST: 1231 , SECOND: 1231 
2019-07-11T14:46:16.862 , Gen : 3800 , BEST: 1231 , SECOND: 1231 
2019-07-11T14:46:21.856 , Gen : 3900 , BEST: 1231 , SECOND: 1231 
2019-07-11T14:46:26.728 , Gen : 4000 , BEST: 1231 , SECOND: 1231 
fitness : 1231 
  code : >++++++++[++<[>.,-+[-][-.<[,<>><--[<-.<[[,<+.,<<<><><]>.-]>.]->,,.+]]-,.,,-,<]+,>+++]+>.>>]->]-]->]>  
 mt@po.box --> 15 
2019-07-11T14:46:33.069 , Gen : 4100 , BEST: 1231 , SECOND: 1231 
2019-07-11T14:46:38.92 , Gen : 4200 , BEST: 1231 , SECOND: 1231 
2019-07-11T14:46:44.928 , Gen : 4300 , BEST: 1231 , SECOND: 1231 
2019-07-11T14:46:51.877 , Gen : 4400 , BEST: 1231 , SECOND: 1231 
2019-07-11T14:46:57.81 , Gen : 4500 , BEST: 1231 , SECOND: 1231 
2019-07-11T14:47:03.727 , Gen : 4600 , BEST: 1231 , SECOND: 1231 
2019-07-11T14:47:09.545 , Gen : 4700 , BEST: 1231 , SECOND: 1231 
2019-07-11T14:47:17.843 , Gen : 4800 , BEST: 1231 , SECOND: 1231 
2019-07-11T14:47:26.28 , Gen : 4900 , BEST: 1231 , SECOND: 1231 
2019-07-11T14:47:34.983 , Gen : 5000 , BEST: 1231 , SECOND: 1231 
fitness : 1231 
  code : >++++++++[++<[>.,-+[-][-.<[,<>><--[<-.<[[,<+,,]><]>.-]>[.]->,,-++]]-,.,,--,<]+,>+++]<---]--.--.-+-,<  
 mt@po.box --> 15 
2019-07-11T14:47:44.491 , Gen : 5100 , BEST: 1231 , SECOND: 1231 
2019-07-11T14:47:50.442 , Gen : 5200 , BEST: 1231 , SECOND: 1231 
2019-07-11T14:47:56.939 , Gen : 5300 , BEST: 1231 , SECOND: 1231 
2019-07-11T14:48:04.15 , Gen : 5400 , BEST: 1231 , SECOND: 1231 
2019-07-11T14:48:11.301 , Gen : 5500 , BEST: 1231 , SECOND: 1231 
2019-07-11T14:48:22.206 , Gen : 5600 , BEST: 1231 , SECOND: 1231 
2019-07-11T14:48:33.081 , Gen : 5700 , BEST: 1231 , SECOND: 1231 
2019-07-11T14:48:42.032 , Gen : 5800 , BEST: 1231 , SECOND: 1231 
2019-07-11T14:48:54.239 , Gen : 5900 , BEST: 1231 , SECOND: 1231 
2019-07-11T14:49:03.001 , Gen : 6000 , BEST: 1231 , SECOND: 1231 
fitness : 1231 
  code : >++++++++[++<[>.,-+[-][-.<[,>><-<<+,[,-+,,][<]>.-]>>[.]-[-,-,--,]-+-]>]+,>+++]].],-,>>,,,>.+--+<<+-,  
 johnandjanesdfgjnsdkfjgjnrtkhreuitgure --> 15 
2019-07-11T14:49:09.922 , Gen : 6100 , BEST: 1231 , SECOND: 1231 
2019-07-11T14:49:17.231 , Gen : 6200 , BEST: 1231 , SECOND: 1231 
2019-07-11T14:49:24.746 , Gen : 6300 , BEST: 1231 , SECOND: 1231 
2019-07-11T14:49:32.714 , Gen : 6400 , BEST: 1231 , SECOND: 1231 
2019-07-11T14:49:39.601 , Gen : 6500 , BEST: 1231 , SECOND: 1231 
2019-07-11T14:49:48.269 , Gen : 6600 , BEST: 1231 , SECOND: 1231 
2019-07-11T14:49:56.249 , Gen : 6700 , BEST: 1231 , SECOND: 1231 
2019-07-11T14:50:05.04 , Gen : 6800 , BEST: 1231 , SECOND: 1231 
2019-07-11T14:50:13.809 , Gen : 6900 , BEST: 1231 , SECOND: 1231 
2019-07-11T14:50:24.693 , Gen : 7000 , BEST: 1231 , SECOND: 1231 
fitness : 1231 
  code : -+>++++++++[++<[>.,-+[-][-.<[,><-<+<+,[,-+,,][<]>.-]>>[.+]-[-,--,]--]>]+,>+++]]]>.]]>.<<.]---[.++>[+  
 mt@po.box --> 15 
2019-07-11T14:50:33.493 , Gen : 7100 , BEST: 1231 , SECOND: 1231 
2019-07-11T14:50:40.527 , Gen : 7200 , BEST: 1231 , SECOND: 1231 
2019-07-11T14:50:47.573 , Gen : 7300 , BEST: 1246 , SECOND: 1246 
2019-07-11T14:50:54.516 , Gen : 7400 , BEST: 1280 , SECOND: 1280 
2019-07-11T14:51:01.22 , Gen : 7500 , BEST: 1280 , SECOND: 1280 
fitness : 1280 
  code : >>,[+[,<+>]>]<,[[,-,<-,,,]]+[<.[<]]-[<.<<.-]<]>><[-]>-][[]>+>+<-><-<]..]]][<>]]>[.[.--[[.+>++>-,++,,  
 test --> 4 
 Generation : 7504 
fitness 1280 
dna : [0.231842, 0.185015, 0.713102, 0.842413, 0.316419, 0.781688, 0.6911, 0.102999, 0.278298, 0.24515, 0.923356, 0.246376, 0.928829, 0.0436385, 0.6911, 0.767473, 0.842413, 0.713102, 0.471493, 0.6911, 0.0697905, 0.434951, 0.6911, 0.6911, 0.6911, 0.921402, 0.934142, 0.330931, 0.817077, 0.0958317, 0.570892, 0.832276, 0.0661378, 0.921402, 0.934142, 0.390887, 0.817077, 0.0958317, 0.570892, 0.0789104, 0.0661378, 0.513055, 0.405204, 0.903955, 0.0447395, 0.903955, 0.180411, 0.180411, 0.0761398, 0.856924, 0.461188, 0.966106, 0.142045, 0.419933, 0.963649, 0.856924, 0.862259, 0.966106, 0.142045, 0.282019, 0.205363, 0.322566, 0.120971, 0.448109, 0.205363, 0.120971, 0.448109, 0.120167, 0.972615, 0.57416, 0.502175, 0.937605, 0.993303, 0.993303, 0.871688, 0.0774995, 0.145961, 0.993303, 0.993303, 0.145961, 0.7551, 0.525155, 0.7551, 0.525155, 0.450966, 0.450966, 0.863396, 0.850021, 0.55281, 0.273458, 0.135267, 0.273458, 0.273458, 0.135267, 0.437443, 0.631552, 0.26015, 0.320845, 0.694207, 0.733838] 
