targetFitness = 13312 
params : Main.GeneticAlgorithms.Types.GAParams(60, 10000, 36, 150, 0.7, 0.01, true, IOStream(<file ../Results/logRepeat.log>), 13851.0, 13312.0, 0, 1) 
2019-07-05T12:04:10.025 
Gen : 100 , BEST: , 12699  , SECOND: 12699 
2019-07-05T12:04:13.858 
Gen : 200 , BEST: , 12837  , SECOND: 12837 
2019-07-05T12:04:18.228 
Gen : 300 , BEST: , 12837  , SECOND: 12837 
2019-07-05T12:04:21.4 
Gen : 400 , BEST: , 12841  , SECOND: 12838 
2019-07-05T12:04:24.372 
Gen : 500 , BEST: , 12841  , SECOND: 12838 
fitness : 12841 
  code : ,.-[[*+,[.*,.+..-$$-[!+.-++>-,]>]$,,  
 try to Repeat after me --> tryzzzztoppppepqqqqatuuuuftuuuur !!!!ยก !
2019-07-05T12:04:27.714 
Gen : 600 , BEST: , 12841  , SECOND: 12838 
2019-07-05T12:04:30.511 
Gen : 700 , BEST: , 12841  , SECOND: 12838 
2019-07-05T12:04:33.122 
Gen : 800 , BEST: , 12841  , SECOND: 12841 
2019-07-05T12:04:36.141 
Gen : 900 , BEST: , 12847  , SECOND: 12841 
2019-07-05T12:04:39.091 
Gen : 1000 , BEST: , 12847  , SECOND: 12847 
fitness : 12847 
  code : ,.-[[*+,[.*,.+..-$!$-[!.-++>-,]>]$,,  
 try to Repeat after me --> tryzzyytoppooepqqppatuuttftuuttr !!  ยก !
2019-07-05T12:04:41.621 
Gen : 1100 , BEST: , 12849  , SECOND: 12847 
2019-07-05T12:04:44.193 
Gen : 1200 , BEST: , 12893  , SECOND: 12893 
2019-07-05T12:04:46.803 
Gen : 1300 , BEST: , 13284  , SECOND: 13284 
fitness : 13312 
  code : >,[[[[[[.[-[,.*[*...]]--+++>],]+*,]*  
 try to Repeat after me --> try to Repeat after me
 Generation : 1374 
fitness 13312 
dna : [0.112329, 0.530309, 0.626228, 0.626228, 0.626228, 0.626228, 0.626228, 0.626228, 0.417944, 0.584754, 0.356726, 0.584754, 0.517761, 0.418638, 0.922087, 0.627526, 0.922087, 0.45293, 0.45293, 0.45293, 0.648611, 0.648611, 0.310556, 0.310556, 0.191069, 0.263337, 0.191069, 0.164943, 0.687695, 0.539326, 0.687695, 0.191069, 0.909138, 0.539326, 0.687695, 0.928277] 
