params : Main.GeneticAlgorithms.Types.GAParams(136, 1000000, 120, 150, 0.7, 0.015, true, IOStream(<file ../Results/logReversingString.log>), 65877.0, 3870.0, 0, 1) 
2019-07-11T15:47:36.122 , Gen : 100 , BEST: 3787 , SECOND: 3787 
2019-07-11T15:47:48.163 , Gen : 200 , BEST: 3791 , SECOND: 3790 
2019-07-11T15:47:59.696 , Gen : 300 , BEST: 3794 , SECOND: 3791 
2019-07-11T15:48:14.46 , Gen : 400 , BEST: 3795 , SECOND: 3795 
2019-07-11T15:48:28.01 , Gen : 500 , BEST: 3797 , SECOND: 3795 
2019-07-11T15:48:40.734 , Gen : 600 , BEST: 3797 , SECOND: 3797 
2019-07-11T15:48:56.34 , Gen : 700 , BEST: 3800 , SECOND: 3799 
2019-07-11T15:49:13.107 , Gen : 800 , BEST: 3800 , SECOND: 3800 
2019-07-11T15:49:25.832 , Gen : 900 , BEST: 3800 , SECOND: 3800 
2019-07-11T15:49:38.393 , Gen : 1000 , BEST: 3800 , SECOND: 3800 
fitness : 3800 
  code : ->,.-[+.[[[[.,.>,->[<,><],><+.->+--.[,.>]+[<,.<,]+.>>,-,,-,,]-]<[,[>,]>][].<]>++[.<>,,[[,[]>.<<--]>>++]<<-]>-]]><]-.<>]+  
 try to Reverse me --> tttr!ÿtoRv
2019-07-11T15:49:48.544 , Gen : 1100 , BEST: 3800 , SECOND: 3800 
2019-07-11T15:49:58.664 , Gen : 1200 , BEST: 3800 , SECOND: 3800 
2019-07-11T15:50:12.327 , Gen : 1300 , BEST: 3806 , SECOND: 3806 
2019-07-11T15:50:26.729 , Gen : 1400 , BEST: 3806 , SECOND: 3806 
2019-07-11T15:50:38.983 , Gen : 1500 , BEST: 3806 , SECOND: 3806 
2019-07-11T15:50:49.352 , Gen : 1600 , BEST: 3815 , SECOND: 3815 
2019-07-11T15:50:59.908 , Gen : 1700 , BEST: 3815 , SECOND: 3815 
2019-07-11T15:51:10.154 , Gen : 1800 , BEST: 3815 , SECOND: 3815 
2019-07-11T15:51:20.905 , Gen : 1900 , BEST: 3815 , SECOND: 3815 
2019-07-11T15:51:31.86 , Gen : 2000 , BEST: 3815 , SECOND: 3815 
fitness : 3815 
  code : --,[>,,[.,<>[><><[.+<[[.>-<][<+,,>]++<>.]<>,>[].].<,+]]<.]-.,<.,.[,]<,..[[][]<,]<]],.<><<>[<,--.-]]>-]<+>,,+,-+,][>]<><,  
 try to Reverse me --> y ttttttttttttttt
2019-07-11T15:51:44.976 , Gen : 2100 , BEST: 3815 , SECOND: 3815 
2019-07-11T15:51:58.017 , Gen : 2200 , BEST: 3815 , SECOND: 3815 
2019-07-11T15:52:13.323 , Gen : 2300 , BEST: 3870 , SECOND: 3870 
2019-07-11T15:52:27.958 , Gen : 2400 , BEST: 3870 , SECOND: 3870 
fitness : 3870 
  code : <>+>,[>+,[>[>>[+[>[+[.<][+.+->][-..><,]]<[.]-]].+.->-<],][,,]<.<]<]<,.[,[[]<.>+[[.+[>],<,-,.<-]-]>>>,[,<],-].<+.-->>,-.>  
 try to Reverse me --> em esreveR ot yrt
 Generation : 2476 
fitness 3870 
dna : [0.100887, 0.249436, 0.29691, 0.234469, 0.724427, 0.757857, 0.249436, 0.29691, 0.724427, 0.757857, 0.249436, 0.829763, 0.205838, 0.249436, 0.812897, 0.318018, 0.829763, 0.249436, 0.812897, 0.318018, 0.81532, 0.54373, 0.0957156, 0.956768, 0.81532, 0.260321, 0.529634, 0.260321, 0.418455, 0.1678, 0.967809, 0.771575, 0.461722, 0.619513, 0.619513, 0.231414, 0.124519, 0.629232, 0.965365, 0.896388, 0.0349421, 0.844845, 0.575622, 0.958596, 0.400989, 0.965365, 0.958596, 0.551773, 0.253087, 0.5184, 0.491586, 0.205654, 0.423337, 0.084224, 0.986049, 0.690395, 0.878083, 0.80589, 0.690395, 0.690395, 0.944073, 0.0624861, 0.59677, 0.0690715, 0.916757, 0.0690715, 0.916757, 0.074654, 0.680096, 0.582739, 0.839098, 0.626353, 0.755419, 0.755419, 0.916757, 0.074654, 0.579258, 0.217402, 0.345549, 0.797037, 0.823516, 0.579258, 0.345549, 0.797037, 0.138493, 0.966995, 0.690395, 0.074654, 0.700776, 0.440551, 0.705258, 0.540772, 0.0708236, 0.45106, 0.971721, 0.45106, 0.971721, 0.132141, 0.230314, 0.198599, 0.665617, 0.868481, 0.665617, 0.0387094, 0.994811, 0.630824, 0.420371, 0.973846, 0.544877, 0.0455521, 0.374187, 0.606883, 0.376147, 0.386527, 0.190539, 0.190539, 0.748039, 0.475996, 0.55099, 0.201097] 
