targetFitness = 1290 
params : Main.GeneticAlgorithms.Types.GAParams(136, 1000000, 186, 200, 0.7, 0.01, true, IOStream(<file ../Results/logStringhello.log>), 14651.0, 1290.0, 0, 1) 
2019-07-10T14:46:29.085 , Gen : 100 , BEST: 765  , SECOND: 763 
2019-07-10T14:46:31.453 , Gen : 200 , BEST: 776  , SECOND: 767 
2019-07-10T14:46:33.978 , Gen : 300 , BEST: 784  , SECOND: 784 
2019-07-10T14:46:36.265 , Gen : 400 , BEST: 784  , SECOND: 784 
2019-07-10T14:46:38.92 , Gen : 500 , BEST: 789  , SECOND: 789 
2019-07-10T14:46:42.533 , Gen : 600 , BEST: 960  , SECOND: 960 
2019-07-10T14:46:46.365 , Gen : 700 , BEST: 1199  , SECOND: 1199 
2019-07-10T14:46:49.526 , Gen : 800 , BEST: 1259  , SECOND: 1257 
2019-07-10T14:46:52.634 , Gen : 900 , BEST: 1259  , SECOND: 1259 
2019-07-10T14:46:55.655 , Gen : 1000 , BEST: 1262  , SECOND: 1262 
fitness : 1262 
  code : >>---$!-+$$-$$!-+$![-$*$$*.[$<!,,!.>!--..+[.*<,.[[.,[-[.+.++!!][,+!+!++![[.++$+,!]-,,]$,,,,]-,$,,<<,$]]*,,*,+,$][<[>$,[>..,]>[*<+-]<<!+[+,.<->]*<++[*.$!+>->-+-++[----*->-*-*-*>+->]<-<-!-  
 goal : hello -> qqoop
2019-07-10T14:46:58.347 , Gen : 1100 , BEST: 1266  , SECOND: 1266 
2019-07-10T14:47:00.972 , Gen : 1200 , BEST: 1266  , SECOND: 1266 
2019-07-10T14:47:03.635 , Gen : 1300 , BEST: 1266  , SECOND: 1266 
2019-07-10T14:47:05.998 , Gen : 1400 , BEST: 1266  , SECOND: 1266 
2019-07-10T14:47:08.951 , Gen : 1500 , BEST: 1267  , SECOND: 1267 
2019-07-10T14:47:12.51 , Gen : 1600 , BEST: 1275  , SECOND: 1275 
2019-07-10T14:47:15.242 , Gen : 1700 , BEST: 1276  , SECOND: 1276 
2019-07-10T14:47:18.271 , Gen : 1800 , BEST: 1276  , SECOND: 1276 
2019-07-10T14:47:20.766 , Gen : 1900 , BEST: 1276  , SECOND: 1276 
2019-07-10T14:47:23.954 , Gen : 2000 , BEST: 1277  , SECOND: 1276 
fitness : 1277 
  code : !>>>-<$!!-$--$--+[$-$$-+$![-**$$.[<!>.+[.<,![-<!>+.*>[[+..<*$$.+]<!,..$],],<],<+.,<>.+,.,.,]].><>]!]>-..,]<..,+>[.,[>[!><,,>+>[<-,!-[>>]-<>+<-.++-+-]*>-]<>-<,<!]>->--]<<]]*<--[,<><,*>-]*  
 goal : hello -> jjkjl
2019-07-10T14:47:27.668 , Gen : 2100 , BEST: 1278  , SECOND: 1278 
2019-07-10T14:47:31.834 , Gen : 2200 , BEST: 1278  , SECOND: 1278 
2019-07-10T14:47:35.946 , Gen : 2300 , BEST: 1279  , SECOND: 1278 
2019-07-10T14:47:40.678 , Gen : 2400 , BEST: 1281  , SECOND: 1281 
2019-07-10T14:47:44.183 , Gen : 2500 , BEST: 1281  , SECOND: 1281 
2019-07-10T14:47:47.633 , Gen : 2600 , BEST: 1281  , SECOND: 1281 
2019-07-10T14:47:50.746 , Gen : 2700 , BEST: 1283  , SECOND: 1283 
2019-07-10T14:47:54.295 , Gen : 2800 , BEST: 1283  , SECOND: 1283 
2019-07-10T14:47:57.813 , Gen : 2900 , BEST: 1284  , SECOND: 1284 
2019-07-10T14:48:01.483 , Gen : 3000 , BEST: 1284  , SECOND: 1284 
fitness : 1284 
  code : -$!,!>!<$[$!+-+-,>$>!$$-+$--$--$+![**![-**$--.[<>.![+.+.+.*$[.$![+>.<][..[+,<<*++$+]<][.]$><]>[!.,,]-[]+[,>$.-[>>[$+,,],]$-]<-$,,!,]!$]>]>,]>-!.$[!.$*.-$[-$<.$*$-<>,-.$*$-,$$[-]<*-[.<.!*  
 goal : hello -> hhklm
2019-07-10T14:48:04.675 , Gen : 3100 , BEST: 1284  , SECOND: 1284 
2019-07-10T14:48:08.12 , Gen : 3200 , BEST: 1284  , SECOND: 1284 
2019-07-10T14:48:12.421 , Gen : 3300 , BEST: 1284  , SECOND: 1284 
2019-07-10T14:48:16.507 , Gen : 3400 , BEST: 1284  , SECOND: 1284 
2019-07-10T14:48:20.706 , Gen : 3500 , BEST: 1285  , SECOND: 1284 
2019-07-10T14:48:25.844 , Gen : 3600 , BEST: 1285  , SECOND: 1285 
2019-07-10T14:48:30.647 , Gen : 3700 , BEST: 1285  , SECOND: 1285 
2019-07-10T14:48:34.911 , Gen : 3800 , BEST: 1285  , SECOND: 1285 
2019-07-10T14:48:38.843 , Gen : 3900 , BEST: 1285  , SECOND: 1285 
2019-07-10T14:48:42.506 , Gen : 4000 , BEST: 1285  , SECOND: 1285 
fitness : 1285 
  code : >!<!$+$--++,,>$><$-$-!$-+-+$--$[--$+!![-**$--.[<>.!+[+.+.+.!$$!$>>+.+.>+<[<]$-]$*-*.-..--!!,*<+!!!<-+,.>]$$$>,][>][<-]>>-,>+,-<[<*+[.<>><.[.]]*,,]]-**][]->+*!*<],!!<!.<<$$!,,$..-$[,$!$$]  
 goal : hello -> hhlmn
2019-07-10T14:48:46.529 , Gen : 4100 , BEST: 1285  , SECOND: 1285 
2019-07-10T14:48:50.819 , Gen : 4200 , BEST: 1285  , SECOND: 1285 
2019-07-10T14:48:54.888 , Gen : 4300 , BEST: 1285  , SECOND: 1285 
2019-07-10T14:48:58.593 , Gen : 4400 , BEST: 1286  , SECOND: 1286 
2019-07-10T14:49:02.326 , Gen : 4500 , BEST: 1286  , SECOND: 1286 
2019-07-10T14:49:06.202 , Gen : 4600 , BEST: 1286  , SECOND: 1286 
2019-07-10T14:49:09.92 , Gen : 4700 , BEST: 1286  , SECOND: 1286 
2019-07-10T14:49:13.615 , Gen : 4800 , BEST: 1286  , SECOND: 1286 
2019-07-10T14:49:17.859 , Gen : 4900 , BEST: 1286  , SECOND: 1286 
2019-07-10T14:49:21.942 , Gen : 5000 , BEST: 1286  , SECOND: 1286 
fitness : 1286 
  code : --[$[-$-+$$-[$$-$+!-![-**$!--.[<>.!+[+.[+.+]$].**[<.*$[.$$[!.*$[,++,+*..]>]>$!<!$,-+<$$]>++$]>-+]>-+[*]<-[*<*[,>*<!,+[,$->+]<*>*+][*><*,*+[!-!!-]-.]!$>$>*].$-<]-<]]]]]*.<$<[<$<[-]>,]+!++  
 goal : hello -> hhlmo
2019-07-10T14:49:25.581 , Gen : 5100 , BEST: 1286  , SECOND: 1286 
2019-07-10T14:49:29.333 , Gen : 5200 , BEST: 1286  , SECOND: 1286 
2019-07-10T14:49:33.129 , Gen : 5300 , BEST: 1286  , SECOND: 1286 
2019-07-10T14:49:36.531 , Gen : 5400 , BEST: 1286  , SECOND: 1286 
2019-07-10T14:49:40.148 , Gen : 5500 , BEST: 1286  , SECOND: 1286 
2019-07-10T14:49:44.982 , Gen : 5600 , BEST: 1286  , SECOND: 1286 
2019-07-10T14:49:49.423 , Gen : 5700 , BEST: 1286  , SECOND: 1286 
2019-07-10T14:49:53.922 , Gen : 5800 , BEST: 1286  , SECOND: 1286 
2019-07-10T14:49:58.412 , Gen : 5900 , BEST: 1286  , SECOND: 1286 
2019-07-10T14:50:02.22 , Gen : 6000 , BEST: 1286  , SECOND: 1286 
fitness : 1286 
  code : -$-[$-$-$-$+*-![-**$--.[<>.!++.[+.+]>--,>[$!>,>]]][]]]]>*>*!<]***+]***++*]<+.>>$>.[--[<]$+$-$$$<*!-$.-,[<[<+,*..]*$[<$.>[>!+.!--[*>$[->+$+*>+,<[!![!$!.<-[!$![!+[$.-+!!.$,+]$.$-.$-$.$[]![  
 goal : hello -> hhlmo
2019-07-10T14:50:06.129 , Gen : 6100 , BEST: 1286  , SECOND: 1286 
2019-07-10T14:50:09.721 , Gen : 6200 , BEST: 1286  , SECOND: 1286 
2019-07-10T14:50:13.548 , Gen : 6300 , BEST: 1286  , SECOND: 1286 
2019-07-10T14:50:17.507 , Gen : 6400 , BEST: 1286  , SECOND: 1286 
2019-07-10T14:50:21.106 , Gen : 6500 , BEST: 1286  , SECOND: 1286 
2019-07-10T14:50:24.611 , Gen : 6600 , BEST: 1286  , SECOND: 1286 
2019-07-10T14:50:27.886 , Gen : 6700 , BEST: 1286  , SECOND: 1286 
2019-07-10T14:50:31.695 , Gen : 6800 , BEST: 1286  , SECOND: 1286 
2019-07-10T14:50:35.76 , Gen : 6900 , BEST: 1286  , SECOND: 1286 
2019-07-10T14:50:40.066 , Gen : 7000 , BEST: 1286  , SECOND: 1286 
fitness : 1286 
  code : -$---$-$!*,![-**$--.[<>.*!++.[+.+]-+.]>$+>+>.],-,>>[]>[[-**>]-*+>$>,,]*>[-$+>++->!+-!]-,,*$]-*]<-.[],.!$<].-,$,.>>!$$$*.!>$$$.+>]>*+[+>.+>$]*[<+!<$*![*<]*<<,*[*++$!<+$!-[>]>]]!,-$,[-]$->  
 goal : hello -> hhlmo
2019-07-10T14:50:44.118 , Gen : 7100 , BEST: 1286  , SECOND: 1286 
2019-07-10T14:50:48.403 , Gen : 7200 , BEST: 1286  , SECOND: 1286 
2019-07-10T14:50:52.636 , Gen : 7300 , BEST: 1286  , SECOND: 1286 
2019-07-10T14:50:56.657 , Gen : 7400 , BEST: 1286  , SECOND: 1286 
2019-07-10T14:51:00.64 , Gen : 7500 , BEST: 1286  , SECOND: 1286 
2019-07-10T14:51:04.951 , Gen : 7600 , BEST: 1286  , SECOND: 1286 
2019-07-10T14:51:09.127 , Gen : 7700 , BEST: 1286  , SECOND: 1286 
2019-07-10T14:51:13.027 , Gen : 7800 , BEST: 1286  , SECOND: 1286 
2019-07-10T14:51:17.136 , Gen : 7900 , BEST: 1286  , SECOND: 1286 
2019-07-10T14:51:21.243 , Gen : 8000 , BEST: 1286  , SECOND: 1286 
fitness : 1286 
  code : >$$,,$---$-$-$!![-**$--.[<>.*!++.[[+.+]<*+<].>]!]-[]$,$*$*>**<![>--<!->,*+[-!**!-*]]...*.]..$..$.-.!-*<!>*+$*.*![<<<[<<[>*+$]*$..<.<<*,$,[]+$<++!]$+]]],*+],**]]!+]]+]]+*[!-+$]<$]<<][*>*!  
 goal : hello -> hhlmo
2019-07-10T14:51:24.593 , Gen : 8100 , BEST: 1288  , SECOND: 1288 
2019-07-10T14:51:27.847 , Gen : 8200 , BEST: 1288  , SECOND: 1288 
2019-07-10T14:51:31.959 , Gen : 8300 , BEST: 1288  , SECOND: 1288 
2019-07-10T14:51:36.462 , Gen : 8400 , BEST: 1288  , SECOND: 1288 
2019-07-10T14:51:40.28 , Gen : 8500 , BEST: 1288  , SECOND: 1288 
2019-07-10T14:51:45.032 , Gen : 8600 , BEST: 1288  , SECOND: 1288 
2019-07-10T14:51:49.84 , Gen : 8700 , BEST: 1288  , SECOND: 1288 
2019-07-10T14:51:54.152 , Gen : 8800 , BEST: 1288  , SECOND: 1288 
2019-07-10T14:51:58.673 , Gen : 8900 , BEST: 1288  , SECOND: 1288 
2019-07-10T14:52:02.629 , Gen : 9000 , BEST: 1288  , SECOND: 1288 
fitness : 1288 
  code : $----$-$$!![-**$--.--[<>.!++.[[+.+$]]]].+[[.-].++]]++>$!.,.$!>[$!!*,$--!!!*<!*$*,[-*,!.!+*]*$]$-.>[]+![+,.+.+>*[.>,.*.!]*>]>][[+.!]$,*]*+<-+*.<.-*!!!+>$+*+-!*[*>[[,><<,!!-$,[->,$]--!>.-!  
 goal : hello -> hflmo
2019-07-10T14:52:06.86 , Gen : 9100 , BEST: 1288  , SECOND: 1288 
2019-07-10T14:52:11.661 , Gen : 9200 , BEST: 1288  , SECOND: 1288 
2019-07-10T14:52:15.919 , Gen : 9300 , BEST: 1288  , SECOND: 1288 
2019-07-10T14:52:19.569 , Gen : 9400 , BEST: 1288  , SECOND: 1288 
2019-07-10T14:52:23.011 , Gen : 9500 , BEST: 1288  , SECOND: 1288 
2019-07-10T14:52:26.989 , Gen : 9600 , BEST: 1288  , SECOND: 1288 
2019-07-10T14:52:31.346 , Gen : 9700 , BEST: 1288  , SECOND: 1288 
2019-07-10T14:52:34.559 , Gen : 9800 , BEST: 1288  , SECOND: 1288 
2019-07-10T14:52:37.761 , Gen : 9900 , BEST: 1288  , SECOND: 1288 
2019-07-10T14:52:40.888 , Gen : 10000 , BEST: 1288  , SECOND: 1288 
fitness : 1288 
  code : $,-$[----$$!![-**$--.--[<>.-!++.[[+.+$]]],*.,.[$!+$.!-.$.!,$.,$$<.,.,[$$,$$$]!*<$!+.!.*][*-[-!!*>*!+]!].]]]]-]]]!.]*<-<],!<!.*$]<!,[.-$!$+!.!!,![!!<*!!-!!+..![,!![$+,>*!!---,,[$+],++!*.-  
 goal : hello -> hflmo
2019-07-10T14:52:44.46 , Gen : 10100 , BEST: 1288  , SECOND: 1288 
2019-07-10T14:52:48.347 , Gen : 10200 , BEST: 1288  , SECOND: 1288 
2019-07-10T14:52:52.523 , Gen : 10300 , BEST: 1288  , SECOND: 1288 
2019-07-10T14:52:56.618 , Gen : 10400 , BEST: 1288  , SECOND: 1288 
2019-07-10T14:53:00.522 , Gen : 10500 , BEST: 1288  , SECOND: 1288 
2019-07-10T14:53:05.077 , Gen : 10600 , BEST: 1288  , SECOND: 1288 
2019-07-10T14:53:08.473 , Gen : 10700 , BEST: 1288  , SECOND: 1288 
2019-07-10T14:53:12.089 , Gen : 10800 , BEST: 1288  , SECOND: 1288 
2019-07-10T14:53:15.253 , Gen : 10900 , BEST: 1288  , SECOND: 1288 
2019-07-10T14:53:18.207 , Gen : 11000 , BEST: 1288  , SECOND: 1288 
fitness : 1288 
  code : ---[--$$!![-**$--.---<>.-!+[.[[+.+]<**$-*[-<$*><$*>$*>-$>+!*>!$$[.[+$*!*!,,+!<<-]!*<<*<.[]-+<[>.*,].+!<$**]*!.,]!.$*<*<++*][,>--..-.,,!.!$!!<,-*,],!],!*!]+!<,$]!*]!,.$$-<.[**..$]+.-*.!$$  
 goal : hello -> hekln
2019-07-10T14:53:21.333 , Gen : 11100 , BEST: 1288  , SECOND: 1288 
2019-07-10T14:53:24.718 , Gen : 11200 , BEST: 1288  , SECOND: 1288 
2019-07-10T14:53:28.118 , Gen : 11300 , BEST: 1288  , SECOND: 1288 
2019-07-10T14:53:31.463 , Gen : 11400 , BEST: 1288  , SECOND: 1288 
2019-07-10T14:53:34.993 , Gen : 11500 , BEST: 1288  , SECOND: 1288 
2019-07-10T14:53:38.964 , Gen : 11600 , BEST: 1288  , SECOND: 1288 
2019-07-10T14:53:42.581 , Gen : 11700 , BEST: 1288  , SECOND: 1288 
2019-07-10T14:53:46.138 , Gen : 11800 , BEST: 1288  , SECOND: 1288 
2019-07-10T14:53:49.799 , Gen : 11900 , BEST: 1288  , SECOND: 1288 
2019-07-10T14:53:53.931 , Gen : 12000 , BEST: 1288  , SECOND: 1288 
fitness : 1288 
  code : >$$---$--$+![[-**$--.--[<>.-!++[.[[+$.+]<[>$$$$<>+>$$+[*!>+-$$+-$$]-[.-[+>>,$]$]>]+>$-*<*,.,[[*[*>+.>><>]]*,*.<]]>+>,]->*$.,-!!$<.]<!!!,].<!!--+]$!*,<!.<<..--$--$.$.,!,$$.-*,,.[.[].$-<>*  
 goal : hello -> hflmo
2019-07-10T14:53:57.618 , Gen : 12100 , BEST: 1289  , SECOND: 1289 
2019-07-10T14:54:01.857 , Gen : 12200 , BEST: 1289  , SECOND: 1289 
2019-07-10T14:54:06.892 , Gen : 12300 , BEST: 1289  , SECOND: 1289 
2019-07-10T14:54:11.303 , Gen : 12400 , BEST: 1289  , SECOND: 1289 
2019-07-10T14:54:15.397 , Gen : 12500 , BEST: 1289  , SECOND: 1289 
2019-07-10T14:54:18.972 , Gen : 12600 , BEST: 1289  , SECOND: 1289 
2019-07-10T14:54:22.29 , Gen : 12700 , BEST: 1289  , SECOND: 1289 
2019-07-10T14:54:25.934 , Gen : 12800 , BEST: 1289  , SECOND: 1289 
2019-07-10T14:54:30.263 , Gen : 12900 , BEST: 1289  , SECOND: 1289 
2019-07-10T14:54:34.721 , Gen : 13000 , BEST: 1289  , SECOND: 1289 
fitness : 1289 
  code : ,---$--$+-![-**$--.---[<>.+!++[.[[+.+]<*!<,$*>**+<$.<>$[<]![]]>.**]---><-]**>>*!<*><*>+!!!*!*$[.!*.[]-*!!]**$>++*]]*]][$[>]<!][[*[!*..!>]$.<]]..[+]!]].-.[+][.-<$$!!*+.,-].+.]<<++.,-+$,*-  
 goal : hello -> helmo
2019-07-10T14:54:38.972 , Gen : 13100 , BEST: 1289  , SECOND: 1289 
2019-07-10T14:54:43.655 , Gen : 13200 , BEST: 1289  , SECOND: 1289 
2019-07-10T14:54:48.043 , Gen : 13300 , BEST: 1289  , SECOND: 1289 
2019-07-10T14:54:51.512 , Gen : 13400 , BEST: 1289  , SECOND: 1289 
2019-07-10T14:54:55.816 , Gen : 13500 , BEST: 1289  , SECOND: 1289 
2019-07-10T14:54:59.923 , Gen : 13600 , BEST: 1289  , SECOND: 1289 
2019-07-10T14:55:03.97 , Gen : 13700 , BEST: 1289  , SECOND: 1289 
fitness : 1290 
  code : -$$--$-![--$![-**$--.---[.,!!++.[.-+++[+.[!+[<+]->->-+>><$->!*>!*!<$+>,!*<,**!<!**[<*..-.$+].!*<]**!]![$!!!$*!>>][]-<.!.[]!..!!+-!..!!!!$[]>,]$.$*>*>+<.+...!*$$.<$],,>.-.$!$.->$>-]>.,-+.  
 goal : hello -> hello
 Generation : 13776 
fitness 1290 
dna : [0.295109, 0.747327, 0.750384, 0.329004, 0.329004, 0.751981, 0.293488, 0.903308, 0.547619, 0.295976, 0.329004, 0.751981, 0.903308, 0.547619, 0.295976, 0.957248, 0.96549, 0.793763, 0.337367, 0.337367, 0.42719, 0.337367, 0.337725, 0.337367, 0.621603, 0.452687, 0.521971, 0.845927, 0.894739, 0.223258, 0.267622, 0.385701, 0.558734, 0.452687, 0.333605, 0.223258, 0.269312, 0.269312, 0.558734, 0.267622, 0.444587, 0.617403, 0.856549, 0.267622, 0.558734, 0.0438027, 0.267622, 0.64653, 0.309521, 0.173199, 0.301757, 0.132503, 0.335644, 0.261141, 0.132503, 0.132503, 0.0604058, 0.775019, 0.283136, 0.132129, 0.853426, 0.987449, 0.115323, 0.874765, 0.951002, 0.899372, 0.0308312, 0.770092, 0.246381, 0.0919156, 0.493224, 0.874765, 0.951002, 0.0604058, 0.532981, 0.963452, 0.951002, 0.899372, 0.0308312, 0.906527, 0.998542, 0.927795, 0.547526, 0.0523146, 0.956861, 0.396981, 0.396981, 0.356192, 0.450276, 0.751031, 0.252433, 0.653463, 0.399242, 0.855846, 0.956764, 0.00473561, 0.653463, 0.914172, 0.970757, 0.88891, 0.695996, 0.879267, 0.559107, 0.772516, 0.907399, 0.874441, 0.818787, 0.772516, 0.970757, 0.906847, 0.0995915, 0.131238, 0.648483, 0.559107, 0.695996, 0.321593, 0.0880405, 0.370729, 0.82809, 0.437859, 0.559107, 0.695996, 0.82809, 0.386839, 0.435959, 0.866064, 0.890777, 0.250389, 0.312207, 0.878017, 0.386839, 0.435959, 0.866064, 0.866064, 0.890777, 0.839108, 0.742579, 0.589671, 0.681787, 0.128548, 0.489091, 0.709116, 0.742579, 0.437138, 0.755673, 0.927748, 0.118695, 0.927748, 0.0919082, 0.236078, 0.0173183, 0.397278, 0.258671, 0.397278, 0.371805, 0.397278, 0.820501, 0.924337, 0.742579, 0.755673, 0.42775, 0.0655139, 0.745474, 0.648678, 0.485165, 0.526655, 0.139032, 0.397278, 0.303091, 0.397278, 0.742579, 0.895031, 0.755673, 0.397278, 0.289406, 0.148815, 0.747327, 0.148815, 0.295109, 0.700534, 0.109399, 0.386552, 0.482814, 0.275528, 0.191051, 0.395353] 
