targetFitness = 522 
params : Main.GeneticAlgorithms.Types.GAParams(136, 1000000, 186, 200, 0.7, 0.01, true, IOStream(<file ../Results/logStringhi.log>), 10818.0, 522.0, 0, 1) 
2019-07-10T12:16:02.23 , Gen : 100 , BEST: 316  , SECOND: 316 
2019-07-10T12:16:03.871 , Gen : 200 , BEST: 317  , SECOND: 317 
2019-07-10T12:16:05.552 , Gen : 300 , BEST: 317  , SECOND: 317 
2019-07-10T12:16:07.2 , Gen : 400 , BEST: 317  , SECOND: 317 
2019-07-10T12:16:08.853 , Gen : 500 , BEST: 317  , SECOND: 317 
2019-07-10T12:16:10.831 , Gen : 600 , BEST: 323  , SECOND: 323 
2019-07-10T12:16:13.236 , Gen : 700 , BEST: 323  , SECOND: 323 
2019-07-10T12:16:15.414 , Gen : 800 , BEST: 331  , SECOND: 331 
2019-07-10T12:16:17.663 , Gen : 900 , BEST: 438  , SECOND: 438 
2019-07-10T12:16:20.625 , Gen : 1000 , BEST: 507  , SECOND: 507 
fitness : 507 
  code : ,++++$!+[+*+*$.*]>$<<,><>,->[>[>>*$<]],+<[,$]$$-$-]]][-,$<.!..$.[,<]$.*,-]$$]$..,-,-!.!]+!..>+-].++*,.>>$$+,-<+.$+,-><,+,-><>,.[<$<<*<<.[[<$*$[<.<---->>!>!+.+*-*+**-*[.]*$[-[+--$>[,.++*+  
 goal : hi -> dt
2019-07-10T12:16:24.051 , Gen : 1100 , BEST: 507  , SECOND: 507 
2019-07-10T12:16:27.012 , Gen : 1200 , BEST: 513  , SECOND: 513 
2019-07-10T12:16:30.547 , Gen : 1300 , BEST: 521  , SECOND: 521 
2019-07-10T12:16:33.278 , Gen : 1400 , BEST: 521  , SECOND: 521 
2019-07-10T12:16:36.184 , Gen : 1500 , BEST: 521  , SECOND: 521 
2019-07-10T12:16:39.133 , Gen : 1600 , BEST: 521  , SECOND: 521 
2019-07-10T12:16:44.1 , Gen : 1700 , BEST: 521  , SECOND: 521 
2019-07-10T12:16:49.079 , Gen : 1800 , BEST: 521  , SECOND: 521 
2019-07-10T12:16:51.982 , Gen : 1900 , BEST: 521  , SECOND: 521 
2019-07-10T12:16:54.304 , Gen : 2000 , BEST: 521  , SECOND: 521 
fitness : 521 
  code : +$$!![[+**$++[+**$*-+[++*..!!<.>>+,,>.+<>[>.+<>[-$++[*+[>$$**+.+++.>-.[[++[+,$$]+,>!][$,,.+,$>$>--$><-->><,]*.,]]$]>,,.,<->,,,!<,+*[,--!![*>--][[<!*,<]>!+><,,+><.$].,<<<.,!><<][$$.<]<>!$  
 goal : hi -> hh
2019-07-10T12:16:57.113 , Gen : 2100 , BEST: 521  , SECOND: 521 
2019-07-10T12:16:59.705 , Gen : 2200 , BEST: 522  , SECOND: 522 
fitness : 522 
  code : !++$$-![[+*!$+++[**$*+[+*.!-$$*..!<<$,[!<<[[$+<>[[*$$]]![,+-+$,+$-+[..,>$-]+][]![$,,.+$>*[$,.$*[$,,*[$$,.+$$>>-*><->*]<<,<->,,,!<,$[-!--$][<$>*,*,]>><,*+><!$]!>.,<<<][[][[[[$.[]]-*]!!*,!  
 goal : hi -> hi
 Generation : 2202 
fitness 522 
dna : [0.848981, 0.239005, 0.211557, 0.786067, 0.76514, 0.277196, 0.853309, 0.630766, 0.598392, 0.221891, 0.917157, 0.823792, 0.781872, 0.249186, 0.268545, 0.243263, 0.553205, 0.987241, 0.987241, 0.781872, 0.987241, 0.190498, 0.561708, 0.211557, 0.993683, 0.411464, 0.885412, 0.323567, 0.751679, 0.752481, 0.993683, 0.432238, 0.411464, 0.885412, 0.0492009, 0.044439, 0.748274, 0.49903, 0.622539, 0.837198, 0.0625592, 0.044439, 0.60405, 0.549393, 0.748274, 0.233622, 0.044439, 0.144324, 0.549393, 0.600541, 0.929923, 0.743811, 0.791314, 0.703699, 0.679011, 0.819839, 0.579783, 0.461883, 0.263922, 0.300651, 0.220464, 0.751623, 0.486408, 0.263922, 0.776008, 0.300651, 0.220464, 0.631927, 0.44671, 0.394351, 0.516002, 0.164887, 0.748802, 0.309449, 0.643904, 0.18856, 0.675074, 0.576585, 0.718553, 0.905553, 0.598661, 0.754308, 0.529177, 0.50383, 0.412361, 0.191252, 0.753855, 0.177541, 0.960567, 0.598661, 0.754308, 0.529177, 0.412361, 0.809583, 0.960567, 0.598661, 0.754308, 0.529177, 0.50383, 0.960567, 0.598661, 0.754308, 0.817045, 0.50383, 0.412361, 0.191252, 0.754308, 0.754308, 0.14698, 0.111951, 0.314725, 0.962397, 0.120548, 0.0457902, 0.315192, 0.102703, 0.924345, 0.701369, 0.0457902, 0.0457902, 0.497501, 0.00305122, 0.347213, 0.126438, 0.483986, 0.545027, 0.497501, 0.903023, 0.00975551, 0.545027, 0.807151, 0.632792, 0.310747, 0.8277, 0.352602, 0.352602, 0.787577, 0.670975, 0.549735, 0.036673, 0.794302, 0.11122, 0.937719, 0.505035, 0.937719, 0.505035, 0.652042, 0.121019, 0.0929852, 0.0102062, 0.505035, 0.932445, 0.221142, 0.0929852, 0.0133181, 0.866365, 0.797997, 0.7217, 0.83292, 0.146543, 0.448335, 0.505035, 0.0133181, 0.0133181, 0.0762238, 0.648785, 0.598607, 0.598607, 0.64914, 0.598607, 0.598607, 0.598607, 0.598607, 0.778172, 0.369576, 0.561801, 0.718607, 0.648785, 0.303421, 0.993368, 0.674783, 0.821973, 0.841379, 0.946722, 0.512845, 0.820089] 
