targetFitness = 1290 
params : Main.GeneticAlgorithms.Types.GAParams(136, 100000, 150, 150, 0.7, 0.01, true, IOStream(<file ../Results/logStringhello.log>), 9438.0, 1290.0, 0, 1) 
2019-07-05T12:32:44.559 
Gen : 100 , BEST: , 764  , SECOND: 762 
2019-07-05T12:32:46.669 
Gen : 200 , BEST: , 1012  , SECOND: 1012 
2019-07-05T12:32:48.793 
Gen : 300 , BEST: , 1274  , SECOND: 1274 
2019-07-05T12:32:50.947 
Gen : 400 , BEST: , 1276  , SECOND: 1276 
2019-07-05T12:32:53.097 
Gen : 500 , BEST: , 1276  , SECOND: 1276 
fitness : 1276 
  code : !*-,!!>>[!]*>**,,*+,<>,><><>,<,>!,*,>-+*,+!---+-$!-*$-$-*$$->[+>]*!->-,*<--<-[$->!-!>+!![.!$.]$].]$.[.!,.,>+[]$,,*,,],->,.->[*>[,,$-.****.<.<>*-*-+[!-  
 goal : hello -> lllll
2019-07-05T12:32:55.616 
Gen : 600 , BEST: , 1279  , SECOND: 1279 
2019-07-05T12:32:57.913 
Gen : 700 , BEST: , 1283  , SECOND: 1283 
2019-07-05T12:33:00.241 
Gen : 800 , BEST: , 1285  , SECOND: 1285 
2019-07-05T12:33:02.593 
Gen : 900 , BEST: , 1285  , SECOND: 1285 
2019-07-05T12:33:05.029 
Gen : 1000 , BEST: , 1285  , SECOND: 1285 
fitness : 1285 
  code : +,,+*>,*><><<>*,>>,>->,>**--!,--,*!,----$!-*[$-$!*.$$->[+*!->$*!-$$]!>!-*!-!*-!,[-[$!.,++++.]$*-[<$>]!,,-*.],*<.],*<]$*,*,]!![!>-]!,],>].!.>,<-+-+*-[$  
 goal : hello -> ihllp
2019-07-05T12:33:07.585 
Gen : 1100 , BEST: , 1285  , SECOND: 1285 
2019-07-05T12:33:10.06 
Gen : 1200 , BEST: , 1285  , SECOND: 1285 
2019-07-05T12:33:12.493 
Gen : 1300 , BEST: , 1285  , SECOND: 1285 
2019-07-05T12:33:14.792 
Gen : 1400 , BEST: , 1285  , SECOND: 1285 
2019-07-05T12:33:17.24 
Gen : 1500 , BEST: , 1285  , SECOND: 1285 
fitness : 1285 
  code : $,>$$,>,**<>>,*>>+[>>>,<**--!--!,,----$!-*[$-$!*.$$$!->[>+<*-+*!*$*$*]!!!>-*!-!*+-!,-[$!.,++++.]$!!$!+-$!+<!!<*>]!],[.$-.]*>!<,]]$],,+.[+[[.*>[.]-,[]$  
 goal : hello -> ihllp
2019-07-05T12:33:19.746 
Gen : 1600 , BEST: , 1285  , SECOND: 1285 
2019-07-05T12:33:22.191 
Gen : 1700 , BEST: , 1286  , SECOND: 1286 
2019-07-05T12:33:24.697 
Gen : 1800 , BEST: , 1286  , SECOND: 1286 
2019-07-05T12:33:27.2 
Gen : 1900 , BEST: , 1286  , SECOND: 1286 
2019-07-05T12:33:29.918 
Gen : 2000 , BEST: , 1286  , SECOND: 1286 
fitness : 1286 
  code : +-+>>,,**>>+**>-!->-!-!,,----$,-*[$-$!*!*-.$$$$$!->[>>+<,*-**!,*$*]!!!>>-*!-!!*+-!,-[[$!.,++++.][][**!!+!>>-,+$$*+!>*<-$$$!!.><-$,.<<*!-!<]$$+.+-*-[[>  
 goal : hello -> hgkko
2019-07-05T12:33:32.299 
Gen : 2100 , BEST: , 1286  , SECOND: 1286 
2019-07-05T12:33:34.54 
Gen : 2200 , BEST: , 1286  , SECOND: 1286 
2019-07-05T12:33:36.832 
Gen : 2300 , BEST: , 1286  , SECOND: 1286 
2019-07-05T12:33:39.113 
Gen : 2400 , BEST: , 1286  , SECOND: 1286 
2019-07-05T12:33:41.398 
Gen : 2500 , BEST: , 1286  , SECOND: 1286 
fitness : 1286 
  code : *->-*,>+!*->>*><->-,->>!-!,----$,-*[$-$*!*-.$$$$$$>[>>+<,*-**!,**]<!!>>-*!-!!*+-!,-[[$!.,++++.][]<$.,.].]+]>$><<<,<$][,*!><$],.<+>*-+*>>.*>-]**-.-++][  
 goal : hello -> hgkko
2019-07-05T12:33:43.93 
Gen : 2600 , BEST: , 1286  , SECOND: 1286 
2019-07-05T12:33:46.464 
Gen : 2700 , BEST: , 1286  , SECOND: 1286 
2019-07-05T12:33:48.867 
Gen : 2800 , BEST: , 1287  , SECOND: 1286 
2019-07-05T12:33:51.306 
Gen : 2900 , BEST: , 1287  , SECOND: 1287 
2019-07-05T12:33:54.121 
Gen : 3000 , BEST: , 1287  , SECOND: 1287 
fitness : 1287 
  code : ->*-!>*!!--,>!---$$>!-$!,-!-!,$-*[$-$-*!*--$$$$$$>>>>[>>+,*!,*-!>]-!+-*-![*!+[$[..+!,+++!,+++$+].]>+!]!!$<.[>>>$],>,*+]]]+-*$-<-->-+><>[$$,,,+!!.>!!-$  
 goal : hello -> hhllo
2019-07-05T12:33:56.73 
Gen : 3100 , BEST: , 1287  , SECOND: 1287 
2019-07-05T12:33:59.184 
Gen : 3200 , BEST: , 1287  , SECOND: 1287 
2019-07-05T12:34:01.625 
Gen : 3300 , BEST: , 1287  , SECOND: 1287 
2019-07-05T12:34:04.095 
Gen : 3400 , BEST: , 1287  , SECOND: 1287 
2019-07-05T12:34:07.039 
Gen : 3500 , BEST: , 1287  , SECOND: 1287 
fitness : 1287 
  code : >,$--$$--$$-,**!,$-!,-!-!,$-*[$-$-*!*--$$$$$$>>>[>>,*!,-!]-!+-*!-![!$[..[,-+++!,!!,++$+].]>+!!$+[>,+!!$+->,!><$]!>,>+,..><+<!-+[+<+*-+<++<>>+*>+]+$++.  
 goal : hello -> ggllo
2019-07-05T12:34:09.752 
Gen : 3600 , BEST: , 1287  , SECOND: 1287 
2019-07-05T12:34:12.2 
Gen : 3700 , BEST: , 1287  , SECOND: 1287 
2019-07-05T12:34:15.058 
Gen : 3800 , BEST: , 1287  , SECOND: 1287 
2019-07-05T12:34:17.917 
Gen : 3900 , BEST: , 1287  , SECOND: 1287 
2019-07-05T12:34:21.359 
Gen : 4000 , BEST: , 1287  , SECOND: 1287 
fitness : 1287 
  code : *-$-,>*!<,$-$[,**!!$-$--![,$-*[-$!*--$$!$$>>>[>>,*!,!-!]*-!+,-*!-![!$[..[,>!!!,++$+]+.,]>++$+.!>..+[>!$,,>,]-.>!.++$$!,$<>>$!,$<>>,$>],$-.*[$[,<$*+*+>  
 goal : hello -> ggllo
2019-07-05T12:34:24.374 
Gen : 4100 , BEST: , 1287  , SECOND: 1287 
2019-07-05T12:34:27.07 
Gen : 4200 , BEST: , 1287  , SECOND: 1287 
2019-07-05T12:34:29.572 
Gen : 4300 , BEST: , 1287  , SECOND: 1287 
2019-07-05T12:34:31.892 
Gen : 4400 , BEST: , 1287  , SECOND: 1287 
2019-07-05T12:34:34.365 
Gen : 4500 , BEST: , 1287  , SECOND: 1287 
fitness : 1287 
  code : >*-!<,$$,$!-$--$![,$-*$-$!-*$-$!*--$$!$$>>>[>>,*,-]]*-!!,-*!-![-![..[,>!!!++$+]>+,<[+,-<,.--[!>,,>]!$+$$*!$[>+>-*>>+><,$><$$[>+$$>,-,-[<.$![$!<++!++<,  
 goal : hello -> ggllo
2019-07-05T12:34:37.102 
Gen : 4600 , BEST: , 1287  , SECOND: 1287 
2019-07-05T12:34:40.303 
Gen : 4700 , BEST: , 1287  , SECOND: 1287 
2019-07-05T12:34:43.699 
Gen : 4800 , BEST: , 1287  , SECOND: 1287 
2019-07-05T12:34:47.412 
Gen : 4900 , BEST: , 1287  , SECOND: 1287 
2019-07-05T12:34:50.694 
Gen : 5000 , BEST: , 1287  , SECOND: 1287 
fitness : 1287 
  code : ,,-$,-!-$-$,+,$-*-$!-*$-$!*--$$![$$>>>[>,,]*-!!,-*!-[-![..[,>!!!!!++$+]!$++.-[!<],!+$$>!$+]!<$*]>!!*,[*<,$*!>$*,--.>$!!>,,,,,>*<!**<*<+!<>,.,+>,.<<<--  
 goal : hello -> ggllo
2019-07-05T12:34:53.836 
Gen : 5100 , BEST: , 1287  , SECOND: 1287 
2019-07-05T12:34:56.584 
Gen : 5200 , BEST: , 1287  , SECOND: 1287 
2019-07-05T12:34:59.723 
Gen : 5300 , BEST: , 1287  , SECOND: 1287 
2019-07-05T12:35:03.224 
Gen : 5400 , BEST: , 1287  , SECOND: 1287 
2019-07-05T12:35:06.15 
Gen : 5500 , BEST: , 1287  , SECOND: 1287 
fitness : 1287 
  code : -$,>!--,$[,+,$-*-$!-*$-$!*--$+![$$$>>!>[,,-!]-!!,-*!-[-![..[,>!!!!++$+]->-[!-[!-$-,]+.!<+$[,.]].$,**>[<*+**$+!>*+>*****[>****+>**+,,!,,,,*!*!.-,][!+->  
 goal : hello -> ggllo
2019-07-05T12:35:08.816 
Gen : 5600 , BEST: , 1287  , SECOND: 1287 
2019-07-05T12:35:11.311 
Gen : 5700 , BEST: , 1287  , SECOND: 1287 
2019-07-05T12:35:13.986 
Gen : 5800 , BEST: , 1287  , SECOND: 1287 
2019-07-05T12:35:16.446 
Gen : 5900 , BEST: , 1287  , SECOND: 1287 
2019-07-05T12:35:18.885 
Gen : 6000 , BEST: , 1287  , SECOND: 1287 
fitness : 1287 
  code : -$,!--,$$,+,$$!--$!-*$-$!*--$!+![$$$>>!>[,!]>-!!,-*!-[..[,!+!!++$+]*,!,--*.$!+,],.![+.[$]-+]>*]$.[*]>[[>]$*+]+$*+]+*!>,**]>>.[,*.*$><$-*->,-!,$+*!*!$[  
 goal : hello -> ffllo
2019-07-05T12:35:21.347 
Gen : 6100 , BEST: , 1287  , SECOND: 1287 
2019-07-05T12:35:24.133 
Gen : 6200 , BEST: , 1287  , SECOND: 1287 
2019-07-05T12:35:27.132 
Gen : 6300 , BEST: , 1287  , SECOND: 1287 
2019-07-05T12:35:29.933 
Gen : 6400 , BEST: , 1287  , SECOND: 1287 
2019-07-05T12:35:32.433 
Gen : 6500 , BEST: , 1287  , SECOND: 1287 
fitness : 1287 
  code : ,-$,!--,$,+,$!--$!-*$-$!*--$!+![$!$$!>[,!]>-!!,-*!-[..[,!+!!++$+]$+.!,.*,!*,.![,+][][$],!!$$+]>*$]]>**!$!>+*[[>+<]-!!+-,[.*<-*,-.*-]]-][$!]$!$[+<.]<.,  
 goal : hello -> ffllo
2019-07-05T12:35:34.724 
Gen : 6600 , BEST: , 1287  , SECOND: 1287 
2019-07-05T12:35:36.999 
Gen : 6700 , BEST: , 1287  , SECOND: 1287 
2019-07-05T12:35:39.927 
Gen : 6800 , BEST: , 1287  , SECOND: 1287 
2019-07-05T12:35:42.65 
Gen : 6900 , BEST: , 1287  , SECOND: 1287 
2019-07-05T12:35:45.525 
Gen : 7000 , BEST: , 1287  , SECOND: 1287 
fitness : 1287 
  code : -,-$,$,$!--$!-*$-$!*--$!+![$$$$!$$!>[+!]!-!!,!-[..[,!+!!++$+]$+]$,*-$,*+,!,-++][$$.*+>]>,+>*+$<+>+<]+*$]$!-[,[+,*!**!<,*!<!>,<!>[[!.><[].[[>*-.<*,!-![  
 goal : hello -> ffllo
2019-07-05T12:35:48.399 
Gen : 7100 , BEST: , 1287  , SECOND: 1287 
2019-07-05T12:35:50.873 
Gen : 7200 , BEST: , 1287  , SECOND: 1287 
2019-07-05T12:35:53.991 
Gen : 7300 , BEST: , 1287  , SECOND: 1287 
2019-07-05T12:35:56.587 
Gen : 7400 , BEST: , 1287  , SECOND: 1287 
2019-07-05T12:35:59.987 
Gen : 7500 , BEST: , 1287  , SECOND: 1287 
fitness : 1287 
  code : $,-$-$!--$!-*$-$!*-$+![$$$$!$[!>[+*!]!-*,!-[..[,!+!+!+!!++$+$-$]$*[>]]$-$,$$,!!+>$<+*+]!.>.>$!>+]++]+]]!!>[>.<]!!>!*<,![>>!!-[>,>>>-+*+-[+-+,]<,-<[$<*  
 goal : hello -> ggllo
2019-07-05T12:36:02.978 
Gen : 7600 , BEST: , 1287  , SECOND: 1287 
2019-07-05T12:36:06.043 
Gen : 7700 , BEST: , 1287  , SECOND: 1287 
2019-07-05T12:36:09.248 
Gen : 7800 , BEST: , 1287  , SECOND: 1287 
2019-07-05T12:36:12.125 
Gen : 7900 , BEST: , 1287  , SECOND: 1287 
2019-07-05T12:36:14.669 
Gen : 8000 , BEST: , 1287  , SECOND: 1287 
fitness : 1287 
  code : $*$--$!--$!-*$-$!*-$![[$$$$!!>[+*!]!-,*,!-[,..[!+!+!+!++$]+$-$*![$+]-]![$*]]$!*[*,*-..*>$]+!<].*+!,*,]!!+[]+,-![<<.>*$><<[,[*.[>[-,[*[.,*<$>,*]>.$,.[-  
 goal : hello -> ggllo
2019-07-05T12:36:17.326 
Gen : 8100 , BEST: , 1287  , SECOND: 1287 
2019-07-05T12:36:19.898 
Gen : 8200 , BEST: , 1287  , SECOND: 1287 
2019-07-05T12:36:22.363 
Gen : 8300 , BEST: , 1287  , SECOND: 1287 
2019-07-05T12:36:25.011 
Gen : 8400 , BEST: , 1287  , SECOND: 1287 
2019-07-05T12:36:28.088 
Gen : 8500 , BEST: , 1287  , SECOND: 1287 
fitness : 1287 
  code : --$!--$!-*$-$!*-$![[$$$$!!>[+*!]!,*+,!-[,..[+!+$+!+$!]!-[$!.-[$!+-[$$!+.>,<*.*],*-->->,<+-.$]*.,,<].-,-><]]+!<...,<[,*+*+*,>$$>>]]$>[]$[$.>$$[$$-+*$-.  
 goal : hello -> ggllo
2019-07-05T12:36:31.988 
Gen : 8600 , BEST: , 1287  , SECOND: 1287 
2019-07-05T12:36:34.343 
Gen : 8700 , BEST: , 1287  , SECOND: 1287 
2019-07-05T12:36:36.898 
Gen : 8800 , BEST: , 1287  , SECOND: 1287 
2019-07-05T12:36:40.056 
Gen : 8900 , BEST: , 1287  , SECOND: 1287 
2019-07-05T12:36:43.069 
Gen : 9000 , BEST: , 1287  , SECOND: 1287 
fitness : 1287 
  code : $--$!--$-*$-$!*-$![[$$$[!,!>[+*!]!,*+<-[,..[!+$$+!+$!]![!<$!-$*!-[-.><-!++<!!!-*,$[>]-$$*$*>>[!.$.>$.<$]><!.[!.!*+*-+,,,*,-!>*[-<,>-+>-+<-+><+$<-[,[>*  
 goal : hello -> ggllo
2019-07-05T12:36:46.236 
Gen : 9100 , BEST: , 1287  , SECOND: 1287 
2019-07-05T12:36:49.718 
Gen : 9200 , BEST: , 1287  , SECOND: 1287 
2019-07-05T12:36:52.848 
Gen : 9300 , BEST: , 1287  , SECOND: 1287 
2019-07-05T12:36:56.098 
Gen : 9400 , BEST: , 1287  , SECOND: 1287 
2019-07-05T12:36:59.624 
Gen : 9500 , BEST: , 1287  , SECOND: 1287 
fitness : 1287 
  code : $*--$!--$-*$-$!*-$![[$$$[,!>[+*!]!,*+<-[..[!+$$+!+$!*![!![>]<![]>,.[$[*>.*$.*[.*$+]]>*<<*]-,<><!*+!++*<-,*->*+*-->]>,!,>,].$+>-,>>.[-*-.--*+-+->>-,.<*  
 goal : hello -> ggllo
2019-07-05T12:37:03.114 
Gen : 9600 , BEST: , 1287  , SECOND: 1287 
2019-07-05T12:37:05.751 
Gen : 9700 , BEST: , 1287  , SECOND: 1287 
2019-07-05T12:37:08.283 
Gen : 9800 , BEST: , 1287  , SECOND: 1287 
2019-07-05T12:37:11.252 
Gen : 9900 , BEST: , 1287  , SECOND: 1287 
2019-07-05T12:37:15.123 
Gen : 10000 , BEST: , 1287  , SECOND: 1287 
fitness : 1287 
  code : ,,$-*!>--$!--$-*$-$!*$![[$,!>[+>!]$,*+<-[..$*!$!!![![+$[!><!!]-$.$<[$[**.,]]*.$[*-!]]$>>>+-->]++,->>>,>-$+$+*.-.*>]$,].[.,*.[-*->-->.-[+.-,[+.--*$*!**  
 goal : hello -> hhllo
2019-07-05T12:37:18.08 
Gen : 10100 , BEST: , 1287  , SECOND: 1287 
2019-07-05T12:37:21.268 
Gen : 10200 , BEST: , 1287  , SECOND: 1287 
2019-07-05T12:37:24.006 
Gen : 10300 , BEST: , 1287  , SECOND: 1287 
2019-07-05T12:37:26.413 
Gen : 10400 , BEST: , 1287  , SECOND: 1287 
2019-07-05T12:37:28.877 
Gen : 10500 , BEST: , 1287  , SECOND: 1287 
fitness : 1287 
  code : $!---$!-$-*$-$!*$![[,$,>[+>!]$,+<-[..$!$!![![+$[!]!+$..,$$<$$[+]*!*,]$>!>]]!!][*--<[!-*--]!*-].*-$+$,>-$>.+*>-+]-[[[[>],--[[[-],>.]].><.+].+-+.+-.+,*$  
 goal : hello -> hhllo
2019-07-05T12:37:31.223 
Gen : 10600 , BEST: , 1287  , SECOND: 1287 
2019-07-05T12:37:34.493 
Gen : 10700 , BEST: , 1287  , SECOND: 1287 
2019-07-05T12:37:36.877 
Gen : 10800 , BEST: , 1287  , SECOND: 1287 
2019-07-05T12:37:39.238 
Gen : 10900 , BEST: , 1287  , SECOND: 1287 
2019-07-05T12:37:41.63 
Gen : 11000 , BEST: , 1287  , SECOND: 1287 
fitness : 1287 
  code : ---$!-$-*[-$*$+![[,>!,>[+>!]$,+<-[..$!!![![+$[!]!.[-.*.-.++,]>-,]-]$][<>]-!]+-]+-!-+,$.+,].<]]*[[,,>]!-[]!]][!]<-]-.[+<$$,,,$,>].,[-.[.!.]>.>]<>>,+*+-  
 goal : hello -> hhllo
2019-07-05T12:37:44.153 
Gen : 11100 , BEST: , 1287  , SECOND: 1287 
2019-07-05T12:37:46.734 
Gen : 11200 , BEST: , 1287  , SECOND: 1287 
2019-07-05T12:37:49.402 
Gen : 11300 , BEST: , 1287  , SECOND: 1287 
2019-07-05T12:37:52.508 
Gen : 11400 , BEST: , 1287  , SECOND: 1287 
2019-07-05T12:37:55.716 
Gen : 11500 , BEST: , 1287  , SECOND: 1287 
fitness : 1287 
  code : ,---$!-$-*[-$*$+![[,*!,$>[,>!],+<-[..$!!![![+$!][!.!.+>-++,]*--,>],]->*]$>![-!>!->[-$*][-]**!!.$!!<<]<!<!!<<<*![<<[-.$>,><>-.*-<--].!,-]*-!]+$>![]$$[[  
 goal : hello -> hhllo
2019-07-05T12:37:58.518 
Gen : 11600 , BEST: , 1287  , SECOND: 1287 
2019-07-05T12:38:01.431 
Gen : 11700 , BEST: , 1287  , SECOND: 1287 
2019-07-05T12:38:04.721 
Gen : 11800 , BEST: , 1287  , SECOND: 1287 
2019-07-05T12:38:07.373 
Gen : 11900 , BEST: , 1287  , SECOND: 1287 
2019-07-05T12:38:09.831 
Gen : 12000 , BEST: , 1287  , SECOND: 1287 
fitness : 1287 
  code : -,--$-$-*[-$*$+>,![,!,$>[,>!],<-[..$$!!!![![+$!]!.$*>-+++]$>>>]]>$+*>>]>]->-!-$,$+.,--+,+,--+*+$-!$+>-]<-[<-,<<>>><*,*+][]!>.*$+,*,<-,[<]!-<]!.<[$>-,,  
 goal : hello -> hhllo
2019-07-05T12:38:12.351 
Gen : 12100 , BEST: , 1287  , SECOND: 1287 
2019-07-05T12:38:15.097 
Gen : 12200 , BEST: , 1287  , SECOND: 1287 
2019-07-05T12:38:17.576 
Gen : 12300 , BEST: , 1287  , SECOND: 1287 
2019-07-05T12:38:20.321 
Gen : 12400 , BEST: , 1287  , SECOND: 1287 
2019-07-05T12:38:23.346 
Gen : 12500 , BEST: , 1287  , SECOND: 1287 
fitness : 1287 
  code : -,--$-$,-*[-$*$+>,*<![**!,$>[,!]<-[..$$!!!![[+$!!,$$]]->]>+-]+<>]]>$>>,>]-+**-><.>$->*>--<->[[><]+,.<!*<<,-!>-.[->.*<>+]>.+*]..+..*>.*,!],]!!++$],+!-!  
 goal : hello -> hhllo
2019-07-05T12:38:26.413 
Gen : 12600 , BEST: , 1287  , SECOND: 1287 
2019-07-05T12:38:29.008 
Gen : 12700 , BEST: , 1287  , SECOND: 1287 
2019-07-05T12:38:31.541 
Gen : 12800 , BEST: , 1287  , SECOND: 1287 
2019-07-05T12:38:34.335 
Gen : 12900 , BEST: , 1287  , SECOND: 1287 
2019-07-05T12:38:37.174 
Gen : 13000 , BEST: , 1287  , SECOND: 1287 
fitness : 1287 
  code : -!>,-$$>,-,--$-$,-*-$[$*$+>![**!>[,>]<-[..$>>!>*![$[+$]<]$]<].,,]*]$*,!-.*****!-*>****-.-$[--<,]>+,*$[,.]<]$<,.+[-$.->**!]><,**!]!!$+**$>,,$!*$,!,*<,!  
 goal : hello -> hhllo
2019-07-05T12:38:39.6 
Gen : 13100 , BEST: , 1287  , SECOND: 1287 
2019-07-05T12:38:42.416 
Gen : 13200 , BEST: , 1287  , SECOND: 1287 
2019-07-05T12:38:44.961 
Gen : 13300 , BEST: , 1287  , SECOND: 1287 
2019-07-05T12:38:47.745 
Gen : 13400 , BEST: , 1287  , SECOND: 1287 
2019-07-05T12:38:51.286 
Gen : 13500 , BEST: , 1287  , SECOND: 1287 
fitness : 1287 
  code : $**-+-[,-+$--$-*-$,$,-*-$![$*$+>-[*+!>[,!>]<-[..$>>!![$[+$$]].,+.$+*]>.><,.,**$.,,$*+***<<*+[,,,*[,,,,[++[[+[**$+[**!+-$[*,**+*+*[!**,*>*+*<$]]*+[[>$,  
 goal : hello -> hhllo
2019-07-05T12:38:54.753 
Gen : 13600 , BEST: , 1287  , SECOND: 1287 
2019-07-05T12:38:57.407 
Gen : 13700 , BEST: , 1287  , SECOND: 1287 
2019-07-05T12:39:00.12 
Gen : 13800 , BEST: , 1287  , SECOND: 1287 
2019-07-05T12:39:03.175 
Gen : 13900 , BEST: , 1287  , SECOND: 1287 
2019-07-05T12:39:05.805 
Gen : 14000 , BEST: , 1287  , SECOND: 1287 
fitness : 1287 
  code : ,---$+-$-*-$,$,-*-,,$*$+>-[-[*+!!>[,!]<-[..$!>!![$[+$]$<<]<,<*,]*..],]$>*[*-+$[[*>*-+[*+..$!--+[,-,[,[>+-+[![+$[<*+<-*-***+*$+.!>+,*$*].$]+.]]*+<[.*+-  
 goal : hello -> hhllo
2019-07-05T12:39:08.198 
Gen : 14100 , BEST: , 1287  , SECOND: 1287 
2019-07-05T12:39:10.554 
Gen : 14200 , BEST: , 1287  , SECOND: 1287 
2019-07-05T12:39:12.786 
Gen : 14300 , BEST: , 1287  , SECOND: 1287 
2019-07-05T12:39:15.299 
Gen : 14400 , BEST: , 1287  , SECOND: 1287 
2019-07-05T12:39:17.652 
Gen : 14500 , BEST: , 1287  , SECOND: 1287 
fitness : 1287 
  code : !-$-$-*-$,-*-,,$*$+!-[-*+!!>[+-!]-<-[..$->!>![[+$].,-,<!>.][<-!$$<!.!,!+,,*+!-*,$*+,<*<,*-**-,$$$.*$!$,[...,$<*$!-[*<$.$.$,,$>*$$]],]$**$$!*+*!*+*-$*-  
 goal : hello -> hhllo
2019-07-05T12:39:20.395 
Gen : 14600 , BEST: , 1287  , SECOND: 1287 
2019-07-05T12:39:24.347 
Gen : 14700 , BEST: , 1287  , SECOND: 1287 
2019-07-05T12:39:27.641 
Gen : 14800 , BEST: , 1287  , SECOND: 1287 
2019-07-05T12:39:31.535 
Gen : 14900 , BEST: , 1287  , SECOND: 1287 
2019-07-05T12:39:36.701 
Gen : 15000 , BEST: , 1287  , SECOND: 1287 
fitness : 1287 
  code : -+>$--$-*-[$,-*-,,$*$+!-!-[-*+!>[-!]-*<-[..$-!>![[+$].+-,<[<-[!>.-[<!.$$*++.,**$..--[$]->$.$<<>$*-!,+,]].[-]]<!],.]!.$+.]!].<.]]*-!*,!>$],<-.>+!!+<*>!  
 goal : hello -> hhllo
2019-07-05T12:39:40.315 
Gen : 15100 , BEST: , 1287  , SECOND: 1287 
2019-07-05T12:39:44.914 
Gen : 15200 , BEST: , 1287  , SECOND: 1287 
2019-07-05T12:39:48.836 
Gen : 15300 , BEST: , 1287  , SECOND: 1287 
2019-07-05T12:39:51.934 
Gen : 15400 , BEST: , 1287  , SECOND: 1287 
2019-07-05T12:39:55.012 
Gen : 15500 , BEST: , 1287  , SECOND: 1287 
fitness : 1287 
  code : ,--$-*$-[[$,-*-,,$*$+!-![-!+!>[*]--*<-[..$-!>![[,+$]>[+$->[$>,.!..[.<[.],!<,!*<$[.]+>-]>>!+$].,>-.+$[+>>][+]*![!$$+>,,-!>-,<>!*$[]*$[]*[>!,,>]>-!]>,-.  
 goal : hello -> hhllo
2019-07-05T12:39:57.918 
Gen : 15600 , BEST: , 1287  , SECOND: 1287 
2019-07-05T12:40:00.881 
Gen : 15700 , BEST: , 1287  , SECOND: 1287 
2019-07-05T12:40:03.808 
Gen : 15800 , BEST: , 1287  , SECOND: 1287 
2019-07-05T12:40:06.882 
Gen : 15900 , BEST: , 1287  , SECOND: 1287 
2019-07-05T12:40:09.695 
Gen : 16000 , BEST: , 1287  , SECOND: 1287 
fitness : 1287 
  code : ----$-*-,,$*$+!-[!!-!>[**]-$<-[..$-!>![[,+$]+$]+[+-$$>->>[<!!!+!,-![-+>>>.*<!,>+--]]<+<*$+*[$,!+*->...<,$+]!*+]>$$[],-][!,]]]]>.],>]],>$>]!,]]!,.!+$,,  
 goal : hello -> hhllo
2019-07-05T12:40:12.171 
Gen : 16100 , BEST: , 1287  , SECOND: 1287 
2019-07-05T12:40:15.027 
Gen : 16200 , BEST: , 1287  , SECOND: 1287 
2019-07-05T12:40:17.906 
Gen : 16300 , BEST: , 1287  , SECOND: 1287 
2019-07-05T12:40:21.022 
Gen : 16400 , BEST: , 1287  , SECOND: 1287 
2019-07-05T12:40:24.485 
Gen : 16500 , BEST: , 1287  , SECOND: 1287 
fitness : 1287 
  code : !-[---$-*-,,$*$+!!-[!!-!>[**]$<-[..$-!![[,+$]$]+[+$,->+$>>->>$>>*>!<[[+-[!$$+!+++[-+->-++-+--***+*[><>.[!+<]]*.]![--![>->.!][]!]-]]!*!+!>!>+.<]>>]]++<  
 goal : hello -> hhllo
2019-07-05T12:40:29.324 
Gen : 16600 , BEST: , 1287  , SECOND: 1287 
2019-07-05T12:40:32.41 
Gen : 16700 , BEST: , 1287  , SECOND: 1287 
2019-07-05T12:40:34.832 
Gen : 16800 , BEST: , 1287  , SECOND: 1287 
2019-07-05T12:40:37.145 
Gen : 16900 , BEST: , 1287  , SECOND: 1287 
2019-07-05T12:40:39.853 
Gen : 17000 , BEST: , 1287  , SECOND: 1287 
fitness : 1287 
  code : ----$-*-,,,$*$+!-[,!!>[**]<-[..$!![[,+$[!]*+[!$><>[!.>*]><$+->]-$]+.<$--[!-*<][*->*$-,$*<>[*-*$-,[><,[]>,.[,][[]-<],.!-].,[>-$-!$[-.+-*[-*-,$<!!<,.+]+  
 goal : hello -> hhllo
2019-07-05T12:40:42.587 
Gen : 17100 , BEST: , 1287  , SECOND: 1287 
2019-07-05T12:40:45.485 
Gen : 17200 , BEST: , 1287  , SECOND: 1287 
2019-07-05T12:40:48.831 
Gen : 17300 , BEST: , 1287  , SECOND: 1287 
2019-07-05T12:40:52.085 
Gen : 17400 , BEST: , 1287  , SECOND: 1287 
2019-07-05T12:40:54.658 
Gen : 17500 , BEST: , 1287  , SECOND: 1287 
fitness : 1287 
  code : --$--$-*-,,,$*$$!-[,!!>!!>[*]<-[..$+![[,+,!->>,!>>*>-!>-!,+$]<->]<]$-.+,$]$-.+<+$,-[,[>!-.$-*+*,,,+.,**[>$**[.]$,-]<--$$.][.!-*[!<<,<<.[+>,<]<*$,,[!,>  
 goal : hello -> hhllo
2019-07-05T12:40:57.298 
Gen : 17600 , BEST: , 1287  , SECOND: 1287 
2019-07-05T12:40:59.945 
Gen : 17700 , BEST: , 1287  , SECOND: 1287 
2019-07-05T12:41:03.039 
Gen : 17800 , BEST: , 1287  , SECOND: 1287 
2019-07-05T12:41:05.874 
Gen : 17900 , BEST: , 1287  , SECOND: 1287 
2019-07-05T12:41:08.372 
Gen : 18000 , BEST: , 1287  , SECOND: 1287 
fitness : 1287 
  code : ----$-*-$,$*$$![,-!>!!>[*]<-[..$[[+>,!,+$>-*,!,+$-$-<]>>$$<-$!+$-]+$+,-$---.*[,$>---+-,,.+--->>><>-<>..]<>$,*><>>]*[[![[,!<$<[[,<-<+][,<[+$-<[$+]!->-,  
 goal : hello -> hhllo
2019-07-05T12:41:10.836 
Gen : 18100 , BEST: , 1287  , SECOND: 1287 
2019-07-05T12:41:14.103 
Gen : 18200 , BEST: , 1287  , SECOND: 1287 
2019-07-05T12:41:16.795 
Gen : 18300 , BEST: , 1287  , SECOND: 1287 
2019-07-05T12:41:19.771 
Gen : 18400 , BEST: , 1287  , SECOND: 1287 
2019-07-05T12:41:22.918 
Gen : 18500 , BEST: , 1287  , SECOND: 1287 
fitness : 1287 
  code : !>--->---$-$-*-$,*$$[,[-!>!$>[*]<-[..$[[+>,!,+$,*,!+$-$-<][<--[-.-$<<$,--,-]]><[[[-]><[[<><[-><[--<+,<]-$,<[]-[+,<<-.*!$].,<[-][]**<*]*]*->>$*]*<]$-!$  
 goal : hello -> hhllo
2019-07-05T12:41:25.585 
Gen : 18600 , BEST: , 1287  , SECOND: 1287 
2019-07-05T12:41:28.118 
Gen : 18700 , BEST: , 1287  , SECOND: 1287 
2019-07-05T12:41:31.047 
Gen : 18800 , BEST: , 1287  , SECOND: 1287 
2019-07-05T12:41:33.681 
Gen : 18900 , BEST: , 1287  , SECOND: 1287 
2019-07-05T12:41:36.531 
Gen : 19000 , BEST: , 1287  , SECOND: 1287 
fitness : 1287 
  code : $*---$-$-*-$,*$,$-[[-!>!$>[<<],<-[..$[[+>,!,+$,,!$+$-$-<]-,-.*>+.*>+,*,[].]><>.!..!<[+>.<$+[!<[..<-+*[.*+,.++,>,>[*>,[[.*.<-!!-[-<]-]]-]<---$-!-<*]],<  
 goal : hello -> hhllo
2019-07-05T12:41:39.184 
Gen : 19100 , BEST: , 1287  , SECOND: 1287 
2019-07-05T12:41:41.958 
Gen : 19200 , BEST: , 1287  , SECOND: 1287 
2019-07-05T12:41:44.567 
Gen : 19300 , BEST: , 1287  , SECOND: 1287 
2019-07-05T12:41:47.136 
Gen : 19400 , BEST: , 1287  , SECOND: 1287 
2019-07-05T12:41:49.705 
Gen : 19500 , BEST: , 1287  , SECOND: 1287 
fitness : 1287 
  code : ---$$-$-*-$,*$,$-[[-!+>!$$>[<<],<-[..$[[+>,!,+$,,!$+$-$-<]+]$+!+[]*-*,$$+![+<]<-.!-[[]*++]-,>[],*],-,--,]+[.[<+>$[[--->>![-[-[-<+---[<->+.>+]+*]!.]]!+  
 goal : hello -> hhllo
2019-07-05T12:41:52.797 
Gen : 19600 , BEST: , 1287  , SECOND: 1287 
2019-07-05T12:41:55.839 
Gen : 19700 , BEST: , 1287  , SECOND: 1287 
2019-07-05T12:41:58.738 
Gen : 19800 , BEST: , 1287  , SECOND: 1287 
2019-07-05T12:42:01.262 
Gen : 19900 , BEST: , 1287  , SECOND: 1287 
2019-07-05T12:42:04.395 
Gen : 20000 , BEST: , 1287  , SECOND: 1287 
fitness : 1287 
  code : *--$--$-*-$,*$,-[[-!+>!$$>[<<]<-[..$[[+>,!,+$,,!$+$-$-<*!]$!>[[[>*$[]>..*,*$$[$[<*+.+>]<>.>.$!$,].+!-[[,++[>*$-+,.+*[<+*+*]],[<-[[$[*<*[*<**-.![*!<<,<  
 goal : hello -> hhllo
2019-07-05T12:42:07.614 
Gen : 20100 , BEST: , 1287  , SECOND: 1287 
2019-07-05T12:42:10.45 
Gen : 20200 , BEST: , 1287  , SECOND: 1287 
2019-07-05T12:42:13.7 
Gen : 20300 , BEST: , 1287  , SECOND: 1287 
2019-07-05T12:42:16.859 
Gen : 20400 , BEST: , 1287  , SECOND: 1287 
2019-07-05T12:42:19.766 
Gen : 20500 , BEST: , 1287  , SECOND: 1287 
fitness : 1287 
  code : ----$-*-$,,*$,-[[-!>!!$$>[<<]<-[..$[[+>,!,+$,,!!+$-$$-<*!]$!>[]>+*>]>.$$[<*,]$]+$,*$!],[[>][,+$[<$[$+*[!++!-*-]*>--,>!$$]<$[<$<$$!+!+![-->-[+++<-!]*[,  
 goal : hello -> hhllo
2019-07-05T12:42:22.58 
Gen : 20600 , BEST: , 1287  , SECOND: 1287 
2019-07-05T12:42:25.184 
Gen : 20700 , BEST: , 1287  , SECOND: 1287 
2019-07-05T12:42:27.777 
Gen : 20800 , BEST: , 1287  , SECOND: 1287 
2019-07-05T12:42:30.179 
Gen : 20900 , BEST: , 1287  , SECOND: 1287 
2019-07-05T12:42:32.782 
Gen : 21000 , BEST: , 1287  , SECOND: 1287 
fitness : 1287 
  code : >[]>----$-*-$,*$,-[!>!!$$>[<<]<-[..$[[+>,!,+$,,!]]!!$!$]$<*<-!>,><[.[$,*,,]<][!,.$>-*!<-*],*,$>-*<]$[,+$!-!-]-!-]*$]<.[]<]<$,*]>]]!.***!.*]->[+-[[!.<-  
 goal : hello -> hhllo
2019-07-05T12:42:35.591 
Gen : 21100 , BEST: , 1287  , SECOND: 1287 
2019-07-05T12:42:38.444 
Gen : 21200 , BEST: , 1287  , SECOND: 1287 
2019-07-05T12:42:41.758 
Gen : 21300 , BEST: , 1287  , SECOND: 1287 
2019-07-05T12:42:45.051 
Gen : 21400 , BEST: , 1287  , SECOND: 1287 
2019-07-05T12:42:48.147 
Gen : 21500 , BEST: , 1287  , SECOND: 1287 
fitness : 1287 
  code : *$--$[-*-$-*-$,*$,[[!,!$*!,>[<<>]<-[..$[[>,!,+$,,!][>![<+-,>[.$]>>><[,$,[$!<*]<<<$><<<$$>+->+->*-,.[$$$]]]$!!$$,].+][],-*-$***-[$!,]-+>+>*[,-[++[*-$>$  
 goal : hello -> hhllo
2019-07-05T12:42:51.869 
Gen : 21600 , BEST: , 1287  , SECOND: 1287 
2019-07-05T12:42:55.42 
Gen : 21700 , BEST: , 1287  , SECOND: 1287 
2019-07-05T12:42:58.778 
Gen : 21800 , BEST: , 1287  , SECOND: 1287 
2019-07-05T12:43:02.065 
Gen : 21900 , BEST: , 1287  , SECOND: 1287 
2019-07-05T12:43:05.579 
Gen : 22000 , BEST: , 1287  , SECOND: 1287 
fitness : 1287 
  code : !-$--[-$$-*-$*$--[!!,>[<,>]<-[..$[[>,!,+$,,,$!][*!.,++[$+$[.[.$!,$[!,>,[[<+>>,<.*+>$*$+$-.$>>-..![$-+>-->-,![!-,$.]-*.]$.]<,$,$<$<[>$]+>,$<$<,$<[,.$]-  
 goal : hello -> hhllo
2019-07-05T12:43:08.403 
Gen : 22100 , BEST: , 1287  , SECOND: 1287 
2019-07-05T12:43:11.243 
Gen : 22200 , BEST: , 1287  , SECOND: 1287 
2019-07-05T12:43:13.662 
Gen : 22300 , BEST: , 1287  , SECOND: 1287 
2019-07-05T12:43:16.283 
Gen : 22400 , BEST: , 1287  , SECOND: 1287 
2019-07-05T12:43:19.103 
Gen : 22500 , BEST: , 1287  , SECOND: 1287 
fitness : 1287 
  code : ----$-*-$*$$--[-!!>[<,$,!]<-[..,$[[>,!,+$,,,$!].].$$]*.!]$*$.+.,.<!$[-<.$+[$[,+>![-$[$>-$>--*]..+>..-!-[[][.-<*+*<-<[<$.[,<-*<-$[+$[-*>$[.+--]]]---,*-  
 goal : hello -> hhllo
2019-07-05T12:43:21.822 
Gen : 22600 , BEST: , 1287  , SECOND: 1287 
2019-07-05T12:43:24.32 
Gen : 22700 , BEST: , 1287  , SECOND: 1287 
2019-07-05T12:43:26.57 
Gen : 22800 , BEST: , 1287  , SECOND: 1287 
2019-07-05T12:43:29.077 
Gen : 22900 , BEST: , 1287  , SECOND: 1287 
2019-07-05T12:43:31.591 
Gen : 23000 , BEST: , 1287  , SECOND: 1287 
fitness : 1287 
  code : $----$-*-$*$$--[>!!>[<,$<!]<-[..$[[>,!,+$,,!]>$]],!*!+>],<,],].-!!!,*,!]*$>$$>>![$[$[>$+.$.,$>[--..+[$....+-,....[].,]<,-.]$[[>[>+]$]><>$]>><><<.+<,<>  
 goal : hello -> hhllo
2019-07-05T12:43:33.94 
Gen : 23100 , BEST: , 1287  , SECOND: 1287 
2019-07-05T12:43:36.537 
Gen : 23200 , BEST: , 1287  , SECOND: 1287 
2019-07-05T12:43:38.975 
Gen : 23300 , BEST: , 1287  , SECOND: 1287 
2019-07-05T12:43:41.361 
Gen : 23400 , BEST: , 1287  , SECOND: 1287 
2019-07-05T12:43:43.837 
Gen : 23500 , BEST: , 1287  , SECOND: 1287 
fitness : 1287 
  code : $----$-*-$*$$[!!>[<,$<+]<-[..$[[>>,!,+$!]*!>,<,>[!,,>]>!*$]!]+!]!>+$$$[-*$>>.$[[+.*.,[...[.$+]$.[...-..>$$.*.>]**[,-]][[*-+.**]>]]]>*-[*>-.>--[*-->.!+  
 goal : hello -> hhllo
2019-07-05T12:43:46.565 
Gen : 23600 , BEST: , 1287  , SECOND: 1287 
2019-07-05T12:43:49.41 
Gen : 23700 , BEST: , 1287  , SECOND: 1287 
2019-07-05T12:43:52.318 
Gen : 23800 , BEST: , 1287  , SECOND: 1287 
2019-07-05T12:43:55.183 
Gen : 23900 , BEST: , 1287  , SECOND: 1287 
2019-07-05T12:43:58.131 
Gen : 24000 , BEST: , 1287  , SECOND: 1287 
fitness : 1287 
  code : ----$-*-$*$-![!!>[,$<+-]!-[..$[>,!,!*!!,[-++$,][*+*,*-$-+>-$+*+-$*+.,*-*,,,*,,]<.>*[[$-!<!*.-.[!.*<[!*$$>-,-]<-[*,]*,].$*,-<[$$,-!>+-<,$-.]!.-![>-!-..  
 goal : hello -> hhllo
2019-07-05T12:44:00.982 
Gen : 24100 , BEST: , 1287  , SECOND: 1287 
2019-07-05T12:44:04.366 
Gen : 24200 , BEST: , 1287  , SECOND: 1287 
2019-07-05T12:44:07.047 
Gen : 24300 , BEST: , 1287  , SECOND: 1287 
2019-07-05T12:44:09.581 
Gen : 24400 , BEST: , 1287  , SECOND: 1287 
2019-07-05T12:44:12.632 
Gen : 24500 , BEST: , 1287  , SECOND: 1287 
fitness : 1287 
  code : -$[---$-*-$*$-!$!!![>!>[$<-]!-[..$[,!!,[-+,-++$,+-<>!$]-,,*>>,<,,,+,,.+>.,!,,,<!>>]-<$>>]-<**>[$>*]!>*][<!!>*][+.[<.*]]]-.]$!$[-[]$.*!$*$.$[![!$-![<-$  
 goal : hello -> hhllo
2019-07-05T12:44:15.398 
Gen : 24600 , BEST: , 1287  , SECOND: 1287 
2019-07-05T12:44:18.62 
Gen : 24700 , BEST: , 1287  , SECOND: 1287 
2019-07-05T12:44:21.883 
Gen : 24800 , BEST: , 1287  , SECOND: 1287 
2019-07-05T12:44:24.585 
Gen : 24900 , BEST: , 1287  , SECOND: 1287 
2019-07-05T12:44:27.184 
Gen : 25000 , BEST: , 1287  , SECOND: 1287 
fitness : 1287 
  code : -$[---$-*-$*$-!$!!![>!>[,$<-]!-[..$-[,!!,[-+,-++$+-<>>!$]*![<[<.<.,.,++.$,-,*+*,!,+!>>>>>]+>-><<>>]-.!]$!.!-*!>][<]>*.*-,,<,>*][+$..*.<]*[->[[[!<]-$*$  
 goal : hello -> hhllo
2019-07-05T12:44:29.819 
Gen : 25100 , BEST: , 1287  , SECOND: 1287 
2019-07-05T12:44:32.376 
Gen : 25200 , BEST: , 1287  , SECOND: 1287 
2019-07-05T12:44:34.993 
Gen : 25300 , BEST: , 1287  , SECOND: 1287 
2019-07-05T12:44:37.906 
Gen : 25400 , BEST: , 1287  , SECOND: 1287 
2019-07-05T12:44:40.797 
Gen : 25500 , BEST: , 1287  , SECOND: 1287 
fitness : 1287 
  code : $>!,!>-[-,--$-*-$*$-!$!![>!>[,$<-]!-[..$-[,!![-+-++$<>>+!*![!+<>>>*!!,]>.>,*>+,!<,>++!>!.>+>.!!!>>+>+>+>-]!-<<,>.$-].-,-,>>[-.><[[>[-[]*+]!,![][,]<+!,  
 goal : hello -> hhllo
2019-07-05T12:44:43.522 
Gen : 25600 , BEST: , 1287  , SECOND: 1287 
2019-07-05T12:44:46.141 
Gen : 25700 , BEST: , 1287  , SECOND: 1287 
2019-07-05T12:44:48.663 
Gen : 25800 , BEST: , 1287  , SECOND: 1287 
2019-07-05T12:44:51.464 
Gen : 25900 , BEST: , 1287  , SECOND: 1287 
2019-07-05T12:44:54.372 
Gen : 26000 , BEST: , 1287  , SECOND: 1287 
fitness : 1287 
  code : *!*>*-,-$[--$-*-$*,$-!!![*>[,-<]!-[..$--[,!![-+-++$++,!!>!,]$>]>!]$]++!>!+!,+*[+>*>>$*,]..]][]<].$.]]][[[]-*>->+$-!-,,-.+<][<[!$*,.!<,*![[<,*!!,,!+-+>  
 goal : hello -> hhllo
2019-07-05T12:44:57.168 
Gen : 26100 , BEST: , 1287  , SECOND: 1287 
2019-07-05T12:45:00.084 
Gen : 26200 , BEST: , 1287  , SECOND: 1287 
2019-07-05T12:45:02.7 
Gen : 26300 , BEST: , 1287  , SECOND: 1287 
2019-07-05T12:45:05.246 
Gen : 26400 , BEST: , 1287  , SECOND: 1287 
2019-07-05T12:45:07.898 
Gen : 26500 , BEST: , 1287  , SECOND: 1287 
fitness : 1287 
  code : ,>*--$--$-*-$*,$-!*!!,![*>[$,-]!-[..$--[![,+--++$+,!]>>$>.,,+[-[>]>],>**[!>.,]$-,,..--*>+,>+,][*+[*>,[*>>+$-<-!,>>,..-<.,.!.<*.****<********$$*$!<-.![  
 goal : hello -> hhllo
2019-07-05T12:45:10.431 
Gen : 26600 , BEST: , 1287  , SECOND: 1287 
2019-07-05T12:45:12.91 
Gen : 26700 , BEST: , 1287  , SECOND: 1287 
2019-07-05T12:45:15.393 
Gen : 26800 , BEST: , 1287  , SECOND: 1287 
2019-07-05T12:45:17.849 
Gen : 26900 , BEST: , 1287  , SECOND: 1287 
2019-07-05T12:45:20.235 
Gen : 27000 , BEST: , 1287  , SECOND: 1287 
fitness : 1287 
  code : --$-*-$-*-$*,$-!*!!![*>[$,]!-$[..$--[![,+--++$,!]][!+,]$+$+$>+*.*[.,<<+><!*>,$,,-*+-.---*>,+[-->-.-,>>$-][[+-,,>.+$[+-[+-[.]**>.!*.*.-*+[*$++$<-*+$<*!  
 goal : hello -> hhllo
2019-07-05T12:45:22.722 
Gen : 27100 , BEST: , 1287  , SECOND: 1287 
2019-07-05T12:45:25.544 
Gen : 27200 , BEST: , 1287  , SECOND: 1287 
2019-07-05T12:45:28.154 
Gen : 27300 , BEST: , 1287  , SECOND: 1287 
2019-07-05T12:45:30.671 
Gen : 27400 , BEST: , 1287  , SECOND: 1287 
2019-07-05T12:45:33.199 
Gen : 27500 , BEST: , 1287  , SECOND: 1287 
fitness : 1287 
  code : >--$-*-$-*-$*,$-!*+!!![*>[$,]!-$[..$,--[![,+$$],,<]>+[$$-+-<><<<<!<*,+[,$.-.*$.*-$,]!+$-+>[,>].!!<<+,*+*.>-]].!..->!,*!]*]>!+!!]>!]<-.+]*[]*-*>*].*.>-  
 goal : hello -> hhllo
2019-07-05T12:45:36.015 
Gen : 27600 , BEST: , 1287  , SECOND: 1287 
2019-07-05T12:45:38.925 
Gen : 27700 , BEST: , 1287  , SECOND: 1287 
2019-07-05T12:45:42.35 
Gen : 27800 , BEST: , 1287  , SECOND: 1287 
2019-07-05T12:45:44.947 
Gen : 27900 , BEST: , 1287  , SECOND: 1287 
2019-07-05T12:45:47.606 
Gen : 28000 , BEST: , 1287  , SECOND: 1287 
fitness : 1287 
  code : ,,--$--$-*-$*,$-!*+!,![*[>[,*]!-$$[.!.$,--![+![,+!!,-,[+$]>,>+]>+[$$[*-+$->$<-.].[.!,*+++].[.,.++---...*>-**>$]]****>*<**!>*>!**>*>,]]-.<[]+][]-*![-],  
 goal : hello -> hhllo
2019-07-05T12:45:50.815 
Gen : 28100 , BEST: , 1287  , SECOND: 1287 
2019-07-05T12:45:53.66 
Gen : 28200 , BEST: , 1287  , SECOND: 1287 
2019-07-05T12:45:56.901 
Gen : 28300 , BEST: , 1287  , SECOND: 1287 
2019-07-05T12:46:01.033 
Gen : 28400 , BEST: , 1287  , SECOND: 1287 
2019-07-05T12:46:04.496 
Gen : 28500 , BEST: , 1287  , SECOND: 1287 
fitness : 1287 
  code : -$-$--$-*-$*$*,>>!-[!+-!![[[*->,*]!-$$[..$--[+![,!!,-,[+$],>>$,,]][><-]$[*-->]>-]!.!.+-.>+>.>><>*>>*.$...**>>!<*>..<..$.<,>*!,->,,]*]$*.].]-,><*>>*+[*  
 goal : hello -> hhllo
2019-07-05T12:46:08.267 
Gen : 28600 , BEST: , 1287  , SECOND: 1287 
2019-07-05T12:46:11.726 
Gen : 28700 , BEST: , 1287  , SECOND: 1287 
2019-07-05T12:46:15.335 
Gen : 28800 , BEST: , 1287  , SECOND: 1287 
2019-07-05T12:46:18.85 
Gen : 28900 , BEST: , 1287  , SECOND: 1287 
2019-07-05T12:46:22.354 
Gen : 29000 , BEST: , 1287  , SECOND: 1287 
fitness : 1287 
  code : --+,$$---$,-*-$*$,$>,!-!+<[[*>-[[*->*]!-$$[..-<--[+![,!$-,[++-$][[$->$[+<.->]>!-.<<<+<+-[<.!--]<<.+<!-.,**<>-!>.*,*,*,,*<,.,*<$**<*--*].**!--]-!.*$,-+  
 goal : hello -> hhllo
2019-07-05T12:46:26.833 
Gen : 29100 , BEST: , 1287  , SECOND: 1287 
2019-07-05T12:46:30.707 
Gen : 29200 , BEST: , 1287  , SECOND: 1287 
2019-07-05T12:46:34.328 
Gen : 29300 , BEST: , 1287  , SECOND: 1287 
2019-07-05T12:46:37.25 
Gen : 29400 , BEST: , 1287  , SECOND: 1287 
2019-07-05T12:46:40.465 
Gen : 29500 , BEST: , 1287  , SECOND: 1287 
fitness : 1287 
  code : --$,-*-$$,-*-$*$!$!$>!-<[[*>-[[*->*]!-$$[..-<--![+![!$-,[++-$][<,![>$$$>].->-*-]>---[<$..!-![.+[<!!->]<$*![-]*,*$,*--],!,*<$*<**>*><*+*..$<![---!<<+,-  
 goal : hello -> hhllo
2019-07-05T12:46:43.376 
Gen : 29600 , BEST: , 1287  , SECOND: 1287 
2019-07-05T12:46:46.176 
Gen : 29700 , BEST: , 1287  , SECOND: 1287 
2019-07-05T12:46:49.363 
Gen : 29800 , BEST: , 1287  , SECOND: 1287 
2019-07-05T12:46:52.167 
Gen : 29900 , BEST: , 1287  , SECOND: 1287 
2019-07-05T12:46:54.913 
Gen : 30000 , BEST: , 1287  , SECOND: 1287 
fitness : 1287 
  code : --$-$,[-$$!$-*-$*$!!$>!-!<[>[*>-[[*->*]!-$$$$[..-<-*![+![!,-,[++-$]--[<--$]-$!--]-+*-]!-<*--++><!->[!]]]*$+*,,,,-$$!.+.,]+++$]>.+>+>>[>+>>.<<*<*<*<-,$  
 goal : hello -> hhllo
2019-07-05T12:46:57.886 
Gen : 30100 , BEST: , 1287  , SECOND: 1287 
2019-07-05T12:47:01.081 
Gen : 30200 , BEST: , 1287  , SECOND: 1287 
2019-07-05T12:47:04.246 
Gen : 30300 , BEST: , 1287  , SECOND: 1287 
2019-07-05T12:47:07.234 
Gen : 30400 , BEST: , 1287  , SECOND: 1287 
2019-07-05T12:47:10.566 
Gen : 30500 , BEST: , 1287  , SECOND: 1287 
fitness : 1287 
  code : ,+-----$-!$[!$-*-$*$!!$>!-!<[>[->-[,*->*]!-$$$!$[..<-**![![,-,[++-$]-[+-$]<*<]>,->-]+-*--*<*<+---]--$->$*$]!$[+]*$,]$]<]<+<]>++>+]+..+>,-[<-*]>$>!>-!!  
 goal : hello -> hhllo
2019-07-05T12:47:13.774 
Gen : 30600 , BEST: , 1287  , SECOND: 1287 
2019-07-05T12:47:16.546 
Gen : 30700 , BEST: , 1287  , SECOND: 1287 
2019-07-05T12:47:19.204 
Gen : 30800 , BEST: , 1287  , SECOND: 1287 
2019-07-05T12:47:21.797 
Gen : 30900 , BEST: , 1287  , SECOND: 1287 
2019-07-05T12:47:24.438 
Gen : 31000 , BEST: , 1287  , SECOND: 1287 
fitness : 1287 
  code : >,$----$-!$*!$-*-$*$!!$$>!!!$<[><->-[,*>*]!-$$!$[..<-**>![,[,+$]$]$$*!.>$$$$*---<-.$--,]]-+><,,,![$+>!*<$$[[+*>,><,>+$<$+$!+$>+,>!+.,$>,>,!-++[*>]-.<.  
 goal : hello -> hhllo
2019-07-05T12:47:27.126 
Gen : 31100 , BEST: , 1287  , SECOND: 1287 
2019-07-05T12:47:29.428 
Gen : 31200 , BEST: , 1287  , SECOND: 1287 
2019-07-05T12:47:31.915 
Gen : 31300 , BEST: , 1287  , SECOND: 1287 
2019-07-05T12:47:34.252 
Gen : 31400 , BEST: , 1287  , SECOND: 1287 
2019-07-05T12:47:36.619 
Gen : 31500 , BEST: , 1287  , SECOND: 1287 
fitness : 1287 
  code : $,----$-!$!$-*-$*$!!$$,>!!$<[><*>-[*>*]!-$$!$[..<-**>!,[+,+$$]*,.!,].>>]>-.$].$]*>]]]$>[!!,!!<+$*>$.>->+++].$+$+++$>$<>]]+>>[-]<>.$$$,$+,.+.$]$]$+.$$$  
 goal : hello -> hhllo
2019-07-05T12:47:39.127 
Gen : 31600 , BEST: , 1287  , SECOND: 1287 
2019-07-05T12:47:41.683 
Gen : 31700 , BEST: , 1287  , SECOND: 1287 
2019-07-05T12:47:44.295 
Gen : 31800 , BEST: , 1287  , SECOND: 1287 
2019-07-05T12:47:46.906 
Gen : 31900 , BEST: , 1287  , SECOND: 1287 
2019-07-05T12:47:49.06 
Gen : 32000 , BEST: , 1287  , SECOND: 1287 
fitness : 1287 
  code : --$--$-*-$*$$!!$$>!>!>!!*[><>-[*>>*!-$!$[..,-**-!,[+,+$$$!$$],.>,.![.>.>$][--$.]>*$+,[]]>+>]][]$+.].]>]>-+$$.!$$<[>-<>!+--<[.<[$$,*+!<$$.+*[+*<+$++*-.  
 goal : hello -> hhllo
2019-07-05T12:47:51.351 
Gen : 32100 , BEST: , 1287  , SECOND: 1287 
2019-07-05T12:47:53.681 
Gen : 32200 , BEST: , 1287  , SECOND: 1287 
2019-07-05T12:47:56.175 
Gen : 32300 , BEST: , 1287  , SECOND: 1287 
2019-07-05T12:47:58.627 
Gen : 32400 , BEST: , 1287  , SECOND: 1287 
2019-07-05T12:48:01.244 
Gen : 32500 , BEST: , 1287  , SECOND: 1287 
fitness : 1287 
  code : ----$$-*-$*$$+>!,!!+>!!*[*<>-[*>>*!-$!$[..,-<**-![+,+$$$!$]$]$]+]..!-,,$-]+]]>><$-]+].]-$]>*!]]$,.>>*![]>],<[>[$+,.>,,+,.+,$+,.+>>*+[++!***$,,[,[$<..<  
 goal : hello -> hhllo
2019-07-05T12:48:04.241 
Gen : 32600 , BEST: , 1287  , SECOND: 1287 
2019-07-05T12:48:07.268 
Gen : 32700 , BEST: , 1287  , SECOND: 1287 
2019-07-05T12:48:10.409 
Gen : 32800 , BEST: , 1287  , SECOND: 1287 
2019-07-05T12:48:13.347 
Gen : 32900 , BEST: , 1287  , SECOND: 1287 
2019-07-05T12:48:16.227 
Gen : 33000 , BEST: , 1287  , SECOND: 1287 
fitness : 1287 
  code : $----$[$-*-$*$$+>!,!!!>!!*[*<-[*>>*!-$!$[..,-<**-![+,+$$$]$]$$+!-,+].!,><.!.*].!*]*>$$!![!]>[[[-[.<$[>*$]+$]*!]]*![][+]![[,,$,$**$,+>+.$,+>*]<$<<<$$$,  
 goal : hello -> hhllo
2019-07-05T12:48:18.734 
Gen : 33100 , BEST: , 1287  , SECOND: 1287 
2019-07-05T12:48:21.258 
Gen : 33200 , BEST: , 1287  , SECOND: 1287 
2019-07-05T12:48:23.706 
Gen : 33300 , BEST: , 1287  , SECOND: 1287 
2019-07-05T12:48:26.187 
Gen : 33400 , BEST: , 1287  , SECOND: 1287 
2019-07-05T12:48:28.623 
Gen : 33500 , BEST: , 1287  , SECOND: 1287 
fitness : 1287 
  code : -$--$-$-*-$*$+>!,!!!!!!*!*-[[>>!-$!$[..,-<,*![++!++$$][$]**$$+[,$!>!.**[*-..[!.+++]!!,++]!*+.,,,!!!.![>$+-!$*<,*]][]<[+[.,<$!+],[!$$,]<,$<..-$]$,++>$<  
 goal : hello -> hhllo
2019-07-05T12:48:31.222 
Gen : 33600 , BEST: , 1287  , SECOND: 1287 
2019-07-05T12:48:34.035 
Gen : 33700 , BEST: , 1287  , SECOND: 1287 
2019-07-05T12:48:36.99 
Gen : 33800 , BEST: , 1287  , SECOND: 1287 
2019-07-05T12:48:39.641 
Gen : 33900 , BEST: , 1287  , SECOND: 1287 
2019-07-05T12:48:42.111 
Gen : 34000 , BEST: , 1287  , SECOND: 1287 
fitness : 1287 
  code : ,---,-$-*-$*$+><!!!!!![*!-[[>>!-$!$[..,-<,![>+!++$][<+*+*$!$+->,,,*$+$++,+>[,!!,!*..!!.>**!!-**[$<>[*$>.$],$$>>[]$*$*[$$+[$.,<$<$$$[$[+$,.+[[-[[[,!>+>  
 goal : hello -> hhllo
2019-07-05T12:48:44.695 
Gen : 34100 , BEST: , 1287  , SECOND: 1287 
2019-07-05T12:48:47.269 
Gen : 34200 , BEST: , 1287  , SECOND: 1287 
2019-07-05T12:48:50.143 
Gen : 34300 , BEST: , 1287  , SECOND: 1287 
2019-07-05T12:48:53.061 
Gen : 34400 , BEST: , 1287  , SECOND: 1287 
2019-07-05T12:48:56.81 
Gen : 34500 , BEST: , 1287  , SECOND: 1287 
fitness : 1287 
  code : >-[--,-$-*-$*$+><!<!!!-*!>[[+[[>>!-$!$[..,!,[>+-!,++$]$**!!.*$]!!$>*!.$+,*$>*$>++--[+[[*..-]><+-!+>$],$-*[,.<*.-$*+><,$+<$<[<+><$,$[$[[[><+[[*!+*!,>.-  
 goal : hello -> hhllo
2019-07-05T12:49:00.102 
Gen : 34600 , BEST: , 1287  , SECOND: 1287 
2019-07-05T12:49:03.332 
Gen : 34700 , BEST: , 1287  , SECOND: 1287 
2019-07-05T12:49:07.092 
Gen : 34800 , BEST: , 1287  , SECOND: 1287 
2019-07-05T12:49:10.548 
Gen : 34900 , BEST: , 1287  , SECOND: 1287 
2019-07-05T12:49:13.368 
Gen : 35000 , BEST: , 1287  , SECOND: 1287 
fitness : 1287 
  code : >-[--,-$-*-$*$++><!<!!!-!!->![[+[[>>!-$!$[..,!,[>+-!,++$]$<>*.**[![*$.++.+>[[!]>,,>,><*$[[>+,+>++>$.>*>[+<,$-<[<>[]$<<<.>.-[[[]<<[$>-$<$>.+$-!*+>]..>!  
 goal : hello -> hhllo
2019-07-05T12:49:16.141 
Gen : 35100 , BEST: , 1287  , SECOND: 1287 
2019-07-05T12:49:19.031 
Gen : 35200 , BEST: , 1287  , SECOND: 1287 
2019-07-05T12:49:22.462 
Gen : 35300 , BEST: , 1287  , SECOND: 1287 
2019-07-05T12:49:27.017 
Gen : 35400 , BEST: , 1287  , SECOND: 1287 
2019-07-05T12:49:31.773 
Gen : 35500 , BEST: , 1287  , SECOND: 1287 
fitness : 1287 
  code : -[---$-*-$*$++>!!<!!!!*!-[>$[[+[[>>!-$!$[..>!,[>*-!,++$]>!.[+..!!+-.!.+-++![>+>**>],-,>+[$,*>>>,.]>>>>]]+]+]<+-]<.-+*$$.,]-![-$!![$$+![]!$]<][]+,,!]$,  
 goal : hello -> hhllo
2019-07-05T12:49:36.092 
Gen : 35600 , BEST: , 1287  , SECOND: 1287 
2019-07-05T12:49:38.924 
Gen : 35700 , BEST: , 1287  , SECOND: 1287 
2019-07-05T12:49:41.418 
Gen : 35800 , BEST: , 1287  , SECOND: 1287 
2019-07-05T12:49:44.766 
Gen : 35900 , BEST: , 1287  , SECOND: 1287 
2019-07-05T12:49:48.936 
Gen : 36000 , BEST: , 1287  , SECOND: 1287 
fitness : 1287 
  code : *-[---$-*-$*$++++>+!<!!!*-[$>$[!,[+[[>>!-$!![..>!,[>*-!,++$]>[[!.!-+[[*[!]$-$,+-,-!]$-$,+>>>*++..+*..>>-+!>>-].]--+!]].-$$.*!!$.$!][[+].!>]][<.>+$<!*,  
 goal : hello -> hhllo
2019-07-05T12:49:51.858 
Gen : 36100 , BEST: , 1287  , SECOND: 1287 
2019-07-05T12:49:55.066 
Gen : 36200 , BEST: , 1287  , SECOND: 1287 
2019-07-05T12:49:57.951 
Gen : 36300 , BEST: , 1287  , SECOND: 1287 
2019-07-05T12:50:00.998 
Gen : 36400 , BEST: , 1287  , SECOND: 1287 
2019-07-05T12:50:03.938 
Gen : 36500 , BEST: , 1287  , SECOND: 1287 
fitness : 1287 
  code : !$-[---$-*-$*$++++>+!<!!$*-[$->$[!,[+[[>>!-$!![..!,[>*-!,!++$]>$]>*.+>!]$.!+>.*+$$!]>*]>*-.<]**.>-.>,[>--.>-.>!.<<!!!!![<.]<.],$],$+,.*$++,+,!!$*]!-*]  
 goal : hello -> hhllo
2019-07-05T12:50:07.447 
Gen : 36600 , BEST: , 1287  , SECOND: 1287 
2019-07-05T12:50:10.239 
Gen : 36700 , BEST: , 1287  , SECOND: 1287 
2019-07-05T12:50:13.147 
Gen : 36800 , BEST: , 1287  , SECOND: 1287 
2019-07-05T12:50:16.307 
Gen : 36900 , BEST: , 1287  , SECOND: 1287 
2019-07-05T12:50:19.657 
Gen : 37000 , BEST: , 1287  , SECOND: 1287 
fitness : 1287 
  code : $-$-[--$-*-$,*$-+++>!<!!$**-[$->$$[!,[+[[-->!-$!![..!,[>!,!++$$]>+-$]>><,.[..[.<$>.]]-,>$*>>>.+-++*-$,!!!!-]->![!!+>!]-!]$+*-+]$!*>]]*-!<*!-**<.]>...>  
 goal : hello -> hhllo
2019-07-05T12:50:23.287 
Gen : 37100 , BEST: , 1287  , SECOND: 1287 
2019-07-05T12:50:26.981 
Gen : 37200 , BEST: , 1287  , SECOND: 1287 
2019-07-05T12:50:30.73 
Gen : 37300 , BEST: , 1287  , SECOND: 1287 
2019-07-05T12:50:34.019 
Gen : 37400 , BEST: , 1287  , SECOND: 1287 
2019-07-05T12:50:37.136 
Gen : 37500 , BEST: , 1287  , SECOND: 1287 
fitness : 1287 
  code : !-$-[--$-,*-$,*$-+[++>!<!!!$-[$->$$!-[+[>!-$$![$!-[..!,[!>,!++,$]$!+]]$*,],]<*.>,<,$-!,-*,[,$<!$-*!!$!,$!!,!*!]]$].!,*<.-!-<.<>+>>+>,$<>!<$*$,>*-$*[$.  
 goal : hello -> ggllo
2019-07-05T12:50:40.289 
Gen : 37600 , BEST: , 1287  , SECOND: 1287 
2019-07-05T12:50:43.288 
Gen : 37700 , BEST: , 1287  , SECOND: 1287 
2019-07-05T12:50:46.198 
Gen : 37800 , BEST: , 1287  , SECOND: 1287 
2019-07-05T12:50:50.078 
Gen : 37900 , BEST: , 1287  , SECOND: 1287 
2019-07-05T12:50:53.423 
Gen : 38000 , BEST: , 1287  , SECOND: 1287 
fitness : 1287 
  code : -*+*--[--$-*-$,*$-+[++,>!<!!$-[$-!,>$!-[+[>!-$![$!-+<!$!-[..-!,[!>,!+,+,$]]*.!*,[!+[]>*,>,-*,!!],[+-.>>,!>-$]<,!,>$][!-.<>[.>++>*$$,<*..>>>,>+++>+++!.  
 goal : hello -> ggllo
2019-07-05T12:50:56.809 
Gen : 38100 , BEST: , 1287  , SECOND: 1287 
2019-07-05T12:51:00.619 
Gen : 38200 , BEST: , 1287  , SECOND: 1287 
2019-07-05T12:51:03.911 
Gen : 38300 , BEST: , 1287  , SECOND: 1287 
2019-07-05T12:51:07.054 
Gen : 38400 , BEST: , 1287  , SECOND: 1287 
2019-07-05T12:51:11.652 
Gen : 38500 , BEST: , 1287  , SECOND: 1287 
fitness : 1287 
  code : --$--$-*-$,*$-+,-++,><>!<!!$-[$-!,>$!-,[>!-$!--<[-<!$!-[..-!,[!>,!+,+,$]]*.].][],]]>*,$$+$!$>*>$].,[,*]>**]$<*>[.[>,<][]**-.>>,-]]]]>>>*>,->-,->,-*,-+  
 goal : hello -> ggllo
2019-07-05T12:51:14.693 
Gen : 38600 , BEST: , 1287  , SECOND: 1287 
2019-07-05T12:51:17.393 
Gen : 38700 , BEST: , 1287  , SECOND: 1287 
2019-07-05T12:51:20.233 
Gen : 38800 , BEST: , 1287  , SECOND: 1287 
2019-07-05T12:51:23.118 
Gen : 38900 , BEST: , 1287  , SECOND: 1287 
2019-07-05T12:51:26.255 
Gen : 39000 , BEST: , 1287  , SECOND: 1287 
fitness : 1287 
  code : -,-$--$-*-$,*$-+><>!<!!-![-![-,>$!-,[>!-$!--<![-<!$.!-.-!,[!+>,!+,+,$,]]-**+[,!,$+]+>*****]!!]*],]!,]]+!-!*,]-*!]>![***][]*-,++-.,.]*[<,.]*<.!-*[-$]]+  
 goal : hello -> hglko
2019-07-05T12:51:29.28 
Gen : 39100 , BEST: , 1287  , SECOND: 1287 
2019-07-05T12:51:32.176 
Gen : 39200 , BEST: , 1287  , SECOND: 1287 
2019-07-05T12:51:34.936 
Gen : 39300 , BEST: , 1287  , SECOND: 1287 
2019-07-05T12:51:37.496 
Gen : 39400 , BEST: , 1287  , SECOND: 1287 
2019-07-05T12:51:40.192 
Gen : 39500 , BEST: , 1287  , SECOND: 1287 
fitness : 1287 
  code : $$$*,--$$--$-*-$*$-+><>!<![-![-,>!-,[>!-$!--!---[-<!$.!-.-!,<[!!+>!+,+,$,[]]]>-**+.**.>**]]--*->*$]+*,[[]*>,**$[-[!]-!-][!][<<]<**--].]].>!>>[!-*[.,,.  
 goal : hello -> hglko
2019-07-05T12:51:43.793 
Gen : 39600 , BEST: , 1287  , SECOND: 1287 
2019-07-05T12:51:47.04 
Gen : 39700 , BEST: , 1287  , SECOND: 1287 
2019-07-05T12:51:49.993 
Gen : 39800 , BEST: , 1287  , SECOND: 1287 
2019-07-05T12:51:52.964 
Gen : 39900 , BEST: , 1287  , SECOND: 1287 
2019-07-05T12:51:55.958 
Gen : 40000 , BEST: , 1287  , SECOND: 1287 
fitness : 1287 
  code : !->--$--$-*-$[*$-+><>!!<![-![-,>!,[!-$!-!--[-<!$.!-.-!$<[!!+>!+,+,$,]]<.-*,*]+$$*..!*>*$$],>*>--*>+$],+**]->[--![+.].]->--!]]-]!!>>.>[!+!--[**.*++!$$!  
 goal : hello -> hglko
2019-07-05T12:51:59.563 
Gen : 40100 , BEST: , 1287  , SECOND: 1287 
2019-07-05T12:52:05.298 
Gen : 40200 , BEST: , 1287  , SECOND: 1287 
2019-07-05T12:52:10.592 
Gen : 40300 , BEST: , 1287  , SECOND: 1287 
2019-07-05T12:52:14.495 
Gen : 40400 , BEST: , 1287  , SECOND: 1287 
2019-07-05T12:52:18.248 
Gen : 40500 , BEST: , 1287  , SECOND: 1287 
fitness : 1287 
  code : -->>-$->--$--$-*-$[*$-+>*<>!!<![--,>!![!-$!-!--[-<!$.!.-!$-<[,!!+>!++,$,]!>]+.+!++!+.*>>$*>!*>$[*[$!**!>>+]![!!>*]-]!>]]!>]<><!*><!+[-!--<!-!-.+.*.-!!  
 goal : hello -> hhllo
2019-07-05T12:52:21.497 
Gen : 40600 , BEST: , 1287  , SECOND: 1287 
2019-07-05T12:52:24.497 
Gen : 40700 , BEST: , 1287  , SECOND: 1287 
2019-07-05T12:52:27.976 
Gen : 40800 , BEST: , 1287  , SECOND: 1287 
2019-07-05T12:52:31.419 
Gen : 40900 , BEST: , 1287  , SECOND: 1287 
2019-07-05T12:52:34.425 
Gen : 41000 , BEST: , 1287  , SECOND: 1287 
fitness : 1287 
  code : -$+!+---$-$-*-$[*$-+>,*<>!-->![![!-$*!--!--[-<!$.!.-!$-<+[,!!+>!++,$[]++]>]-]>!>$>]$>-,*>[[!!!>!-!<*->+>]<$,-.*[<!.!.]-]*!$-++!>!-!,**$[*$*->$-!!$,>[*  
 goal : hello -> hhllo
2019-07-05T12:52:37.579 
Gen : 41100 , BEST: , 1287  , SECOND: 1287 
2019-07-05T12:52:40.395 
Gen : 41200 , BEST: , 1287  , SECOND: 1287 
2019-07-05T12:52:42.887 
Gen : 41300 , BEST: , 1287  , SECOND: 1287 
2019-07-05T12:52:45.78 
Gen : 41400 , BEST: , 1287  , SECOND: 1287 
2019-07-05T12:52:49.016 
Gen : 41500 , BEST: , 1287  , SECOND: 1287 
fitness : 1287 
  code : >+,$--$+---$-$-*-$[*$-+->!*>!-->![![!-$*!!--[-<!$.!.-!$-<+[+!>!++,,$$[]<!*$[]<!>$][<!]-.]-]!!*!!*>!!>+*>+,*-[!-<,,$<>![,[>![!,$!$!$+!$,.-$[*!],,[>-+>>  
 goal : hello -> hhllo
2019-07-05T12:52:51.762 
Gen : 41600 , BEST: , 1287  , SECOND: 1287 
2019-07-05T12:52:54.192 
Gen : 41700 , BEST: , 1287  , SECOND: 1287 
2019-07-05T12:52:56.717 
Gen : 41800 , BEST: , 1287  , SECOND: 1287 
2019-07-05T12:52:59.553 
Gen : 41900 , BEST: , 1287  , SECOND: 1287 
2019-07-05T12:53:02.349 
Gen : 42000 , BEST: , 1287  , SECOND: 1287 
fitness : 1287 
  code : ---$-$-*-$[*$*+-!>!*>+!!->!*!!-!>!!>>*![!!-$[-<!$.!.-!$+-<*[+!>!++,,$$---,-!]$!,!>!,<<,]!]],.*+*<]!!+*,<-$<,--<,<,!$!>*-,,$*$.->!$<$*<*+.-*.<..-$$+[]-  
 goal : hello -> hhllo
2019-07-05T12:53:05.404 
Gen : 42100 , BEST: , 1287  , SECOND: 1287 
2019-07-05T12:53:08.812 
Gen : 42200 , BEST: , 1287  , SECOND: 1287 
2019-07-05T12:53:11.828 
Gen : 42300 , BEST: , 1287  , SECOND: 1287 
2019-07-05T12:53:14.561 
Gen : 42400 , BEST: , 1287  , SECOND: 1287 
2019-07-05T12:53:17.261 
Gen : 42500 , BEST: , 1287  , SECOND: 1287 
fitness : 1287 
  code : ----$-*-$$*+-$[+*>+!$[,><!!>!*!!*!>*>!>*>*![!!-$[$-<!$.>!.-!$+-<*[+*>!++,$-->-!]$.*+]!.[.,-$<!!.*-.*][..>$!>+$+$.->>[>.>>[-*+,>>>!>.,][+[>],..[.,][[**  
 goal : hello -> hhllo
2019-07-05T12:53:20.187 
Gen : 42600 , BEST: , 1287  , SECOND: 1287 
2019-07-05T12:53:23.541 
Gen : 42700 , BEST: , 1287  , SECOND: 1287 
2019-07-05T12:53:27.717 
Gen : 42800 , BEST: , 1288  , SECOND: 1288 
2019-07-05T12:53:30.575 
Gen : 42900 , BEST: , 1288  , SECOND: 1288 
2019-07-05T12:53:33.517 
Gen : 43000 , BEST: , 1288  , SECOND: 1288 
fitness : 1288 
  code : !$----$-*-$$$*+[-$+*>+!$[,,,!>!*!!*>*>![>*>*!,!-$[--<-,!$.>.-!$+<*[+>!>!++,$-->--!+]![[.<.<]$<*][$[$-*.,$!!$!>!]$!$$$$[![,>>>>!>.->-*,<--,>-.,-,>>.-$.  
 goal : hello -> hflko
2019-07-05T12:53:36.806 
Gen : 43100 , BEST: , 1288  , SECOND: 1288 
2019-07-05T12:53:40.275 
Gen : 43200 , BEST: , 1288  , SECOND: 1288 
2019-07-05T12:53:44.776 
Gen : 43300 , BEST: , 1288  , SECOND: 1288 
2019-07-05T12:53:49.581 
Gen : 43400 , BEST: , 1288  , SECOND: 1288 
2019-07-05T12:53:52.885 
Gen : 43500 , BEST: , 1288  , SECOND: 1288 
fitness : 1288 
  code : ----[$-*-$$*+[-$$-*>>!!$[,,,>>!*!!*>,>*!,!-$[-<-,!$.>.-!$+<*[+!!++,$-->-!+->-!+]![-[+]]![-!]!]$$[$$-,$<$<]*[$>>!..>>]!-.,]-+,>[<.,-],]]-.-!!-*!-]>!>..  
 goal : hello -> hgllo
2019-07-05T12:53:55.98 
Gen : 43600 , BEST: , 1288  , SECOND: 1288 
2019-07-05T12:53:59.047 
Gen : 43700 , BEST: , 1288  , SECOND: 1288 
2019-07-05T12:54:02.383 
Gen : 43800 , BEST: , 1288  , SECOND: 1288 
2019-07-05T12:54:05.955 
Gen : 43900 , BEST: , 1288  , SECOND: 1288 
2019-07-05T12:54:09.427 
Gen : 44000 , BEST: , 1288  , SECOND: 1288 
fitness : 1288 
  code : >----[$-*-$$*+[-$$->>!!$[,,,>>!*!!*>,>*!,,!-$[-<-,!.>.-!$+<*[+*!++$,$-,->-!+->-!+]*![<[]<-[**--]]]-$]$$$$$>.!!$$$>>$]$]$$$!..]]->,,>]..]],->,[>$][..[$  
 goal : hello -> hgllo
2019-07-05T12:54:12.346 
Gen : 44100 , BEST: , 1288  , SECOND: 1288 
2019-07-05T12:54:15.536 
Gen : 44200 , BEST: , 1288  , SECOND: 1288 
2019-07-05T12:54:18.691 
Gen : 44300 , BEST: , 1288  , SECOND: 1288 
2019-07-05T12:54:21.852 
Gen : 44400 , BEST: , 1288  , SECOND: 1288 
2019-07-05T12:54:25.402 
Gen : 44500 , BEST: , 1288  , SECOND: 1288 
fitness : 1288 
  code : -+!,----[[$-*-$$*+[-$$->>!$[,,->!*!!*>,>*!,<,!-$[-<-,!.>.-!$+<*[+*!++,$-,->-!->-!+]*![][+]>+*+[++*<$]$$<+*+*$]>,]*-.*-]!]!>--,!]!><-,....!+->++!<],.>>  
 goal : hello -> hgllo
2019-07-05T12:54:29.129 
Gen : 44600 , BEST: , 1288  , SECOND: 1288 
2019-07-05T12:54:32.781 
Gen : 44700 , BEST: , 1288  , SECOND: 1288 
2019-07-05T12:54:36.511 
Gen : 44800 , BEST: , 1288  , SECOND: 1288 
2019-07-05T12:54:40.09 
Gen : 44900 , BEST: , 1288  , SECOND: 1288 
2019-07-05T12:54:44.288 
Gen : 45000 , BEST: , 1288  , SECOND: 1288 
fitness : 1288 
  code : ----[[$-*-$$*+-$$->>!$[,,!![,,!!!*>><*+,<,!-!-$[-<,!.>.-!*+*+*[+!++$-!>--!+]+**-$>+++>+-*>]***+],$,+*>+[<-.]<].!*[*-.*<>,]<>]-,[[$+$<!>!>>.*-<[].+,**.  
 goal : hello -> hgllo
2019-07-05T12:54:48.134 
Gen : 45100 , BEST: , 1288  , SECOND: 1288 
2019-07-05T12:54:51.751 
Gen : 45200 , BEST: , 1288  , SECOND: 1288 
2019-07-05T12:54:54.866 
Gen : 45300 , BEST: , 1288  , SECOND: 1288 
2019-07-05T12:54:58.243 
Gen : 45400 , BEST: , 1288  , SECOND: 1288 
2019-07-05T12:55:01.58 
Gen : 45500 , BEST: , 1289  , SECOND: 1288 
fitness : 1289 
  code : >----[[$-*-$$*+-$$->>!$[,![,[!!->*+,<,!-!-$-[-<,!.>.-!-++*+*[+!++$-!>-!+][!>***!>*,]>>+>>$!*.!>$!.*..,[[,]*-*.$*->*!**-$+$-..*--..<*-*-*.<*-*++,-,[,+,  
 goal : hello -> hfllo
2019-07-05T12:55:04.839 
Gen : 45600 , BEST: , 1289  , SECOND: 1289 
2019-07-05T12:55:08.884 
Gen : 45700 , BEST: , 1289  , SECOND: 1289 
2019-07-05T12:55:12.421 
Gen : 45800 , BEST: , 1289  , SECOND: 1289 
2019-07-05T12:55:15.602 
Gen : 45900 , BEST: , 1289  , SECOND: 1289 
2019-07-05T12:55:19.347 
Gen : 46000 , BEST: , 1289  , SECOND: 1289 
fitness : 1289 
  code : !$----[[$-*-$$*+-$->>,!$[,![,[!!->,*+,<,!-!-$-[-<,!.>.-*+<[+!!++$-!>-!+]*[**,!.>>!+,!>[*.$*[,>*!!-><.>>,.*!]***<.*.,$+$*<,,!!$*.[[+-$,,!>][[<$,$*[!+*!  
 goal : hello -> hfllo
2019-07-05T12:55:22.609 
Gen : 46100 , BEST: , 1289  , SECOND: 1289 
2019-07-05T12:55:26.787 
Gen : 46200 , BEST: , 1289  , SECOND: 1289 
2019-07-05T12:55:30.747 
Gen : 46300 , BEST: , 1289  , SECOND: 1289 
2019-07-05T12:55:34.636 
Gen : 46400 , BEST: , 1289  , SECOND: 1289 
2019-07-05T12:55:38.928 
Gen : 46500 , BEST: , 1289  , SECOND: 1289 
fitness : 1289 
  code : ,--[[$-*-$$-*-$$*+-$-,>,!$[,![+[!!->,*+,+,!-!-$-[-<!.>.-*+<[!!+$+$-,!>-[!+]]*>!*.,+>*$,+>+!<.-[$-*]->,*>>,!**.<,>,<-!>]]!>]-!>!],<,>].]>-$.!]!![[---<[  
 goal : hello -> hfllo
2019-07-05T12:55:43.232 
Gen : 46600 , BEST: , 1289  , SECOND: 1289 
2019-07-05T12:55:47.695 
Gen : 46700 , BEST: , 1289  , SECOND: 1289 
2019-07-05T12:55:51.509 
Gen : 46800 , BEST: , 1289  , SECOND: 1289 
2019-07-05T12:55:56.294 
Gen : 46900 , BEST: , 1289  , SECOND: 1289 
2019-07-05T12:56:00.478 
Gen : 47000 , BEST: , 1289  , SECOND: 1289 
fitness : 1289 
  code : -!--[,--$$-*-$*+-$-[>,!,[,![+[[!->>*+!>!-$-[-<!.>.-*+<[!!++$-<!>->-[!+,]]![[*[[-.]!$+[][!$]*!>>*$]+,-$,->.]$,-]<,$>>>>]<!,,]<*<<>[+]!->.>-<-[---<.,$[-  
 goal : hello -> hfllo
2019-07-05T12:56:05.871 
Gen : 47100 , BEST: , 1289  , SECOND: 1289 
2019-07-05T12:56:11.075 
Gen : 47200 , BEST: , 1289  , SECOND: 1289 
2019-07-05T12:56:16.222 
Gen : 47300 , BEST: , 1289  , SECOND: 1289 
2019-07-05T12:56:20.716 
Gen : 47400 , BEST: , 1289  , SECOND: 1289 
2019-07-05T12:56:24.896 
Gen : 47500 , BEST: , 1289  , SECOND: 1289 
fitness : 1289 
  code : *!!,---,-$-*-$*+-$-[>,![,,>![+[[!->]*+!-!-$-[-<.>.-*+<[!!++$!>-[!+,]![[*[[$+!$[,.+,$.],]>[[*[[[+<]>,<+][]<$!!,*!!<!+,$!-+.!>]>**,<[+--<*.-<[>*.*[<[>!,  
 goal : hello -> hfllo
2019-07-05T12:56:28.932 
Gen : 47600 , BEST: , 1289  , SECOND: 1289 
2019-07-05T12:56:33.275 
Gen : 47700 , BEST: , 1289  , SECOND: 1289 
2019-07-05T12:56:38.484 
Gen : 47800 , BEST: , 1289  , SECOND: 1289 
2019-07-05T12:56:43.272 
Gen : 47900 , BEST: , 1289  , SECOND: 1289 
2019-07-05T12:56:46.02 
Gen : 48000 , BEST: , 1289  , SECOND: 1289 
fitness : 1289 
  code : ---,-$-*-$$*+-$-[>,>!!![,,![->]*+!-!$-$-[-<.>.-*+<[!!++$!>-[!+,]!$!,]-[[+,].,][-][$[,$,!*[[.*!!.,$*!>>+$--<>$>.>*->,-.->]*>.$],><,.<.[<.>.<->-.><,-[$<  
 goal : hello -> hfllo
2019-07-05T12:56:49.469 
Gen : 48100 , BEST: , 1289  , SECOND: 1289 
2019-07-05T12:56:52.427 
Gen : 48200 , BEST: , 1289  , SECOND: 1289 
2019-07-05T12:56:55.7 
Gen : 48300 , BEST: , 1289  , SECOND: 1289 
2019-07-05T12:56:58.695 
Gen : 48400 , BEST: , 1289  , SECOND: 1289 
2019-07-05T12:57:01.588 
Gen : 48500 , BEST: , 1289  , SECOND: 1289 
fitness : 1289 
  code : -$,-$--$-*-$$*+-$-[>,>!![,,![->]*+*!!$-$-[-<.>.-*+<[!!++$>-[!+][-[-[[-[!!+[<<.[,]]*!*,>*$$++][--[<$]>]>.*<$]>].[->.*<-.*>$**,!-.]-*-+<$!,>[>-.->]+.$$>  
 goal : hello -> hfllo
2019-07-05T12:57:04.08 
Gen : 48600 , BEST: , 1289  , SECOND: 1289 
2019-07-05T12:57:06.823 
Gen : 48700 , BEST: , 1289  , SECOND: 1289 
2019-07-05T12:57:09.37 
Gen : 48800 , BEST: , 1289  , SECOND: 1289 
2019-07-05T12:57:11.8 
Gen : 48900 , BEST: , 1289  , SECOND: 1289 
2019-07-05T12:57:14.125 
Gen : 49000 , BEST: , 1289  , SECOND: 1289 
fitness : 1289 
  code : *-$-$--$-*-$$*+-$>->!![,![->]*!!$-$-[-<.>.!-*+<[!!++$>-[!+]+][-[$[----[]!+]<].>*,[>,>+>*,[>]->],-].[>-.[>].[>-.].[,>-*-*]]-*.>$--<-<$$]..$-]<--!+..>-,  
 goal : hello -> hfllo
2019-07-05T12:57:16.545 
Gen : 49100 , BEST: , 1289  , SECOND: 1289 
2019-07-05T12:57:19.295 
Gen : 49200 , BEST: , 1289  , SECOND: 1289 
2019-07-05T12:57:21.928 
Gen : 49300 , BEST: , 1289  , SECOND: 1289 
2019-07-05T12:57:24.715 
Gen : 49400 , BEST: , 1289  , SECOND: 1289 
2019-07-05T12:57:27.348 
Gen : 49500 , BEST: , 1289  , SECOND: 1289 
fitness : 1289 
  code : *,,*--$--$-*-$*+-$!![,!![->]*!!$$-$-[--<.>.!-*+<[!!++$>-[!+]+][-[$+.++!>]>]$]]][]!*<!<->]!!*>*$]>*,[<->,<!-.+!<.++].*--*.]+<.*..<$+.!*,>[**,>,.>!$+[>]  
 goal : hello -> helko
2019-07-05T12:57:30.015 
Gen : 49600 , BEST: , 1289  , SECOND: 1289 
2019-07-05T12:57:32.585 
Gen : 49700 , BEST: , 1289  , SECOND: 1289 
fitness : 1290 
  code : >>--$--$-*-$*+-$!![,!![->]*!!$$-$-[--<.>.!!-*+<[!!++$>-[!++][-[[$+.$,>]$$<*<!!>.*->!<>>-*>!*[]]>],<<<**+.]+,[]--]++-.*-*.*.*..]]*!!*.]]*.!]..>.->-$[[-  
 goal : hello -> hello
 Generation : 49750 
fitness 1290 
dna : [0.121196, 0.132287, 0.278162, 0.328859, 0.769865, 0.328859, 0.302093, 0.769865, 0.302093, 0.913872, 0.302093, 0.769865, 0.96687, 0.264467, 0.302093, 0.769865, 0.830767, 0.830767, 0.555013, 0.468151, 0.830767, 0.836338, 0.582697, 0.351719, 0.141263, 0.679275, 0.937708, 0.850548, 0.850548, 0.803229, 0.813249, 0.281386, 0.748893, 0.278288, 0.606629, 0.27744, 0.322228, 0.0825719, 0.43528, 0.119859, 0.407453, 0.828039, 0.821211, 0.356282, 0.980143, 0.25312, 0.0404658, 0.55298, 0.856269, 0.867042, 0.249807, 0.244432, 0.740098, 0.1162, 0.353603, 0.562079, 0.904292, 0.227181, 0.227181, 0.717008, 0.616027, 0.328801, 0.616027, 0.616027, 0.786209, 0.227181, 0.39299, 0.793988, 0.531479, 0.143405, 0.706375, 0.761169, 0.736811, 0.0315595, 0.974148, 0.041269, 0.89607, 0.849949, 0.16534, 0.417521, 0.989261, 0.288987, 0.141579, 0.839924, 0.0152651, 0.141579, 0.105128, 0.288987, 0.988161, 0.128924, 0.89607, 0.926663, 0.552543, 0.666284, 0.683, 0.16534, 0.647303, 0.464287, 0.009239, 0.0410018, 0.0659169, 0.917742, 0.974908, 0.240137, 0.42081, 0.671777, 0.228183, 0.468768, 0.570429, 0.72429, 0.35842, 0.35842, 0.707966, 0.254284, 0.269152, 0.298159, 0.42081, 0.974908, 0.298159, 0.974908, 0.42081, 0.974908, 0.42081, 0.974908, 0.42081, 0.42081, 0.71224, 0.650085, 0.922476, 0.819762, 0.819762, 0.922476, 0.42081, 0.71224, 0.650085, 0.922476, 0.434383, 0.835252, 0.643418, 0.418345, 0.434383, 0.126005, 0.434383, 0.342176, 0.126005, 0.350005, 0.735546, 0.598257, 0.577339, 0.328859] 
