targetFitness = 1536 
params : Main.GeneticAlgorithms.Types.GAParams(136, 1000000, 50, 150, 0.7, 0.01, true, IOStream(<file ../Results/logSubtract.log>), 63637.0, 1536.0, 0, 1) 
2019-09-04T14:15:32.318 , Gen : 100 , BEST: 1526 , SECOND: 1526 
2019-09-04T14:15:36.569 , Gen : 200 , BEST: 1526 , SECOND: 1526 
2019-09-04T14:15:40.452 , Gen : 300 , BEST: 1529 , SECOND: 1526 
2019-09-04T14:15:43.739 , Gen : 400 , BEST: 1529 , SECOND: 1529 
2019-09-04T14:15:46.73 , Gen : 500 , BEST: 1529 , SECOND: 1529 
2019-09-04T14:15:49.796 , Gen : 600 , BEST: 1530 , SECOND: 1530 
2019-09-04T14:15:52.919 , Gen : 700 , BEST: 1530 , SECOND: 1530 
2019-09-04T14:15:56.172 , Gen : 800 , BEST: 1530 , SECOND: 1530 
2019-09-04T14:15:59.519 , Gen : 900 , BEST: 1530 , SECOND: 1530 
2019-09-04T14:16:02.608 , Gen : 1000 , BEST: 1530 , SECOND: 1530 
fitness : 1530 
 code : ,-,[--,++-+.>+.+<+,+++.+++.+++]-++++++++.+++++++., 
 14 - 6 ->  2 
 5 - 1 ->  2 
 5 - 1 ->  2 
2019-09-04T14:16:05.524 , Gen : 1100 , BEST: 1530 , SECOND: 1530 
2019-09-04T14:16:07.586 , Gen : 1200 , BEST: 1530 , SECOND: 1530 
2019-09-04T14:16:09.916 , Gen : 1300 , BEST: 1530 , SECOND: 1530 
2019-09-04T14:16:12.461 , Gen : 1400 , BEST: 1530 , SECOND: 1530 
2019-09-04T14:16:14.305 , Gen : 1500 , BEST: 1530 , SECOND: 1530 
2019-09-04T14:16:16.244 , Gen : 1600 , BEST: 1530 , SECOND: 1530 
2019-09-04T14:16:18.41 , Gen : 1700 , BEST: 1530 , SECOND: 1530 
2019-09-04T14:16:20.416 , Gen : 1800 , BEST: 1530 , SECOND: 1530 
2019-09-04T14:16:22.357 , Gen : 1900 , BEST: 1530 , SECOND: 1530 
2019-09-04T14:16:24.579 , Gen : 2000 , BEST: 1530 , SECOND: 1530 
fitness : 1530 
 code : ,-,[--,++-+.>+.+<+,++++.+++.+++]-++++++++.++++++++ 
 3 - 1 ->  2 
 7 - 7 ->  2 
 13 - 1 ->  2 
2019-09-04T14:16:26.558 , Gen : 2100 , BEST: 1530 , SECOND: 1530 
2019-09-04T14:16:28.724 , Gen : 2200 , BEST: 1530 , SECOND: 1530 
2019-09-04T14:16:30.744 , Gen : 2300 , BEST: 1530 , SECOND: 1530 
2019-09-04T14:16:32.886 , Gen : 2400 , BEST: 1530 , SECOND: 1530 
2019-09-04T14:16:34.797 , Gen : 2500 , BEST: 1530 , SECOND: 1530 
2019-09-04T14:16:36.738 , Gen : 2600 , BEST: 1530 , SECOND: 1530 
2019-09-04T14:16:38.704 , Gen : 2700 , BEST: 1530 , SECOND: 1530 
2019-09-04T14:16:40.756 , Gen : 2800 , BEST: 1530 , SECOND: 1530 
2019-09-04T14:16:43.121 , Gen : 2900 , BEST: 1530 , SECOND: 1530 
2019-09-04T14:16:46.561 , Gen : 3000 , BEST: 1530 , SECOND: 1530 
fitness : 1530 
 code : ,-,[--,++-+.>+.+<+,++++.+++.+++]-++++++++.++<++++. 
 11 - 0 ->  7 
 10 - 3 ->  2 
 9 - 6 ->  2 
2019-09-04T14:16:50.644 , Gen : 3100 , BEST: 1530 , SECOND: 1530 
2019-09-04T14:16:54.94 , Gen : 3200 , BEST: 1530 , SECOND: 1530 
2019-09-04T14:16:59.629 , Gen : 3300 , BEST: 1530 , SECOND: 1530 
2019-09-04T14:17:05.002 , Gen : 3400 , BEST: 1530 , SECOND: 1530 
2019-09-04T14:17:09.937 , Gen : 3500 , BEST: 1530 , SECOND: 1530 
2019-09-04T14:17:15.296 , Gen : 3600 , BEST: 1530 , SECOND: 1530 
2019-09-04T14:17:20.129 , Gen : 3700 , BEST: 1530 , SECOND: 1530 
2019-09-04T14:17:24.928 , Gen : 3800 , BEST: 1530 , SECOND: 1530 
2019-09-04T14:17:29.494 , Gen : 3900 , BEST: 1530 , SECOND: 1530 
2019-09-04T14:17:33.653 , Gen : 4000 , BEST: 1530 , SECOND: 1530 
fitness : 1530 
 code : ,-,[--,++-+.><.+<+,++++.+++.+++]-++++++++.++<+>->] 
 8 - 1 ->  2 
 0 - 0 ->  7 
 0 - 0 ->  7 
2019-09-04T14:17:39.08 , Gen : 4100 , BEST: 1530 , SECOND: 1530 
2019-09-04T14:17:44.26 , Gen : 4200 , BEST: 1530 , SECOND: 1530 
2019-09-04T14:17:49.085 , Gen : 4300 , BEST: 1530 , SECOND: 1530 
2019-09-04T14:17:53.527 , Gen : 4400 , BEST: 1530 , SECOND: 1530 
2019-09-04T14:17:57.903 , Gen : 4500 , BEST: 1530 , SECOND: 1530 
2019-09-04T14:18:02.463 , Gen : 4600 , BEST: 1530 , SECOND: 1530 
2019-09-04T14:18:07.585 , Gen : 4700 , BEST: 1530 , SECOND: 1530 
2019-09-04T14:18:13.631 , Gen : 4800 , BEST: 1530 , SECOND: 1530 
2019-09-04T14:18:19.204 , Gen : 4900 , BEST: 1530 , SECOND: 1530 
2019-09-04T14:18:24.326 , Gen : 5000 , BEST: 1530 , SECOND: 1530 
fitness : 1530 
 code : ,-,[--,++-+.><.+<+,++++.+++.+++]-++++++++.++<+>->],> 
 6 - 4 ->  2 
 15 - 9 ->  2 
 3 - 3 ->  2 
2019-09-04T14:18:29.179 , Gen : 5100 , BEST: 1530 , SECOND: 1530 
2019-09-04T14:18:34.291 , Gen : 5200 , BEST: 1530 , SECOND: 1530 
2019-09-04T14:18:39.404 , Gen : 5300 , BEST: 1530 , SECOND: 1530 
2019-09-04T14:18:43.881 , Gen : 5400 , BEST: 1530 , SECOND: 1530 
2019-09-04T14:18:48.243 , Gen : 5500 , BEST: 1530 , SECOND: 1530 
2019-09-04T14:18:52.675 , Gen : 5600 , BEST: 1530 , SECOND: 1530 
2019-09-04T14:18:57.406 , Gen : 5700 , BEST: 1530 , SECOND: 1530 
2019-09-04T14:19:02.238 , Gen : 5800 , BEST: 1530 , SECOND: 1530 
2019-09-04T14:19:06.765 , Gen : 5900 , BEST: 1530 , SECOND: 1530 
2019-09-04T14:19:11.508 , Gen : 6000 , BEST: 1530 , SECOND: 1530 
fitness : 1530 
 code : ,-,[--,++-+.><.+<+,++++.+++.+++]-++++++++.++]<+++.,> 
 14 - 2 ->  2 
 1 - 1 ->  2 
 14 - 6 ->  2 
2019-09-04T14:19:15.989 , Gen : 6100 , BEST: 1530 , SECOND: 1530 
2019-09-04T14:19:20.329 , Gen : 6200 , BEST: 1530 , SECOND: 1530 
2019-09-04T14:19:24.592 , Gen : 6300 , BEST: 1530 , SECOND: 1530 
2019-09-04T14:19:30.045 , Gen : 6400 , BEST: 1530 , SECOND: 1530 
2019-09-04T14:19:35.57 , Gen : 6500 , BEST: 1530 , SECOND: 1530 
2019-09-04T14:19:39.965 , Gen : 6600 , BEST: 1530 , SECOND: 1530 
2019-09-04T14:19:45.173 , Gen : 6700 , BEST: 1530 , SECOND: 1530 
2019-09-04T14:19:50.725 , Gen : 6800 , BEST: 1530 , SECOND: 1530 
2019-09-04T14:19:56.404 , Gen : 6900 , BEST: 1530 , SECOND: 1530 
2019-09-04T14:20:02.06 , Gen : 7000 , BEST: 1530 , SECOND: 1530 
fitness : 1530 
 code : ,-,[--,++-+.><..<+,>+++.>+.+++]-+,+++++++.,<,.>>[.[] 
 6 - 2 ->  2 
 4 - 4 ->  2 
 3 - 1 ->  2 
2019-09-04T14:20:07.593 , Gen : 7100 , BEST: 1530 , SECOND: 1530 
2019-09-04T14:20:13.327 , Gen : 7200 , BEST: 1530 , SECOND: 1530 
2019-09-04T14:20:18.15 , Gen : 7300 , BEST: 1530 , SECOND: 1530 
2019-09-04T14:20:23.079 , Gen : 7400 , BEST: 1530 , SECOND: 1530 
2019-09-04T14:20:28.024 , Gen : 7500 , BEST: 1530 , SECOND: 1530 
2019-09-04T14:20:33.129 , Gen : 7600 , BEST: 1530 , SECOND: 1530 
2019-09-04T14:20:38.371 , Gen : 7700 , BEST: 1530 , SECOND: 1530 
2019-09-04T14:20:43.746 , Gen : 7800 , BEST: 1530 , SECOND: 1530 
2019-09-04T14:20:49.105 , Gen : 7900 , BEST: 1530 , SECOND: 1530 
2019-09-04T14:20:55.236 , Gen : 8000 , BEST: 1530 , SECOND: 1530 
fitness : 1530 
 code : ,-,[--,++-+><.-<+,<+++.><+.+++]-+,+++++++.,+,+++++[+ 
 5 - 0 ->  7 
 7 - 0 ->  7 
 14 - 12 ->  2 
2019-09-04T14:21:00.115 , Gen : 8100 , BEST: 1530 , SECOND: 1530 
2019-09-04T14:21:05.46 , Gen : 8200 , BEST: 1530 , SECOND: 1530 
2019-09-04T14:21:11.069 , Gen : 8300 , BEST: 1530 , SECOND: 1530 
2019-09-04T14:21:16.024 , Gen : 8400 , BEST: 1530 , SECOND: 1530 
2019-09-04T14:21:20.894 , Gen : 8500 , BEST: 1530 , SECOND: 1530 
2019-09-04T14:21:26.419 , Gen : 8600 , BEST: 1530 , SECOND: 1530 
2019-09-04T14:21:31.552 , Gen : 8700 , BEST: 1530 , SECOND: 1530 
2019-09-04T14:21:36.794 , Gen : 8800 , BEST: 1530 , SECOND: 1530 
2019-09-04T14:21:41.909 , Gen : 8900 , BEST: 1530 , SECOND: 1530 
2019-09-04T14:21:46.591 , Gen : 9000 , BEST: 1530 , SECOND: 1530 
fitness : 1530 
 code : ,-,[--,++-+><.-<+<+++.><+.+++]-+,+++++++.,+,+++++..,+- 
 4 - 4 ->  2 
 13 - 10 ->  2 
 14 - 4 ->  2 
2019-09-04T14:21:50.614 , Gen : 9100 , BEST: 1530 , SECOND: 1530 
2019-09-04T14:21:54.888 , Gen : 9200 , BEST: 1530 , SECOND: 1530 
2019-09-04T14:21:58.896 , Gen : 9300 , BEST: 1530 , SECOND: 1530 
2019-09-04T14:22:04.024 , Gen : 9400 , BEST: 1530 , SECOND: 1530 
2019-09-04T14:22:09.479 , Gen : 9500 , BEST: 1530 , SECOND: 1530 
2019-09-04T14:22:14.978 , Gen : 9600 , BEST: 1530 , SECOND: 1530 
2019-09-04T14:22:20.623 , Gen : 9700 , BEST: 1530 , SECOND: 1530 
2019-09-04T14:22:26.082 , Gen : 9800 , BEST: 1530 , SECOND: 1530 
2019-09-04T14:22:31.126 , Gen : 9900 , BEST: 1530 , SECOND: 1530 
2019-09-04T14:22:36.148 , Gen : 10000 , BEST: 1530 , SECOND: 1530 
fitness : 1530 
 code : ,-,[--,++-+><.-<+<+-+<+.+++]-+,+++++++.++++-+++.<+<.[- 
 10 - 6 ->  2 
 10 - 1 ->  2 
 3 - 1 ->  2 
2019-09-04T14:22:40.063 , Gen : 10100 , BEST: 1530 , SECOND: 1530 
2019-09-04T14:22:44.045 , Gen : 10200 , BEST: 1530 , SECOND: 1530 
2019-09-04T14:22:49.121 , Gen : 10300 , BEST: 1530 , SECOND: 1530 
2019-09-04T14:22:54.589 , Gen : 10400 , BEST: 1530 , SECOND: 1530 
2019-09-04T14:22:59.818 , Gen : 10500 , BEST: 1530 , SECOND: 1530 
2019-09-04T14:23:04.9 , Gen : 10600 , BEST: 1530 , SECOND: 1530 
2019-09-04T14:23:09.926 , Gen : 10700 , BEST: 1530 , SECOND: 1530 
2019-09-04T14:23:14.833 , Gen : 10800 , BEST: 1530 , SECOND: 1530 
2019-09-04T14:23:20.035 , Gen : 10900 , BEST: 1530 , SECOND: 1530 
2019-09-04T14:23:25.693 , Gen : 11000 , BEST: 1530 , SECOND: 1530 
fitness : 1530 
 code : ,-,[--,++-+><.-<+<+-+<+.+++]-,,+++++++.+++++[++++++<[, 
 12 - 12 ->  2 
 0 - 0 ->  7 
 1 - 0 ->  7 
2019-09-04T14:23:30.896 , Gen : 11100 , BEST: 1530 , SECOND: 1530 
2019-09-04T14:23:36.238 , Gen : 11200 , BEST: 1530 , SECOND: 1530 
2019-09-04T14:23:41.928 , Gen : 11300 , BEST: 1530 , SECOND: 1530 
2019-09-04T14:23:47.446 , Gen : 11400 , BEST: 1530 , SECOND: 1530 
2019-09-04T14:23:52.034 , Gen : 11500 , BEST: 1530 , SECOND: 1530 
2019-09-04T14:23:56.903 , Gen : 11600 , BEST: 1530 , SECOND: 1530 
2019-09-04T14:24:00.863 , Gen : 11700 , BEST: 1530 , SECOND: 1530 
2019-09-04T14:24:06.089 , Gen : 11800 , BEST: 1530 , SECOND: 1530 
2019-09-04T14:24:11.825 , Gen : 11900 , BEST: 1530 , SECOND: 1530 
2019-09-04T14:24:17.717 , Gen : 12000 , BEST: 1530 , SECOND: 1530 
fitness : 1530 
 code : ,-,[--,++-+><.-<+>+-+<+.+++]-,+++++++.++++.+++<-++>.,> 
 3 - 2 ->  2 
 2 - 1 ->  2 
 1 - 1 ->  2 
2019-09-04T14:24:23.318 , Gen : 12100 , BEST: 1526 , SECOND: 1526 
2019-09-04T14:24:28.745 , Gen : 12200 , BEST: 1527 , SECOND: 1527 
2019-09-04T14:24:34.273 , Gen : 12300 , BEST: 1527 , SECOND: 1527 
2019-09-04T14:24:39.684 , Gen : 12400 , BEST: 1530 , SECOND: 1530 
2019-09-04T14:24:44.749 , Gen : 12500 , BEST: 1530 , SECOND: 1530 
2019-09-04T14:24:50.062 , Gen : 12600 , BEST: 1530 , SECOND: 1530 
2019-09-04T14:24:55.41 , Gen : 12700 , BEST: 1530 , SECOND: 1530 
2019-09-04T14:25:00.404 , Gen : 12800 , BEST: 1530 , SECOND: 1530 
2019-09-04T14:25:04.969 , Gen : 12900 , BEST: 1530 , SECOND: 1530 
2019-09-04T14:25:09.126 , Gen : 13000 , BEST: 1530 , SECOND: 1530 
fitness : 1530 
 code : ++++,,[++++++-++++-+++>++.-+++++<+]+>,+-<++++++.[<>>>+>, 
 2 - 0 ->  7 
 12 - 0 ->  7 
 10 - 5 ->  2 
2019-09-04T14:25:12.898 , Gen : 13100 , BEST: 1530 , SECOND: 1530 
2019-09-04T14:25:16.219 , Gen : 13200 , BEST: 1530 , SECOND: 1530 
2019-09-04T14:25:20.455 , Gen : 13300 , BEST: 1530 , SECOND: 1530 
2019-09-04T14:25:25.23 , Gen : 13400 , BEST: 1530 , SECOND: 1530 
2019-09-04T14:25:30.444 , Gen : 13500 , BEST: 1530 , SECOND: 1530 
2019-09-04T14:25:35.635 , Gen : 13600 , BEST: 1530 , SECOND: 1530 
2019-09-04T14:25:40.724 , Gen : 13700 , BEST: 1530 , SECOND: 1530 
2019-09-04T14:25:46.091 , Gen : 13800 , BEST: 1530 , SECOND: 1530 
2019-09-04T14:25:51.733 , Gen : 13900 , BEST: 1530 , SECOND: 1530 
2019-09-04T14:25:57.324 , Gen : 14000 , BEST: 1530 , SECOND: 1530 
fitness : 1530 
 code : >>>-+,,[>+++++,<++>+-++>++.-+++++<+]+>,-<++++++.[<>>>+.+ 
 10 - 2 ->  2 
 0 - 0 ->  7 
 13 - 7 ->  2 
2019-09-04T14:26:03.246 , Gen : 14100 , BEST: 1530 , SECOND: 1530 
2019-09-04T14:26:08.535 , Gen : 14200 , BEST: 1530 , SECOND: 1530 
2019-09-04T14:26:13.738 , Gen : 14300 , BEST: 1530 , SECOND: 1530 
2019-09-04T14:26:18.637 , Gen : 14400 , BEST: 1530 , SECOND: 1530 
2019-09-04T14:26:23.894 , Gen : 14500 , BEST: 1530 , SECOND: 1530 
2019-09-04T14:26:30.096 , Gen : 14600 , BEST: 1530 , SECOND: 1530 
2019-09-04T14:26:34.893 , Gen : 14700 , BEST: 1530 , SECOND: 1530 
2019-09-04T14:26:39.95 , Gen : 14800 , BEST: 1530 , SECOND: 1530 
2019-09-04T14:26:45.022 , Gen : 14900 , BEST: 1530 , SECOND: 1530 
2019-09-04T14:26:50.396 , Gen : 15000 , BEST: 1530 , SECOND: 1530 
fitness : 1530 
 code : >>-+,,[>+++++,<++>+-++>++.-+++++<+]+>,-<++++++.[<>>>+,[- 
 4 - 0 ->  7 
 3 - 1 ->  2 
 13 - 3 ->  2 
2019-09-04T14:26:56.108 , Gen : 15100 , BEST: 1530 , SECOND: 1530 
2019-09-04T14:27:01.398 , Gen : 15200 , BEST: 1530 , SECOND: 1530 
2019-09-04T14:27:06.562 , Gen : 15300 , BEST: 1530 , SECOND: 1530 
2019-09-04T14:27:12.145 , Gen : 15400 , BEST: 1530 , SECOND: 1530 
2019-09-04T14:27:17.514 , Gen : 15500 , BEST: 1530 , SECOND: 1530 
2019-09-04T14:27:21.79 , Gen : 15600 , BEST: 1530 , SECOND: 1530 
2019-09-04T14:27:26.926 , Gen : 15700 , BEST: 1530 , SECOND: 1530 
2019-09-04T14:27:32.102 , Gen : 15800 , BEST: 1530 , SECOND: 1530 
2019-09-04T14:27:37.119 , Gen : 15900 , BEST: 1530 , SECOND: 1530 
2019-09-04T14:27:40.829 , Gen : 16000 , BEST: 1530 , SECOND: 1530 
fitness : 1530 
 code : ++>--+,,[>[++++,<]++>>-++>++.-+++<+<+]+>,-<++++++.[<.>>+ 
 11 - 10 ->  2 
 7 - 5 ->  2 
 3 - 2 ->  2 
2019-09-04T14:27:44.785 , Gen : 16100 , BEST: 1530 , SECOND: 1530 
2019-09-04T14:27:50.097 , Gen : 16200 , BEST: 1530 , SECOND: 1530 
2019-09-04T14:27:54.177 , Gen : 16300 , BEST: 1530 , SECOND: 1530 
2019-09-04T14:27:56.256 , Gen : 16400 , BEST: 1530 , SECOND: 1530 
2019-09-04T14:27:58.377 , Gen : 16500 , BEST: 1530 , SECOND: 1530 
2019-09-04T14:28:00.457 , Gen : 16600 , BEST: 1530 , SECOND: 1530 
2019-09-04T14:28:02.473 , Gen : 16700 , BEST: 1530 , SECOND: 1530 
2019-09-04T14:28:04.791 , Gen : 16800 , BEST: 1530 , SECOND: 1530 
2019-09-04T14:28:07.797 , Gen : 16900 , BEST: 1530 , SECOND: 1530 
2019-09-04T14:28:10.058 , Gen : 17000 , BEST: 1530 , SECOND: 1530 
fitness : 1530 
 code : >-+,,[>[>++++,<]++>>-++>++.-+++<+<+]+>,-<++++++.[+++-]+.-+ 
 12 - 8 ->  2 
 9 - 6 ->  2 
 0 - 0 ->  7 
2019-09-04T14:28:12.196 , Gen : 17100 , BEST: 1530 , SECOND: 1530 
2019-09-04T14:28:14.51 , Gen : 17200 , BEST: 1530 , SECOND: 1530 
2019-09-04T14:28:16.964 , Gen : 17300 , BEST: 1530 , SECOND: 1530 
2019-09-04T14:28:19.504 , Gen : 17400 , BEST: 1530 , SECOND: 1530 
2019-09-04T14:28:21.771 , Gen : 17500 , BEST: 1530 , SECOND: 1530 
2019-09-04T14:28:24.9 , Gen : 17600 , BEST: 1530 , SECOND: 1530 
2019-09-04T14:28:27.212 , Gen : 17700 , BEST: 1530 , SECOND: 1530 
2019-09-04T14:28:29.436 , Gen : 17800 , BEST: 1530 , SECOND: 1530 
2019-09-04T14:28:33.416 , Gen : 17900 , BEST: 1530 , SECOND: 1530 
2019-09-04T14:28:36.631 , Gen : 18000 , BEST: 1530 , SECOND: 1530 
fitness : 1530 
 code : >-+,,[>[>++++,<]++>>-++>++.-+++<+<+]+>,-<++++++.[+++-]+.-+ 
 10 - 2 ->  2 
 0 - 0 ->  7 
 7 - 7 ->  2 
2019-09-04T14:28:40.534 , Gen : 18100 , BEST: 1530 , SECOND: 1530 
2019-09-04T14:28:44.283 , Gen : 18200 , BEST: 1530 , SECOND: 1530 
2019-09-04T14:28:48.111 , Gen : 18300 , BEST: 1530 , SECOND: 1530 
2019-09-04T14:28:51.849 , Gen : 18400 , BEST: 1530 , SECOND: 1530 
2019-09-04T14:28:56.067 , Gen : 18500 , BEST: 1530 , SECOND: 1530 
2019-09-04T14:29:00.774 , Gen : 18600 , BEST: 1530 , SECOND: 1530 
2019-09-04T14:29:07.214 , Gen : 18700 , BEST: 1530 , SECOND: 1530 
2019-09-04T14:29:12.624 , Gen : 18800 , BEST: 1530 , SECOND: 1530 
2019-09-04T14:29:18.071 , Gen : 18900 , BEST: 1530 , SECOND: 1530 
2019-09-04T14:29:23.703 , Gen : 19000 , BEST: 1530 , SECOND: 1530 
fitness : 1530 
 code : >-+,,[>[>++++,<]++>>-++>++.-+++<+<+]+>,-<++++++.[+++-]+.-+ 
 9 - 1 ->  2 
 1 - 1 ->  2 
 7 - 4 ->  2 
2019-09-04T14:29:29.673 , Gen : 19100 , BEST: 1530 , SECOND: 1530 
2019-09-04T14:29:36.394 , Gen : 19200 , BEST: 1530 , SECOND: 1530 
2019-09-04T14:29:42.513 , Gen : 19300 , BEST: 1530 , SECOND: 1530 
2019-09-04T14:29:48.054 , Gen : 19400 , BEST: 1530 , SECOND: 1530 
2019-09-04T14:29:53.62 , Gen : 19500 , BEST: 1530 , SECOND: 1530 
2019-09-04T14:29:59.117 , Gen : 19600 , BEST: 1530 , SECOND: 1530 
2019-09-04T14:30:04.702 , Gen : 19700 , BEST: 1530 , SECOND: 1530 
2019-09-04T14:30:09.926 , Gen : 19800 , BEST: 1530 , SECOND: 1530 
2019-09-04T14:30:15.792 , Gen : 19900 , BEST: 1530 , SECOND: 1530 
2019-09-04T14:30:21.422 , Gen : 20000 , BEST: 1530 , SECOND: 1530 
fitness : 1530 
 code : >-+,,[>[>++++,<]++>>-++>++.-+++<+<+]+>,-<++++++.[+++-]+.-+ 
 2 - 2 ->  2 
 11 - 8 ->  2 
 12 - 11 ->  2 
2019-09-04T14:30:26.876 , Gen : 20100 , BEST: 1526 , SECOND: 1525 
2019-09-04T14:30:32.289 , Gen : 20200 , BEST: 1527 , SECOND: 1526 
2019-09-04T14:30:37.349 , Gen : 20300 , BEST: 1527 , SECOND: 1526 
2019-09-04T14:30:42.711 , Gen : 20400 , BEST: 1527 , SECOND: 1527 
2019-09-04T14:30:48.542 , Gen : 20500 , BEST: 1527 , SECOND: 1527 
2019-09-04T14:30:53.836 , Gen : 20600 , BEST: 1527 , SECOND: 1527 
2019-09-04T14:30:59.038 , Gen : 20700 , BEST: 1527 , SECOND: 1527 
2019-09-04T14:31:04.457 , Gen : 20800 , BEST: 1527 , SECOND: 1527 
2019-09-04T14:31:09.945 , Gen : 20900 , BEST: 1527 , SECOND: 1527 
2019-09-04T14:31:15.407 , Gen : 21000 , BEST: 1528 , SECOND: 1527 
fitness : 1528 
 code : ,,[++>+.<+]>+++++[[+.+[[+++[++[<+.++++++<+++++++.++++++[+.[- 
 2 - 2 ->  1 
 11 - 7 ->  1 
 11 - 11 ->  1 
2019-09-04T14:31:20.841 , Gen : 21100 , BEST: 1528 , SECOND: 1528 
2019-09-04T14:31:26.419 , Gen : 21200 , BEST: 1528 , SECOND: 1528 
2019-09-04T14:31:31.574 , Gen : 21300 , BEST: 1529 , SECOND: 1528 
2019-09-04T14:31:36.016 , Gen : 21400 , BEST: 1529 , SECOND: 1529 
2019-09-04T14:31:40.185 , Gen : 21500 , BEST: 1529 , SECOND: 1529 
2019-09-04T14:31:45.604 , Gen : 21600 , BEST: 1529 , SECOND: 1529 
2019-09-04T14:31:51.898 , Gen : 21700 , BEST: 1529 , SECOND: 1529 
2019-09-04T14:31:57.39 , Gen : 21800 , BEST: 1529 , SECOND: 1529 
2019-09-04T14:32:02.545 , Gen : 21900 , BEST: 1529 , SECOND: 1529 
2019-09-04T14:32:08.177 , Gen : 22000 , BEST: 1529 , SECOND: 1529 
fitness : 1529 
 code : +,,[>++>+.<+]>++++++[[+.[]+[]++[++++++++++-+++++++++>.++]++- 
 14 - 0 ->  7 
 1 - 1 ->  1 
 15 - 9 ->  1 
2019-09-04T14:32:13.672 , Gen : 22100 , BEST: 1529 , SECOND: 1529 
2019-09-04T14:32:18.872 , Gen : 22200 , BEST: 1529 , SECOND: 1529 
2019-09-04T14:32:23.946 , Gen : 22300 , BEST: 1529 , SECOND: 1529 
2019-09-04T14:32:29.387 , Gen : 22400 , BEST: 1529 , SECOND: 1529 
2019-09-04T14:32:35.151 , Gen : 22500 , BEST: 1529 , SECOND: 1529 
2019-09-04T14:32:40.757 , Gen : 22600 , BEST: 1530 , SECOND: 1529 
2019-09-04T14:32:46.331 , Gen : 22700 , BEST: 1530 , SECOND: 1530 
2019-09-04T14:32:51.596 , Gen : 22800 , BEST: 1530 , SECOND: 1530 
2019-09-04T14:32:56.921 , Gen : 22900 , BEST: 1530 , SECOND: 1530 
2019-09-04T14:33:02.51 , Gen : 23000 , BEST: 1530 , SECOND: 1530 
fitness : 1530 
 code : ,,[>++-+.<+]>++++++[[+.[]+[]++[++++++++++-+[+[+[]-++++.<+[[+ 
 14 - 5 ->  2 
 6 - 1 ->  2 
 14 - 1 ->  2 
2019-09-04T14:33:08.211 , Gen : 23100 , BEST: 1530 , SECOND: 1530 
2019-09-04T14:33:13.71 , Gen : 23200 , BEST: 1530 , SECOND: 1530 
2019-09-04T14:33:19.141 , Gen : 23300 , BEST: 1530 , SECOND: 1530 
2019-09-04T14:33:24.503 , Gen : 23400 , BEST: 1530 , SECOND: 1530 
2019-09-04T14:33:29.816 , Gen : 23500 , BEST: 1530 , SECOND: 1530 
2019-09-04T14:33:34.974 , Gen : 23600 , BEST: 1530 , SECOND: 1530 
2019-09-04T14:33:40.218 , Gen : 23700 , BEST: 1530 , SECOND: 1530 
2019-09-04T14:33:45 , Gen : 23800 , BEST: 1530 , SECOND: 1530 
2019-09-04T14:33:50.497 , Gen : 23900 , BEST: 1530 , SECOND: 1530 
2019-09-04T14:33:56.127 , Gen : 24000 , BEST: 1530 , SECOND: 1530 
fitness : 1530 
 code : ,,[>++-+.<+]>++++++[[+.[]+[]++[++++++++++-+[+[+[]-++++.<+[[+ 
 10 - 4 ->  2 
 15 - 12 ->  2 
 9 - 5 ->  2 
2019-09-04T14:34:01.754 , Gen : 24100 , BEST: 1530 , SECOND: 1530 
2019-09-04T14:34:07.176 , Gen : 24200 , BEST: 1530 , SECOND: 1530 
2019-09-04T14:34:12.495 , Gen : 24300 , BEST: 1530 , SECOND: 1530 
2019-09-04T14:34:17.82 , Gen : 24400 , BEST: 1530 , SECOND: 1530 
2019-09-04T14:34:23.528 , Gen : 24500 , BEST: 1530 , SECOND: 1530 
2019-09-04T14:34:29.167 , Gen : 24600 , BEST: 1530 , SECOND: 1530 
2019-09-04T14:34:34.683 , Gen : 24700 , BEST: 1530 , SECOND: 1530 
2019-09-04T14:34:39.843 , Gen : 24800 , BEST: 1530 , SECOND: 1530 
2019-09-04T14:34:45.172 , Gen : 24900 , BEST: 1530 , SECOND: 1530 
2019-09-04T14:34:50.74 , Gen : 25000 , BEST: 1530 , SECOND: 1530 
fitness : 1530 
 code : ,,[>++-+.<+]>++++++[[+.[]+[]++[++++++++++-+[+[+[]-++++.<+[[+]- 
 4 - 1 ->  2 
 12 - 3 ->  2 
 10 - 5 ->  2 
2019-09-04T14:34:56.149 , Gen : 25100 , BEST: 1530 , SECOND: 1530 
2019-09-04T14:35:01.212 , Gen : 25200 , BEST: 1530 , SECOND: 1530 
2019-09-04T14:35:05.244 , Gen : 25300 , BEST: 1530 , SECOND: 1530 
2019-09-04T14:35:10.238 , Gen : 25400 , BEST: 1530 , SECOND: 1530 
2019-09-04T14:35:15.558 , Gen : 25500 , BEST: 1530 , SECOND: 1530 
2019-09-04T14:35:21.109 , Gen : 25600 , BEST: 1530 , SECOND: 1530 
2019-09-04T14:35:27.303 , Gen : 25700 , BEST: 1530 , SECOND: 1530 
2019-09-04T14:35:32.443 , Gen : 25800 , BEST: 1530 , SECOND: 1530 
2019-09-04T14:35:36.196 , Gen : 25900 , BEST: 1530 , SECOND: 1530 
2019-09-04T14:35:40.511 , Gen : 26000 , BEST: 1530 , SECOND: 1530 
fitness : 1530 
 code : ,,[>++-+.<+]>++++++[[+.[]+[]++[++++++++++-+[+[+[]-++++.<+[[+]- 
 3 - 0 ->  7 
 4 - 2 ->  2 
 12 - 11 ->  2 
2019-09-04T14:35:44.178 , Gen : 26100 , BEST: 1530 , SECOND: 1530 
2019-09-04T14:35:47.531 , Gen : 26200 , BEST: 1530 , SECOND: 1530 
2019-09-04T14:35:50.867 , Gen : 26300 , BEST: 1536 , SECOND: 1536 
2019-09-04T14:35:54.557 , Gen : 26400 , BEST: 1536 , SECOND: 1536 
fitness : 1536 
 code : ,->,[+<+>]<+.++[.+[+,++++++>+++++++[+++++++++++++++[++++[+-.]+ 
 14 - 9 ->  5 
 4 - 0 ->  4 
 10 - 6 ->  4 
 Generation : 26450 
fitness 1536 
dna : [0.737106, 0.458865, 0.176233, 0.693033, 0.833784, 0.260964, 0.0424015, 0.260964, 0.224844, 0.917894, 0.116993, 0.302274, 0.561768, 0.32849, 0.32849, 0.827786, 0.621717, 0.270967, 0.841165, 0.32849, 0.671728, 0.32849, 0.32849, 0.37106, 0.32849, 0.270967, 0.32849, 0.142815, 0.270967, 0.32849, 0.270967, 0.285661, 0.32849, 0.32849, 0.37106, 0.767675, 0.270967, 0.287618, 0.32849, 0.32849, 0.287618, 0.32849, 0.32849, 0.287618, 0.32849, 0.32849, 0.282687, 0.32849, 0.32849, 0.287618, 0.32849, 0.754955, 0.32849, 0.32849, 0.32849, 0.334163, 0.819978, 0.334163, 0.393153, 0.521742, 0.924974, 0.32437] 
