targetFitness = 1536 
params : Main.GeneticAlgorithms.Types.GAParams(136, 1000000, 50, 150, 0.7, 0.01, true, IOStream(<file ../Results/logSubtract.log>), 57658.0, 1536.0, 0, 1) 
2019-09-04T16:21:46.696 , Gen : 100 , BEST: 1526 , SECOND: 1526 
2019-09-04T16:21:50.635 , Gen : 200 , BEST: 1526 , SECOND: 1526 
2019-09-04T16:21:54.052 , Gen : 300 , BEST: 1526 , SECOND: 1526 
2019-09-04T16:21:57.732 , Gen : 400 , BEST: 1526 , SECOND: 1526 
2019-09-04T16:22:01.621 , Gen : 500 , BEST: 1526 , SECOND: 1526 
2019-09-04T16:22:07.785 , Gen : 600 , BEST: 1527 , SECOND: 1526 
2019-09-04T16:22:13.312 , Gen : 700 , BEST: 1527 , SECOND: 1527 
2019-09-04T16:22:18.106 , Gen : 800 , BEST: 1527 , SECOND: 1527 
2019-09-04T16:22:22.828 , Gen : 900 , BEST: 1527 , SECOND: 1527 
2019-09-04T16:22:27.52 , Gen : 1000 , BEST: 1527 , SECOND: 1527 
fitness : 1527 
 code : ,--[>+<-++++++++[+++++++++++++++>+.-+<]-,,<[].]..- 
 10 - 4 ->  2 
 7 - 1 ->  2 
 11 - 6 ->  2 
2019-09-04T16:22:32.313 , Gen : 1100 , BEST: 1527 , SECOND: 1527 
2019-09-04T16:22:37.089 , Gen : 1200 , BEST: 1527 , SECOND: 1527 
2019-09-04T16:22:41.26 , Gen : 1300 , BEST: 1527 , SECOND: 1527 
2019-09-04T16:22:45.385 , Gen : 1400 , BEST: 1527 , SECOND: 1527 
2019-09-04T16:22:49.621 , Gen : 1500 , BEST: 1527 , SECOND: 1527 
2019-09-04T16:22:53.845 , Gen : 1600 , BEST: 1527 , SECOND: 1527 
2019-09-04T16:22:58.21 , Gen : 1700 , BEST: 1527 , SECOND: 1527 
2019-09-04T16:23:01.942 , Gen : 1800 , BEST: 1527 , SECOND: 1527 
2019-09-04T16:23:05.469 , Gen : 1900 , BEST: 1527 , SECOND: 1527 
2019-09-04T16:23:08.942 , Gen : 2000 , BEST: 1527 , SECOND: 1527 
fitness : 1527 
 code : ,--[++++++++++[+++>+++.<+.+++.+.+<++]++++++]+[..,< 
 15 - 12 ->  3 
 0 - 0 ->  3 
 14 - 14 ->  3 
2019-09-04T16:23:13.424 , Gen : 2100 , BEST: 1527 , SECOND: 1527 
2019-09-04T16:23:17.813 , Gen : 2200 , BEST: 1527 , SECOND: 1527 
2019-09-04T16:23:22.295 , Gen : 2300 , BEST: 1527 , SECOND: 1527 
2019-09-04T16:23:26.746 , Gen : 2400 , BEST: 1527 , SECOND: 1527 
2019-09-04T16:23:31.653 , Gen : 2500 , BEST: 1527 , SECOND: 1527 
2019-09-04T16:23:36.311 , Gen : 2600 , BEST: 1527 , SECOND: 1527 
2019-09-04T16:23:40.993 , Gen : 2700 , BEST: 1527 , SECOND: 1527 
2019-09-04T16:23:45.759 , Gen : 2800 , BEST: 1527 , SECOND: 1527 
2019-09-04T16:23:50.697 , Gen : 2900 , BEST: 1527 , SECOND: 1527 
2019-09-04T16:23:55.264 , Gen : 3000 , BEST: 1527 , SECOND: 1527 
fitness : 1527 
 code : ,--[++++++++++[+++>+++.<+.+++.+.+<++]++++++]+[..,< 
 5 - 0 ->  3 
 1 - 1 ->  3 
 13 - 12 ->  3 
2019-09-04T16:23:59.978 , Gen : 3100 , BEST: 1527 , SECOND: 1527 
2019-09-04T16:24:04.577 , Gen : 3200 , BEST: 1527 , SECOND: 1527 
2019-09-04T16:24:09.112 , Gen : 3300 , BEST: 1527 , SECOND: 1527 
2019-09-04T16:24:13.502 , Gen : 3400 , BEST: 1527 , SECOND: 1527 
2019-09-04T16:24:17.998 , Gen : 3500 , BEST: 1527 , SECOND: 1527 
2019-09-04T16:24:22.628 , Gen : 3600 , BEST: 1527 , SECOND: 1527 
2019-09-04T16:24:27.036 , Gen : 3700 , BEST: 1527 , SECOND: 1527 
2019-09-04T16:24:31.642 , Gen : 3800 , BEST: 1527 , SECOND: 1527 
2019-09-04T16:24:36.303 , Gen : 3900 , BEST: 1527 , SECOND: 1527 
2019-09-04T16:24:41.103 , Gen : 4000 , BEST: 1527 , SECOND: 1527 
fitness : 1527 
 code : ,--[++++++++++[+++>+++.<+.+++.++<++]++++++]+[.+.>< 
 15 - 15 ->  3 
 12 - 6 ->  3 
 2 - 2 ->  1 
2019-09-04T16:24:46.246 , Gen : 4100 , BEST: 1525 , SECOND: 1525 
2019-09-04T16:24:51.4 , Gen : 4200 , BEST: 1526 , SECOND: 1526 
2019-09-04T16:24:56.954 , Gen : 4300 , BEST: 1526 , SECOND: 1526 
2019-09-04T16:25:02.288 , Gen : 4400 , BEST: 1527 , SECOND: 1526 
2019-09-04T16:25:08.399 , Gen : 4500 , BEST: 1529 , SECOND: 1527 
2019-09-04T16:25:13.987 , Gen : 4600 , BEST: 1529 , SECOND: 1529 
2019-09-04T16:25:19.448 , Gen : 4700 , BEST: 1529 , SECOND: 1529 
2019-09-04T16:25:24.56 , Gen : 4800 , BEST: 1529 , SECOND: 1529 
2019-09-04T16:25:29.739 , Gen : 4900 , BEST: 1529 , SECOND: 1529 
2019-09-04T16:25:35.083 , Gen : 5000 , BEST: 1529 , SECOND: 1529 
fitness : 1529 
 code : >-,,[>+.++++-]<>++>+,++++<>+++++++>++++>+++++++.-[,> 
 3 - 0 ->  7 
 15 - 0 ->  7 
 8 - 8 ->  1 
2019-09-04T16:25:40.316 , Gen : 5100 , BEST: 1529 , SECOND: 1529 
2019-09-04T16:25:45.294 , Gen : 5200 , BEST: 1529 , SECOND: 1529 
2019-09-04T16:25:50.593 , Gen : 5300 , BEST: 1529 , SECOND: 1529 
2019-09-04T16:25:55.648 , Gen : 5400 , BEST: 1529 , SECOND: 1529 
2019-09-04T16:26:00.742 , Gen : 5500 , BEST: 1529 , SECOND: 1529 
2019-09-04T16:26:05.983 , Gen : 5600 , BEST: 1529 , SECOND: 1529 
2019-09-04T16:26:11.212 , Gen : 5700 , BEST: 1529 , SECOND: 1529 
2019-09-04T16:26:16.129 , Gen : 5800 , BEST: 1529 , SECOND: 1529 
2019-09-04T16:26:21.072 , Gen : 5900 , BEST: 1529 , SECOND: 1529 
2019-09-04T16:26:26.407 , Gen : 6000 , BEST: 1530 , SECOND: 1529 
fitness : 1530 
 code : ,,[>+<++>+.>+<]-++,+++++++.++++++-+++.++++.+++.+.[,, 
 12 - 9 ->  2 
 4 - 1 ->  2 
 9 - 1 ->  2 
2019-09-04T16:26:31.789 , Gen : 6100 , BEST: 1530 , SECOND: 1529 
2019-09-04T16:26:36.897 , Gen : 6200 , BEST: 1530 , SECOND: 1530 
2019-09-04T16:26:41.967 , Gen : 6300 , BEST: 1530 , SECOND: 1530 
2019-09-04T16:26:47.113 , Gen : 6400 , BEST: 1530 , SECOND: 1530 
2019-09-04T16:26:52.072 , Gen : 6500 , BEST: 1530 , SECOND: 1530 
2019-09-04T16:26:57.213 , Gen : 6600 , BEST: 1530 , SECOND: 1530 
2019-09-04T16:27:02.017 , Gen : 6700 , BEST: 1530 , SECOND: 1530 
2019-09-04T16:27:06.609 , Gen : 6800 , BEST: 1530 , SECOND: 1530 
2019-09-04T16:27:11.408 , Gen : 6900 , BEST: 1530 , SECOND: 1530 
2019-09-04T16:27:16.317 , Gen : 7000 , BEST: 1530 , SECOND: 1530 
fitness : 1530 
 code : ,,[>+<++>+.>+,]-++,+++++++.+++++-++]+.+<++++++++++.. 
 0 - 0 ->  7 
 7 - 5 ->  2 
 4 - 2 ->  2 
2019-09-04T16:27:21.21 , Gen : 7100 , BEST: 1530 , SECOND: 1530 
2019-09-04T16:27:26.053 , Gen : 7200 , BEST: 1530 , SECOND: 1530 
2019-09-04T16:27:30.767 , Gen : 7300 , BEST: 1530 , SECOND: 1530 
2019-09-04T16:27:35.708 , Gen : 7400 , BEST: 1530 , SECOND: 1530 
2019-09-04T16:27:40.852 , Gen : 7500 , BEST: 1530 , SECOND: 1530 
2019-09-04T16:27:46.095 , Gen : 7600 , BEST: 1530 , SECOND: 1530 
2019-09-04T16:27:51.513 , Gen : 7700 , BEST: 1530 , SECOND: 1530 
2019-09-04T16:27:56.782 , Gen : 7800 , BEST: 1530 , SECOND: 1530 
2019-09-04T16:28:01.741 , Gen : 7900 , BEST: 1530 , SECOND: 1530 
2019-09-04T16:28:06.846 , Gen : 8000 , BEST: 1530 , SECOND: 1530 
fitness : 1530 
 code : ,,[>+<++>+.>+,]-++,+[++++++.+++++-++]+.+++++++++.,.. 
 5 - 5 ->  2 
 3 - 1 ->  2 
 7 - 1 ->  2 
2019-09-04T16:28:12.441 , Gen : 8100 , BEST: 1530 , SECOND: 1530 
2019-09-04T16:28:17.662 , Gen : 8200 , BEST: 1530 , SECOND: 1530 
2019-09-04T16:28:22.645 , Gen : 8300 , BEST: 1530 , SECOND: 1530 
2019-09-04T16:28:27.664 , Gen : 8400 , BEST: 1530 , SECOND: 1530 
2019-09-04T16:28:32.882 , Gen : 8500 , BEST: 1530 , SECOND: 1530 
2019-09-04T16:28:38.843 , Gen : 8600 , BEST: 1530 , SECOND: 1530 
2019-09-04T16:28:44.366 , Gen : 8700 , BEST: 1530 , SECOND: 1530 
2019-09-04T16:28:49.685 , Gen : 8800 , BEST: 1530 , SECOND: 1530 
2019-09-04T16:28:54.858 , Gen : 8900 , BEST: 1530 , SECOND: 1530 
2019-09-04T16:28:59.91 , Gen : 9000 , BEST: 1530 , SECOND: 1530 
fitness : 1530 
 code : ,+,[>+<+>+.,><]-++,+++++++.++[++[+++-++,>[++]+.-<>]-[] 
 10 - 4 ->  2 
 13 - 4 ->  2 
 8 - 1 ->  2 
2019-09-04T16:29:04.912 , Gen : 9100 , BEST: 1530 , SECOND: 1530 
2019-09-04T16:29:09.222 , Gen : 9200 , BEST: 1530 , SECOND: 1530 
2019-09-04T16:29:13.623 , Gen : 9300 , BEST: 1530 , SECOND: 1530 
2019-09-04T16:29:18.342 , Gen : 9400 , BEST: 1530 , SECOND: 1530 
2019-09-04T16:29:23.014 , Gen : 9500 , BEST: 1530 , SECOND: 1530 
2019-09-04T16:29:27.596 , Gen : 9600 , BEST: 1530 , SECOND: 1530 
2019-09-04T16:29:32.978 , Gen : 9700 , BEST: 1530 , SECOND: 1530 
2019-09-04T16:29:37.888 , Gen : 9800 , BEST: 1530 , SECOND: 1530 
2019-09-04T16:29:42.586 , Gen : 9900 , BEST: 1530 , SECOND: 1530 
2019-09-04T16:29:47.262 , Gen : 10000 , BEST: 1530 , SECOND: 1530 
fitness : 1530 
 code : ,+,[>+<+>+.,><]-++,+++++++.++[++[+++-++,>[++]+.-<>]-[] 
 14 - 8 ->  2 
 14 - 6 ->  2 
 2 - 1 ->  2 
2019-09-04T16:29:52.298 , Gen : 10100 , BEST: 1530 , SECOND: 1530 
2019-09-04T16:29:56.996 , Gen : 10200 , BEST: 1530 , SECOND: 1530 
2019-09-04T16:30:02.051 , Gen : 10300 , BEST: 1530 , SECOND: 1530 
2019-09-04T16:30:07.083 , Gen : 10400 , BEST: 1530 , SECOND: 1530 
2019-09-04T16:30:12.134 , Gen : 10500 , BEST: 1530 , SECOND: 1530 
2019-09-04T16:30:17.295 , Gen : 10600 , BEST: 1530 , SECOND: 1530 
2019-09-04T16:30:22.609 , Gen : 10700 , BEST: 1530 , SECOND: 1530 
2019-09-04T16:30:27.626 , Gen : 10800 , BEST: 1530 , SECOND: 1530 
2019-09-04T16:30:32.839 , Gen : 10900 , BEST: 1530 , SECOND: 1530 
2019-09-04T16:30:37.841 , Gen : 11000 , BEST: 1530 , SECOND: 1530 
fitness : 1530 
 code : ,+,[>+<+>+.,><]-++,+++++++.++[++[+++-++,>[++]+.-<>]-[] 
 15 - 8 ->  2 
 4 - 2 ->  2 
 15 - 12 ->  2 
2019-09-04T16:30:41.606 , Gen : 11100 , BEST: 1530 , SECOND: 1530 
2019-09-04T16:30:46.951 , Gen : 11200 , BEST: 1530 , SECOND: 1530 
2019-09-04T16:30:52.47 , Gen : 11300 , BEST: 1530 , SECOND: 1530 
2019-09-04T16:30:58.555 , Gen : 11400 , BEST: 1530 , SECOND: 1530 
2019-09-04T16:31:04.553 , Gen : 11500 , BEST: 1530 , SECOND: 1530 
2019-09-04T16:31:10.012 , Gen : 11600 , BEST: 1530 , SECOND: 1530 
2019-09-04T16:31:15.519 , Gen : 11700 , BEST: 1530 , SECOND: 1530 
2019-09-04T16:31:21.17 , Gen : 11800 , BEST: 1530 , SECOND: 1530 
2019-09-04T16:31:26.709 , Gen : 11900 , BEST: 1530 , SECOND: 1530 
2019-09-04T16:31:32.052 , Gen : 12000 , BEST: 1530 , SECOND: 1530 
fitness : 1530 
 code : ,+,[>+<+>+.,><]-++,+++++++.++[++[+++-++,>[++]+.-<>]-[] 
 3 - 2 ->  2 
 14 - 10 ->  2 
 0 - 0 ->  7 
2019-09-04T16:31:37.208 , Gen : 12100 , BEST: 1530 , SECOND: 1530 
2019-09-04T16:31:42.655 , Gen : 12200 , BEST: 1530 , SECOND: 1530 
2019-09-04T16:31:48.097 , Gen : 12300 , BEST: 1530 , SECOND: 1530 
2019-09-04T16:31:52.904 , Gen : 12400 , BEST: 1530 , SECOND: 1530 
2019-09-04T16:31:58.17 , Gen : 12500 , BEST: 1530 , SECOND: 1530 
2019-09-04T16:32:03.403 , Gen : 12600 , BEST: 1530 , SECOND: 1530 
2019-09-04T16:32:08.638 , Gen : 12700 , BEST: 1530 , SECOND: 1530 
2019-09-04T16:32:13.836 , Gen : 12800 , BEST: 1530 , SECOND: 1530 
2019-09-04T16:32:19.022 , Gen : 12900 , BEST: 1530 , SECOND: 1530 
2019-09-04T16:32:24.946 , Gen : 13000 , BEST: 1530 , SECOND: 1530 
fitness : 1530 
 code : ,+,[>+<+>+.,><]-++,+++++++.++[++[+++-++,>[++]+.-<>]-[],] 
 6 - 6 ->  2 
 12 - 6 ->  2 
 11 - 5 ->  2 
2019-09-04T16:32:30.456 , Gen : 13100 , BEST: 1530 , SECOND: 1530 
2019-09-04T16:32:36.628 , Gen : 13200 , BEST: 1530 , SECOND: 1530 
2019-09-04T16:32:42.594 , Gen : 13300 , BEST: 1530 , SECOND: 1530 
2019-09-04T16:32:48.053 , Gen : 13400 , BEST: 1530 , SECOND: 1530 
2019-09-04T16:32:52.573 , Gen : 13500 , BEST: 1530 , SECOND: 1530 
2019-09-04T16:32:57.575 , Gen : 13600 , BEST: 1530 , SECOND: 1530 
2019-09-04T16:33:02.551 , Gen : 13700 , BEST: 1530 , SECOND: 1530 
2019-09-04T16:33:07.154 , Gen : 13800 , BEST: 1530 , SECOND: 1530 
2019-09-04T16:33:12.58 , Gen : 13900 , BEST: 1530 , SECOND: 1530 
2019-09-04T16:33:18.352 , Gen : 14000 , BEST: 1530 , SECOND: 1530 
fitness : 1530 
 code : ,+,[>+<+>+.,><]-++,+++++++.++[++[+++-++,>[++]+.-<>]-[],] 
 13 - 4 ->  2 
 5 - 2 ->  2 
 11 - 0 ->  7 
2019-09-04T16:33:23.555 , Gen : 14100 , BEST: 1530 , SECOND: 1530 
2019-09-04T16:33:27.954 , Gen : 14200 , BEST: 1530 , SECOND: 1530 
2019-09-04T16:33:32.817 , Gen : 14300 , BEST: 1530 , SECOND: 1530 
2019-09-04T16:33:38.171 , Gen : 14400 , BEST: 1530 , SECOND: 1530 
2019-09-04T16:33:43.665 , Gen : 14500 , BEST: 1530 , SECOND: 1530 
2019-09-04T16:33:48.957 , Gen : 14600 , BEST: 1530 , SECOND: 1530 
2019-09-04T16:33:53.95 , Gen : 14700 , BEST: 1530 , SECOND: 1530 
2019-09-04T16:33:59.223 , Gen : 14800 , BEST: 1530 , SECOND: 1530 
