targetFitness = 522 
params : Main.GeneticAlgorithms.Types.GAParams(136, 1000000, 186, 200, 0.7, 0.01, true, IOStream(<file ../Results/logStringhi.log>), 10289.0, 522.0, 0, 1) 
2019-07-15T18:13:04.659 , Gen : 100 , BEST: 318 , SECOND: 318 
2019-07-15T18:13:06.113 , Gen : 200 , BEST: 321 , SECOND: 321 
2019-07-15T18:13:07.571 , Gen : 300 , BEST: 323 , SECOND: 323 
2019-07-15T18:13:09.031 , Gen : 400 , BEST: 323 , SECOND: 323 
2019-07-15T18:13:10.536 , Gen : 500 , BEST: 323 , SECOND: 323 
2019-07-15T18:13:12.015 , Gen : 600 , BEST: 327 , SECOND: 327 
2019-07-15T18:13:13.505 , Gen : 700 , BEST: 327 , SECOND: 327 
2019-07-15T18:13:15.02 , Gen : 800 , BEST: 329 , SECOND: 329 
2019-07-15T18:13:16.671 , Gen : 900 , BEST: 349 , SECOND: 339 
2019-07-15T18:13:19.601 , Gen : 1000 , BEST: 521 , SECOND: 521 
fitness : 521 
  code : -+---$-$*+[><+-++$*.,,!!--][.>.!.[+>-]]*-+-+-*$[.>*,!!!,!*]-!-$!],*!>]$$>.,.<!$,,!+->]+.<]],!<+*>,$+.!$-,]]-+*[**[$]*$<]-!.+*.]<,*[>.$][,*<-[-[>],<+!,.,-<[+-+]!+*-.$[-$]<[$[>-$-*+++-$+!>  
 goal : hi -> ii
2019-07-15T18:13:22.747 , Gen : 1100 , BEST: 521 , SECOND: 521 
2019-07-15T18:13:25.258 , Gen : 1200 , BEST: 521 , SECOND: 521 
2019-07-15T18:13:28.405 , Gen : 1300 , BEST: 521 , SECOND: 521 
2019-07-15T18:13:30.569 , Gen : 1400 , BEST: 521 , SECOND: 521 
2019-07-15T18:13:32.572 , Gen : 1500 , BEST: 521 , SECOND: 521 
2019-07-15T18:13:34.744 , Gen : 1600 , BEST: 521 , SECOND: 521 
2019-07-15T18:13:36.835 , Gen : 1700 , BEST: 521 , SECOND: 521 
2019-07-15T18:13:38.685 , Gen : 1800 , BEST: 521 , SECOND: 521 
2019-07-15T18:13:40.561 , Gen : 1900 , BEST: 521 , SECOND: 521 
2019-07-15T18:13:42.943 , Gen : 2000 , BEST: 521 , SECOND: 521 
fitness : 521 
  code : ---$$$-**-[++-+*..,!++[[><.*[!*+,-++$![>!!!$$<-[.>+$$>.[.$>+-]!-]-$+]+],!.,!$,,$,,!+-,]+.!],!<!+*>,$+.!$-,]]-+*[*[$]*$<]-!.+*!]<,*[>.$][,*<-[-[>],<+!,.,-<[*+-+]!+*-.$[-$]<[$[>-<$$$-*>+++  
 goal : hi -> ii
2019-07-15T18:13:45.358 , Gen : 2100 , BEST: 521 , SECOND: 521 
2019-07-15T18:13:47.599 , Gen : 2200 , BEST: 521 , SECOND: 521 
2019-07-15T18:13:49.75 , Gen : 2300 , BEST: 521 , SECOND: 521 
2019-07-15T18:13:52.256 , Gen : 2400 , BEST: 521 , SECOND: 521 
2019-07-15T18:13:54.439 , Gen : 2500 , BEST: 521 , SECOND: 521 
2019-07-15T18:13:56.787 , Gen : 2600 , BEST: 521 , SECOND: 521 
2019-07-15T18:13:59.523 , Gen : 2700 , BEST: 521 , SECOND: 521 
2019-07-15T18:14:01.899 , Gen : 2800 , BEST: 521 , SECOND: 521 
2019-07-15T18:14:04.185 , Gen : 2900 , BEST: 521 , SECOND: 521 
2019-07-15T18:14:06.395 , Gen : 3000 , BEST: 521 , SECOND: 521 
fitness : 521 
  code : $>+$-$-*-----$$$-**-[..*><>[++>]*[>-]$.>+-+!--$[!]+-]+!-*,+]+],*!>]-$$>>.,!.,!$,,!+->]+..],!<+*>,$+.!$-,]]-+*[*[$]*$<]-!.+*.]<,*[>.$][,*<-[-[>],<],<+!,.,-<[*+-+]!+*-.$[-$]<[$[>-<$$$-*>+!  
 goal : hi -> ii
2019-07-15T18:14:08.777 , Gen : 3100 , BEST: 521 , SECOND: 521 
2019-07-15T18:14:11.525 , Gen : 3200 , BEST: 521 , SECOND: 521 
2019-07-15T18:14:13.915 , Gen : 3300 , BEST: 521 , SECOND: 521 
2019-07-15T18:14:16.169 , Gen : 3400 , BEST: 521 , SECOND: 521 
2019-07-15T18:14:18.144 , Gen : 3500 , BEST: 522 , SECOND: 522 
2019-07-15T18:14:20.077 , Gen : 3600 , BEST: 522 , SECOND: 522 
fitness : 522 
  code : +>---$--$$-**$**.$<*+![>+.*!>.[*[!>+$]>!!$$[.>+-]+!*-$+]+],*!>]-$$.>.,!..!<->]+.>]+.]+.!>>,$+.!$.!]*..!$-,]]-+*[*[$]*$<]-!.+*.]<,*[>.$][,*<-[-[>],!+!,.,-<[*+-+]!+*-.$[-$]<[$[>-<$$$-*>+,+  
 goal : hi -> hi
 Generation : 3684 
fitness 522 
dna : [0.271317, 0.122946, 0.298967, 0.297838, 0.296211, 0.739662, 0.296211, 0.275182, 0.806034, 0.806034, 0.296211, 0.959088, 0.928436, 0.775332, 0.913473, 0.913473, 0.434622, 0.806034, 0.0485569, 0.959088, 0.242681, 0.857908, 0.622454, 0.1053, 0.265399, 0.434622, 0.916508, 0.904416, 0.139292, 0.393899, 0.550623, 0.916508, 0.554033, 0.904416, 0.139292, 0.206415, 0.801112, 0.686102, 0.100714, 0.865919, 0.903789, 0.752913, 0.773105, 0.577249, 0.40641, 0.109858, 0.213792, 0.282673, 0.653277, 0.257432, 0.830847, 0.978747, 0.291666, 0.730448, 0.206215, 0.660509, 0.270665, 0.676674, 0.47937, 0.916727, 0.888668, 0.164986, 0.647206, 0.33031, 0.769738, 0.770879, 0.39682, 0.140408, 0.411577, 0.487979, 0.843015, 0.410639, 0.368609, 0.866581, 0.0022453, 0.300071, 0.120864, 0.689528, 0.26177, 0.40778, 0.120864, 0.689528, 0.26177, 0.418306, 0.673735, 0.26177, 0.418306, 0.832153, 0.120864, 0.161013, 0.475747, 0.809619, 0.198389, 0.387351, 0.890603, 0.809619, 0.387351, 0.890603, 0.681481, 0.950742, 0.370718, 0.387351, 0.890603, 0.804021, 0.316725, 0.493915, 0.680958, 0.661563, 0.309254, 0.20556, 0.98076, 0.563746, 0.968269, 0.550791, 0.738566, 0.650777, 0.915601, 0.729427, 0.0878895, 0.692944, 0.326969, 0.905029, 0.428006, 0.260282, 0.937783, 0.378727, 0.640088, 0.0408291, 0.467336, 0.956274, 0.549465, 0.121932, 0.403419, 0.784198, 0.637413, 0.616784, 0.519551, 0.991706, 0.0119421, 0.289155, 0.602225, 0.284032, 0.584909, 0.127916, 0.641929, 0.519585, 0.824393, 0.259743, 0.908136, 0.507573, 0.370713, 0.523488, 0.275146, 0.0408068, 0.571143, 0.954703, 0.217129, 0.345781, 0.183078, 0.646897, 0.868349, 0.218185, 0.965165, 0.280832, 0.398179, 0.771896, 0.631439, 0.322824, 0.744207, 0.662812, 0.0288935, 0.560581, 0.815077, 0.599575, 0.118987, 0.334238, 0.0241072, 0.796488, 0.798549, 0.817519, 0.318199, 0.914452, 0.170673, 0.2354, 0.512261, 0.271375] 
