targetFitness = 4874 
params : Main.GeneticAlgorithms.Types.GAParams(136, 10000000, 300, 300, 0.7, 0.01, true, IOStream(<file ../Results/logStringJoyeux anniversaire.log>), 15185.0, 4874.0, 0, 1) 
2019-07-16T17:05:57.33 , Gen : 100 , BEST: 3234 , SECOND: 3234 
2019-07-16T17:06:03.395 , Gen : 200 , BEST: 3288 , SECOND: 3287 
2019-07-16T17:06:09.596 , Gen : 300 , BEST: 3329 , SECOND: 3325 
2019-07-16T17:06:15.152 , Gen : 400 , BEST: 3943 , SECOND: 3943 
2019-07-16T17:06:20.878 , Gen : 500 , BEST: 4033 , SECOND: 4033 
2019-07-16T17:06:26.963 , Gen : 600 , BEST: 4094 , SECOND: 4094 
2019-07-16T17:06:32.883 , Gen : 700 , BEST: 4094 , SECOND: 4094 
2019-07-16T17:06:38.473 , Gen : 800 , BEST: 4124 , SECOND: 4124 
2019-07-16T17:06:44.158 , Gen : 900 , BEST: 4124 , SECOND: 4124 
2019-07-16T17:06:50.323 , Gen : 1000 , BEST: 4124 , SECOND: 4124 
fitness : 4124 
  code : >[+>-.>->>.[[..+<>]]>]>>>+<++--<++[++[+[<>++[+++++++.]-[.>-.>-<,,-,[,>>>]>]-.]+.>]<<<],.>[<]<],]<,[-,]>[,,[]+,<>[,,-><,]<,.<><]-[,<[].-,<,]]-.,[-<.>->>[<.,->-.--+.+>.>.,]]-<-<.<<+][<<,>,.<-[++<[<>.-[>,[,<+[,,>]><,-+>].>,,-[,][-,-,<<>[+>,>+.[+[>+-[.<,,>,>+->+-[+..>++[+<[[]+-,<-[.>,+,+-<-,-.[>..[[.<[[  
 goal : Joyeux anniversaire -> #*18?FMT[bipw~
2019-07-16T17:06:56.536 , Gen : 1100 , BEST: 4133 , SECOND: 4133 
2019-07-16T17:07:02.336 , Gen : 1200 , BEST: 4133 , SECOND: 4133 
2019-07-16T17:07:08.464 , Gen : 1300 , BEST: 4133 , SECOND: 4133 
2019-07-16T17:07:14.218 , Gen : 1400 , BEST: 4142 , SECOND: 4142 
2019-07-16T17:07:20.88 , Gen : 1500 , BEST: 4142 , SECOND: 4142 
2019-07-16T17:07:27.049 , Gen : 1600 , BEST: 4142 , SECOND: 4142 
2019-07-16T17:07:33.8 , Gen : 1700 , BEST: 4142 , SECOND: 4142 
2019-07-16T17:07:39.965 , Gen : 1800 , BEST: 4142 , SECOND: 4142 
2019-07-16T17:07:47.279 , Gen : 1900 , BEST: 4142 , SECOND: 4142 
2019-07-16T17:07:54.243 , Gen : 2000 , BEST: 4142 , SECOND: 4142 
fitness : 4142 
  code : [[>,-.--..[,.<]]>>,]>><>+<+[+++++[++[<>+[+++++++.]..-.].--],.]],..>].-,<[.][,>-[,,+[][>.,],.[,.+]--,++]+.-+>,<.-+.]-]]<>.,-,--.[.,],--<+>]>-<-]]+.++>]-[[+.+[+-->,>.<,-[,.---]<,,<+[][-.,--[-]],<.[,+<->,-<>][]]+>-<,.+-+]-->>--[-[[-[[->][-.<>[.<++[<.[,.[.>[-.+.<,[.-.],--+[.+[<-[>-<,[>.[...[.<,,,+[.-+,.  
 goal : Joyeux anniversaire -> %,3:AHOV]dkry
2019-07-16T17:08:00.587 , Gen : 2100 , BEST: 4151 , SECOND: 4142 
2019-07-16T17:08:07.28 , Gen : 2200 , BEST: 4151 , SECOND: 4151 
2019-07-16T17:08:13.334 , Gen : 2300 , BEST: 4156 , SECOND: 4151 
2019-07-16T17:08:19.242 , Gen : 2400 , BEST: 4156 , SECOND: 4156 
2019-07-16T17:08:25.771 , Gen : 2500 , BEST: 4161 , SECOND: 4161 
2019-07-16T17:08:32.336 , Gen : 2600 , BEST: 4166 , SECOND: 4166 
2019-07-16T17:08:39.033 , Gen : 2700 , BEST: 4166 , SECOND: 4166 
2019-07-16T17:08:45.752 , Gen : 2800 , BEST: 4166 , SECOND: 4166 
2019-07-16T17:08:52.542 , Gen : 2900 , BEST: 4166 , SECOND: 4166 
2019-07-16T17:08:59.344 , Gen : 3000 , BEST: 4166 , SECOND: 4166 
fitness : 4166 
  code : ,[.,-.[+].]>>--+>+[-++++[><><++[+++++[++[<>[[+++++++.].-[+.++.].,<<+><.]],]<,].,>.--.]<+.<-[][-+->,-->+]]],+>>>]]]>[+[.,+<<[[>+]-][.]>[<-<],]]-.]<+-..].-.,.<]+<+<].-.],.][,]+>>]>->,,,-+]-..>+>-<,-+...>][--.+,<<-]-+[++<->-+-]-+--]+.-]+-,-]+[]++.<<.+,<<-.-[.<-[-+><>>]]+>.-,.-,,.,,+><+>.--+.,-]+<>],+.<  
 goal : Joyeux anniversaire -> ")07>ELSZahov}
2019-07-16T17:09:06.531 , Gen : 3100 , BEST: 4171 , SECOND: 4171 
2019-07-16T17:09:12.918 , Gen : 3200 , BEST: 4171 , SECOND: 4171 
2019-07-16T17:09:19.364 , Gen : 3300 , BEST: 4181 , SECOND: 4178 
2019-07-16T17:09:26.138 , Gen : 3400 , BEST: 4196 , SECOND: 4196 
2019-07-16T17:09:33.717 , Gen : 3500 , BEST: 4214 , SECOND: 4205 
2019-07-16T17:09:41.125 , Gen : 3600 , BEST: 4214 , SECOND: 4214 
2019-07-16T17:09:48.255 , Gen : 3700 , BEST: 4223 , SECOND: 4223 
2019-07-16T17:09:56.43 , Gen : 3800 , BEST: 4232 , SECOND: 4232 
2019-07-16T17:10:03.3 , Gen : 3900 , BEST: 4232 , SECOND: 4232 
2019-07-16T17:10:10.628 , Gen : 4000 , BEST: 4232 , SECOND: 4232 
fitness : 4232 
  code : [+]-+++++[+[-[+++[><><[+[++++[+++<>+[++++[+++[++++++.]<-[<<[[.>>+.-->+.>]->.[[-],[]<<-,.[].[,<+<+][+-]><+-..-]>>.-->..+>]>.[..>]][[.-+<->+,.+]-]-.-],[,[,>,-[--][.+->+,]]-.,>..,[,>[,..[-.-<]+..->]>+,[--->>..-<],<,<+]<]>+.-..]-++<.>..,[.,[].][<]]<,>.[]<-]+<-[+-.->++>,+-,-,]]>>-,,>>-]+>---.>>,-+..,>]>+  
 goal : Joyeux anniversaire -> #)/5;AGMSY_ekqw}
2019-07-16T17:10:17.523 , Gen : 4100 , BEST: 4241 , SECOND: 4241 
2019-07-16T17:10:23.982 , Gen : 4200 , BEST: 4250 , SECOND: 4241 
2019-07-16T17:10:30.983 , Gen : 4300 , BEST: 4277 , SECOND: 4274 
2019-07-16T17:10:37.857 , Gen : 4400 , BEST: 4283 , SECOND: 4280 
2019-07-16T17:10:45.148 , Gen : 4500 , BEST: 4295 , SECOND: 4295 
2019-07-16T17:10:52.825 , Gen : 4600 , BEST: 4313 , SECOND: 4304 
2019-07-16T17:11:01.339 , Gen : 4700 , BEST: 4327 , SECOND: 4327 
2019-07-16T17:11:10.179 , Gen : 4800 , BEST: 4334 , SECOND: 4334 
2019-07-16T17:11:18.943 , Gen : 4900 , BEST: 4341 , SECOND: 4341 
2019-07-16T17:11:27.987 , Gen : 5000 , BEST: 4351 , SECOND: 4351 
fitness : 4351 
  code : +[+++++[++-[+++++[><><[+[++++[+++<>+[+++[[++++++[+++++++++++[[+[+++++.][.[][,,-[<<[<[[]<><,]++>[<+]+><[-+<>>[+.+.-,-,+>[.-<>.].-,][,+.]].]>[-,-[]-,]>[+<+-+]>[+,+-[+]-[]++-[+,-<,-+-++>..-]->]<>+<>-[>+]+-<.+-+-]][.+-><-]]>]>..<>]][.<],,]>..<>+<->[].]->-,>.>].>-,.-,,<++-++[,],>.>]]<>,>,,>,.-.<>+<[>..,>  
 goal : Joyeux anniversaire -> /49>CHMRW\afkpuz
2019-07-16T17:11:36.92 , Gen : 5100 , BEST: 4351 , SECOND: 4351 
2019-07-16T17:11:46.263 , Gen : 5200 , BEST: 4361 , SECOND: 4356 
2019-07-16T17:11:54.997 , Gen : 5300 , BEST: 4361 , SECOND: 4361 
2019-07-16T17:12:02.158 , Gen : 5400 , BEST: 4367 , SECOND: 4364 
2019-07-16T17:12:09.067 , Gen : 5500 , BEST: 4367 , SECOND: 4367 
2019-07-16T17:12:15.743 , Gen : 5600 , BEST: 4367 , SECOND: 4367 
2019-07-16T17:12:22.043 , Gen : 5700 , BEST: 4370 , SECOND: 4370 
2019-07-16T17:12:29.147 , Gen : 5800 , BEST: 4370 , SECOND: 4370 
2019-07-16T17:12:36.029 , Gen : 5900 , BEST: 4376 , SECOND: 4376 
2019-07-16T17:12:43.696 , Gen : 6000 , BEST: 4376 , SECOND: 4376 
fitness : 4376 
  code : ++++[+++++[++-[+++++[><><[+[++++[+++<>+[+++[[++++++++[+++[++++++++++[[+[+++++.].[--[--,-]-,<.-,.[[]----.--->],+]-.,>],+<+.-,-[>[,->]]-.<+>>>-[>+<+[.[+<---[+>]]><..+<<.-.+>.[><--.><+][,]]]<+]]]>>>....<[,]].].+,.+-,],->],-..,>>]]-,..+<+<,++.>+,<,],]++[<<[<.[<+.-]>]..<<-.].<><...<-,-,[><[]--.<-.>]...+]  
 goal : Joyeux anniversaire -> 6;@EJOTY^chmrw|
2019-07-16T17:12:50.751 , Gen : 6100 , BEST: 4379 , SECOND: 4379 
2019-07-16T17:12:57.404 , Gen : 6200 , BEST: 4422 , SECOND: 4422 
2019-07-16T17:13:04.327 , Gen : 6300 , BEST: 4429 , SECOND: 4429 
2019-07-16T17:13:11.151 , Gen : 6400 , BEST: 4429 , SECOND: 4429 
2019-07-16T17:13:17.999 , Gen : 6500 , BEST: 4446 , SECOND: 4446 
2019-07-16T17:13:25.085 , Gen : 6600 , BEST: 4454 , SECOND: 4454 
2019-07-16T17:13:32.866 , Gen : 6700 , BEST: 4454 , SECOND: 4454 
2019-07-16T17:13:39.928 , Gen : 6800 , BEST: 4454 , SECOND: 4454 
2019-07-16T17:13:46.879 , Gen : 6900 , BEST: 4461 , SECOND: 4457 
2019-07-16T17:13:53.803 , Gen : 7000 , BEST: 4466 , SECOND: 4466 
fitness : 4466 
  code : ,++[+++++++[++++++[++-[+++++[<>><[+[+++++[+++<>[+++[[+++++++++[+[+[++++++++++++[+[+[+++[+++.]..+..]-]<.[.+.,-],<>-->-+-],>[]-<,++<-[].+-<><+<.]-[.>]].,],,].[+>.]].-[.,<-,][<++[>.]-<]][[[],],.[-,>+>]]>+,.-.,]-+-+.,-.+++,+++--,>-[<,,>]>+->]]++-><[.[-><><]<<-]..>.<]<]+--<>,.....]>.]>+[.+-...,-]<->>++[>  
 goal : Joyeux anniversaire -> @CFILORUX[^adgjmpsv
2019-07-16T17:14:01.326 , Gen : 7100 , BEST: 4475 , SECOND: 4475 
2019-07-16T17:14:08.466 , Gen : 7200 , BEST: 4482 , SECOND: 4482 
2019-07-16T17:14:15.506 , Gen : 7300 , BEST: 4489 , SECOND: 4489 
2019-07-16T17:14:23.236 , Gen : 7400 , BEST: 4496 , SECOND: 4496 
2019-07-16T17:14:31.511 , Gen : 7500 , BEST: 4510 , SECOND: 4503 
2019-07-16T17:14:41.299 , Gen : 7600 , BEST: 4517 , SECOND: 4510 
2019-07-16T17:14:50.85 , Gen : 7700 , BEST: 4536 , SECOND: 4531 
2019-07-16T17:15:00.044 , Gen : 7800 , BEST: 4539 , SECOND: 4539 
2019-07-16T17:15:09.206 , Gen : 7900 , BEST: 4539 , SECOND: 4539 
2019-07-16T17:15:17.073 , Gen : 8000 , BEST: 4539 , SECOND: 4539 
fitness : 4539 
  code : ,>+++++++[+++++++[+++++-++-++++++<>><+[+++++++++[++++<>[+++[[+++++++++[++[++++++++++++[++[+[+[+++[+++.]..<.]-]<+[[.,+,.+.]-.-.].,+<<..,]>[][]]>[.-<]-<>[<+.<+,[,][-<,]..]][>[-+-.>[[-<[<]>-..[<>>-..,]-+[>>-->..].->.<.[.,.--,-],.<]->->-+,]>+>-]-...-.]><-.,<]].-][[..,-,-,-.>.<[[.><.,[.>-[+]..[--.>.[.+[.  
 goal : Joyeux anniversaire -> KNQTWZ]`cfilorux{~
2019-07-16T17:15:24.461 , Gen : 8100 , BEST: 4539 , SECOND: 4539 
2019-07-16T17:15:31.203 , Gen : 8200 , BEST: 4539 , SECOND: 4539 
2019-07-16T17:15:39.419 , Gen : 8300 , BEST: 4539 , SECOND: 4539 
2019-07-16T17:15:49.535 , Gen : 8400 , BEST: 4539 , SECOND: 4539 
2019-07-16T17:15:57.931 , Gen : 8500 , BEST: 4539 , SECOND: 4539 
2019-07-16T17:16:05.99 , Gen : 8600 , BEST: 4539 , SECOND: 4539 
2019-07-16T17:16:14.049 , Gen : 8700 , BEST: 4539 , SECOND: 4539 
2019-07-16T17:16:22.677 , Gen : 8800 , BEST: 4539 , SECOND: 4539 
2019-07-16T17:16:31.106 , Gen : 8900 , BEST: 4539 , SECOND: 4539 
2019-07-16T17:16:40.125 , Gen : 9000 , BEST: 4539 , SECOND: 4539 
fitness : 4539 
  code : +>++++++++[+++++++[+++++-++-++++++<>><+[+++++++++[++++<>[+++[[+++++++++[++[++++++++++++[+++[+[++[+++.]..<.]-]]+>.-.[-<]>[>,.-][.+][]-][,[+>,+[]..]+.->+,+].>-<.>..,.]-[--[-[+-[-<]++-+-.,.,-]]>><.]<.,-.,-+.>>,-].]+-..+,.]]][...,.]].+>.>.]].<--+.[,+>.]],>.-[-..[>.+>.,-.<>>---[]-.--.->]-[<+,,>><-,..+.[[  
 goal : Joyeux anniversaire -> KNQTWZ]`cfilorux{~
2019-07-16T17:16:48.318 , Gen : 9100 , BEST: 4539 , SECOND: 4539 
2019-07-16T17:16:55.012 , Gen : 9200 , BEST: 4539 , SECOND: 4539 
2019-07-16T17:17:01.74 , Gen : 9300 , BEST: 4539 , SECOND: 4539 
2019-07-16T17:17:08.986 , Gen : 9400 , BEST: 4539 , SECOND: 4539 
2019-07-16T17:17:16.595 , Gen : 9500 , BEST: 4539 , SECOND: 4539 
2019-07-16T17:17:24.489 , Gen : 9600 , BEST: 4539 , SECOND: 4539 
2019-07-16T17:17:31.713 , Gen : 9700 , BEST: 4539 , SECOND: 4539 
2019-07-16T17:17:38.88 , Gen : 9800 , BEST: 4539 , SECOND: 4539 
2019-07-16T17:17:46.181 , Gen : 9900 , BEST: 4539 , SECOND: 4539 
2019-07-16T17:17:53.629 , Gen : 10000 , BEST: 4539 , SECOND: 4539 
fitness : 4539 
  code : ,,>++++++[+++++++[+++++-++-++++++<,>><+[+++++++++[++++<>[+++[[[++++++++++++[++++++++++++[++[+[+[+++[+++.]...[].]+.>[,<.].]][.[-+[>-.]..><]--,]-[>[-][[->-][]]]-,[+],,<,.]].,].-<]].>.,]++-][<><+-].[.-.+.>][,>[-][-<.,-]>[>.-,<>>],],.[-<-.-][<.]<<>+[[.]>-[,,[,[>[[-..-.,<,.-<]->,.]<<.-.+]+.<[,.-<[,.+++[+  
 goal : Joyeux anniversaire -> KNQTWZ]`cfilorux{~
2019-07-16T17:18:00.25 , Gen : 10100 , BEST: 4539 , SECOND: 4539 
2019-07-16T17:18:07.65 , Gen : 10200 , BEST: 4539 , SECOND: 4539 
2019-07-16T17:18:14.563 , Gen : 10300 , BEST: 4539 , SECOND: 4539 
2019-07-16T17:18:22.812 , Gen : 10400 , BEST: 4539 , SECOND: 4539 
2019-07-16T17:18:30.79 , Gen : 10500 , BEST: 4539 , SECOND: 4539 
2019-07-16T17:18:39.412 , Gen : 10600 , BEST: 4539 , SECOND: 4539 
2019-07-16T17:18:48.172 , Gen : 10700 , BEST: 4539 , SECOND: 4539 
2019-07-16T17:18:57.993 , Gen : 10800 , BEST: 4539 , SECOND: 4539 
2019-07-16T17:19:06.204 , Gen : 10900 , BEST: 4539 , SECOND: 4539 
2019-07-16T17:19:14.368 , Gen : 11000 , BEST: 4539 , SECOND: 4539 
fitness : 4539 
  code : -+>++++++[+++++++[++[+++-++-++++++<,>><+[+++++++++[++++<>[+++[[[++++++++++++[+++[+++++++++[++++[+++[+++.]...]-.<..>+.-[]-,-,-]---[-,..[-,>-+<,,.<,.+.><>-[-[<>---<,-,--].[--<.+>,]]>++>],]>+.]]..]].>]]..]].],[+-],,],,.,,+.-+,.++>]],,.-><-+-,],.+++-.,],[]<-[[.,<.>]+>[]+[,[+[+[,+[].-.---+.],+..[<<.,,.[+  
 goal : Joyeux anniversaire -> KNQTWZ]`cfilorux{~
2019-07-16T17:19:22.717 , Gen : 11100 , BEST: 4539 , SECOND: 4539 
2019-07-16T17:19:30.999 , Gen : 11200 , BEST: 4539 , SECOND: 4539 
2019-07-16T17:19:39.749 , Gen : 11300 , BEST: 4539 , SECOND: 4539 
2019-07-16T17:19:50.076 , Gen : 11400 , BEST: 4539 , SECOND: 4539 
2019-07-16T17:19:58.637 , Gen : 11500 , BEST: 4539 , SECOND: 4539 
2019-07-16T17:20:07.81 , Gen : 11600 , BEST: 4539 , SECOND: 4539 
2019-07-16T17:20:16.957 , Gen : 11700 , BEST: 4539 , SECOND: 4539 
2019-07-16T17:20:26.015 , Gen : 11800 , BEST: 4539 , SECOND: 4539 
2019-07-16T17:20:34.255 , Gen : 11900 , BEST: 4539 , SECOND: 4539 
2019-07-16T17:20:42.432 , Gen : 12000 , BEST: 4539 , SECOND: 4539 
fitness : 4539 
  code : >>++++++[++++++[++[+++-+++-++++++<,>><+[+++++++++[++++<>[+++[[[++++++++++++[+++[+++++++++[++++[+++[+++.]....]-.]-++>+[-<[,-][,][,<+-][,<><.,+.>],],]-<>]]..+.-+.+>>,.-<].-.++,[+]....[,>,+[.,[>.+->]+]<.],]..],,.>]-.,]+.-.--.-..+],.+>.-]],.+>.-]+]+.-+.+.>-,],[-,+]-,].+].]++,][.-+,,.-+-,,[+-..].>>>]<[-.  
 goal : Joyeux anniversaire -> KNQTWZ]`cfilorux{~
2019-07-16T17:20:49.708 , Gen : 12100 , BEST: 4539 , SECOND: 4539 
2019-07-16T17:20:57.273 , Gen : 12200 , BEST: 4539 , SECOND: 4539 
2019-07-16T17:21:04.47 , Gen : 12300 , BEST: 4539 , SECOND: 4539 
2019-07-16T17:21:11.9 , Gen : 12400 , BEST: 4539 , SECOND: 4539 
2019-07-16T17:21:20.344 , Gen : 12500 , BEST: 4539 , SECOND: 4539 
2019-07-16T17:21:28.806 , Gen : 12600 , BEST: 4539 , SECOND: 4539 
2019-07-16T17:21:38.198 , Gen : 12700 , BEST: 4539 , SECOND: 4539 
2019-07-16T17:21:46.448 , Gen : 12800 , BEST: 4580 , SECOND: 4575 
2019-07-16T17:21:53.16 , Gen : 12900 , BEST: 4580 , SECOND: 4580 
2019-07-16T17:22:01.064 , Gen : 13000 , BEST: 4583 , SECOND: 4583 
fitness : 4583 
  code : +++[++++++[++[+++-+++-++++++<>><+[+++++++++[++++<>[+++[[[++++++++++++++++[+++[+++++[+++++[++++[++++[++[+++++[[++.]++-<]][.[,]><..],,],,-]]+.,]-+.[.<-,,],<..+-[.,]<],<.+[-.,.+],,]].<.[<++>...,..]--[.-,...+.<,[<>-+.,..->]-,<<[>-..,+-.]]..]..,,[,]]-.].[][,,++].[-[,]-,<--,<+.>[-]>>-->>---,-.+[,-<[.,>,[>  
 goal : Joyeux anniversaire -> TVXZ\^`bdfhjlnprtvx
2019-07-16T17:22:08.212 , Gen : 13100 , BEST: 4583 , SECOND: 4583 
2019-07-16T17:22:15.657 , Gen : 13200 , BEST: 4586 , SECOND: 4586 
2019-07-16T17:22:24.376 , Gen : 13300 , BEST: 4586 , SECOND: 4586 
2019-07-16T17:22:32.424 , Gen : 13400 , BEST: 4588 , SECOND: 4588 
2019-07-16T17:22:40.494 , Gen : 13500 , BEST: 4590 , SECOND: 4588 
2019-07-16T17:22:49.798 , Gen : 13600 , BEST: 4590 , SECOND: 4590 
2019-07-16T17:22:57.552 , Gen : 13700 , BEST: 4598 , SECOND: 4598 
2019-07-16T17:23:04.823 , Gen : 13800 , BEST: 4601 , SECOND: 4601 
2019-07-16T17:23:11.311 , Gen : 13900 , BEST: 4601 , SECOND: 4601 
2019-07-16T17:23:18.439 , Gen : 14000 , BEST: 4601 , SECOND: 4601 
fitness : 4601 
  code : ,+++++++[+++++++[++[+++++-++++++<>><+[+++++++++++++++<>[+++[[++++++++++++++++[+++[+++++[+++++[-+.+++[++++[++[[++++[[++.]++-<<][.[.[,]>->.]-,,,][>]-[><.+,]]]--]]-<>.<++],.,.<]-[.[<,.+.,]]-,<+]-<-.,-,][]---<<<.,,>,,-]>---+--+.-+-+[,-.>>.+>..>+>.>->]..]<.<.]<.->,]..]-+,-<><>,,,.[.[,+[>+[,<-.,--]+>.--]<  
 goal : Joyeux anniversaire -> JY[]_acegikmoqsuwy{
2019-07-16T17:23:26.264 , Gen : 14100 , BEST: 4601 , SECOND: 4601 
2019-07-16T17:23:34.58 , Gen : 14200 , BEST: 4601 , SECOND: 4601 
2019-07-16T17:23:42.529 , Gen : 14300 , BEST: 4601 , SECOND: 4601 
2019-07-16T17:23:51.139 , Gen : 14400 , BEST: 4601 , SECOND: 4601 
2019-07-16T17:23:59.985 , Gen : 14500 , BEST: 4601 , SECOND: 4601 
2019-07-16T17:24:08.764 , Gen : 14600 , BEST: 4601 , SECOND: 4601 
2019-07-16T17:24:16.928 , Gen : 14700 , BEST: 4605 , SECOND: 4601 
2019-07-16T17:24:24.584 , Gen : 14800 , BEST: 4625 , SECOND: 4625 
2019-07-16T17:24:32.267 , Gen : 14900 , BEST: 4638 , SECOND: 4638 
2019-07-16T17:24:40.335 , Gen : 15000 , BEST: 4645 , SECOND: 4642 
fitness : 4645 
  code : +++++++++++++[++[+++++-++++++<>>]<+[++++++++++++++++[+++++<>[++[[++[[++++++++++++++++[+++[+++++[+++++[+.+++[[++++[+[+++[[+++++-[+[[+.]->->,]+,-,,]+-<+-<,.,>,[+[]],],,,<+,]]].++].[,.,,+<,-<.,>..-]],-<]><.+>,++>,.>--,+.>]->>>,+.>.>>>],.]-><..,],<->-+[+->>,]><,.-]-[++[>-..>,-<.+..+.+-,.-+].--,><>>]>,--  
 goal : Joyeux anniversaire -> Qbcdefghijklmnopqrs
2019-07-16T17:24:48.338 , Gen : 15100 , BEST: 4645 , SECOND: 4645 
2019-07-16T17:24:55.771 , Gen : 15200 , BEST: 4646 , SECOND: 4645 
2019-07-16T17:25:02.707 , Gen : 15300 , BEST: 4646 , SECOND: 4646 
2019-07-16T17:25:09.758 , Gen : 15400 , BEST: 4646 , SECOND: 4646 
2019-07-16T17:25:16.804 , Gen : 15500 , BEST: 4646 , SECOND: 4646 
2019-07-16T17:25:23.973 , Gen : 15600 , BEST: 4646 , SECOND: 4646 
2019-07-16T17:25:31.53 , Gen : 15700 , BEST: 4646 , SECOND: 4646 
2019-07-16T17:25:39.051 , Gen : 15800 , BEST: 4646 , SECOND: 4646 
2019-07-16T17:25:46.296 , Gen : 15900 , BEST: 4647 , SECOND: 4646 
2019-07-16T17:25:53.545 , Gen : 16000 , BEST: 4647 , SECOND: 4646 
fitness : 4647 
  code : +-++++++++[+++++++[++[+++++-++++++<>>]<+[+++++++++++++++[+++++<>[++[[+++++++++++++++++[+++[+++++[+++++[+.+++[[++++[++++[+[+++++-[+[[+.]->->,>+,-,+]]-]]+-,>,,,].[+[]+,->,+<-]],-..><.]>-,>.]-.]]>>,--.]>]]-.]>>],],--]>]-..]>>[]],,.]+.>,<>]..,..,.>,.,]--<.-.-.+.-,->]-<<,,-.>]-+>>[<[,,+]+->..>,.<,+--->>]  
 goal : Joyeux anniversaire -> Qcdefghijklmnopqrst
2019-07-16T17:26:00.918 , Gen : 16100 , BEST: 4647 , SECOND: 4646 
2019-07-16T17:26:08.94 , Gen : 16200 , BEST: 4647 , SECOND: 4646 
2019-07-16T17:26:16.668 , Gen : 16300 , BEST: 4647 , SECOND: 4646 
2019-07-16T17:26:25.388 , Gen : 16400 , BEST: 4648 , SECOND: 4648 
2019-07-16T17:26:33.019 , Gen : 16500 , BEST: 4648 , SECOND: 4648 
2019-07-16T17:26:40.866 , Gen : 16600 , BEST: 4650 , SECOND: 4650 
2019-07-16T17:26:48.595 , Gen : 16700 , BEST: 4650 , SECOND: 4650 
2019-07-16T17:26:55.877 , Gen : 16800 , BEST: 4652 , SECOND: 4651 
2019-07-16T17:27:03.774 , Gen : 16900 , BEST: 4652 , SECOND: 4651 
2019-07-16T17:27:10.742 , Gen : 17000 , BEST: 4652 , SECOND: 4651 
fitness : 4652 
  code : +++++[++++++[+++++++[++[+++++-++-++++<>>]<++++++++++[++++++[+++++<>[++[++++++++++++++++++++.+++[++++[+++[+[+++[[++++[++++[+[+++++-[+[[+.]->-],>+-,,,,-,]-[<<<[.,.]>.>[,...+..]+.]]<,<>,>-.>>-.<><]>]-..]+-,,<.,].[.><-,.<-,,+-<,[[-.-]-]--]-]+],]]--+<.-.-[-+[[+[>,.[+<[+.[-][+>-[.+]]<-<][.>[,.+>>,<.,,.+[<  
 goal : Joyeux anniversaire -> Hefghijklmnopqrstuv
2019-07-16T17:27:17.799 , Gen : 17100 , BEST: 4652 , SECOND: 4652 
2019-07-16T17:27:24.843 , Gen : 17200 , BEST: 4652 , SECOND: 4652 
2019-07-16T17:27:31.437 , Gen : 17300 , BEST: 4653 , SECOND: 4652 
2019-07-16T17:27:38.032 , Gen : 17400 , BEST: 4654 , SECOND: 4653 
2019-07-16T17:27:44.568 , Gen : 17500 , BEST: 4654 , SECOND: 4654 
2019-07-16T17:27:51.287 , Gen : 17600 , BEST: 4654 , SECOND: 4654 
2019-07-16T17:27:57.783 , Gen : 17700 , BEST: 4654 , SECOND: 4654 
2019-07-16T17:28:05.251 , Gen : 17800 , BEST: 4654 , SECOND: 4654 
2019-07-16T17:28:12.276 , Gen : 17900 , BEST: 4654 , SECOND: 4654 
2019-07-16T17:28:19.139 , Gen : 18000 , BEST: 4654 , SECOND: 4654 
fitness : 4654 
  code : >,>+++++++[++++++[+++++++[++[+++++-++-++++<>>-<++++++++++[++++++[+++++<>[++[++++++++++++++++++++.+++[++++-+++[+[+++[[++++[+++[+[++++--[+[[+.]>.-,.,]>>>->,<<>>>-->>],]-->>-<+-,]-[<<<],>[>-[<>]<.<<,.<>,>-[,<+-,<<,[<--.<->--<<,><>,[-+-->+--.,<+.>><-[.]]>[,,-[,.,>,,+,++.,>><<]<<]<<<-,.[,+>>-><+[.-->[[[+  
 goal : Joyeux anniversaire -> Jcdefghijklmnopqrst
2019-07-16T17:28:26.211 , Gen : 18100 , BEST: 4654 , SECOND: 4654 
2019-07-16T17:28:32.906 , Gen : 18200 , BEST: 4654 , SECOND: 4654 
2019-07-16T17:28:39.47 , Gen : 18300 , BEST: 4654 , SECOND: 4654 
2019-07-16T17:28:46.185 , Gen : 18400 , BEST: 4654 , SECOND: 4654 
2019-07-16T17:28:52.539 , Gen : 18500 , BEST: 4654 , SECOND: 4654 
2019-07-16T17:28:58.759 , Gen : 18600 , BEST: 4654 , SECOND: 4654 
2019-07-16T17:29:05.906 , Gen : 18700 , BEST: 4654 , SECOND: 4654 
2019-07-16T17:29:14.003 , Gen : 18800 , BEST: 4654 , SECOND: 4654 
2019-07-16T17:29:21.189 , Gen : 18900 , BEST: 4654 , SECOND: 4654 
2019-07-16T17:29:27.841 , Gen : 19000 , BEST: 4654 , SECOND: 4654 
fitness : 4654 
  code : >++++++++++++[+[+++++++[++++++++-++-++++<>>-<++++++++++[[++++[+[+++++<>[++[++++++++++++++++++++.+++[++++-[++[+[+++[[+++++[++++[++++[[+.]+.[,.->,>>-->.<]-[]<>>-<+,+,<..]>+.[,[<<[,+<>-]<[-,,-.[-.[>]-],+[]--[><,<[><>>[,.>[>>[<<>+,,[+-,[..+[..-,]+]-]]],>[].-.>,..,[,[<.<>.<-<,>..+,++..<<],-][,>.,<>+>[>>-  
 goal : Joyeux anniversaire -> Jdefghijklmnopqrstu
2019-07-16T17:29:34.199 , Gen : 19100 , BEST: 4654 , SECOND: 4654 
2019-07-16T17:29:41.282 , Gen : 19200 , BEST: 4654 , SECOND: 4654 
2019-07-16T17:29:47.913 , Gen : 19300 , BEST: 4654 , SECOND: 4654 
2019-07-16T17:29:55.766 , Gen : 19400 , BEST: 4654 , SECOND: 4654 
2019-07-16T17:30:03.109 , Gen : 19500 , BEST: 4654 , SECOND: 4654 
2019-07-16T17:30:10.344 , Gen : 19600 , BEST: 4654 , SECOND: 4654 
2019-07-16T17:30:17.944 , Gen : 19700 , BEST: 4654 , SECOND: 4654 
2019-07-16T17:30:24.917 , Gen : 19800 , BEST: 4654 , SECOND: 4654 
2019-07-16T17:30:31.602 , Gen : 19900 , BEST: 4654 , SECOND: 4654 
2019-07-16T17:30:38.418 , Gen : 20000 , BEST: 4654 , SECOND: 4654 
fitness : 4654 
  code : ->>++++++++++++[+++++++[+++++++-++-++++<>>]<++++++++++[+++[+[++[+++++<>[++[+++++++++++++++++++++.+++[++++-++[+[++[+[[+++++[+++[++++[[+.]>+[,.->,>>-->.<[-[]<][,<[-<],<]<>-<,].-[-<,..<<+,<<[.-.]><<->..].[.,.+]>[.<+>[,[],,>....,,-,>,,+..[,[.,[][.,,[-+.]]>[]-.[][+<]---[]>]+,]+--,>[],>.].,+<+-<,]+-.,.-<,  
 goal : Joyeux anniversaire -> Jcdefghijklmnopqrst
2019-07-16T17:30:45.575 , Gen : 20100 , BEST: 4654 , SECOND: 4654 
2019-07-16T17:30:52.127 , Gen : 20200 , BEST: 4654 , SECOND: 4654 
2019-07-16T17:30:59.798 , Gen : 20300 , BEST: 4654 , SECOND: 4654 
2019-07-16T17:31:07.106 , Gen : 20400 , BEST: 4654 , SECOND: 4654 
2019-07-16T17:31:15.466 , Gen : 20500 , BEST: 4654 , SECOND: 4654 
2019-07-16T17:31:23.255 , Gen : 20600 , BEST: 4654 , SECOND: 4654 
2019-07-16T17:31:30.159 , Gen : 20700 , BEST: 4654 , SECOND: 4654 
2019-07-16T17:31:37.733 , Gen : 20800 , BEST: 4654 , SECOND: 4654 
2019-07-16T17:31:45.694 , Gen : 20900 , BEST: 4654 , SECOND: 4654 
2019-07-16T17:31:54.575 , Gen : 21000 , BEST: 4654 , SECOND: 4654 
fitness : 4654 
  code : ++++++++++[+++++++[++++++++-++-+++++<>><++++++++++[+++[+[+++++++<>[++[+++++++++++[++++++++++.[+++[++++-++[+[++[+[[+++++[+++[++++[[+.]>+[,-+,,->,-,,<[-[,-]-[-[[],,,<,[+<[,>..,..<].,,,,,..,,,.<].<+-<]]<>]+>+[,->+.]..>][-],.-<>-[<[>--[>-]-,<]--]+,+-<<]-+-].]]+[]>,],>..][,.<>[.,..,].---[<[-+]..]<.>[],.+  
 goal : Joyeux anniversaire -> Jcdefghijklmnopqrst
2019-07-16T17:32:03.378 , Gen : 21100 , BEST: 4654 , SECOND: 4654 
2019-07-16T17:32:12.622 , Gen : 21200 , BEST: 4654 , SECOND: 4654 
2019-07-16T17:32:20.985 , Gen : 21300 , BEST: 4654 , SECOND: 4654 
2019-07-16T17:32:28.202 , Gen : 21400 , BEST: 4654 , SECOND: 4654 
2019-07-16T17:32:36.121 , Gen : 21500 , BEST: 4654 , SECOND: 4654 
2019-07-16T17:32:45.62 , Gen : 21600 , BEST: 4654 , SECOND: 4654 
2019-07-16T17:32:53.302 , Gen : 21700 , BEST: 4654 , SECOND: 4654 
2019-07-16T17:33:00.266 , Gen : 21800 , BEST: 4654 , SECOND: 4654 
2019-07-16T17:33:08.166 , Gen : 21900 , BEST: 4654 , SECOND: 4654 
2019-07-16T17:33:15.7 , Gen : 22000 , BEST: 4654 , SECOND: 4654 
fitness : 4654 
  code : ,+++++++++++[++++++++[++++++++-++-+++++<>><++++++++++[+++[+[++++++<>[++[++++++++++[++++++++++.[+++[++++-++[+[++[+[[++++++++[++++[[+.]><+[.,,-,[]],,,,,,+[+.,,,,-++[+,-+[-],-[]],-[<[.],,,...>,<+,,-..>,<+,,-,.]+--[<<,]--].>][]]..].,+]]-.->-[]].-,.-.]->.-,.-.]-<>,->+]-.[...--+-[.->,--,-]]<-<[-[,].<[-<>,  
 goal : Joyeux anniversaire -> Jcdefghijklmnopqrst
2019-07-16T17:33:23.324 , Gen : 22100 , BEST: 4654 , SECOND: 4654 
2019-07-16T17:33:31.788 , Gen : 22200 , BEST: 4654 , SECOND: 4654 
2019-07-16T17:33:39.301 , Gen : 22300 , BEST: 4654 , SECOND: 4654 
2019-07-16T17:33:46.628 , Gen : 22400 , BEST: 4654 , SECOND: 4654 
2019-07-16T17:33:52.716 , Gen : 22500 , BEST: 4654 , SECOND: 4654 
2019-07-16T17:33:59.966 , Gen : 22600 , BEST: 4654 , SECOND: 4654 
2019-07-16T17:34:07.61 , Gen : 22700 , BEST: 4654 , SECOND: 4654 
2019-07-16T17:34:14.611 , Gen : 22800 , BEST: 4654 , SECOND: 4654 
2019-07-16T17:34:21.853 , Gen : 22900 , BEST: 4654 , SECOND: 4654 
2019-07-16T17:34:29.827 , Gen : 23000 , BEST: 4654 , SECOND: 4654 
fitness : 4654 
  code : -+++++++++++[++++++++[++++++++-++-+++++<>><+++++++++++[+++[+[++++++<>[++[++++++++++[++++++++++.[+++[++++-++[+[++[+[[++++++++[++++[[+.][[><+,],[,,,<.+<<,-]-<,++,,-]-]<,>+,,-][]..........][,,+,.<[,+]>-.>,-,-+-]..+].-><><<]--..[<.>[.]].>.<-.<-..],>].]-.-+]-]]-.]-,>.]<-]...+>]-.+---++.++-+[-><-+[]]--..,  
 goal : Joyeux anniversaire -> Jcdefghijklmnopqrst
2019-07-16T17:34:36.986 , Gen : 23100 , BEST: 4654 , SECOND: 4654 
2019-07-16T17:34:44.236 , Gen : 23200 , BEST: 4654 , SECOND: 4654 
2019-07-16T17:34:51.039 , Gen : 23300 , BEST: 4655 , SECOND: 4654 
2019-07-16T17:34:57.624 , Gen : 23400 , BEST: 4655 , SECOND: 4654 
2019-07-16T17:35:04.37 , Gen : 23500 , BEST: 4655 , SECOND: 4654 
2019-07-16T17:35:11.362 , Gen : 23600 , BEST: 4655 , SECOND: 4655 
2019-07-16T17:35:17.767 , Gen : 23700 , BEST: 4655 , SECOND: 4655 
2019-07-16T17:35:24.347 , Gen : 23800 , BEST: 4655 , SECOND: 4655 
2019-07-16T17:35:31.296 , Gen : 23900 , BEST: 4655 , SECOND: 4655 
2019-07-16T17:35:38.437 , Gen : 24000 , BEST: 4655 , SECOND: 4655 
fitness : 4655 
  code : ++++++++++[++++++++[++++++++-++-+++++<>><+++++++++++[+++[[+++++++<>[++[++++++++++[++++++++++.[+++[++++-++[+++[+-[++++++++[++++[+++[[+..[[[><[+.]>[><<.,<[-,+.<,--.-]+-.],]>-]<<-[+<-]]..]]>--...].]><,+.-><,[<].-.+<]>,]>.>>..>>[,,.,-[,<+,--,++->>>.-+,>>,-+,>>>][,,]]]<.[[.],>],]+<>.-[>>-<,]+<>-[[>-<+-.+  
 goal : Joyeux anniversaire -> Jeefghijklmnopqrstu
2019-07-16T17:35:45.722 , Gen : 24100 , BEST: 4655 , SECOND: 4655 
2019-07-16T17:35:53.105 , Gen : 24200 , BEST: 4655 , SECOND: 4655 
2019-07-16T17:36:00.271 , Gen : 24300 , BEST: 4655 , SECOND: 4655 
2019-07-16T17:36:07.665 , Gen : 24400 , BEST: 4655 , SECOND: 4655 
2019-07-16T17:36:14.514 , Gen : 24500 , BEST: 4655 , SECOND: 4655 
2019-07-16T17:36:21.717 , Gen : 24600 , BEST: 4655 , SECOND: 4655 
2019-07-16T17:36:28.537 , Gen : 24700 , BEST: 4655 , SECOND: 4655 
2019-07-16T17:36:35.057 , Gen : 24800 , BEST: 4655 , SECOND: 4655 
2019-07-16T17:36:41.567 , Gen : 24900 , BEST: 4655 , SECOND: 4655 
2019-07-16T17:36:47.733 , Gen : 25000 , BEST: 4655 , SECOND: 4655 
fitness : 4655 
  code : ++++++++++++[++++++++[++++++++-++-+++++<>><++++++++++[++[[+++++++<>[++[++++++++++[++++++++++.[+++[++++-++++[++[+[[+++++++[++++[++[[+..[[[><[+.]>[><.<.,<[-]+>><[<,].-.,.]>+,[+..[+]..]+].]<]+.+-+][+]-]+.],[[].]<>>>-,,-,,-.-+,,>-<<-.,-+,<>--+],>.---,>>,],>[[>,+,>[][>>[][>-]],<.]]+.<++-<-.<.,>,+[.[-[+++  
 goal : Joyeux anniversaire -> Jeefghijklmnopqrstu
2019-07-16T17:36:54.163 , Gen : 25100 , BEST: 4657 , SECOND: 4655 
2019-07-16T17:37:01.018 , Gen : 25200 , BEST: 4657 , SECOND: 4657 
2019-07-16T17:37:08.28 , Gen : 25300 , BEST: 4657 , SECOND: 4657 
2019-07-16T17:37:14.48 , Gen : 25400 , BEST: 4657 , SECOND: 4657 
2019-07-16T17:37:20.883 , Gen : 25500 , BEST: 4662 , SECOND: 4662 
2019-07-16T17:37:27.281 , Gen : 25600 , BEST: 4665 , SECOND: 4665 
2019-07-16T17:37:33.57 , Gen : 25700 , BEST: 4666 , SECOND: 4665 
2019-07-16T17:37:39.966 , Gen : 25800 , BEST: 4666 , SECOND: 4666 
2019-07-16T17:37:46.032 , Gen : 25900 , BEST: 4666 , SECOND: 4666 
2019-07-16T17:37:51.597 , Gen : 26000 , BEST: 4667 , SECOND: 4667 
fitness : 4667 
  code : ++++++++++++++[++++++++[++++++++-++-+++++<>><++++++++++[++[[++++++++<>[++[+++++++++++[+++++++++.[+++[++++-++++[++[+[[+++++++[++++[++[[+...[+...[[><[+..+-]->[>.>]+.,[.>>>>]]>+,-+<+><]+,[]>+>>>.-+,[,[,.>,],>].>-]+.],[[<+,+,,,-][>>[-,<,][]>][[[]<.<.+[>.>[-+-.]<<].+---.-.-.[[<.,][[>-,+>->++->-+-,,-+.-,.  
 goal : Joyeux anniversaire -> Mhhhiiijjkkllmmnnoo
2019-07-16T17:37:58.408 , Gen : 26100 , BEST: 4670 , SECOND: 4668 
2019-07-16T17:38:05.005 , Gen : 26200 , BEST: 4672 , SECOND: 4671 
2019-07-16T17:38:11.365 , Gen : 26300 , BEST: 4674 , SECOND: 4672 
2019-07-16T17:38:18.256 , Gen : 26400 , BEST: 4674 , SECOND: 4674 
2019-07-16T17:38:25.06 , Gen : 26500 , BEST: 4674 , SECOND: 4674 
2019-07-16T17:38:31.002 , Gen : 26600 , BEST: 4674 , SECOND: 4674 
2019-07-16T17:38:37.306 , Gen : 26700 , BEST: 4676 , SECOND: 4675 
2019-07-16T17:38:43.832 , Gen : 26800 , BEST: 4676 , SECOND: 4676 
2019-07-16T17:38:50.305 , Gen : 26900 , BEST: 4676 , SECOND: 4676 
2019-07-16T17:38:56.903 , Gen : 27000 , BEST: 4677 , SECOND: 4676 
fitness : 4677 
  code : ++++++++++++++[++[++++++[++++++++-+[+++<>><++++++++++[++[[++++++++<>[++[++++++++++++[++++++++.[+++[++-+++++++++[++[+[[++++++++++++[++[[++...[+...[><.+..+-]->]+],[[.>>>]>+,-..<[<[.[[<>,[<]<<+]]][.>..[].++-]]+<[<,.+<,,[<<>++<,<[-.]><+..-.<<+]>--.-.[]-,>>-]><-,>>].>-.]+,[[[<],[<[--,+,[<<-+[][[+.+.+-,]<  
 goal : Joyeux anniversaire -> Kkkkllllmmmnnnooopp
2019-07-16T17:39:03.332 , Gen : 27100 , BEST: 4677 , SECOND: 4677 
2019-07-16T17:39:09.881 , Gen : 27200 , BEST: 4678 , SECOND: 4677 
2019-07-16T17:39:16.165 , Gen : 27300 , BEST: 4678 , SECOND: 4677 
2019-07-16T17:39:22.952 , Gen : 27400 , BEST: 4679 , SECOND: 4678 
2019-07-16T17:39:30.354 , Gen : 27500 , BEST: 4679 , SECOND: 4679 
2019-07-16T17:39:37.614 , Gen : 27600 , BEST: 4679 , SECOND: 4679 
2019-07-16T17:39:45.504 , Gen : 27700 , BEST: 4680 , SECOND: 4679 
2019-07-16T17:39:53.811 , Gen : 27800 , BEST: 4680 , SECOND: 4679 
2019-07-16T17:40:00.834 , Gen : 27900 , BEST: 4681 , SECOND: 4680 
2019-07-16T17:40:06.948 , Gen : 28000 , BEST: 4681 , SECOND: 4681 
fitness : 4681 
  code : ++++++++++++++[++[++++++[++++++++-+[+++<>><++++++++++[++[[++++++++<>[++[++++++++++++[+++++++.[++++[++-+++++++++[++[++[[++++++++++++[++[[++...[++..[><[.].,.+-]]+[[[>+.>><.,++]]]-..>+[>[-.><[<.<-,>-,><]<+>>>..[-[[.>->>.[..[-.+]<<<->->>..<>].,-,>..]<,]-[[],[,[+<]][,++->+,.><>,>,>+]+++-<.>.->,,.+>[.[+--  
 goal : Joyeux anniversaire -> Jlllnnnnnnnnnnnnnnn
2019-07-16T17:40:13.429 , Gen : 28100 , BEST: 4681 , SECOND: 4681 
2019-07-16T17:40:20.699 , Gen : 28200 , BEST: 4681 , SECOND: 4681 
2019-07-16T17:40:27.849 , Gen : 28300 , BEST: 4681 , SECOND: 4681 
2019-07-16T17:40:34.689 , Gen : 28400 , BEST: 4681 , SECOND: 4681 
2019-07-16T17:40:41.357 , Gen : 28500 , BEST: 4681 , SECOND: 4681 
2019-07-16T17:40:47.73 , Gen : 28600 , BEST: 4681 , SECOND: 4681 
2019-07-16T17:40:54.533 , Gen : 28700 , BEST: 4681 , SECOND: 4681 
2019-07-16T17:41:01.374 , Gen : 28800 , BEST: 4681 , SECOND: 4681 
2019-07-16T17:41:07.787 , Gen : 28900 , BEST: 4681 , SECOND: 4681 
2019-07-16T17:41:14.235 , Gen : 29000 , BEST: 4681 , SECOND: 4681 
fitness : 4681 
  code : <>++++++++++++++[++[+++++++[++++++++-+[+++<>><+++++++++[++[[++++++++<>[++++++++++++++[+++++++.[++++[++-+++++++++[++[++[[[++++++++++++[++[[++..[.[++[..[><[.]>,+-.]-.>-<<[,+->[,><,]<]<,+]<.],].<<<<[]>],]][[],],,[<]<[[,>]<,[>+,+]-<,[<,,,.]<-+].>,<<[<,-[.,,[,><>>-]>--]<>[.,.],,-[,>[<-<-..,+[,],<],+-++[]  
 goal : Joyeux anniversaire -> Jlllnnnnnnnnnnnnnnn
2019-07-16T17:41:21.209 , Gen : 29100 , BEST: 4681 , SECOND: 4681 
2019-07-16T17:41:27.646 , Gen : 29200 , BEST: 4681 , SECOND: 4681 
2019-07-16T17:41:34.498 , Gen : 29300 , BEST: 4681 , SECOND: 4681 
2019-07-16T17:41:41.61 , Gen : 29400 , BEST: 4681 , SECOND: 4681 
2019-07-16T17:41:48.447 , Gen : 29500 , BEST: 4681 , SECOND: 4681 
2019-07-16T17:41:55.222 , Gen : 29600 , BEST: 4681 , SECOND: 4681 
2019-07-16T17:42:02.274 , Gen : 29700 , BEST: 4681 , SECOND: 4681 
2019-07-16T17:42:09.039 , Gen : 29800 , BEST: 4681 , SECOND: 4681 
2019-07-16T17:42:16.653 , Gen : 29900 , BEST: 4681 , SECOND: 4681 
2019-07-16T17:42:24.731 , Gen : 30000 , BEST: 4681 , SECOND: 4681 
fitness : 4681 
  code : ++++++++++++++[++[++++++[++++++++-+[+++<>><+++++++++[++[[++++++++<>[++++++++++++++++[++++++.[++++[++++-++++++++[++[++[[[+++++++++++[++[[++..[.++[.]]<>..[][]-,-.>-.<-,,+[].],.].]+><]<]-],.><]>>>>-+>,->]>]]+.,<[++[>>+][<.+]>.+>.,+.++->.>[,-.+,-,<-]-[+<<].>,<+,]>-,>><.,].>.<<]->><+,++>,>++.,>.,,++,>->,  
 goal : Joyeux anniversaire -> Jlllnnnnnnnnnnnnnnn
2019-07-16T17:42:32.504 , Gen : 30100 , BEST: 4681 , SECOND: 4681 
2019-07-16T17:42:40.815 , Gen : 30200 , BEST: 4681 , SECOND: 4681 
2019-07-16T17:42:48.376 , Gen : 30300 , BEST: 4681 , SECOND: 4681 
2019-07-16T17:42:55.579 , Gen : 30400 , BEST: 4681 , SECOND: 4681 
2019-07-16T17:43:03.18 , Gen : 30500 , BEST: 4681 , SECOND: 4681 
2019-07-16T17:43:10.581 , Gen : 30600 , BEST: 4681 , SECOND: 4681 
2019-07-16T17:43:18.065 , Gen : 30700 , BEST: 4681 , SECOND: 4681 
2019-07-16T17:43:26.225 , Gen : 30800 , BEST: 4681 , SECOND: 4681 
2019-07-16T17:43:34.869 , Gen : 30900 , BEST: 4681 , SECOND: 4681 
2019-07-16T17:43:42.871 , Gen : 31000 , BEST: 4681 , SECOND: 4681 
fitness : 4681 
  code : <>+++++++++++++[++[++++++[++++++++-+[+++<>><++++++++++[++[[++++++++<>[++++++++++++++++[++++++.[++++[+++-+++[++++++[++[++[[[+++++++++++[++[[++..[.[++[.]]<>.][-][]-]-[,->.>-.[><>+>]<,-],[++.[>[+]+]-,-<].-.<,.<+]-.]]>,,,>...[<,,>,,...+]>]]-]++.+,>]],+.>+[.>+.-[---,.,+[[+,+.++<><<,++<-+++<<],-]<-+]-<<.-  
 goal : Joyeux anniversaire -> Jlllnnnnnnnnnnnnnnn
2019-07-16T17:43:52.096 , Gen : 31100 , BEST: 4681 , SECOND: 4681 
2019-07-16T17:44:00.071 , Gen : 31200 , BEST: 4681 , SECOND: 4681 
2019-07-16T17:44:09.366 , Gen : 31300 , BEST: 4681 , SECOND: 4681 
2019-07-16T17:44:18.271 , Gen : 31400 , BEST: 4681 , SECOND: 4681 
2019-07-16T17:44:27.617 , Gen : 31500 , BEST: 4681 , SECOND: 4681 
2019-07-16T17:44:35.46 , Gen : 31600 , BEST: 4681 , SECOND: 4681 
2019-07-16T17:44:45.907 , Gen : 31700 , BEST: 4681 , SECOND: 4681 
2019-07-16T17:44:54.708 , Gen : 31800 , BEST: 4681 , SECOND: 4681 
2019-07-16T17:45:02.815 , Gen : 31900 , BEST: 4681 , SECOND: 4681 
2019-07-16T17:45:10.843 , Gen : 32000 , BEST: 4681 , SECOND: 4681 
fitness : 4681 
  code : ++++++++++++++[++[++++++[+++++++-+[++[<>><+++++[++++++++[[++++++++<>++++++++++++++++[++++++.[++++[+++-+++[++++++[++[++[[[+++++++++++[++[[++..[.[++[.]]<>.][--]<]>-.<>+],],<<,><,>--[>-<[<<,],<]].,-+<<]]]]].,,+>+,,<..[<>-+,,[,,++][,[>]+,<<-<<]++[.<<++>[,[++<],+.[--<++[--++],<].>]<+>]+][.+<,>++[]>,>,><<  
 goal : Joyeux anniversaire -> Jlllnnnnnnnnnnnnnnn
2019-07-16T17:45:19.332 , Gen : 32100 , BEST: 4681 , SECOND: 4681 
2019-07-16T17:45:27.338 , Gen : 32200 , BEST: 4681 , SECOND: 4681 
2019-07-16T17:45:34.855 , Gen : 32300 , BEST: 4681 , SECOND: 4681 
2019-07-16T17:45:41.998 , Gen : 32400 , BEST: 4681 , SECOND: 4681 
2019-07-16T17:45:48.844 , Gen : 32500 , BEST: 4681 , SECOND: 4681 
2019-07-16T17:45:55.545 , Gen : 32600 , BEST: 4681 , SECOND: 4681 
2019-07-16T17:46:02.364 , Gen : 32700 , BEST: 4681 , SECOND: 4681 
2019-07-16T17:46:09.451 , Gen : 32800 , BEST: 4683 , SECOND: 4681 
2019-07-16T17:46:16.318 , Gen : 32900 , BEST: 4683 , SECOND: 4683 
2019-07-16T17:46:22.909 , Gen : 33000 , BEST: 4683 , SECOND: 4683 
fitness : 4683 
  code : <>+++++[++++[+++++++[++[++++++[+++++++-+[++[<>><+++++[++++++++[[++++++++<>++++++++++++++++++++.[++++[+++-+++[++++++[++[++[[[+++++++++++[++[[++++[.]]<,>.<]>-.,+++]],]<<>,-><,+>+[><,.,<+,+,+<><+-.<].[].[>+,>+,,[,,][<.,+>.].[+-]]+[]]+<>-+,[][-.[.-,]]>[<><][[,<><]],[].[+<<[<,.]..-<]..-<-..>.+...<+.>,,<]  
 goal : Joyeux anniversaire -> Jnnnnnnnnnnnnnnnnnn
2019-07-16T17:46:29.751 , Gen : 33100 , BEST: 4683 , SECOND: 4683 
2019-07-16T17:46:36.269 , Gen : 33200 , BEST: 4683 , SECOND: 4683 
2019-07-16T17:46:43.316 , Gen : 33300 , BEST: 4683 , SECOND: 4683 
2019-07-16T17:46:50.724 , Gen : 33400 , BEST: 4683 , SECOND: 4683 
2019-07-16T17:46:58.144 , Gen : 33500 , BEST: 4683 , SECOND: 4683 
2019-07-16T17:47:05.389 , Gen : 33600 , BEST: 4683 , SECOND: 4683 
2019-07-16T17:47:12.513 , Gen : 33700 , BEST: 4683 , SECOND: 4683 
2019-07-16T17:47:19.354 , Gen : 33800 , BEST: 4683 , SECOND: 4683 
2019-07-16T17:47:26.594 , Gen : 33900 , BEST: 4683 , SECOND: 4683 
2019-07-16T17:47:33.921 , Gen : 34000 , BEST: 4683 , SECOND: 4683 
fitness : 4683 
  code : ,++++++[++++[++++++[+[+++-+++[++++++++++-+[++[<>><+++++[++++++++[[++++++++<>+++++++++++++++++++.[++++[+++-+++[++++++[++[++[[[+++++++++++[++[[++++[.]]<,>.]>[.,+++],].<>,-...[.--<]].-.,+<[<[.><->-],.+]--]>-,.<]<,.>][.>[].<.>][,][<[..->+..]]>[-[-+-<<[]<.[<..+-[>[.+>[+].+++][+[+.+]+,>.-]>,++-]+<>->+<],[  
 goal : Joyeux anniversaire -> Jnnnnnnnnnnnnnnnnnn
2019-07-16T17:47:41.176 , Gen : 34100 , BEST: 4683 , SECOND: 4683 
2019-07-16T17:47:48.492 , Gen : 34200 , BEST: 4683 , SECOND: 4683 
2019-07-16T17:47:55.435 , Gen : 34300 , BEST: 4683 , SECOND: 4683 
2019-07-16T17:48:01.828 , Gen : 34400 , BEST: 4683 , SECOND: 4683 
2019-07-16T17:48:08.618 , Gen : 34500 , BEST: 4683 , SECOND: 4683 
2019-07-16T17:48:15.275 , Gen : 34600 , BEST: 4683 , SECOND: 4683 
2019-07-16T17:48:22.397 , Gen : 34700 , BEST: 4683 , SECOND: 4683 
2019-07-16T17:48:30.29 , Gen : 34800 , BEST: 4683 , SECOND: 4683 
2019-07-16T17:48:37.997 , Gen : 34900 , BEST: 4683 , SECOND: 4683 
2019-07-16T17:48:45.601 , Gen : 35000 , BEST: 4683 , SECOND: 4683 
fitness : 4683 
  code : >+++++[++++[++++++[+[+++-+++[++++++++++-+[+++[<>><+++++[++++++++[[++++++++<>+++++++++++++++++++.[++++[+++-+++[++++++[++[++[[+++++++++++[++[[++++[.]]-,,,+>+>,+[<[+.]+-+--<,<,.>++[..-,,.]-,[..-],]>][]-,]<]<<,>]<,<.[][[-[<,>]>+,][-,+<-].+..]>>],],-..-[-[>>.[.]-,<...<+[<.[[-[+,>--<[].<,,]]],,[]->.],]>+<  
 goal : Joyeux anniversaire -> Jnnnnnnnnnnnnnnnnnn
2019-07-16T17:48:53.354 , Gen : 35100 , BEST: 4683 , SECOND: 4683 
2019-07-16T17:49:01.714 , Gen : 35200 , BEST: 4683 , SECOND: 4683 
2019-07-16T17:49:10.663 , Gen : 35300 , BEST: 4683 , SECOND: 4683 
2019-07-16T17:49:18.299 , Gen : 35400 , BEST: 4683 , SECOND: 4683 
2019-07-16T17:49:25.834 , Gen : 35500 , BEST: 4683 , SECOND: 4683 
2019-07-16T17:49:32.974 , Gen : 35600 , BEST: 4683 , SECOND: 4683 
2019-07-16T17:49:40.255 , Gen : 35700 , BEST: 4683 , SECOND: 4683 
2019-07-16T17:49:47.205 , Gen : 35800 , BEST: 4683 , SECOND: 4683 
2019-07-16T17:49:54.714 , Gen : 35900 , BEST: 4683 , SECOND: 4683 
2019-07-16T17:50:02.647 , Gen : 36000 , BEST: 4683 , SECOND: 4683 
fitness : 4683 
  code : +++++[++++[++++++[+[+++-+++[++++++++++-+[+++[<>><+++++[++++++++[[++++++++<>+++++++++++++++++++.[++++[+++-+++[++++++[++[++[[+++++++++++[++[[++++[.]]-,>[+>+>.]>+-+-+<<<>.],>[[.[<],-+]<[.]<[-<.].+-,[>>->[-<>>.<<-,]<>]<,.<>.,<..<.,[<,[+,-,>,<],][]]<],<,+<,,>-[<,[--,<+>.->>.,.<-[,,-,]-].[.]-++..<[>-->>+[  
 goal : Joyeux anniversaire -> Jnnnnnnnnnnnnnnnnnn
2019-07-16T17:50:10.406 , Gen : 36100 , BEST: 4683 , SECOND: 4683 
2019-07-16T17:50:17.837 , Gen : 36200 , BEST: 4683 , SECOND: 4683 
2019-07-16T17:50:25.238 , Gen : 36300 , BEST: 4683 , SECOND: 4683 
2019-07-16T17:50:32.144 , Gen : 36400 , BEST: 4683 , SECOND: 4683 
2019-07-16T17:50:39.757 , Gen : 36500 , BEST: 4683 , SECOND: 4683 
2019-07-16T17:50:48.07 , Gen : 36600 , BEST: 4683 , SECOND: 4683 
2019-07-16T17:50:55.286 , Gen : 36700 , BEST: 4683 , SECOND: 4683 
2019-07-16T17:51:02.755 , Gen : 36800 , BEST: 4683 , SECOND: 4683 
2019-07-16T17:51:10.763 , Gen : 36900 , BEST: 4683 , SECOND: 4683 
2019-07-16T17:51:18.907 , Gen : 37000 , BEST: 4683 , SECOND: 4683 
fitness : 4683 
  code : ,-[+++[+++++[+[+++-+++[+++++++++++-+[+++<>><+++++[++++++++[[++++++++<>++++++++++++++++++++++++++.[++++[+++-+++[++++++++[+[+[+++++++++++[++[++++[.]]>+<-<]<>[>-><,,[,.[>]<+[,]>.]<>],]<-><><>]--.,.<>.,[-<+>[>>[+,,,]><>]>>,+,>+,.,<.],-,+-[,->+,,,-.,<+,-+-<>]+<-<,+-+,-,[,,,+<>][>>]>-><-][<[>],[+.+>+>[-]+  
 goal : Joyeux anniversaire -> Jnnnnnnnnnnnnnnnnnn
2019-07-16T17:51:26.855 , Gen : 37100 , BEST: 4683 , SECOND: 4683 
2019-07-16T17:51:34.587 , Gen : 37200 , BEST: 4683 , SECOND: 4683 
2019-07-16T17:51:42.669 , Gen : 37300 , BEST: 4683 , SECOND: 4683 
2019-07-16T17:51:50.689 , Gen : 37400 , BEST: 4683 , SECOND: 4683 
2019-07-16T17:51:58.668 , Gen : 37500 , BEST: 4683 , SECOND: 4683 
2019-07-16T17:52:06.458 , Gen : 37600 , BEST: 4683 , SECOND: 4683 
2019-07-16T17:52:14.662 , Gen : 37700 , BEST: 4684 , SECOND: 4683 
2019-07-16T17:52:21.973 , Gen : 37800 , BEST: 4685 , SECOND: 4684 
2019-07-16T17:52:27.854 , Gen : 37900 , BEST: 4688 , SECOND: 4688 
2019-07-16T17:52:33.912 , Gen : 38000 , BEST: 4688 , SECOND: 4688 
fitness : 4688 
  code : ++[++++[+[+++-+-++-[++++++++++-+[+++<>><+++><++++++++++++[+++++++<>+++++<>++++++++++++++++++++++++.[+++++++++++[++++++++-+++++++[++[+++++++[+++++[.-.]]><>+>--<<,.]..][.->,,><-<++,<,-]]..>>,,><,,]-,<,]-.+,[]<,.>-[]<.-+-,>[>]>-,>,.,]+>[<-<-<[-+[-<[>-+[]].-.+,[.-,>[,][,..><><+..<+--]--<]>]>+.[.+[]+..++  
 goal : Joyeux anniversaire -> Jqppoonnmmllkkjjiih
2019-07-16T17:52:40.652 , Gen : 38100 , BEST: 4688 , SECOND: 4688 
2019-07-16T17:52:46.792 , Gen : 38200 , BEST: 4688 , SECOND: 4688 
2019-07-16T17:52:53.415 , Gen : 38300 , BEST: 4688 , SECOND: 4688 
2019-07-16T17:53:00.165 , Gen : 38400 , BEST: 4688 , SECOND: 4688 
2019-07-16T17:53:07.489 , Gen : 38500 , BEST: 4688 , SECOND: 4688 
2019-07-16T17:53:14.757 , Gen : 38600 , BEST: 4688 , SECOND: 4688 
2019-07-16T17:53:22.719 , Gen : 38700 , BEST: 4688 , SECOND: 4688 
2019-07-16T17:53:29.778 , Gen : 38800 , BEST: 4688 , SECOND: 4688 
2019-07-16T17:53:36.47 , Gen : 38900 , BEST: 4688 , SECOND: 4688 
2019-07-16T17:53:42.79 , Gen : 39000 , BEST: 4688 , SECOND: 4688 
fitness : 4688 
  code : -,>++[+++[+++++-+-++-[+++++++++++-+[+++<>><+++><+++[+++++++++[+++++++<>+++++<>+++++++++++++++++++++++.[+++++++++++[++++++++-+++++++[++[+++++++[+++++[.-.],><>+,]+,>.-.]+.>,<-.,]]-<]><]+<+[<,-+>>-,[..][,--<..,,+[,.--<.<,<+<[+[+.[>>++.<--,.].,.]--,>,,]>+-<[+>].+]+,].[.>>.-<<<>].+,.,[,[,>,,-,>,<+[[.+>..  
 goal : Joyeux anniversaire -> Jqppoonnmmllkkjjiih
2019-07-16T17:53:49.419 , Gen : 39100 , BEST: 4688 , SECOND: 4688 
2019-07-16T17:53:56.595 , Gen : 39200 , BEST: 4688 , SECOND: 4688 
2019-07-16T17:54:03.645 , Gen : 39300 , BEST: 4688 , SECOND: 4688 
2019-07-16T17:54:10.021 , Gen : 39400 , BEST: 4688 , SECOND: 4688 
2019-07-16T17:54:16.349 , Gen : 39500 , BEST: 4688 , SECOND: 4688 
2019-07-16T17:54:23.092 , Gen : 39600 , BEST: 4688 , SECOND: 4688 
2019-07-16T17:54:30.449 , Gen : 39700 , BEST: 4688 , SECOND: 4688 
2019-07-16T17:54:37.391 , Gen : 39800 , BEST: 4688 , SECOND: 4688 
2019-07-16T17:54:44.136 , Gen : 39900 , BEST: 4688 , SECOND: 4688 
2019-07-16T17:54:51.169 , Gen : 40000 , BEST: 4688 , SECOND: 4688 
fitness : 4688 
  code : ,-++[+++[+++++-+-++-[++++++++++++[+++<>><+++><+++[++++++++++++++++<>+++++<>++++++++++++++[+++++++++.[+++++++++++++++++++-+++++++[++[+++++++[+++++[.-.],>,><>,++,]+,>.-.]][]]+,>-.]+.>,..][],]],.-]<.].<-<,<<.>..,-+..[,,-+..]+.,,]+<-].]][>>-[.<]]--,,>,-,..]><,>+<--.+<]++-.,,-,<+-<<.+>,..[-]<-<,<+-<<[.[,  
 goal : Joyeux anniversaire -> Jqppoonnmmllkkjjiih
2019-07-16T17:54:57.936 , Gen : 40100 , BEST: 4688 , SECOND: 4688 
2019-07-16T17:55:05.06 , Gen : 40200 , BEST: 4688 , SECOND: 4688 
2019-07-16T17:55:12.207 , Gen : 40300 , BEST: 4688 , SECOND: 4688 
2019-07-16T17:55:18.59 , Gen : 40400 , BEST: 4688 , SECOND: 4688 
2019-07-16T17:55:24.831 , Gen : 40500 , BEST: 4688 , SECOND: 4688 
2019-07-16T17:55:31.288 , Gen : 40600 , BEST: 4688 , SECOND: 4688 
2019-07-16T17:55:38.036 , Gen : 40700 , BEST: 4688 , SECOND: 4688 
2019-07-16T17:55:44.515 , Gen : 40800 , BEST: 4688 , SECOND: 4688 
2019-07-16T17:55:50.939 , Gen : 40900 , BEST: 4688 , SECOND: 4688 
2019-07-16T17:55:56.899 , Gen : 41000 , BEST: 4688 , SECOND: 4688 
fitness : 4688 
  code : >[]+->++++[+++++-++-[++++++++++++[+++<>><+++><+++[++++++++++++++++<>+++++<>++++++++++++++[+++++++++.[+++++++++++++++++++-+++++++[++++++++[++++++[.-.],>-<],-,>>]]<]-<>-.+[+.-[+.-.,<---->][<++]+><-]+[+..>+,>--]---]->][.[,.>[+.[[.+]<,<..<.<[]>+.]].-+<>.,,.<.<.>.,.><.+>,[<,[+].><+[.+>.],,,,,],<-+[[[<,,,  
 goal : Joyeux anniversaire -> Jqppoonnmmllkkjjiih
2019-07-16T17:56:02.889 , Gen : 41100 , BEST: 4688 , SECOND: 4688 
2019-07-16T17:56:09.048 , Gen : 41200 , BEST: 4688 , SECOND: 4688 
2019-07-16T17:56:15.354 , Gen : 41300 , BEST: 4688 , SECOND: 4688 
2019-07-16T17:56:21.358 , Gen : 41400 , BEST: 4688 , SECOND: 4688 
2019-07-16T17:56:27.375 , Gen : 41500 , BEST: 4690 , SECOND: 4688 
2019-07-16T17:56:33.562 , Gen : 41600 , BEST: 4690 , SECOND: 4690 
2019-07-16T17:56:40.253 , Gen : 41700 , BEST: 4690 , SECOND: 4690 
2019-07-16T17:56:46.768 , Gen : 41800 , BEST: 4690 , SECOND: 4690 
2019-07-16T17:56:53.211 , Gen : 41900 , BEST: 4690 , SECOND: 4690 
2019-07-16T17:57:00.156 , Gen : 42000 , BEST: 4690 , SECOND: 4690 
fitness : 4690 
  code : >+>>,[]+->++++[+++++-++-[+++++++++++[+++<>><+++><+++++++++++++++<>+++++<>+++++<>++++++++[++++++[+++++++++.[++++++[+++++++++++++-+++++++[++[++++++[++++++[.-.-..<,-,,>]]]<]-<>-[++,+],][-[+][]]-,[,<]]+,<.[,-+[<,<<.<]-+[]-+>+]]++><],-.>--+<,>,>>,,<+-]<.-,-..],>[+>,-.<]-<[-,,++]<][][[],],,>[,-][]],>[-],-  
 goal : Joyeux anniversaire -> Jqpooonmmmlkkkjiiih
2019-07-16T17:57:06.907 , Gen : 42100 , BEST: 4690 , SECOND: 4690 
2019-07-16T17:57:13.616 , Gen : 42200 , BEST: 4690 , SECOND: 4690 
2019-07-16T17:57:20.738 , Gen : 42300 , BEST: 4690 , SECOND: 4690 
2019-07-16T17:57:27.415 , Gen : 42400 , BEST: 4690 , SECOND: 4690 
2019-07-16T17:57:34.285 , Gen : 42500 , BEST: 4690 , SECOND: 4690 
2019-07-16T17:57:40.845 , Gen : 42600 , BEST: 4690 , SECOND: 4690 
2019-07-16T17:57:47.171 , Gen : 42700 , BEST: 4690 , SECOND: 4690 
2019-07-16T17:57:54.218 , Gen : 42800 , BEST: 4690 , SECOND: 4690 
2019-07-16T17:58:01.099 , Gen : 42900 , BEST: 4690 , SECOND: 4690 
2019-07-16T17:58:08.463 , Gen : 43000 , BEST: 4690 , SECOND: 4690 
fitness : 4690 
  code : [.]+>++++[+++++-++-[++++++++++[+++<>><+++><+++++++++++++++<>+++++<>+++++<>++++++++[++++++[++++++++++[.[+++++[+++++++++[++++-+++++++[++[+++++++[++++++[.-.-..<,>]>>><][->-]+-[<+]+][--,[<][>,,]<-]<>]-.->+>,>][[.-<->-.>>-<.<].]++>++]..<+[-[,+,+[.,>-,.[>---]<,<]],.,.[+.>],>+]-<<,,<-],].]-[-.+]-].+-+>,><-  
 goal : Joyeux anniversaire -> Jqpooonmmmlkkkjiiih
2019-07-16T17:58:14.632 , Gen : 43100 , BEST: 4690 , SECOND: 4690 
2019-07-16T17:58:20.959 , Gen : 43200 , BEST: 4690 , SECOND: 4690 
2019-07-16T17:58:27.094 , Gen : 43300 , BEST: 4690 , SECOND: 4690 
2019-07-16T17:58:33.147 , Gen : 43400 , BEST: 4690 , SECOND: 4690 
2019-07-16T17:58:39.214 , Gen : 43500 , BEST: 4690 , SECOND: 4690 
2019-07-16T17:58:45.694 , Gen : 43600 , BEST: 4690 , SECOND: 4690 
2019-07-16T17:58:51.775 , Gen : 43700 , BEST: 4690 , SECOND: 4690 
2019-07-16T17:58:57.804 , Gen : 43800 , BEST: 4690 , SECOND: 4690 
2019-07-16T17:59:03.732 , Gen : 43900 , BEST: 4690 , SECOND: 4690 
2019-07-16T17:59:10.024 , Gen : 44000 , BEST: 4690 , SECOND: 4690 
fitness : 4690 
  code : ++>++++[++[++++-[++-[++++++++++[+++<>><+++><++++++[++++++++<>+++++<>+++++<>++++++++[++++++[++++++++++[.[+++++[+++++++++[++++-+++++++[+++++++++[++++++[.-.-..<,>]>]+.],->.<+<--<-<][].,+.<-..][[+[.+<,-<>.]<<->.].[]>+>>.--,+-<]..[>+-<[,+<+.>+<+,-<<,,].+>->[+>->>[<+]][[.><>,<<<..[..[.+[.,.+>++.<<+>>]->,[  
 goal : Joyeux anniversaire -> Jqpooonmmmlkkkjiiih
2019-07-16T17:59:15.839 , Gen : 44100 , BEST: 4690 , SECOND: 4690 
2019-07-16T17:59:21.677 , Gen : 44200 , BEST: 4690 , SECOND: 4690 
2019-07-16T17:59:27.251 , Gen : 44300 , BEST: 4690 , SECOND: 4690 
2019-07-16T17:59:33.171 , Gen : 44400 , BEST: 4690 , SECOND: 4690 
2019-07-16T17:59:39.2 , Gen : 44500 , BEST: 4690 , SECOND: 4690 
2019-07-16T17:59:45.566 , Gen : 44600 , BEST: 4690 , SECOND: 4690 
2019-07-16T17:59:51.692 , Gen : 44700 , BEST: 4690 , SECOND: 4690 
2019-07-16T17:59:57.876 , Gen : 44800 , BEST: 4690 , SECOND: 4690 
2019-07-16T18:00:04.829 , Gen : 44900 , BEST: 4690 , SECOND: 4690 
2019-07-16T18:00:13.507 , Gen : 45000 , BEST: 4690 , SECOND: 4690 
fitness : 4690 
  code : >++++[++[++++-++-[++++++++++[+++<>+><++++++++++++++<>[+++++<>+++++<>++++++++++[++++++++++++++++[.[+++++[+++++++++[+++++++++++[++[++++++++[+++++[.-.-..<,>]>]><--<]+>]<.<<]+>]<.<-<[<.-<].][].<>.-.]]<>]]]>--<-]]><]-+]>[+<<>,[[>+]][+,][,-<<>,>>--<.],.--.],.><-,,[[-,-<-.,>++<>.>,<-->.<<++,,<>][[<<,<,[.]>  
 goal : Joyeux anniversaire -> Jrqppponnnmlllkjjji
2019-07-16T18:00:20.68 , Gen : 45100 , BEST: 4690 , SECOND: 4690 
2019-07-16T18:00:28.085 , Gen : 45200 , BEST: 4690 , SECOND: 4690 
2019-07-16T18:00:34.634 , Gen : 45300 , BEST: 4690 , SECOND: 4690 
2019-07-16T18:00:41.196 , Gen : 45400 , BEST: 4690 , SECOND: 4690 
2019-07-16T18:00:47.855 , Gen : 45500 , BEST: 4690 , SECOND: 4690 
2019-07-16T18:00:55.304 , Gen : 45600 , BEST: 4690 , SECOND: 4690 
2019-07-16T18:01:03.955 , Gen : 45700 , BEST: 4690 , SECOND: 4690 
2019-07-16T18:01:12.196 , Gen : 45800 , BEST: 4690 , SECOND: 4690 
2019-07-16T18:01:19.473 , Gen : 45900 , BEST: 4690 , SECOND: 4690 
2019-07-16T18:01:26.282 , Gen : 46000 , BEST: 4690 , SECOND: 4690 
fitness : 4690 
  code : >+[>++++[++[++++-++-[++++++++++[+++<>+><++++++++++++++<>+++++<>+++++<>+++++++++[+++++++++++++[++++[.[+++++[+++++++++[+++++++++++[++[++++++++[++++[.-.-..<,>]>]>],><,-+->-]+>.+<[<.-<.>[].--[][><]>,]>+]][<]<>>><<+,<>..-<+>+]][]<,-,][,.-.-+>[+>],<[+>]]+].<,]+[..-,><<+[[><[,<><,-..,>,<+[<[><[-+><]>[.]..+  
 goal : Joyeux anniversaire -> Jqpooonmmmlkkkjiiih
2019-07-16T18:01:33.588 , Gen : 46100 , BEST: 4690 , SECOND: 4690 
2019-07-16T18:01:41.184 , Gen : 46200 , BEST: 4690 , SECOND: 4690 
2019-07-16T18:01:48.503 , Gen : 46300 , BEST: 4690 , SECOND: 4690 
2019-07-16T18:01:55.532 , Gen : 46400 , BEST: 4690 , SECOND: 4690 
2019-07-16T18:02:02.303 , Gen : 46500 , BEST: 4690 , SECOND: 4690 
2019-07-16T18:02:08.992 , Gen : 46600 , BEST: 4690 , SECOND: 4690 
2019-07-16T18:02:15.285 , Gen : 46700 , BEST: 4690 , SECOND: 4690 
2019-07-16T18:02:21.727 , Gen : 46800 , BEST: 4690 , SECOND: 4690 
2019-07-16T18:02:28.841 , Gen : 46900 , BEST: 4690 , SECOND: 4690 
2019-07-16T18:02:35.32 , Gen : 47000 , BEST: 4690 , SECOND: 4690 
fitness : 4690 
  code : >+++++[++[++++++-[++++++++++[+++<>+><++++++++++++++<>+++++<>+++++<>[[+++++++++[++++++++++++[+++[.[+++[++[+++++++++[++++++++++[++[+[++++++[++++++[.-.-..<>]>-->--.,<]+<,.-,,,-.-+->-.]+>>,+.>,..+>]]+,[>-+],,-.-+>]>.>[><<],][[[+.<.,-.+.-<...<<>+[..,]+--,+.>-[<>-,>+<..,-.>,,[<,[[[[,>]<]>+.[+<[,[>->,->..-  
 goal : Joyeux anniversaire -> Jqpooonmmmlkkkjiiih
2019-07-16T18:02:41.349 , Gen : 47100 , BEST: 4690 , SECOND: 4690 
2019-07-16T18:02:47.692 , Gen : 47200 , BEST: 4690 , SECOND: 4690 
2019-07-16T18:02:54.178 , Gen : 47300 , BEST: 4690 , SECOND: 4690 
2019-07-16T18:03:00.422 , Gen : 47400 , BEST: 4690 , SECOND: 4690 
2019-07-16T18:03:06.796 , Gen : 47500 , BEST: 4690 , SECOND: 4690 
2019-07-16T18:03:12.68 , Gen : 47600 , BEST: 4690 , SECOND: 4690 
2019-07-16T18:03:18.504 , Gen : 47700 , BEST: 4690 , SECOND: 4690 
2019-07-16T18:03:24.666 , Gen : 47800 , BEST: 4690 , SECOND: 4690 
2019-07-16T18:03:30.488 , Gen : 47900 , BEST: 4690 , SECOND: 4690 
2019-07-16T18:03:36.197 , Gen : 48000 , BEST: 4690 , SECOND: 4690 
fitness : 4690 
  code : ,+[+++++[++[++++++-[++++++++++[+++<>+><+[++++++++++++<>+++++<>+++++<>[[+++++++++[+++++++++++++++[.[++[+[++[+++++++++[++++++++++[++[+[++++++[++++++[.-.-..<>].>-,->,->-.,-.-.+->[..]-[-[+[<.<,]-.,]]],]..,].<,.+,].]..<<[<>-+[-[.,<<.<[<,[]-<+<]<+.-[[[>].][[>]+,,<[.]<,<+.-<[]-.<[>+[+<,<.->.,,+<<.].<,<.>>[  
 goal : Joyeux anniversaire -> Jqpooonmmmlkkkjiiih
2019-07-16T18:03:42.369 , Gen : 48100 , BEST: 4690 , SECOND: 4690 
2019-07-16T18:03:48.603 , Gen : 48200 , BEST: 4690 , SECOND: 4690 
2019-07-16T18:03:55.509 , Gen : 48300 , BEST: 4690 , SECOND: 4690 
2019-07-16T18:04:02.42 , Gen : 48400 , BEST: 4690 , SECOND: 4690 
2019-07-16T18:04:08.745 , Gen : 48500 , BEST: 4690 , SECOND: 4690 
2019-07-16T18:04:14.874 , Gen : 48600 , BEST: 4690 , SECOND: 4690 
2019-07-16T18:04:20.794 , Gen : 48700 , BEST: 4690 , SECOND: 4690 
2019-07-16T18:04:27.153 , Gen : 48800 , BEST: 4690 , SECOND: 4690 
2019-07-16T18:04:34.42 , Gen : 48900 , BEST: 4690 , SECOND: 4690 
2019-07-16T18:04:41.459 , Gen : 49000 , BEST: 4690 , SECOND: 4690 
fitness : 4690 
  code : +++++[+++++++++-+++++++-++[+++<>+><+[++++++++++++<>+++++++<>+++++<>[[+++++++++[+++++++++++++++[.[++[+[++[+++++++++[++++++++++[++[+[++++++[+[+++++[.-.-..<>]<].><--,-,->.,-.-][->[.].]>[-,][.>..<[]..>-..>.][.-.+,,.>][-[-[[>->-<,]+.[[<>[+<[[>[<><.,..[<[[,<.,+[..---+>[.>+..+-+,,<[><]<[,.[-<,>[-],]>.>.-->  
 goal : Joyeux anniversaire -> Jqpooonmmmlkkkjiiih
2019-07-16T18:04:47.605 , Gen : 49100 , BEST: 4690 , SECOND: 4690 
2019-07-16T18:04:53.661 , Gen : 49200 , BEST: 4690 , SECOND: 4690 
2019-07-16T18:04:58.877 , Gen : 49300 , BEST: 4690 , SECOND: 4690 
2019-07-16T18:05:04.725 , Gen : 49400 , BEST: 4690 , SECOND: 4690 
2019-07-16T18:05:11.42 , Gen : 49500 , BEST: 4690 , SECOND: 4690 
2019-07-16T18:05:17.789 , Gen : 49600 , BEST: 4690 , SECOND: 4690 
2019-07-16T18:05:24.412 , Gen : 49700 , BEST: 4690 , SECOND: 4690 
2019-07-16T18:05:30.357 , Gen : 49800 , BEST: 4690 , SECOND: 4690 
2019-07-16T18:05:36.394 , Gen : 49900 , BEST: 4690 , SECOND: 4690 
2019-07-16T18:05:42.538 , Gen : 50000 , BEST: 4690 , SECOND: 4690 
fitness : 4690 
  code : >+++++[+++++++++-+++++++-++[+++<>+><+[+++++++++++<>+++++++<>+++++<>+[+++++++++[++++++++[+++++++[.++[+[++[+++++++++[+++++++++++[++[+[+++++[+[+++++[.-.-..<>]<].[><--.-][-[[.]]<-++>-,][.<-]]+[[[.+],.>]<>.>.,--]-++[[-+,<[>.,<[>.,-.-..]--],.]--.,]>>.[-[+-+-,-+,.+-+[.].+],[-[>>[.+.<.>+.>>><>>,<>,,,<-...>>  
 goal : Joyeux anniversaire -> Jqpooonmmmlkkkjiiih
2019-07-16T18:05:49.302 , Gen : 50100 , BEST: 4690 , SECOND: 4690 
2019-07-16T18:05:55.583 , Gen : 50200 , BEST: 4690 , SECOND: 4690 
2019-07-16T18:06:01.453 , Gen : 50300 , BEST: 4690 , SECOND: 4690 
2019-07-16T18:06:07.405 , Gen : 50400 , BEST: 4690 , SECOND: 4690 
2019-07-16T18:06:13.783 , Gen : 50500 , BEST: 4690 , SECOND: 4690 
2019-07-16T18:06:20.158 , Gen : 50600 , BEST: 4690 , SECOND: 4690 
2019-07-16T18:06:26.737 , Gen : 50700 , BEST: 4690 , SECOND: 4690 
2019-07-16T18:06:33.429 , Gen : 50800 , BEST: 4690 , SECOND: 4690 
2019-07-16T18:06:39.359 , Gen : 50900 , BEST: 4690 , SECOND: 4690 
2019-07-16T18:06:45.289 , Gen : 51000 , BEST: 4690 , SECOND: 4690 
fitness : 4690 
  code : +++++[+++++++++-+++++++-++[+++<>+><+[+++++++++++<>+++++++<>+++++<>+[+++++++++[++++++++[+++++++[.++[+[++[++++++++++++++++++++[++[+[+++++[+[++[+++[.-.-..<>]]].[>+<--].[,-[.[-+,-[>.[[+..,[<,...]>-.<..-<[]++,.,[>+<,+><]++>[>>>>]+.,[,[-[,<.].-,->,-.>.]-<,[]+>[>.><+<>,[<>>->>,<],>,>>><,<.>>>.]].-,]<+,.[[[  
 goal : Joyeux anniversaire -> Jqpooonmmmlkkkjiiih
2019-07-16T18:06:52.032 , Gen : 51100 , BEST: 4690 , SECOND: 4690 
2019-07-16T18:06:58.641 , Gen : 51200 , BEST: 4690 , SECOND: 4690 
2019-07-16T18:07:05.345 , Gen : 51300 , BEST: 4690 , SECOND: 4690 
2019-07-16T18:07:11.68 , Gen : 51400 , BEST: 4690 , SECOND: 4690 
2019-07-16T18:07:18.247 , Gen : 51500 , BEST: 4690 , SECOND: 4690 
2019-07-16T18:07:24.528 , Gen : 51600 , BEST: 4690 , SECOND: 4690 
2019-07-16T18:07:31.203 , Gen : 51700 , BEST: 4690 , SECOND: 4690 
2019-07-16T18:07:37.433 , Gen : 51800 , BEST: 4690 , SECOND: 4690 
2019-07-16T18:07:43.355 , Gen : 51900 , BEST: 4690 , SECOND: 4690 
2019-07-16T18:07:49.54 , Gen : 52000 , BEST: 4690 , SECOND: 4690 
fitness : 4690 
  code : +++++[++++++++++[+++<>+><+[+++++++++++++++++<>+++++++<>++++<>+[+++++++++[++++++++[++[++++++[.++[[+[++[++-++++++++++++++++++[++[++++++++[++[+++[.-.-..]]]]-+[.[--++,+,][>[+],+<+],<]>+.,-[][+.,[++><>-++>,][>],+<>[.>,+>--.+,->->.].-][>->,.+>+]>>][,+,++-[>]-],,],,][[-,+[++[+<+][++++[<+++++[<+<>[.+<.[.+]]  
 goal : Joyeux anniversaire -> Jqpooonmmmlkkkjiiih
2019-07-16T18:07:55.751 , Gen : 52100 , BEST: 4690 , SECOND: 4690 
2019-07-16T18:08:03.148 , Gen : 52200 , BEST: 4690 , SECOND: 4690 
2019-07-16T18:08:10.755 , Gen : 52300 , BEST: 4690 , SECOND: 4690 
2019-07-16T18:08:18.568 , Gen : 52400 , BEST: 4690 , SECOND: 4690 
2019-07-16T18:08:25.483 , Gen : 52500 , BEST: 4690 , SECOND: 4690 
2019-07-16T18:08:32.041 , Gen : 52600 , BEST: 4690 , SECOND: 4690 
2019-07-16T18:08:38.654 , Gen : 52700 , BEST: 4690 , SECOND: 4690 
2019-07-16T18:08:45.054 , Gen : 52800 , BEST: 4690 , SECOND: 4690 
2019-07-16T18:08:52.629 , Gen : 52900 , BEST: 4690 , SECOND: 4690 
2019-07-16T18:09:00.964 , Gen : 53000 , BEST: 4690 , SECOND: 4690 
fitness : 4690 
  code : ,>+[+++++[++++++++++++<>+><+[+++++++++++++++++<>+++++++<>++++<>+[+++++++++[++++++++[++[++++++[.++[[+++[++-++++++++++++++++++[++[++++++++[++[+++[.-.-..]]]+-+[.[]>>++<]+],.]>+.,[]-<+>>+]<<<-.-+,.]<><>,,,,]-.]<.>,,,..]-][<<],+.]]]>+.]]<]-<,][.]-],>,,<<.+[,,,+].]>[+<>].[>].[[[,[>[+,].>+>---][->,+<[.].]-  
 goal : Joyeux anniversaire -> Jqpooonmmmlkkkjiiih
2019-07-16T18:09:08.645 , Gen : 53100 , BEST: 4690 , SECOND: 4690 
2019-07-16T18:09:15.696 , Gen : 53200 , BEST: 4690 , SECOND: 4690 
2019-07-16T18:09:22.629 , Gen : 53300 , BEST: 4690 , SECOND: 4690 
2019-07-16T18:09:28.558 , Gen : 53400 , BEST: 4690 , SECOND: 4690 
2019-07-16T18:09:34.965 , Gen : 53500 , BEST: 4690 , SECOND: 4690 
2019-07-16T18:09:42.016 , Gen : 53600 , BEST: 4690 , SECOND: 4690 
2019-07-16T18:09:48.152 , Gen : 53700 , BEST: 4690 , SECOND: 4690 
2019-07-16T18:09:54.08 , Gen : 53800 , BEST: 4690 , SECOND: 4690 
2019-07-16T18:10:00.438 , Gen : 53900 , BEST: 4690 , SECOND: 4690 
2019-07-16T18:10:06.983 , Gen : 54000 , BEST: 4690 , SECOND: 4690 
fitness : 4690 
  code : >+++++[+++++++++++<>><++++++++++++++++++++++<>+++++++<>++++<+>+[+++++++++[+++++++[++[++++++[[.++[[+++[++-++++++++++++++++++[+[++++++++[++[++++[.-.-..]]+<]<],+>>>,[],]<,+[,>.--<<[+<+<<.,[+.][,[[-,[],]--[[+.<-[[[[][][].>]]>,[,,.++[+.>>.>>[.>[<>-->-+.[]]>,,.>>>.[,-.+->>+,[>[..[[,.<<][[,-]>.[+,.+[+,.]<.  
 goal : Joyeux anniversaire -> Jqpooonmmmlkkkjiiih
2019-07-16T18:10:13.704 , Gen : 54100 , BEST: 4690 , SECOND: 4690 
2019-07-16T18:10:19.971 , Gen : 54200 , BEST: 4690 , SECOND: 4690 
2019-07-16T18:10:27.056 , Gen : 54300 , BEST: 4690 , SECOND: 4690 
2019-07-16T18:10:34.284 , Gen : 54400 , BEST: 4690 , SECOND: 4690 
2019-07-16T18:10:41.717 , Gen : 54500 , BEST: 4690 , SECOND: 4690 
2019-07-16T18:10:48.996 , Gen : 54600 , BEST: 4690 , SECOND: 4690 
2019-07-16T18:10:57.53 , Gen : 54700 , BEST: 4690 , SECOND: 4690 
2019-07-16T18:11:05.061 , Gen : 54800 , BEST: 4690 , SECOND: 4690 
2019-07-16T18:11:12.354 , Gen : 54900 , BEST: 4690 , SECOND: 4690 
2019-07-16T18:11:19.097 , Gen : 55000 , BEST: 4690 , SECOND: 4690 
fitness : 4690 
  code : +>>+++++[+++++++++++<>><++++++++++++++++++++++<>+++++++<>++++<+>+[+++++++++[+++++++[++[++++++[[.++[+++[++-+++++++++++++++++++[++++++++[++++++[.-.-..]->[]+,-[<[+.->..,]>>,->>--,]--+[-[,-+>+..-+[-+.[+.>>-+],<>+<[[><.>,+.[>,-<.+<-><.+<->-,,>-<.>[[,+.>[,[[]>.-,]-],>>,<<,-]+]>[>,-,>,][,.->,><-,+->++++>+.  
 goal : Joyeux anniversaire -> Jqpooonmmmlkkkjiiih
2019-07-16T18:11:25.399 , Gen : 55100 , BEST: 4690 , SECOND: 4690 
2019-07-16T18:11:32.99 , Gen : 55200 , BEST: 4690 , SECOND: 4690 
2019-07-16T18:11:40.201 , Gen : 55300 , BEST: 4690 , SECOND: 4690 
2019-07-16T18:11:47.56 , Gen : 55400 , BEST: 4690 , SECOND: 4690 
2019-07-16T18:11:55.372 , Gen : 55500 , BEST: 4690 , SECOND: 4690 
2019-07-16T18:12:02.887 , Gen : 55600 , BEST: 4690 , SECOND: 4690 
2019-07-16T18:12:10.2 , Gen : 55700 , BEST: 4690 , SECOND: 4690 
2019-07-16T18:12:17.575 , Gen : 55800 , BEST: 4690 , SECOND: 4690 
2019-07-16T18:12:24.892 , Gen : 55900 , BEST: 4690 , SECOND: 4690 
2019-07-16T18:12:32.549 , Gen : 56000 , BEST: 4690 , SECOND: 4690 
fitness : 4690 
  code : >+++++[+++++++++++<>><++++++++++++++++++++++++<>+++++++<>[++++<+->+[-+++++[+++++[++++++[++[+++++[[.+++++[++-+++++++++++++++++++[+[[+++++++[+++++[+[.-.-..]]-[->-][>-]][>><<-+-.->[<<-]<><<-].--<-<.]<<..-[<+<].<+.<[[<],+>-]-.+,++-[.,-,,++<[+-[-[>-,-,+,,,+,,,++,][-+-+<-,][,-<+<]+.+->,+--[<>..[,,>+]><>.>  
 goal : Joyeux anniversaire -> Jqpooonmmmlkkkjiiih
2019-07-16T18:12:39.226 , Gen : 56100 , BEST: 4690 , SECOND: 4690 
2019-07-16T18:12:45.288 , Gen : 56200 , BEST: 4690 , SECOND: 4690 
2019-07-16T18:12:52.131 , Gen : 56300 , BEST: 4690 , SECOND: 4690 
2019-07-16T18:12:58.992 , Gen : 56400 , BEST: 4690 , SECOND: 4690 
2019-07-16T18:13:05.731 , Gen : 56500 , BEST: 4690 , SECOND: 4690 
2019-07-16T18:13:12.929 , Gen : 56600 , BEST: 4690 , SECOND: 4690 
2019-07-16T18:13:18.925 , Gen : 56700 , BEST: 4690 , SECOND: 4690 
2019-07-16T18:13:25.214 , Gen : 56800 , BEST: 4690 , SECOND: 4690 
2019-07-16T18:13:31.653 , Gen : 56900 , BEST: 4690 , SECOND: 4690 
2019-07-16T18:13:37.833 , Gen : 57000 , BEST: 4690 , SECOND: 4690 
fitness : 4690 
  code : >>+++++[+++++++++++<>><++++++++++++++++++++++++<>+++++++<>[++++<+>+[-++++++++++++++++[++[+++++[[.+++++[++-+++++++++++++++++++[+[[+++++++[+++++[+[.-.-..],+[+>-,[><>.>+]-<,+[-[].-,][>><>+.>.<->],>-]<-,>,>>]<-,>][,<],<--]]],>-<,]+--]->-]<<]-<<<+>,]+,-,,<,<[<[.>-.-,-[+]>,>,<>,.<.,.<-,>>,.<].>.<,][[++]+>  
 goal : Joyeux anniversaire -> Jqpooonmmmlkkkjiiih
2019-07-16T18:13:44.809 , Gen : 57100 , BEST: 4690 , SECOND: 4690 
2019-07-16T18:13:51.761 , Gen : 57200 , BEST: 4690 , SECOND: 4690 
2019-07-16T18:13:59.229 , Gen : 57300 , BEST: 4690 , SECOND: 4690 
2019-07-16T18:14:07.141 , Gen : 57400 , BEST: 4690 , SECOND: 4690 
2019-07-16T18:14:14.801 , Gen : 57500 , BEST: 4690 , SECOND: 4690 
2019-07-16T18:14:21.909 , Gen : 57600 , BEST: 4690 , SECOND: 4690 
2019-07-16T18:14:28.499 , Gen : 57700 , BEST: 4690 , SECOND: 4690 
2019-07-16T18:14:34.871 , Gen : 57800 , BEST: 4690 , SECOND: 4690 
2019-07-16T18:14:42.436 , Gen : 57900 , BEST: 4690 , SECOND: 4690 
2019-07-16T18:14:49.214 , Gen : 58000 , BEST: 4690 , SECOND: 4690 
fitness : 4690 
  code : +>>+++++[+++++++++++<>><++++++++++++++++++++++++<>+++++++<>[+++[+<+>+[-+++++[+++++++++++[++[+++++[[.++++[++-+++++++++++++++++++[+[++[+++++++[+++++[+[.-.-..]+[+>+<]][--].][.,+,+,[.,+.,]+<.-+>.<>.]--,<[,]-<<<<<<+.--+<<.<]]>>.+,<.,<,,>><[.],]>.].+.[,+.[>[,+<[,+.[<],+].+[+[<.[><][,[>-+>,],]]>,[-[]<-]-+,  
 goal : Joyeux anniversaire -> Jrqppponnnmlllkjjji
2019-07-16T18:14:55.68 , Gen : 58100 , BEST: 4690 , SECOND: 4690 
2019-07-16T18:15:02.245 , Gen : 58200 , BEST: 4690 , SECOND: 4690 
2019-07-16T18:15:08.902 , Gen : 58300 , BEST: 4690 , SECOND: 4690 
2019-07-16T18:15:15.588 , Gen : 58400 , BEST: 4690 , SECOND: 4690 
2019-07-16T18:15:22.54 , Gen : 58500 , BEST: 4690 , SECOND: 4690 
2019-07-16T18:15:28.752 , Gen : 58600 , BEST: 4690 , SECOND: 4690 
2019-07-16T18:15:35.762 , Gen : 58700 , BEST: 4690 , SECOND: 4690 
2019-07-16T18:15:42.177 , Gen : 58800 , BEST: 4690 , SECOND: 4690 
2019-07-16T18:15:48.312 , Gen : 58900 , BEST: 4690 , SECOND: 4690 
2019-07-16T18:15:54.945 , Gen : 59000 , BEST: 4690 , SECOND: 4690 
fitness : 4690 
  code : ->+++++[+++++++++++<>><+++++++++++++++++++++++<>+++++++<>[+++[+<+>+[-+++++[++++++++++++[++[+++++[[.++++[++-+++++++++++++++++++[+++[+++++++[+++-++[+[.-.-..]+[+>+<]]--.,][].,[][].,[.++.<+>,]-,->>.<,,<<<]].-+<><><+<<<+..,.,..,.[.+.->+<><,>-<<,+,,[,[,.[+,,[<.,>+<+[]>,>]]-+.,[,+<-<[,>,++<.>-[.><>+-+,+-[+  
 goal : Joyeux anniversaire -> Jqpooonmmmlkkkjiiih
2019-07-16T18:16:02.708 , Gen : 59100 , BEST: 4690 , SECOND: 4690 
2019-07-16T18:16:10.012 , Gen : 59200 , BEST: 4690 , SECOND: 4690 
2019-07-16T18:16:16.498 , Gen : 59300 , BEST: 4690 , SECOND: 4690 
2019-07-16T18:16:22.177 , Gen : 59400 , BEST: 4690 , SECOND: 4690 
2019-07-16T18:16:28.963 , Gen : 59500 , BEST: 4690 , SECOND: 4690 
2019-07-16T18:16:36.877 , Gen : 59600 , BEST: 4690 , SECOND: 4690 
2019-07-16T18:16:43.34 , Gen : 59700 , BEST: 4690 , SECOND: 4690 
2019-07-16T18:16:49.043 , Gen : 59800 , BEST: 4690 , SECOND: 4690 
2019-07-16T18:16:55.236 , Gen : 59900 , BEST: 4690 , SECOND: 4690 
2019-07-16T18:17:01.67 , Gen : 60000 , BEST: 4690 , SECOND: 4690 
fitness : 4690 
  code : +,,>+++++[+++++++++++<>><+++++++++++++++++++++++<>+++++++<>[+++[+<+>+[-+++++[++++++++++++[++[+++++[.+++[+[[++++++++++++-++[++-[++[+++++++[++[-++++++[+++-++[+[.-.-..]+[.>-,][],]+]><-[+].]+>]--[-><>+<.][+>[-,<-><+-.+[[>,.],+]+[,>++][]+,.][[-,]+][,,>+[[[+[+[[--<>-.><[>+<>->>-><++<[>-<]-<<],[<+<<]>,+.-<  
 goal : Joyeux anniversaire -> Jqpooonmmmlkkkjiiih
2019-07-16T18:17:08.597 , Gen : 60100 , BEST: 4690 , SECOND: 4690 
2019-07-16T18:17:15.596 , Gen : 60200 , BEST: 4690 , SECOND: 4690 
2019-07-16T18:17:23.405 , Gen : 60300 , BEST: 4690 , SECOND: 4690 
2019-07-16T18:17:31.305 , Gen : 60400 , BEST: 4690 , SECOND: 4690 
2019-07-16T18:17:39.573 , Gen : 60500 , BEST: 4690 , SECOND: 4690 
2019-07-16T18:17:48.071 , Gen : 60600 , BEST: 4690 , SECOND: 4690 
2019-07-16T18:17:56.186 , Gen : 60700 , BEST: 4690 , SECOND: 4690 
2019-07-16T18:18:03.773 , Gen : 60800 , BEST: 4690 , SECOND: 4690 
2019-07-16T18:18:10.911 , Gen : 60900 , BEST: 4690 , SECOND: 4690 
2019-07-16T18:18:18.13 , Gen : 61000 , BEST: 4690 , SECOND: 4690 
fitness : 4690 
  code : ,>+++++[[+++++++++++<>>,<+++++++++++++++++++++++<>++++[+++<>[+++[+<+>+[-+++++[++++++++++++[++[+++++[.++++[+++++++++++++++++++++++++[-++++++[+++-++[+[.-.-..]+[]+[[.[..]+,>]>,>.+,>>,>]<->+<].[+<-<,->>>]>.+>[+-.[,+>].].[->],+<<].]><-]<><.]>]>+,]+.>+]<]>-.+].]]>]]]<]-+-]-+>],>>->,.+.>]-+..>].<.]>>]>,.,.  
 goal : Joyeux anniversaire -> Jqpooonmmmlkkkjiiih
2019-07-16T18:18:25.492 , Gen : 61100 , BEST: 4690 , SECOND: 4690 
2019-07-16T18:18:32.349 , Gen : 61200 , BEST: 4690 , SECOND: 4690 
2019-07-16T18:18:38.757 , Gen : 61300 , BEST: 4690 , SECOND: 4690 
2019-07-16T18:18:45.596 , Gen : 61400 , BEST: 4690 , SECOND: 4690 
2019-07-16T18:18:52.925 , Gen : 61500 , BEST: 4690 , SECOND: 4690 
2019-07-16T18:19:00.043 , Gen : 61600 , BEST: 4690 , SECOND: 4690 
2019-07-16T18:19:06.733 , Gen : 61700 , BEST: 4690 , SECOND: 4690 
2019-07-16T18:19:13.673 , Gen : 61800 , BEST: 4690 , SECOND: 4690 
2019-07-16T18:19:20.669 , Gen : 61900 , BEST: 4690 , SECOND: 4690 
2019-07-16T18:19:27.774 , Gen : 62000 , BEST: 4690 , SECOND: 4690 
fitness : 4690 
  code : +->+++++[[+++++++++++<>>,<++++++++++++++++++++++++<>+++[+++<>[+++[+<+>+-+++++[++++++++++++[++[+++++[.++++[+++++++++++++++++++++++++[-++++++[+++-++[+[.-.-..]-[]+[[.+++,>.<>,>.<->.<,[,+<>].-.-,>-++>...]..-->+<,.]-<>+><>-<]>+]+><]>],,<<++<>]]>.],]<>,<>,>[>,,>-,]>+]>]>[,+],>]-.,-->+,]+-+,++].><-+.,]>.]]  
 goal : Joyeux anniversaire -> Jqpooonmmmlkkkjiiih
2019-07-16T18:19:34.383 , Gen : 62100 , BEST: 4690 , SECOND: 4690 
2019-07-16T18:19:42.228 , Gen : 62200 , BEST: 4690 , SECOND: 4690 
2019-07-16T18:19:49.449 , Gen : 62300 , BEST: 4690 , SECOND: 4690 
2019-07-16T18:19:57.255 , Gen : 62400 , BEST: 4690 , SECOND: 4690 
2019-07-16T18:20:05.182 , Gen : 62500 , BEST: 4690 , SECOND: 4690 
2019-07-16T18:20:12.078 , Gen : 62600 , BEST: 4690 , SECOND: 4690 
2019-07-16T18:20:18.806 , Gen : 62700 , BEST: 4690 , SECOND: 4690 
2019-07-16T18:20:25.955 , Gen : 62800 , BEST: 4690 , SECOND: 4690 
2019-07-16T18:20:32.618 , Gen : 62900 , BEST: 4690 , SECOND: 4690 
2019-07-16T18:20:39.14 , Gen : 63000 , BEST: 4690 , SECOND: 4690 
fitness : 4690 
  code : ++>-,+++++[[++++-+++++++<>>,<+++++++++++++++++++++++++<+>+++[+++<>[+++[+<+>+-+++++[++++++++++++[++[+++++[.++++[+++++++++++++++++++++++++[-++++++[++++[+[.-.-..],[][+++.,-.->-+..-.-.]].>.<-.,]+>]+<<+>--><<>[+-]<-[++<++<<]-]<.]]>->,,.>.>]>,+[-].<[].,,>-><[>>]-+,].,,][++,],]-]]],]][>]]--.]+.+->-]>>-[<>-  
 goal : Joyeux anniversaire -> Jqpooonmmmlkkkjiiih
2019-07-16T18:20:45.447 , Gen : 63100 , BEST: 4690 , SECOND: 4690 
2019-07-16T18:20:52.403 , Gen : 63200 , BEST: 4690 , SECOND: 4690 
2019-07-16T18:20:59.261 , Gen : 63300 , BEST: 4690 , SECOND: 4690 
2019-07-16T18:21:06.532 , Gen : 63400 , BEST: 4690 , SECOND: 4690 
2019-07-16T18:21:12.721 , Gen : 63500 , BEST: 4690 , SECOND: 4690 
2019-07-16T18:21:18.848 , Gen : 63600 , BEST: 4690 , SECOND: 4690 
2019-07-16T18:21:25.163 , Gen : 63700 , BEST: 4690 , SECOND: 4690 
2019-07-16T18:21:31.807 , Gen : 63800 , BEST: 4690 , SECOND: 4690 
2019-07-16T18:21:38.825 , Gen : 63900 , BEST: 4690 , SECOND: 4690 
2019-07-16T18:21:45.816 , Gen : 64000 , BEST: 4690 , SECOND: 4690 
fitness : 4690 
  code : ,>-,+++++[++++-++++++<>>,<++++++++++++++++++++++++++<>+++[+++<>[+++[+<+>+-++++++++++++++++++[++[+++[+[.++++[++++++++[+++[++++++++++++++[-++++++>[++++[+[.-.-..],[][+++],.,-.--+<..[,+]+<]<<+><+>--<<<->+.+],<<][<-.+,>[[+<+<,,,],<.>[-[.,--],.[]].][<.>][<.>>-<<.].>>,-],.[>-,<>-[>>>.[],<>>-,+++++]-+>-]<.,  
 goal : Joyeux anniversaire -> Jqpooonmmmlkkkjiiih
2019-07-16T18:21:52.93 , Gen : 64100 , BEST: 4690 , SECOND: 4690 
2019-07-16T18:21:59.819 , Gen : 64200 , BEST: 4690 , SECOND: 4690 
2019-07-16T18:22:06.357 , Gen : 64300 , BEST: 4690 , SECOND: 4690 
2019-07-16T18:22:12.632 , Gen : 64400 , BEST: 4690 , SECOND: 4690 
2019-07-16T18:22:18.906 , Gen : 64500 , BEST: 4690 , SECOND: 4690 
2019-07-16T18:22:25.2 , Gen : 64600 , BEST: 4690 , SECOND: 4690 
2019-07-16T18:22:30.774 , Gen : 64700 , BEST: 4690 , SECOND: 4690 
2019-07-16T18:22:36.96 , Gen : 64800 , BEST: 4690 , SECOND: 4690 
2019-07-16T18:22:42.997 , Gen : 64900 , BEST: 4690 , SECOND: 4690 
