targetFitness = 1546 
params : Main.GeneticAlgorithms.Types.GAParams(136, 10000000, 230, 230, 0.7, 0.01, true, IOStream(<file ../Results/logStringjoyeux.log>), 10948.0, 1546.0, 0, 1) 
2019-07-17T13:56:59.662 , Gen : 100 , BEST: 878 , SECOND: 876 
2019-07-17T13:57:06.254 , Gen : 200 , BEST: 888 , SECOND: 886 
2019-07-17T13:57:12.11 , Gen : 300 , BEST: 906 , SECOND: 906 
2019-07-17T13:57:17.152 , Gen : 400 , BEST: 912 , SECOND: 912 
2019-07-17T13:57:22.549 , Gen : 500 , BEST: 927 , SECOND: 927 
2019-07-17T13:57:28.152 , Gen : 600 , BEST: 933 , SECOND: 933 
2019-07-17T13:57:32.727 , Gen : 700 , BEST: 939 , SECOND: 939 
2019-07-17T13:57:37.878 , Gen : 800 , BEST: 945 , SECOND: 939 
2019-07-17T13:57:42.937 , Gen : 900 , BEST: 951 , SECOND: 951 
2019-07-17T13:57:48.595 , Gen : 1000 , BEST: 951 , SECOND: 951 
fitness : 951 
  code : ,++++++[.+++]..-[><><-<-<..,<,[>->,[[--.>>[[+],-,,->>[]..[>[>[[[],[[<<><>+]]<]<<+<+]<<,,[]+<,>>],>>]]+.[->+-,[.<.-]-[...]--+]>,>,,>,,,+,-],],.<.>,,+,>.+<>-<,,+,,>.+<>]-><.],,,[,.--+<-<-<+]>+,],-+.>+,,>,.>+<+,,,<+[<,][>.><-.,-[,.+,  
 goal : joyeux -> 	
2019-07-17T13:57:54.635 , Gen : 1100 , BEST: 951 , SECOND: 951 
2019-07-17T13:58:01.308 , Gen : 1200 , BEST: 1113 , SECOND: 1113 
2019-07-17T13:58:08.277 , Gen : 1300 , BEST: 1152 , SECOND: 1152 
2019-07-17T13:58:14.684 , Gen : 1400 , BEST: 1185 , SECOND: 1185 
2019-07-17T13:58:21.598 , Gen : 1500 , BEST: 1248 , SECOND: 1248 
2019-07-17T13:58:29.26 , Gen : 1600 , BEST: 1318 , SECOND: 1317 
2019-07-17T13:58:36.026 , Gen : 1700 , BEST: 1321 , SECOND: 1321 
2019-07-17T13:58:42.711 , Gen : 1800 , BEST: 1327 , SECOND: 1327 
2019-07-17T13:58:50.145 , Gen : 1900 , BEST: 1328 , SECOND: 1328 
2019-07-17T13:58:58.031 , Gen : 2000 , BEST: 1334 , SECOND: 1334 
fitness : 1334 
  code : ,+[++++++++++[++++++++++++++++++++.+-]>-..]-..-[-[--],][-.>>.]>><][.[<+-<<[>-++]<>]..,[..],><,[>],>+>],.+><>>.>>]<]<]]]],,[-[]+,.[[+]>.[-->.,->,,<>,.]-<].>,--[<][+]-.,,.+[+.+,,,<]<++[.>].,..<[<>]>]<[+,.][<<<.[<>],>,[.]>+<[-+[.[<-+  
 goal : joyeux -> 3G[o
2019-07-17T13:59:06.187 , Gen : 2100 , BEST: 1334 , SECOND: 1334 
2019-07-17T13:59:14.26 , Gen : 2200 , BEST: 1343 , SECOND: 1343 
2019-07-17T13:59:22.069 , Gen : 2300 , BEST: 1353 , SECOND: 1353 
2019-07-17T13:59:30.028 , Gen : 2400 , BEST: 1371 , SECOND: 1371 
2019-07-17T13:59:39.815 , Gen : 2500 , BEST: 1371 , SECOND: 1371 
2019-07-17T13:59:49.094 , Gen : 2600 , BEST: 1371 , SECOND: 1371 
2019-07-17T13:59:57.454 , Gen : 2700 , BEST: 1373 , SECOND: 1373 
2019-07-17T14:00:04.702 , Gen : 2800 , BEST: 1373 , SECOND: 1373 
2019-07-17T14:00:12.49 , Gen : 2900 , BEST: 1373 , SECOND: 1373 
2019-07-17T14:00:20.838 , Gen : 3000 , BEST: 1376 , SECOND: 1376 
fitness : 1376 
  code : >++++++++++[++++++-+++++++++[++++-+++++++++++++++++.--]>[<<[+>][.,-<><>[>]..]]<>,-[>]<,->>>+[][+-..->->]]-[><+<.+]>[.>.]-.-[>+[.<[]<<.[-<+[-.+-<]...+.[->,..[-.<.[+,,[><[-.,+<+.<[<<,].<[].<->-][-,,.][>]].<]]>]].<]].<<[,,[>.<],[<]>.  
 goal : joyeux -> ,>Pbt
2019-07-17T14:00:28.502 , Gen : 3100 , BEST: 1380 , SECOND: 1380 
2019-07-17T14:00:35.509 , Gen : 3200 , BEST: 1382 , SECOND: 1382 
2019-07-17T14:00:43.282 , Gen : 3300 , BEST: 1391 , SECOND: 1391 
2019-07-17T14:00:52.747 , Gen : 3400 , BEST: 1393 , SECOND: 1393 
2019-07-17T14:01:01.246 , Gen : 3500 , BEST: 1393 , SECOND: 1393 
2019-07-17T14:01:08.766 , Gen : 3600 , BEST: 1393 , SECOND: 1393 
2019-07-17T14:01:16.344 , Gen : 3700 , BEST: 1393 , SECOND: 1393 
2019-07-17T14:01:24.36 , Gen : 3800 , BEST: 1393 , SECOND: 1393 
2019-07-17T14:01:34.091 , Gen : 3900 , BEST: 1393 , SECOND: 1393 
2019-07-17T14:01:44.391 , Gen : 4000 , BEST: 1393 , SECOND: 1393 
fitness : 1393 
  code : ++++++++++++[+++++++-+++++++++++++[+++-+++++++++++++++++.--]>+]+><,,<]<]]],--+[]>+],->-+>[,-[]-]<<><+>].+.>,.-]>-,,[[-[.,]<]<+[--+[-.+-<].+>,->,[..<[+<.+.+<-[<[<[.<[<>.+<[[[[],<][][..[.[[.++[>]].<+,[>+].<<],[>+<<-][].>>+->>[>],>>-  
 goal : joyeux -> 2CTev
2019-07-17T14:01:53.142 , Gen : 4100 , BEST: 1393 , SECOND: 1393 
2019-07-17T14:02:01.207 , Gen : 4200 , BEST: 1393 , SECOND: 1393 
2019-07-17T14:02:10.544 , Gen : 4300 , BEST: 1393 , SECOND: 1393 
2019-07-17T14:02:19.42 , Gen : 4400 , BEST: 1393 , SECOND: 1393 
2019-07-17T14:02:26.996 , Gen : 4500 , BEST: 1393 , SECOND: 1393 
2019-07-17T14:02:35.46 , Gen : 4600 , BEST: 1393 , SECOND: 1393 
2019-07-17T14:02:43.187 , Gen : 4700 , BEST: 1393 , SECOND: 1393 
2019-07-17T14:02:50.629 , Gen : 4800 , BEST: 1393 , SECOND: 1393 
2019-07-17T14:02:58.636 , Gen : 4900 , BEST: 1393 , SECOND: 1393 
2019-07-17T14:03:07.362 , Gen : 5000 , BEST: 1393 , SECOND: 1393 
fitness : 1393 
  code : ++++++++++++[+++++++-+++++++++++++[+++-+++++++++++++++++.--]>+]+><,,<]<]]],--+[]>+],->-+>[,-[]-]<<><+>].+.>,.-]>-,,[[-[.,]<]<+[--+[-.+-<].+>,->,[..<[+<.+.+<-[<[<[.<[<>.+<[[[[],<][][..[.[[.++[>]].<+,[>+].<<],[>+<<-][].>>+->>[>],>>-  
 goal : joyeux -> 2CTev
2019-07-17T14:03:14.972 , Gen : 5100 , BEST: 1393 , SECOND: 1393 
2019-07-17T14:03:22.438 , Gen : 5200 , BEST: 1393 , SECOND: 1393 
2019-07-17T14:03:30.092 , Gen : 5300 , BEST: 1393 , SECOND: 1393 
2019-07-17T14:03:36.573 , Gen : 5400 , BEST: 1393 , SECOND: 1393 
2019-07-17T14:03:41.994 , Gen : 5500 , BEST: 1393 , SECOND: 1393 
2019-07-17T14:03:47.263 , Gen : 5600 , BEST: 1393 , SECOND: 1393 
2019-07-17T14:03:52.965 , Gen : 5700 , BEST: 1393 , SECOND: 1393 
2019-07-17T14:03:59.375 , Gen : 5800 , BEST: 1402 , SECOND: 1402 
2019-07-17T14:04:05.338 , Gen : 5900 , BEST: 1402 , SECOND: 1402 
2019-07-17T14:04:11.282 , Gen : 6000 , BEST: 1402 , SECOND: 1402 
fitness : 1402 
  code : ++++++++++++[+++++++-+++++++++++++[+++-+++[+++-++++++++++++-+++++.--].+]]+.-->[-,-<[[,-[]->,.+][-]]<<<+>]<.+.>].-.,>,[.[--<[+..<,[]--,[<.[..[],+.<]],.<-[,.>[+[[<[.]<<][[<[<>.+<[[[],][][..[.[[.+[>]].<+,[>+].<<],[>+<<-][].>>+->>[>]-  
 goal : joyeux -> 6FVfv
2019-07-17T14:04:19.269 , Gen : 6100 , BEST: 1402 , SECOND: 1402 
2019-07-17T14:04:28.449 , Gen : 6200 , BEST: 1402 , SECOND: 1402 
2019-07-17T14:04:37.422 , Gen : 6300 , BEST: 1402 , SECOND: 1402 
2019-07-17T14:04:44.823 , Gen : 6400 , BEST: 1402 , SECOND: 1402 
2019-07-17T14:04:52.94 , Gen : 6500 , BEST: 1402 , SECOND: 1402 
2019-07-17T14:05:00.969 , Gen : 6600 , BEST: 1402 , SECOND: 1402 
2019-07-17T14:05:08.054 , Gen : 6700 , BEST: 1402 , SECOND: 1402 
2019-07-17T14:05:15.931 , Gen : 6800 , BEST: 1402 , SECOND: 1402 
2019-07-17T14:05:23.374 , Gen : 6900 , BEST: 1402 , SECOND: 1402 
2019-07-17T14:05:30.879 , Gen : 7000 , BEST: 1402 , SECOND: 1402 
fitness : 1402 
  code : ++++++++++++[+++++++-+++++++++++++[+++-+++[+++-++++++++++++-+++++.--].+]]+.-->[-,-<[[,-[]->,.+][-]]<<<+>]<.+.>].-.,>,[.[--<[+..<,[]--,[<.[..[],+.<]],.<-[,.>[+[[<[.]<<][[<[<>.+<[[[],][][..[.[[.+[>]].<+,[>+].<<],[>+<<-][].>>+->>[>]-  
 goal : joyeux -> 6FVfv
2019-07-17T14:05:39.62 , Gen : 7100 , BEST: 1402 , SECOND: 1402 
2019-07-17T14:05:47.999 , Gen : 7200 , BEST: 1402 , SECOND: 1402 
2019-07-17T14:05:57.884 , Gen : 7300 , BEST: 1405 , SECOND: 1405 
2019-07-17T14:06:06.188 , Gen : 7400 , BEST: 1409 , SECOND: 1409 
2019-07-17T14:06:13.375 , Gen : 7500 , BEST: 1409 , SECOND: 1409 
2019-07-17T14:06:21.344 , Gen : 7600 , BEST: 1409 , SECOND: 1409 
2019-07-17T14:06:29.624 , Gen : 7700 , BEST: 1409 , SECOND: 1409 
2019-07-17T14:06:37.408 , Gen : 7800 , BEST: 1411 , SECOND: 1411 
2019-07-17T14:06:45.2 , Gen : 7900 , BEST: 1416 , SECOND: 1416 
2019-07-17T14:06:52.81 , Gen : 8000 , BEST: 1420 , SECOND: 1418 
fitness : 1420 
  code : +++++++++++++++[+++++++++++++++++-++++++++++++-+++[+++-++++++++++-+++++.--].-,.+.,++-+->-<[[.<>+.+<.+>,[-+-[]+-+][[-.-,<-->,+,+<[,<<[,<-,.+,-<.+<][<[<[[[]<--+<.[++[]+-+]><<[.]]].,-.-<-,].>>+]+-.[]]>--++>]]>-.[.,>.>.<[,]-+[,+.<<+]+  
 goal : joyeux -> =KYgu
2019-07-17T14:07:00.064 , Gen : 8100 , BEST: 1420 , SECOND: 1420 
2019-07-17T14:07:07.995 , Gen : 8200 , BEST: 1420 , SECOND: 1420 
2019-07-17T14:07:16.075 , Gen : 8300 , BEST: 1420 , SECOND: 1420 
2019-07-17T14:07:23.88 , Gen : 8400 , BEST: 1420 , SECOND: 1420 
2019-07-17T14:07:30.858 , Gen : 8500 , BEST: 1420 , SECOND: 1420 
2019-07-17T14:07:37.919 , Gen : 8600 , BEST: 1420 , SECOND: 1420 
2019-07-17T14:07:45.687 , Gen : 8700 , BEST: 1420 , SECOND: 1420 
2019-07-17T14:07:53.836 , Gen : 8800 , BEST: 1420 , SECOND: 1420 
2019-07-17T14:08:01.239 , Gen : 8900 , BEST: 1420 , SECOND: 1420 
2019-07-17T14:08:08.264 , Gen : 9000 , BEST: 1420 , SECOND: 1420 
fitness : 1420 
  code : +++++++++++++++[+++++++++++++++++-++++++++++++-+++[+++-++++++++++-+++++.--].-,.+.,++-+->-<[[.<>+.+<.+>,[-+-[]+-+][[-.-,<-->,+,+<[,<<[,<-,.+,-<.+<][<[<[[[]<--+<.[++[]+-+]><<[.]]].,-.-<-,].>>+]+-.[]]>--++>]]>-.[.,>.>.<[,]-+[,+.<<+]+  
 goal : joyeux -> =KYgu
2019-07-17T14:08:15.408 , Gen : 9100 , BEST: 1420 , SECOND: 1420 
2019-07-17T14:08:22.791 , Gen : 9200 , BEST: 1420 , SECOND: 1420 
2019-07-17T14:08:30.538 , Gen : 9300 , BEST: 1420 , SECOND: 1420 
2019-07-17T14:08:38.219 , Gen : 9400 , BEST: 1420 , SECOND: 1420 
2019-07-17T14:08:45.418 , Gen : 9500 , BEST: 1420 , SECOND: 1420 
2019-07-17T14:08:52.908 , Gen : 9600 , BEST: 1420 , SECOND: 1420 
2019-07-17T14:09:00.956 , Gen : 9700 , BEST: 1420 , SECOND: 1420 
2019-07-17T14:09:07.882 , Gen : 9800 , BEST: 1420 , SECOND: 1420 
2019-07-17T14:09:16.639 , Gen : 9900 , BEST: 1425 , SECOND: 1423 
2019-07-17T14:09:24.622 , Gen : 10000 , BEST: 1427 , SECOND: 1427 
fitness : 1427 
  code : ++++++++++-+++++[+++++++++++++++++++++-+++++++++++++++[+++-++++++++++-++++.--].-,.++.]+<<>]]->,-<>[>,-<>[+-[.>]>.<<.]]-,<,].]-,,<[-<--<<.]<]][,<[<-][],,-]-.][>-,++>>-]++...+,]-.+.<]+.<]<-<..[+.<]+.<>]-,<[][-<.<[<.++[<[-[.]]]>>]+.+  
 goal : joyeux -> @MZgt
2019-07-17T14:09:33.237 , Gen : 10100 , BEST: 1427 , SECOND: 1427 
2019-07-17T14:09:40.996 , Gen : 10200 , BEST: 1427 , SECOND: 1427 
2019-07-17T14:09:48.784 , Gen : 10300 , BEST: 1429 , SECOND: 1427 
2019-07-17T14:09:56.591 , Gen : 10400 , BEST: 1430 , SECOND: 1429 
2019-07-17T14:10:05.307 , Gen : 10500 , BEST: 1437 , SECOND: 1437 
2019-07-17T14:10:12.815 , Gen : 10600 , BEST: 1439 , SECOND: 1439 
2019-07-17T14:10:20.856 , Gen : 10700 , BEST: 1443 , SECOND: 1443 
2019-07-17T14:10:30.114 , Gen : 10800 , BEST: 1446 , SECOND: 1445 
2019-07-17T14:10:40.367 , Gen : 10900 , BEST: 1448 , SECOND: 1448 
2019-07-17T14:10:49.723 , Gen : 11000 , BEST: 1450 , SECOND: 1450 
fitness : 1450 
  code : +++++++++++++++++++++++++++++++++++[+++[++++++++++++++++++++++++[+++++-+++++++-++.--]<,.-.+-]]]].]+[-<][.[[++[-+.],]<][[<,-<]++.][[+,,]<+-<-><]+>[[+,,<<->>]+<][,]<.+...]<+[>,,+[],[<.<].-[-..-[.-[--++-[.[<..++,-+]]+..][,-<+<>..-+-,  
 goal : joyeux -> JT^hr|
2019-07-17T14:10:58.273 , Gen : 11100 , BEST: 1450 , SECOND: 1450 
2019-07-17T14:11:06.547 , Gen : 11200 , BEST: 1452 , SECOND: 1452 
2019-07-17T14:11:14.235 , Gen : 11300 , BEST: 1454 , SECOND: 1452 
2019-07-17T14:11:22.653 , Gen : 11400 , BEST: 1456 , SECOND: 1456 
2019-07-17T14:11:30.773 , Gen : 11500 , BEST: 1456 , SECOND: 1456 
2019-07-17T14:11:38.726 , Gen : 11600 , BEST: 1456 , SECOND: 1456 
2019-07-17T14:11:46.687 , Gen : 11700 , BEST: 1456 , SECOND: 1456 
2019-07-17T14:11:55.136 , Gen : 11800 , BEST: 1456 , SECOND: 1456 
2019-07-17T14:12:03.455 , Gen : 11900 , BEST: 1456 , SECOND: 1456 
2019-07-17T14:12:12.55 , Gen : 12000 , BEST: 1459 , SECOND: 1459 
fitness : 1459 
  code : ++++++++++++++++++++++++++++++++++++++++[+++[++++++++++++++++++++++++[+++++-+++++++-+.--]<[<+[>+.,+]++]><<<]]<<>--<>[+>+[,][<,]<+>,[.],]-.-[-.-[]>.-+[],+-.->[],].].].[--,+,,.----..,>,[-------,,.,+++[>.>.++-++<++..>++.+,.[<,.+>[,,+  
 goal : joyeux -> NW`ir{
2019-07-17T14:12:20.596 , Gen : 12100 , BEST: 1461 , SECOND: 1461 
2019-07-17T14:12:28.937 , Gen : 12200 , BEST: 1465 , SECOND: 1465 
2019-07-17T14:12:36.653 , Gen : 12300 , BEST: 1470 , SECOND: 1470 
2019-07-17T14:12:45.253 , Gen : 12400 , BEST: 1470 , SECOND: 1470 
2019-07-17T14:12:53.747 , Gen : 12500 , BEST: 1470 , SECOND: 1470 
2019-07-17T14:13:03.316 , Gen : 12600 , BEST: 1472 , SECOND: 1470 
2019-07-17T14:13:11.778 , Gen : 12700 , BEST: 1474 , SECOND: 1474 
2019-07-17T14:13:20.332 , Gen : 12800 , BEST: 1474 , SECOND: 1474 
2019-07-17T14:13:29.994 , Gen : 12900 , BEST: 1475 , SECOND: 1474 
2019-07-17T14:13:39.474 , Gen : 13000 , BEST: 1475 , SECOND: 1475 
fitness : 1475 
  code : ++++++++++++++++++++++++++++++++++++++++++++++++[++++[++++++++++++++++++++++++[++++-++++++-+.--][<[<+><[][..+>+.[+[.]]-[,,],-]]+--<..>--]++->,<]-,+.]->-,>+]-...-,,.[-+[<>,]]]+-.,+]-<,+].>.[>.><>+.][<<+.,+,,,+,][>+]+.[->[]>++,+.+,+  
 goal : joyeux -> U\cjqx
2019-07-17T14:13:47.768 , Gen : 13100 , BEST: 1475 , SECOND: 1475 
2019-07-17T14:13:56.192 , Gen : 13200 , BEST: 1483 , SECOND: 1483 
2019-07-17T14:14:05.269 , Gen : 13300 , BEST: 1483 , SECOND: 1483 
2019-07-17T14:14:13.701 , Gen : 13400 , BEST: 1483 , SECOND: 1483 
2019-07-17T14:14:21.539 , Gen : 13500 , BEST: 1488 , SECOND: 1488 
2019-07-17T14:14:29.868 , Gen : 13600 , BEST: 1492 , SECOND: 1490 
2019-07-17T14:14:37.565 , Gen : 13700 , BEST: 1492 , SECOND: 1492 
2019-07-17T14:14:44.958 , Gen : 13800 , BEST: 1493 , SECOND: 1492 
2019-07-17T14:14:52.745 , Gen : 13900 , BEST: 1493 , SECOND: 1493 
2019-07-17T14:15:00.74 , Gen : 14000 , BEST: 1493 , SECOND: 1493 
fitness : 1493 
  code : +++[+++++++++++++++++++++++++++++++++++++++++++++++++++++++[++++[++++++++++++++++++++++++[+++-++++++-+.---]--]>+.]]++-,<.+->>,[,,]-.<]+,-.,.[+].]-.<<>,>+]>,<--<[,>+]>],]]]<][>]>.><-.<,[><>].[<<<<<->>[+++],],,<-+>[]>>,+<][]<+>]+,,,  
 goal : joyeux -> ^chmrw
2019-07-17T14:15:08.394 , Gen : 14100 , BEST: 1497 , SECOND: 1497 
2019-07-17T14:15:16.769 , Gen : 14200 , BEST: 1497 , SECOND: 1497 
2019-07-17T14:15:27.183 , Gen : 14300 , BEST: 1497 , SECOND: 1497 
2019-07-17T14:15:36.753 , Gen : 14400 , BEST: 1501 , SECOND: 1501 
2019-07-17T14:15:45.326 , Gen : 14500 , BEST: 1501 , SECOND: 1501 
2019-07-17T14:15:53.371 , Gen : 14600 , BEST: 1501 , SECOND: 1501 
2019-07-17T14:15:59.94 , Gen : 14700 , BEST: 1504 , SECOND: 1504 
2019-07-17T14:16:06.358 , Gen : 14800 , BEST: 1506 , SECOND: 1504 
2019-07-17T14:16:12.227 , Gen : 14900 , BEST: 1514 , SECOND: 1510 
2019-07-17T14:16:18.368 , Gen : 15000 , BEST: 1518 , SECOND: 1514 
fitness : 1518 
  code : >++[+++++++++++++++++++++++++[++++++++++++++++++++++++++++++++++[++++++++++++++++++++++++++++++[++++++++[+++-+++++..].]].-,-<,<.-.,+],-.[>.<]]>]]<].-.-.]]<][-.][]>>+>.>>->.,]><+>->.>.,,>++-+.<<.]>,->,,[<+[-+[<[+>--,++,>-.>>]]]+[>.  
 goal : joyeux -> jjqqxx
2019-07-17T14:16:26.51 , Gen : 15100 , BEST: 1518 , SECOND: 1518 
2019-07-17T14:16:35.492 , Gen : 15200 , BEST: 1518 , SECOND: 1518 
2019-07-17T14:16:44.072 , Gen : 15300 , BEST: 1518 , SECOND: 1518 
2019-07-17T14:16:52.519 , Gen : 15400 , BEST: 1518 , SECOND: 1518 
2019-07-17T14:17:00.713 , Gen : 15500 , BEST: 1518 , SECOND: 1518 
2019-07-17T14:17:09.352 , Gen : 15600 , BEST: 1518 , SECOND: 1518 
2019-07-17T14:17:18.44 , Gen : 15700 , BEST: 1518 , SECOND: 1518 
2019-07-17T14:17:27.548 , Gen : 15800 , BEST: 1518 , SECOND: 1518 
2019-07-17T14:17:36.484 , Gen : 15900 , BEST: 1518 , SECOND: 1518 
2019-07-17T14:17:44.863 , Gen : 16000 , BEST: 1518 , SECOND: 1518 
fitness : 1518 
  code : >++[+++++++++++++++++++++++++[++++++++++++++++++++++++++++++++++[++++++++++++++++++++++++++++++[++++++++[+++-+++++..].]].-,-<,<.-.,+],-.[>.<]]>]]<].-.-.]]<][-.][]>>+>.>>->.,]><+>->.>.,,>++-+.<<.]>,->,,[<+[-+[<[+>--,++,>-.>>]]]+[>.  
 goal : joyeux -> jjqqxx
2019-07-17T14:17:52.961 , Gen : 16100 , BEST: 1518 , SECOND: 1518 
2019-07-17T14:18:01.698 , Gen : 16200 , BEST: 1518 , SECOND: 1518 
2019-07-17T14:18:10.322 , Gen : 16300 , BEST: 1518 , SECOND: 1518 
2019-07-17T14:18:19.262 , Gen : 16400 , BEST: 1518 , SECOND: 1518 
2019-07-17T14:18:26.854 , Gen : 16500 , BEST: 1518 , SECOND: 1518 
2019-07-17T14:18:35.072 , Gen : 16600 , BEST: 1518 , SECOND: 1518 
2019-07-17T14:18:44.538 , Gen : 16700 , BEST: 1518 , SECOND: 1518 
2019-07-17T14:18:53.807 , Gen : 16800 , BEST: 1518 , SECOND: 1518 
2019-07-17T14:19:04.042 , Gen : 16900 , BEST: 1518 , SECOND: 1518 
2019-07-17T14:19:13.632 , Gen : 17000 , BEST: 1518 , SECOND: 1518 
fitness : 1518 
  code : >++[+++++++++++++++++++++++++[++++++++++++++++++++++++++++++++++[++++++++++++++++++++++++++++++[++++++++[+++-+++++..].]].-,-<,<.-.,+],-.[>.<]]>]]<].-.-.]]<][-.][]>>+>.>>->.,]><+>->.>.,,>++-+.<<.]>,->,,[<+[-+[<[+>--,++,>-.>>]]]+[>.  
 goal : joyeux -> jjqqxx
2019-07-17T14:19:23.102 , Gen : 17100 , BEST: 1518 , SECOND: 1518 
2019-07-17T14:19:32.668 , Gen : 17200 , BEST: 1518 , SECOND: 1518 
2019-07-17T14:19:40.8 , Gen : 17300 , BEST: 1518 , SECOND: 1518 
2019-07-17T14:19:48.801 , Gen : 17400 , BEST: 1518 , SECOND: 1518 
2019-07-17T14:19:56.38 , Gen : 17500 , BEST: 1518 , SECOND: 1518 
2019-07-17T14:20:04.983 , Gen : 17600 , BEST: 1518 , SECOND: 1518 
2019-07-17T14:20:14.229 , Gen : 17700 , BEST: 1518 , SECOND: 1518 
2019-07-17T14:20:23.02 , Gen : 17800 , BEST: 1518 , SECOND: 1518 
2019-07-17T14:20:30.984 , Gen : 17900 , BEST: 1518 , SECOND: 1518 
2019-07-17T14:20:39.406 , Gen : 18000 , BEST: 1518 , SECOND: 1518 
fitness : 1518 
  code : >++[+++++++++++++++++++++++++[++++++++++++++++++++++++++++++++++[++++++++++++++++++++++++++++++[++++++++[+++-+++++..].]].-,-<,<.-.,+],-.[>.<]]>]]<].-.-.]]<][-.][]>>+>.>>->.,]><+>->.>.,,>++-+.<<.]>,->,,[<+[-+[<[+>--,++,>-.>>]]]+[>.  
 goal : joyeux -> jjqqxx
2019-07-17T14:20:48.358 , Gen : 18100 , BEST: 1518 , SECOND: 1518 
2019-07-17T14:20:56.912 , Gen : 18200 , BEST: 1518 , SECOND: 1518 
2019-07-17T14:21:04.816 , Gen : 18300 , BEST: 1518 , SECOND: 1518 
2019-07-17T14:21:14.007 , Gen : 18400 , BEST: 1518 , SECOND: 1518 
2019-07-17T14:21:22.22 , Gen : 18500 , BEST: 1518 , SECOND: 1518 
2019-07-17T14:21:29.988 , Gen : 18600 , BEST: 1518 , SECOND: 1518 
2019-07-17T14:21:39.138 , Gen : 18700 , BEST: 1518 , SECOND: 1518 
2019-07-17T14:21:46.374 , Gen : 18800 , BEST: 1518 , SECOND: 1518 
2019-07-17T14:21:54.397 , Gen : 18900 , BEST: 1518 , SECOND: 1518 
2019-07-17T14:22:03.999 , Gen : 19000 , BEST: 1518 , SECOND: 1518 
fitness : 1518 
  code : >++[+++++++++++++++++++++++++[++++++++++++++++++++++++++++++++++[++++++++++++++++++++++++++++++[++++++++[+++-+++++..].]].-,-<,<.-.,+],-.[>.<]]>]]<].-.-.]]<][-.][]>>+>.>>->.,]><+>->.>.,,>++-+.<<.]>,->,,[<+[-+[<[+>--,++,>-.>>]]]+[>.  
 goal : joyeux -> jjqqxx
2019-07-17T14:22:12.686 , Gen : 19100 , BEST: 1518 , SECOND: 1518 
2019-07-17T14:22:21.434 , Gen : 19200 , BEST: 1518 , SECOND: 1518 
2019-07-17T14:22:28.613 , Gen : 19300 , BEST: 1518 , SECOND: 1518 
2019-07-17T14:22:38.35 , Gen : 19400 , BEST: 1518 , SECOND: 1518 
2019-07-17T14:22:46.594 , Gen : 19500 , BEST: 1518 , SECOND: 1518 
2019-07-17T14:22:53.485 , Gen : 19600 , BEST: 1518 , SECOND: 1518 
2019-07-17T14:23:01.42 , Gen : 19700 , BEST: 1518 , SECOND: 1518 
2019-07-17T14:23:09.238 , Gen : 19800 , BEST: 1518 , SECOND: 1518 
2019-07-17T14:23:16.796 , Gen : 19900 , BEST: 1518 , SECOND: 1518 
2019-07-17T14:23:24.482 , Gen : 20000 , BEST: 1518 , SECOND: 1518 
fitness : 1518 
  code : >++[+++++++++++++++++++++++++[++++++++++++++++++++++++++++++++++[++++++++++++++++++++++++++++++[++++++++[+++-+++++..].]].-,-<,<.-.,+],-.[>.<]]>]]<].-.-.]]<][-.][]>>+>.>>->.,]><+>->.>.,,>++-+.<<.]>,->,,[<+[-+[<[+>--,++,>-.>>]]]+[>.  
 goal : joyeux -> jjqqxx
2019-07-17T14:23:32.116 , Gen : 20100 , BEST: 1518 , SECOND: 1518 
2019-07-17T14:23:40.538 , Gen : 20200 , BEST: 1518 , SECOND: 1518 
2019-07-17T14:23:48.704 , Gen : 20300 , BEST: 1518 , SECOND: 1518 
2019-07-17T14:23:57.426 , Gen : 20400 , BEST: 1518 , SECOND: 1518 
2019-07-17T14:24:05.532 , Gen : 20500 , BEST: 1518 , SECOND: 1518 
2019-07-17T14:24:13.499 , Gen : 20600 , BEST: 1518 , SECOND: 1518 
2019-07-17T14:24:20.894 , Gen : 20700 , BEST: 1518 , SECOND: 1518 
2019-07-17T14:24:29.54 , Gen : 20800 , BEST: 1518 , SECOND: 1518 
2019-07-17T14:24:38.128 , Gen : 20900 , BEST: 1518 , SECOND: 1518 
2019-07-17T14:24:46.781 , Gen : 21000 , BEST: 1518 , SECOND: 1518 
fitness : 1518 
  code : >++[+++++++++++++++++++++++++[++++++++++++++++++++++++++++++++++[++++++++++++++++++++++++++++++[++++++++[+++-+++++..].]].-,-<,<.-.,+],-.[>.<]]>]]<].-.-.]]<][-.][]>>+>.>>->.,]><+>->.>.,,>++-+.<<.]>,->,,[<+[-+[<[+>--,++,>-.>>]]]+[>.  
 goal : joyeux -> jjqqxx
2019-07-17T14:24:56.153 , Gen : 21100 , BEST: 1518 , SECOND: 1518 
2019-07-17T14:25:04.995 , Gen : 21200 , BEST: 1518 , SECOND: 1518 
2019-07-17T14:25:12.726 , Gen : 21300 , BEST: 1518 , SECOND: 1518 
2019-07-17T14:25:21.404 , Gen : 21400 , BEST: 1518 , SECOND: 1518 
2019-07-17T14:25:29.859 , Gen : 21500 , BEST: 1518 , SECOND: 1518 
2019-07-17T14:25:38.642 , Gen : 21600 , BEST: 1518 , SECOND: 1518 
2019-07-17T14:25:46.702 , Gen : 21700 , BEST: 1518 , SECOND: 1518 
2019-07-17T14:25:55.172 , Gen : 21800 , BEST: 1518 , SECOND: 1518 
2019-07-17T14:26:03.237 , Gen : 21900 , BEST: 1518 , SECOND: 1518 
2019-07-17T14:26:11.182 , Gen : 22000 , BEST: 1518 , SECOND: 1518 
fitness : 1518 
  code : >++[+++++++++++++++++++++++++[++++++++++++++++++++++++++++++++++[++++++++++++++++++++++++++++++[++++++++[+++-+++++..].]].-,-<,<.-.,+],-.[>.<]]>]]<].-.-.]]<][-.][]>>+>.>>->.,]><+>->.>.,,>++-+.<<.]>,->,,[<+[-+[<[+>--,++,>-.>>]]]+[>.  
 goal : joyeux -> jjqqxx
2019-07-17T14:26:18.541 , Gen : 22100 , BEST: 1518 , SECOND: 1518 
2019-07-17T14:26:26.037 , Gen : 22200 , BEST: 1518 , SECOND: 1518 
2019-07-17T14:26:34.158 , Gen : 22300 , BEST: 1518 , SECOND: 1518 
2019-07-17T14:26:41.797 , Gen : 22400 , BEST: 1518 , SECOND: 1518 
2019-07-17T14:26:49.928 , Gen : 22500 , BEST: 1518 , SECOND: 1518 
2019-07-17T14:26:58.096 , Gen : 22600 , BEST: 1518 , SECOND: 1518 
2019-07-17T14:27:07.096 , Gen : 22700 , BEST: 1518 , SECOND: 1518 
2019-07-17T14:27:16.165 , Gen : 22800 , BEST: 1518 , SECOND: 1518 
2019-07-17T14:27:23.824 , Gen : 22900 , BEST: 1518 , SECOND: 1518 
2019-07-17T14:27:31.821 , Gen : 23000 , BEST: 1518 , SECOND: 1518 
fitness : 1518 
  code : >++[+++++++++++++++++++++++++[++++++++++++++++++++++++++++++++++[++++++++++++++++++++++++++++++[++++++++[+++-+++++..].]].-,-<,<.-.,+],-.[>.<]]>]]<].-.-.]]<][-.][]>>+>.>>->.,]><+>->.>.,,>++-+.<<.]>,->,,[<+[-+[<[+>--,++,>-.>>]]]+[>.  
 goal : joyeux -> jjqqxx
2019-07-17T14:27:39.896 , Gen : 23100 , BEST: 1518 , SECOND: 1518 
2019-07-17T14:27:49.007 , Gen : 23200 , BEST: 1518 , SECOND: 1518 
2019-07-17T14:27:58.066 , Gen : 23300 , BEST: 1518 , SECOND: 1518 
2019-07-17T14:28:06.653 , Gen : 23400 , BEST: 1518 , SECOND: 1518 
2019-07-17T14:28:16.152 , Gen : 23500 , BEST: 1518 , SECOND: 1518 
2019-07-17T14:28:24.437 , Gen : 23600 , BEST: 1518 , SECOND: 1518 
2019-07-17T14:28:33.806 , Gen : 23700 , BEST: 1518 , SECOND: 1518 
