targetFitness = 522 
params : Main.GeneticAlgorithms.Types.GAParams(136, 100000, 150, 150, 0.7, 0.01, true, IOStream(<file ../Results/logStringhi.log>), 8042.0, 522.0, 0, 1) 
2019-07-05T12:25:42.637 
Gen : 100 , BEST: , 315  , SECOND: 315 
2019-07-05T12:25:44.687 
Gen : 200 , BEST: , 316  , SECOND: 316 
2019-07-05T12:25:46.915 
Gen : 300 , BEST: , 316  , SECOND: 316 
2019-07-05T12:25:49.179 
Gen : 400 , BEST: , 329  , SECOND: 329 
2019-07-05T12:25:51.485 
Gen : 500 , BEST: , 513  , SECOND: 513 
fitness : 513 
  code : ----------$!*..**[!..>.>.]+..*-$$$$*.>->$*,$*!>!!*$-<,]-]>,,$,,[[,]<>>-,>[<*+!*$!$$<$<>+$<>+>*]*-<]-.<,]]$.]]$]-.>+,!*.$,![]!+[<<[-<.<+.[$<<-*[[!<$[<<  
 goal : hi -> dd
2019-07-05T12:25:54.168 
Gen : 600 , BEST: , 513  , SECOND: 513 
2019-07-05T12:25:57.039 
Gen : 700 , BEST: , 513  , SECOND: 513 
2019-07-05T12:25:59.243 
Gen : 800 , BEST: , 513  , SECOND: 513 
2019-07-05T12:26:01.405 
Gen : 900 , BEST: , 519  , SECOND: 519 
2019-07-05T12:26:03.754 
Gen : 1000 , BEST: , 519  , SECOND: 519 
fitness : 519 
  code : *-----$---***!-*[*..**>$..*$.>><>.<*-!$.->-$!.>-$<$]-!.>>]-.![[-[,][,,>,[![>!,]*[[>$>---->>$-<>--]*$.-.<>>+$+,.>>*<$$<*<$]$[<[*[<[*<-<-$<,[!<]*-][]!]$  
 goal : hi -> jj
2019-07-05T12:26:06.018 
Gen : 1100 , BEST: , 519  , SECOND: 519 
2019-07-05T12:26:08.223 
Gen : 1200 , BEST: , 520  , SECOND: 520 
2019-07-05T12:26:10.402 
Gen : 1300 , BEST: , 521  , SECOND: 521 
2019-07-05T12:26:12.578 
Gen : 1400 , BEST: , 521  , SECOND: 521 
2019-07-05T12:26:14.695 
Gen : 1500 , BEST: , 521  , SECOND: 521 
fitness : 521 
  code : >$---$-$!*-+*----,-*-$[*..>*>*.*>!$.!$*,,><+,>*+,->-<.>$$>]-.!>>+-]!!,.,[$>[$.!>[!]*[[[,$*[]**[!,,>!$$*]-$]-]-.,..$,]+>>>>,+,,<.>$],,[*>$]$.$<<<[.-![!  
 goal : hi -> ii
2019-07-05T12:26:16.789 
Gen : 1600 , BEST: , 521  , SECOND: 521 
2019-07-05T12:26:18.833 
Gen : 1700 , BEST: , 521  , SECOND: 521 
2019-07-05T12:26:20.844 
Gen : 1800 , BEST: , 521  , SECOND: 521 
2019-07-05T12:26:22.943 
Gen : 1900 , BEST: , 521  , SECOND: 521 
2019-07-05T12:26:24.979 
Gen : 2000 , BEST: , 521  , SECOND: 521 
fitness : 521 
  code : **----$--*-,-*--*.--*.]***,]<,*!!!>*!>-[]<.!-,]<...<$<..-+.[+[<!+,>!+>>>[++$->!>[*,+,>*.,[<>!>!.>!]<]>!+]<,]<+.]]$]*[,!.,.![.[.!+*<[<,[><,<>*].*<>.>>*  
 goal : hi -> hh
2019-07-05T12:26:27.032 
Gen : 2100 , BEST: , 521  , SECOND: 521 
fitness : 522 
  code : ,----$--*-,-*--*.+$.,-]<-$$]-,]--<--$*+<],$$....+.[+*<]..-[.<[<[<!.>[!++,<!!*.>!]*,!]--]+],![<.-]$>,>.-,++*,[**[[[,.$><<[<[*<,>>*,,<*[*,,[<*[<>*$<!.$$  
 goal : hi -> hi
 Generation : 2138 
fitness 522 
dna : [0.518365, 0.318835, 0.286799, 0.317115, 0.30193, 0.773996, 0.283371, 0.330064, 0.966255, 0.330064, 0.506554, 0.274046, 0.919162, 0.274046, 0.323089, 0.912202, 0.378748, 0.266857, 0.804976, 0.378748, 0.476379, 0.284904, 0.659311, 0.0571898, 0.301098, 0.810146, 0.751597, 0.653435, 0.307167, 0.476379, 0.653435, 0.307167, 0.307167, 0.0571898, 0.301098, 0.28644, 0.733983, 0.948599, 0.250405, 0.00210978, 0.687094, 0.457884, 0.807244, 0.797878, 0.415405, 0.415405, 0.434974, 0.434974, 0.195731, 0.434974, 0.561196, 0.195731, 0.935045, 0.0185962, 0.657952, 0.434974, 0.434974, 0.308985, 0.628012, 0.434974, 0.00681785, 0.605835, 0.0625282, 0.605835, 0.0625282, 0.871977, 0.404629, 0.0966189, 0.580592, 0.827527, 0.190376, 0.200473, 0.483272, 0.0351335, 0.871977, 0.871977, 0.943263, 0.432914, 0.106037, 0.871977, 0.656431, 0.980865, 0.484687, 0.871977, 0.683179, 0.356202, 0.344519, 0.683179, 0.203551, 0.722716, 0.503542, 0.829043, 0.63147, 0.0134067, 0.452745, 0.327801, 0.722716, 0.731936, 0.161671, 0.503542, 0.096557, 0.41396, 0.327801, 0.47202, 0.204816, 0.204816, 0.979569, 0.480823, 0.633915, 0.920464, 0.979569, 0.633915, 0.633915, 0.633455, 0.503542, 0.399143, 0.729779, 0.131522, 0.078978, 0.0255519, 0.600924, 0.078978, 0.600924, 0.968754, 0.078978, 0.485684, 0.0943614, 0.176367, 0.936852, 0.45926, 0.4832, 0.0255519, 0.936852, 0.600924, 0.936852, 0.45926, 0.4832, 0.558687, 0.0255519, 0.936852, 0.600924, 0.0255519, 0.106586, 0.987949, 0.773918, 0.0517523, 0.884597, 0.394639, 0.785578, 0.803485] 
