targetFitness = 1546 
params : Main.GeneticAlgorithms.Types.GAParams(136, 10000000, 200, 200, 0.7, 0.01, true, IOStream(<file ../Results/logStringJoyeux.log>), 19891.0, 1546.0, 0, 1) 
2019-07-17T00:44:42.011 , Gen : 100 , BEST: 929 , SECOND: 929 
2019-07-17T00:44:45.946 , Gen : 200 , BEST: 929 , SECOND: 929 
2019-07-17T00:44:51 , Gen : 300 , BEST: 935 , SECOND: 935 
2019-07-17T00:44:55.827 , Gen : 400 , BEST: 935 , SECOND: 935 
2019-07-17T00:45:01.468 , Gen : 500 , BEST: 935 , SECOND: 935 
2019-07-17T00:45:06.428 , Gen : 600 , BEST: 935 , SECOND: 935 
2019-07-17T00:45:11.2 , Gen : 700 , BEST: 956 , SECOND: 956 
2019-07-17T00:45:16.063 , Gen : 800 , BEST: 956 , SECOND: 956 
2019-07-17T00:45:20.647 , Gen : 900 , BEST: 956 , SECOND: 956 
2019-07-17T00:45:25.676 , Gen : 1000 , BEST: 956 , SECOND: 956 
fitness : 956 
  code : >+++>++++<[[<-,>+.+]<<]-,]-,<]-,]][>-.],+<..[+,-[]-[>]<+>>.+.-<]<]+-[[<]---++<]+,.++.+]+>.+[<<[<,-[,->+>]][[.+]].+-[,>.]]+-[,[>.,-+->]>+->]>..].[]->]<+<,+<+[.++]],]>-[[<[,-,.>[,,[.<.->>>,>],+>,>]-.>]+  
 goal : Joyeux -> 

2019-07-17T00:45:30.531 , Gen : 1100 , BEST: 980 , SECOND: 980 
2019-07-17T00:45:35.271 , Gen : 1200 , BEST: 980 , SECOND: 980 
2019-07-17T00:45:40.416 , Gen : 1300 , BEST: 986 , SECOND: 986 
2019-07-17T00:45:45.099 , Gen : 1400 , BEST: 992 , SECOND: 992 
2019-07-17T00:45:49.628 , Gen : 1500 , BEST: 992 , SECOND: 992 
2019-07-17T00:45:54.316 , Gen : 1600 , BEST: 1016 , SECOND: 1016 
2019-07-17T00:45:58.862 , Gen : 1700 , BEST: 1136 , SECOND: 1136 
2019-07-17T00:46:04.127 , Gen : 1800 , BEST: 1142 , SECOND: 1142 
2019-07-17T00:46:09.978 , Gen : 1900 , BEST: 1142 , SECOND: 1142 
2019-07-17T00:46:15.905 , Gen : 2000 , BEST: 1163 , SECOND: 1163 
fitness : 1163 
  code : ->+++++[[+++++++++++<+->.-++-<-,-->]][>-.]>[>[[<..+,-[]-[>]>>>.+.--<]+,[-<]----+]>]],+..+]]+[].>,.+[<-<+[><,--[,->+>]]>+-[,<>.>]]+-[,.+.->+>>>-<]<.]].[,->]]<.]],],[[]-[,]>>>>,,.[-..-.>>>>,>]]-->],>->[  
 goal : Joyeux -> &1<G
2019-07-17T00:46:21.783 , Gen : 2100 , BEST: 1178 , SECOND: 1178 
2019-07-17T00:46:27.533 , Gen : 2200 , BEST: 1199 , SECOND: 1199 
2019-07-17T00:46:33.755 , Gen : 2300 , BEST: 1214 , SECOND: 1214 
2019-07-17T00:46:39.364 , Gen : 2400 , BEST: 1265 , SECOND: 1265 
2019-07-17T00:46:45.238 , Gen : 2500 , BEST: 1354 , SECOND: 1353 
2019-07-17T00:46:51.675 , Gen : 2600 , BEST: 1359 , SECOND: 1359 
2019-07-17T00:46:57.791 , Gen : 2700 , BEST: 1369 , SECOND: 1367 
2019-07-17T00:47:03.981 , Gen : 2800 , BEST: 1371 , SECOND: 1371 
2019-07-17T00:47:10.751 , Gen : 2900 , BEST: 1371 , SECOND: 1371 
2019-07-17T00:47:16.946 , Gen : 3000 , BEST: 1380 , SECOND: 1380 
fitness : 1380 
  code : ++++++++++[[++[++[++++++++++++++++++++++.-++-]+--+>,->,]-]-[<>,<<-+]--<+.]+.]+.]+.>>+-++[,]<[-<<-+]-,,]<-.[,]--[,,]--+[>],.]-[,-[,,.+..>]]<+.[...[.[,,-]].]<-]][-.,[]],.>.<--.,]]-[+]->-->>[,>-<>-+>].>]  
 goal : Joyeux -> $:Pf|
2019-07-17T00:47:24.017 , Gen : 3100 , BEST: 1381 , SECOND: 1380 
2019-07-17T00:47:30.495 , Gen : 3200 , BEST: 1383 , SECOND: 1381 
2019-07-17T00:47:36.962 , Gen : 3300 , BEST: 1385 , SECOND: 1385 
2019-07-17T00:47:43.256 , Gen : 3400 , BEST: 1385 , SECOND: 1385 
2019-07-17T00:47:50.143 , Gen : 3500 , BEST: 1390 , SECOND: 1387 
2019-07-17T00:47:57.458 , Gen : 3600 , BEST: 1396 , SECOND: 1394 
2019-07-17T00:48:05.053 , Gen : 3700 , BEST: 1398 , SECOND: 1396 
2019-07-17T00:48:11.91 , Gen : 3800 , BEST: 1401 , SECOND: 1401 
2019-07-17T00:48:19.908 , Gen : 3900 , BEST: 1403 , SECOND: 1403 
2019-07-17T00:48:27.857 , Gen : 4000 , BEST: 1407 , SECOND: 1407 
fitness : 1407 
  code : >+++++++><++++++++++++[[+[[+++[+++++++++++++++++++++.--+-],>-<++>->--[+..->+<<]-<-[-<,][],-[->-<.[.<<[-,[+[,],]-.->..+[.,]]-][[..>[..[<,<]]-]-.-+--->]>.-<..[..,<>><>>>[,>[[-,+]],<,]<++>->>.+..>[-+..[.  
 goal : Joyeux -> ,?Rex
2019-07-17T00:48:35.203 , Gen : 4100 , BEST: 1407 , SECOND: 1407 
2019-07-17T00:48:42.686 , Gen : 4200 , BEST: 1412 , SECOND: 1407 
2019-07-17T00:48:49.757 , Gen : 4300 , BEST: 1414 , SECOND: 1412 
2019-07-17T00:48:57.118 , Gen : 4400 , BEST: 1416 , SECOND: 1416 
2019-07-17T00:49:04.244 , Gen : 4500 , BEST: 1416 , SECOND: 1416 
2019-07-17T00:49:11.902 , Gen : 4600 , BEST: 1416 , SECOND: 1416 
2019-07-17T00:49:18.845 , Gen : 4700 , BEST: 1419 , SECOND: 1419 
2019-07-17T00:49:25.925 , Gen : 4800 , BEST: 1423 , SECOND: 1423 
2019-07-17T00:49:32.427 , Gen : 4900 , BEST: 1423 , SECOND: 1423 
2019-07-17T00:49:38.742 , Gen : 5000 , BEST: 1425 , SECOND: 1425 
fitness : 1425 
  code : ++++++++++++++><++++++++++++[[+[[+++[++++++++++++++++++++.--+--],>-<++-]<]<-+]-+,-,][]]-,,,[,[+[[[.[+-+[]+]]]]<-[[,<-->]]]+-.,][.-[[[[[...,,--<[[>[]]<[]]<,-]>,-,-<,-<>-]],.<+[>]].]]+[]-[[]][-[[,-]<-+[  
 goal : Joyeux -> 2CTev
2019-07-17T00:49:45.261 , Gen : 5100 , BEST: 1426 , SECOND: 1426 
2019-07-17T00:49:52.209 , Gen : 5200 , BEST: 1434 , SECOND: 1434 
2019-07-17T00:49:58.635 , Gen : 5300 , BEST: 1434 , SECOND: 1434 
2019-07-17T00:50:05.363 , Gen : 5400 , BEST: 1434 , SECOND: 1434 
2019-07-17T00:50:11.605 , Gen : 5500 , BEST: 1434 , SECOND: 1434 
2019-07-17T00:50:18.472 , Gen : 5600 , BEST: 1434 , SECOND: 1434 
2019-07-17T00:50:26.044 , Gen : 5700 , BEST: 1434 , SECOND: 1434 
2019-07-17T00:50:33.263 , Gen : 5800 , BEST: 1434 , SECOND: 1434 
2019-07-17T00:50:40.335 , Gen : 5900 , BEST: 1434 , SECOND: 1434 
2019-07-17T00:50:46.976 , Gen : 6000 , BEST: 1434 , SECOND: 1434 
fitness : 1434 
  code : -+++++++++++++++++><++++++++++++++[[+[[+++[+++++++++++++++++++.--+--],]-+--,<-+>,][+-[-[-+>.--+[-[+>.]<]--.-+<]],]]+,<-],,+,-,]][>>+,[][]]][][[]-]<<+-[[[]][-[[[][..[<[[<[<>][.<<-[]<+>-<.---,<...]-..,>  
 goal : Joyeux -> 5EUeu
2019-07-17T00:50:54.508 , Gen : 6100 , BEST: 1434 , SECOND: 1434 
2019-07-17T00:51:01.413 , Gen : 6200 , BEST: 1434 , SECOND: 1434 
2019-07-17T00:51:08.217 , Gen : 6300 , BEST: 1434 , SECOND: 1434 
2019-07-17T00:51:15.675 , Gen : 6400 , BEST: 1434 , SECOND: 1434 
2019-07-17T00:51:23.013 , Gen : 6500 , BEST: 1434 , SECOND: 1434 
2019-07-17T00:51:30.357 , Gen : 6600 , BEST: 1434 , SECOND: 1434 
2019-07-17T00:51:36.722 , Gen : 6700 , BEST: 1434 , SECOND: 1434 
2019-07-17T00:51:43.875 , Gen : 6800 , BEST: 1434 , SECOND: 1434 
2019-07-17T00:51:50.518 , Gen : 6900 , BEST: 1434 , SECOND: 1434 
2019-07-17T00:51:57.679 , Gen : 7000 , BEST: 1434 , SECOND: 1434 
fitness : 1434 
  code : +>+++++++++++++><++++++++++++++[++[++[+++[+++++++++++++++++++.--+--],]-[-,<<-+,],<-[-[-+>.+[[+>.<><->].->].<->]+..,]-.,+.[++[+][<[-+<>-,>-++<>->-,-,.-[..,-,[,,>[]<<>.+[+><<>[><-<]+->]+->>,,<,.<-[[,,,>  
 goal : Joyeux -> 5EUeu
2019-07-17T00:52:04.718 , Gen : 7100 , BEST: 1434 , SECOND: 1434 
2019-07-17T00:52:12.036 , Gen : 7200 , BEST: 1434 , SECOND: 1434 
2019-07-17T00:52:19.162 , Gen : 7300 , BEST: 1434 , SECOND: 1434 
2019-07-17T00:52:25.401 , Gen : 7400 , BEST: 1443 , SECOND: 1443 
2019-07-17T00:52:32.416 , Gen : 7500 , BEST: 1443 , SECOND: 1443 
2019-07-17T00:52:39.639 , Gen : 7600 , BEST: 1443 , SECOND: 1443 
2019-07-17T00:52:45.839 , Gen : 7700 , BEST: 1443 , SECOND: 1443 
2019-07-17T00:52:52.532 , Gen : 7800 , BEST: 1443 , SECOND: 1443 
2019-07-17T00:52:58.694 , Gen : 7900 , BEST: 1443 , SECOND: 1443 
2019-07-17T00:53:05.933 , Gen : 8000 , BEST: 1443 , SECOND: 1443 
fitness : 1443 
  code : ++++[+++++++++++++[++[[+++++++++++[++[++[++[+++[++++++++++++++++++.--+--].]--[-.<.[-.<-.-<.--.<.[+[<>>+,[>.-<[,[,<-..]-.<>,,].+,<,..,-->-[+<..-]<>]<[]<-]>].<<<<<[[,[<-]>+>,<,...[,>+-]-+]+,]--+[-+,-+,>  
 goal : Joyeux -> 9HWfu
2019-07-17T00:53:12.833 , Gen : 8100 , BEST: 1443 , SECOND: 1443 
2019-07-17T00:53:19.698 , Gen : 8200 , BEST: 1443 , SECOND: 1443 
2019-07-17T00:53:26.173 , Gen : 8300 , BEST: 1443 , SECOND: 1443 
2019-07-17T00:53:33.086 , Gen : 8400 , BEST: 1444 , SECOND: 1443 
2019-07-17T00:53:40.054 , Gen : 8500 , BEST: 1444 , SECOND: 1444 
2019-07-17T00:53:46.538 , Gen : 8600 , BEST: 1444 , SECOND: 1444 
2019-07-17T00:53:53.522 , Gen : 8700 , BEST: 1444 , SECOND: 1444 
2019-07-17T00:54:00.301 , Gen : 8800 , BEST: 1450 , SECOND: 1450 
2019-07-17T00:54:07.276 , Gen : 8900 , BEST: 1452 , SECOND: 1452 
2019-07-17T00:54:13.492 , Gen : 9000 , BEST: 1455 , SECOND: 1455 
fitness : 1455 
  code : ,++++++++++++++++++++++++[[+++++++++++++++[+[+++++[+++++++++++++++++.---+--].]]-[,+--+<--]-<,+.-<[-+<[<<.-+,>.-<[.+.+..+.,<<,+++].],<<..,+-.[-+[[[]++[]++,..><.-->>]][++-][>+---->-,-]<<]------,,<>-.+.-  
 goal : Joyeux -> >KXer
2019-07-17T00:54:19.226 , Gen : 9100 , BEST: 1455 , SECOND: 1455 
2019-07-17T00:54:25.503 , Gen : 9200 , BEST: 1457 , SECOND: 1457 
2019-07-17T00:54:31.22 , Gen : 9300 , BEST: 1459 , SECOND: 1459 
2019-07-17T00:54:37.542 , Gen : 9400 , BEST: 1461 , SECOND: 1459 
2019-07-17T00:54:44.863 , Gen : 9500 , BEST: 1461 , SECOND: 1461 
2019-07-17T00:54:54.369 , Gen : 9600 , BEST: 1461 , SECOND: 1461 
2019-07-17T00:55:02.214 , Gen : 9700 , BEST: 1464 , SECOND: 1462 
2019-07-17T00:55:08.531 , Gen : 9800 , BEST: 1480 , SECOND: 1479 
2019-07-17T00:55:15.325 , Gen : 9900 , BEST: 1480 , SECOND: 1480 
2019-07-17T00:55:23.036 , Gen : 10000 , BEST: 1482 , SECOND: 1482 
fitness : 1482 
  code : >>+++++++++++[+++++++++++++++++++[[++++++++++++++[++++++[+++++++++[+++++++++++++++.-----]+.[<[.<<+,[.]-,,.],,,,,[<<+<[+++,+<,+]]+]+.+>.<..+->.+].-<.-]>>.------[.,[,,,>+>+.<<]><+]><+,<+,>,+,->.]+.<+,,,  
 goal : Joyeux -> JT^hr|
2019-07-17T00:55:29.367 , Gen : 10100 , BEST: 1482 , SECOND: 1482 
2019-07-17T00:55:36.35 , Gen : 10200 , BEST: 1482 , SECOND: 1482 
2019-07-17T00:55:43.215 , Gen : 10300 , BEST: 1483 , SECOND: 1482 
2019-07-17T00:55:50.19 , Gen : 10400 , BEST: 1483 , SECOND: 1483 
2019-07-17T00:55:58.09 , Gen : 10500 , BEST: 1483 , SECOND: 1483 
2019-07-17T00:56:05.505 , Gen : 10600 , BEST: 1483 , SECOND: 1483 
2019-07-17T00:56:12.567 , Gen : 10700 , BEST: 1483 , SECOND: 1483 
2019-07-17T00:56:19.537 , Gen : 10800 , BEST: 1483 , SECOND: 1483 
2019-07-17T00:56:26.333 , Gen : 10900 , BEST: 1483 , SECOND: 1483 
2019-07-17T00:56:32.758 , Gen : 11000 , BEST: 1483 , SECOND: 1483 
fitness : 1483 
  code : ++++++++[++[++[++++++++++++++++[++++++++++++++[+++++++++++++++++-+++++[+++++++++++++.----][<.-+[-.++,<<,<,<...[,<,<,<.[+[++[+[<++]]+[[<-+>>.+-,<,>..]-.--.[[>[<>+<]]><<]><<,.[[,><+><+-><[,<[-[>[++-[>>,  
 goal : Joyeux -> LU^gpy
2019-07-17T00:56:39.762 , Gen : 11100 , BEST: 1483 , SECOND: 1483 
2019-07-17T00:56:45.796 , Gen : 11200 , BEST: 1483 , SECOND: 1483 
2019-07-17T00:56:53.149 , Gen : 11300 , BEST: 1483 , SECOND: 1483 
2019-07-17T00:56:59.707 , Gen : 11400 , BEST: 1483 , SECOND: 1483 
2019-07-17T00:57:06.903 , Gen : 11500 , BEST: 1483 , SECOND: 1483 
2019-07-17T00:57:15.343 , Gen : 11600 , BEST: 1483 , SECOND: 1483 
2019-07-17T00:57:22.551 , Gen : 11700 , BEST: 1483 , SECOND: 1483 
2019-07-17T00:57:31.107 , Gen : 11800 , BEST: 1483 , SECOND: 1483 
2019-07-17T00:57:38.28 , Gen : 11900 , BEST: 1483 , SECOND: 1483 
2019-07-17T00:57:45.613 , Gen : 12000 , BEST: 1483 , SECOND: 1483 
fitness : 1483 
  code : ,>+++++++++++++++++++++++++[++++++++++++[++[+++++[++++++++++[+++++-+++++[+++++++++++++.----]++<<+<<<],+>+++++>,[<+-+]+>++[+,-+[[]<[+>-].<>+[+[,-]->.+-->[[+<][[[,,,,<.<>>[>[<][+]<]>[++-,][[]...+,-,<-.>  
 goal : Joyeux -> LU^gpy
2019-07-17T00:57:52.265 , Gen : 12100 , BEST: 1483 , SECOND: 1483 
2019-07-17T00:57:58.94 , Gen : 12200 , BEST: 1485 , SECOND: 1483 
2019-07-17T00:58:04.631 , Gen : 12300 , BEST: 1487 , SECOND: 1486 
2019-07-17T00:58:11.001 , Gen : 12400 , BEST: 1487 , SECOND: 1487 
2019-07-17T00:58:17.692 , Gen : 12500 , BEST: 1487 , SECOND: 1487 
2019-07-17T00:58:24.342 , Gen : 12600 , BEST: 1487 , SECOND: 1487 
2019-07-17T00:58:31.129 , Gen : 12700 , BEST: 1487 , SECOND: 1487 
2019-07-17T00:58:37.843 , Gen : 12800 , BEST: 1487 , SECOND: 1487 
2019-07-17T00:58:44.287 , Gen : 12900 , BEST: 1487 , SECOND: 1487 
2019-07-17T00:58:51.26 , Gen : 13000 , BEST: 1487 , SECOND: 1487 
fitness : 1487 
  code : +++++++++++++++++++++++++++[++++++++++++[++[++++[++++++++++[++++++++++++++++++++.+++++.----]]+,<<><+.[+[[<+<>><[][.+>+.+>>+]+][]>>]][[.-[..+,[<][<[[>]<.<+<],],<,>+]<],]++[+,.>[.<>>]]+.-+-+--][<.,+]],+  
 goal : Joyeux -> KP`euz
2019-07-17T00:58:58.553 , Gen : 13100 , BEST: 1487 , SECOND: 1487 
2019-07-17T00:59:05.752 , Gen : 13200 , BEST: 1488 , SECOND: 1488 
2019-07-17T00:59:12.193 , Gen : 13300 , BEST: 1488 , SECOND: 1488 
2019-07-17T00:59:18.722 , Gen : 13400 , BEST: 1488 , SECOND: 1488 
2019-07-17T00:59:26.112 , Gen : 13500 , BEST: 1488 , SECOND: 1488 
2019-07-17T00:59:33.39 , Gen : 13600 , BEST: 1488 , SECOND: 1488 
2019-07-17T00:59:40.466 , Gen : 13700 , BEST: 1488 , SECOND: 1488 
2019-07-17T00:59:46.888 , Gen : 13800 , BEST: 1488 , SECOND: 1488 
2019-07-17T00:59:52.878 , Gen : 13900 , BEST: 1488 , SECOND: 1488 
2019-07-17T00:59:59.395 , Gen : 14000 , BEST: 1488 , SECOND: 1488 
fitness : 1488 
  code : -++++++++++++++[++++++++-+++++++++++[++++++++++++[++[++++[+++++++++[+++++++++++++++++++.++++.---]+>].<]><]>],.<][,]]>,]],[.<.]<-.[].[>[[]]<[,[<,]],].],]<],.,.>,[]<,>.<<-+[><[],[[[<<->->[[-+-[-.<--,<[<  
 goal : Joyeux -> MQaeuy
2019-07-17T01:00:06.351 , Gen : 14100 , BEST: 1488 , SECOND: 1488 
2019-07-17T01:00:12.509 , Gen : 14200 , BEST: 1488 , SECOND: 1488 
2019-07-17T01:00:18.768 , Gen : 14300 , BEST: 1488 , SECOND: 1488 
2019-07-17T01:00:25.551 , Gen : 14400 , BEST: 1488 , SECOND: 1488 
2019-07-17T01:00:32.275 , Gen : 14500 , BEST: 1488 , SECOND: 1488 
2019-07-17T01:00:38.707 , Gen : 14600 , BEST: 1488 , SECOND: 1488 
2019-07-17T01:00:45.28 , Gen : 14700 , BEST: 1488 , SECOND: 1488 
2019-07-17T01:00:51.657 , Gen : 14800 , BEST: 1488 , SECOND: 1488 
2019-07-17T01:00:58.616 , Gen : 14900 , BEST: 1488 , SECOND: 1488 
2019-07-17T01:01:05.383 , Gen : 15000 , BEST: 1488 , SECOND: 1488 
fitness : 1488 
  code : ++++++++++++++++++++++++++++++++++[+++++++++++[+++++++++++++++[++++++++++++++++++.++++.---]>]->]->]],[]][]-....]-,<<]<]-]]<.]]+>,.,.]]+,.]>>-.[.,+,+,+.<,,<<,]+<]+<,,<<[>,<<<[>,<->[>+--[+.<]..>]->.<<]-  
 goal : Joyeux -> NRaetx
2019-07-17T01:01:12.096 , Gen : 15100 , BEST: 1488 , SECOND: 1488 
2019-07-17T01:01:18.247 , Gen : 15200 , BEST: 1488 , SECOND: 1488 
2019-07-17T01:01:24.281 , Gen : 15300 , BEST: 1488 , SECOND: 1488 
2019-07-17T01:01:32.025 , Gen : 15400 , BEST: 1488 , SECOND: 1488 
2019-07-17T01:01:40.056 , Gen : 15500 , BEST: 1488 , SECOND: 1488 
2019-07-17T01:01:48.411 , Gen : 15600 , BEST: 1488 , SECOND: 1488 
2019-07-17T01:01:58.538 , Gen : 15700 , BEST: 1488 , SECOND: 1488 
2019-07-17T01:02:08.227 , Gen : 15800 , BEST: 1488 , SECOND: 1488 
2019-07-17T01:02:16.828 , Gen : 15900 , BEST: 1488 , SECOND: 1488 
2019-07-17T01:02:25.239 , Gen : 16000 , BEST: 1488 , SECOND: 1488 
fitness : 1488 
  code : +,,[]+++[++++-++++++++[+++++++++-++++++++++++++++++++[+++++++++++++++++[++++++++++++++++++.++++.--][]>---[]+,<]..>++>.].],]+].+,++>+>,.>].,[[+.>[<-.<[>-,>+-.,<[>->.>[-],+,.-.]]..>>>].[.[[--.>>].[.,.>+  
 goal : Joyeux -> MQaeuy
2019-07-17T01:02:33.998 , Gen : 16100 , BEST: 1488 , SECOND: 1488 
2019-07-17T01:02:41.464 , Gen : 16200 , BEST: 1488 , SECOND: 1488 
2019-07-17T01:02:49.095 , Gen : 16300 , BEST: 1488 , SECOND: 1488 
2019-07-17T01:02:56.297 , Gen : 16400 , BEST: 1488 , SECOND: 1488 
2019-07-17T01:03:04.578 , Gen : 16500 , BEST: 1488 , SECOND: 1488 
2019-07-17T01:03:11.708 , Gen : 16600 , BEST: 1488 , SECOND: 1488 
2019-07-17T01:03:18.604 , Gen : 16700 , BEST: 1488 , SECOND: 1488 
2019-07-17T01:03:25.344 , Gen : 16800 , BEST: 1488 , SECOND: 1488 
2019-07-17T01:03:31.962 , Gen : 16900 , BEST: 1488 , SECOND: 1488 
2019-07-17T01:03:38.116 , Gen : 17000 , BEST: 1488 , SECOND: 1488 
fitness : 1488 
  code : ++++[+++++++><+++-++++++++++++++++++++++[++++++++++++++++++++++++[++++++++++++++++++.++++.--]]->++<.,+,>,[...,-.,.,-+]+,,]+,,>+>,--++.-->>.>-++[,,<<--+-.[+]+<.]>,]-.>-<->-..+.<>+->++,]]++><]<]..]+++<]  
 goal : Joyeux -> MQaeuy
2019-07-17T01:03:44.527 , Gen : 17100 , BEST: 1488 , SECOND: 1488 
2019-07-17T01:03:51.361 , Gen : 17200 , BEST: 1488 , SECOND: 1488 
2019-07-17T01:03:57.727 , Gen : 17300 , BEST: 1488 , SECOND: 1488 
2019-07-17T01:04:04.661 , Gen : 17400 , BEST: 1488 , SECOND: 1488 
2019-07-17T01:04:12.633 , Gen : 17500 , BEST: 1488 , SECOND: 1488 
2019-07-17T01:04:21.051 , Gen : 17600 , BEST: 1488 , SECOND: 1488 
2019-07-17T01:04:29.177 , Gen : 17700 , BEST: 1488 , SECOND: 1488 
2019-07-17T01:04:37.372 , Gen : 17800 , BEST: 1488 , SECOND: 1488 
2019-07-17T01:04:43.611 , Gen : 17900 , BEST: 1488 , SECOND: 1488 
2019-07-17T01:04:49.947 , Gen : 18000 , BEST: 1488 , SECOND: 1488 
fitness : 1488 
  code : ++[++++++++><++++++++++++++++++++++++++++++++++++++++++++++++++[++++++++++++++++++.++++.---].]+.[-][,<]<,],,.,<]].+..]][<]-+]..,<-.,<<><<><[><[>[[-[,<..>.><.-.[..>[.,[,>+>]+<,]>>]<<->+]++<+-]<+,>-+,<[  
 goal : Joyeux -> NRaetx
2019-07-17T01:04:56.385 , Gen : 18100 , BEST: 1488 , SECOND: 1488 
2019-07-17T01:05:02.468 , Gen : 18200 , BEST: 1488 , SECOND: 1488 
2019-07-17T01:05:08.251 , Gen : 18300 , BEST: 1488 , SECOND: 1488 
2019-07-17T01:05:14.47 , Gen : 18400 , BEST: 1488 , SECOND: 1488 
2019-07-17T01:05:20.499 , Gen : 18500 , BEST: 1488 , SECOND: 1488 
2019-07-17T01:05:26.548 , Gen : 18600 , BEST: 1488 , SECOND: 1488 
2019-07-17T01:05:32.827 , Gen : 18700 , BEST: 1488 , SECOND: 1488 
2019-07-17T01:05:39.19 , Gen : 18800 , BEST: 1488 , SECOND: 1488 
2019-07-17T01:05:46.457 , Gen : 18900 , BEST: 1488 , SECOND: 1488 
2019-07-17T01:05:54.062 , Gen : 19000 , BEST: 1488 , SECOND: 1488 
fitness : 1488 
  code : +>>>++[+[++++++><+++++++++++++++++++++++++++++++++++++++++++++++[++[+++++++++++++++++++.++++.---].].],]][.-]+,]]+,],.,..<<><[]+[],],+><[<[>-+><[>-.>.>>>>]],+>]]->.]],],,>,.],],>>,,,<>],,<>+]-,],,<>[[-  
 goal : Joyeux -> MQaeuy
2019-07-17T01:06:02.83 , Gen : 19100 , BEST: 1488 , SECOND: 1488 
2019-07-17T01:06:11.108 , Gen : 19200 , BEST: 1488 , SECOND: 1488 
2019-07-17T01:06:19.567 , Gen : 19300 , BEST: 1488 , SECOND: 1488 
2019-07-17T01:06:27.284 , Gen : 19400 , BEST: 1488 , SECOND: 1488 
2019-07-17T01:06:34.886 , Gen : 19500 , BEST: 1488 , SECOND: 1488 
2019-07-17T01:06:42.114 , Gen : 19600 , BEST: 1488 , SECOND: 1488 
2019-07-17T01:06:49.646 , Gen : 19700 , BEST: 1488 , SECOND: 1488 
2019-07-17T01:06:56.378 , Gen : 19800 , BEST: 1488 , SECOND: 1488 
2019-07-17T01:07:02.836 , Gen : 19900 , BEST: 1488 , SECOND: 1488 
2019-07-17T01:07:09.221 , Gen : 20000 , BEST: 1488 , SECOND: 1488 
fitness : 1488 
  code : +++++++++[++++++-+++[+++++++++++++++++++-++++++++++++++++++++++[++[+[++++++++++++++++++++.++-+.---],<],>..<-.]<>>.<.<>>>.-[+++->]>+><<+[-]->]-><]-><]]-]->>.>,.,>,>]-]]]]]].]>+<]>]]]<<<<-[]+.<]>.+]]+,<  
 goal : Joyeux -> PRcevx
2019-07-17T01:07:15.963 , Gen : 20100 , BEST: 1488 , SECOND: 1488 
2019-07-17T01:07:22.899 , Gen : 20200 , BEST: 1488 , SECOND: 1488 
2019-07-17T01:07:29.581 , Gen : 20300 , BEST: 1488 , SECOND: 1488 
2019-07-17T01:07:36.269 , Gen : 20400 , BEST: 1488 , SECOND: 1488 
2019-07-17T01:07:43.247 , Gen : 20500 , BEST: 1488 , SECOND: 1488 
2019-07-17T01:07:50.026 , Gen : 20600 , BEST: 1488 , SECOND: 1488 
2019-07-17T01:07:56.452 , Gen : 20700 , BEST: 1488 , SECOND: 1488 
2019-07-17T01:08:02.917 , Gen : 20800 , BEST: 1488 , SECOND: 1488 
2019-07-17T01:08:09.635 , Gen : 20900 , BEST: 1488 , SECOND: 1488 
2019-07-17T01:08:16.793 , Gen : 21000 , BEST: 1488 , SECOND: 1488 
fitness : 1488 
  code : +++++++[++++++++++++++++++++++++++++++++++++++++++++++[+[+++[+++++[++++++++++++++++.++++.++---][>-.>-.<..<>[]>[>.[>[.><.>]]--[]<<][]<<][>-<][<]->-,<<][]]--]----,,[>>.]]>.]-]>->-,>]>]].<.]>-]..-<[[+++-  
 goal : Joyeux -> NRaetx
2019-07-17T01:08:24.375 , Gen : 21100 , BEST: 1488 , SECOND: 1488 
2019-07-17T01:08:31.18 , Gen : 21200 , BEST: 1488 , SECOND: 1488 
2019-07-17T01:08:38.352 , Gen : 21300 , BEST: 1488 , SECOND: 1488 
2019-07-17T01:08:45.448 , Gen : 21400 , BEST: 1488 , SECOND: 1488 
2019-07-17T01:08:51.871 , Gen : 21500 , BEST: 1488 , SECOND: 1488 
2019-07-17T01:08:59.278 , Gen : 21600 , BEST: 1488 , SECOND: 1488 
2019-07-17T01:09:07.01 , Gen : 21700 , BEST: 1488 , SECOND: 1488 
2019-07-17T01:09:14.367 , Gen : 21800 , BEST: 1488 , SECOND: 1488 
2019-07-17T01:09:21.367 , Gen : 21900 , BEST: 1488 , SECOND: 1488 
2019-07-17T01:09:28.822 , Gen : 22000 , BEST: 1488 , SECOND: 1488 
fitness : 1488 
  code : +++++++++++++++++++[+++[++++++++++++++++++++++++++++[+[++[++++[+++++[++++++++++++++++.++++.++---]]><[.[-][]<<]+.[.>+,-<<>]]<-+,-<<><]<,.<[.],,,-<[]-<>.]><->-<>.-<,[-<+[>..<]-<]<-<[[>+>+++[].--+++<-+>>  
 goal : Joyeux -> NRaetx
2019-07-17T01:09:36.153 , Gen : 22100 , BEST: 1488 , SECOND: 1488 
2019-07-17T01:09:43.545 , Gen : 22200 , BEST: 1488 , SECOND: 1488 
2019-07-17T01:09:50.298 , Gen : 22300 , BEST: 1488 , SECOND: 1488 
2019-07-17T01:09:57.309 , Gen : 22400 , BEST: 1488 , SECOND: 1488 
2019-07-17T01:10:05.626 , Gen : 22500 , BEST: 1488 , SECOND: 1488 
2019-07-17T01:10:12.446 , Gen : 22600 , BEST: 1488 , SECOND: 1488 
2019-07-17T01:10:19.567 , Gen : 22700 , BEST: 1488 , SECOND: 1488 
2019-07-17T01:10:26.727 , Gen : 22800 , BEST: 1488 , SECOND: 1488 
2019-07-17T01:10:33.538 , Gen : 22900 , BEST: 1488 , SECOND: 1488 
2019-07-17T01:10:40.017 , Gen : 23000 , BEST: 1488 , SECOND: 1488 
fitness : 1488 
  code : +>++++++++++++++[++++++++++++++++++++++++++++++++[+++[+++++++[+++++[++++++++++++++++.++++.++--]><-,+,]<--+<<-[<-[[]>[[<<<->,-,-[+...[,.>-.+.]--<,.><.[<+.<-.[[<[>][.[[.[>.[.<]--<..[+>><[>><..+-+.[<+<.<  
 goal : Joyeux -> MQaeuy
2019-07-17T01:10:46.4 , Gen : 23100 , BEST: 1488 , SECOND: 1488 
2019-07-17T01:10:53.348 , Gen : 23200 , BEST: 1488 , SECOND: 1488 
2019-07-17T01:11:00.22 , Gen : 23300 , BEST: 1488 , SECOND: 1488 
2019-07-17T01:11:06.93 , Gen : 23400 , BEST: 1488 , SECOND: 1488 
2019-07-17T01:11:13.425 , Gen : 23500 , BEST: 1488 , SECOND: 1488 
2019-07-17T01:11:20.407 , Gen : 23600 , BEST: 1488 , SECOND: 1488 
2019-07-17T01:11:27.107 , Gen : 23700 , BEST: 1488 , SECOND: 1488 
2019-07-17T01:11:33.294 , Gen : 23800 , BEST: 1488 , SECOND: 1488 
2019-07-17T01:11:39.802 , Gen : 23900 , BEST: 1488 , SECOND: 1488 
2019-07-17T01:11:45.739 , Gen : 24000 , BEST: 1488 , SECOND: 1488 
fitness : 1488 
  code : ,>+-+++++++++-+++++[+++++++++++++++++++++++++++++++[++[[+++[++++++++++++[++++++++++++++++.++++.++--]><-,-,,,]--+]+++,.[],.[[..[]<,.,.[,+<+]<.],<-<.><>[,[..<[>>>[[>[]>-+<<.[>+>><.<[[]..[-[>,>+-,<><<,][  
 goal : Joyeux -> MQaeuy
2019-07-17T01:11:52.756 , Gen : 24100 , BEST: 1488 , SECOND: 1488 
2019-07-17T01:11:59.055 , Gen : 24200 , BEST: 1488 , SECOND: 1488 
2019-07-17T01:12:05.658 , Gen : 24300 , BEST: 1488 , SECOND: 1488 
2019-07-17T01:12:11.973 , Gen : 24400 , BEST: 1488 , SECOND: 1488 
2019-07-17T01:12:18.538 , Gen : 24500 , BEST: 1488 , SECOND: 1488 
2019-07-17T01:12:25.286 , Gen : 24600 , BEST: 1488 , SECOND: 1488 
2019-07-17T01:12:31.795 , Gen : 24700 , BEST: 1488 , SECOND: 1488 
2019-07-17T01:12:38.151 , Gen : 24800 , BEST: 1488 , SECOND: 1488 
2019-07-17T01:12:44.782 , Gen : 24900 , BEST: 1488 , SECOND: 1488 
2019-07-17T01:12:52.315 , Gen : 25000 , BEST: 1488 , SECOND: 1488 
fitness : 1488 
  code : ++++-++++[++++++++++++++++++++++++++++++++++[+[[+++[+++++[+++++++++++[++++++++++++++++.++++.++--]><-,.<][,,-[.>-++<+,,<]><+<]][.[-[,<.><].,<<-<[.],<+.]->-[>.>-,[-<>-[>.>->->->-[>.>->+..-[][>><..+..[[-  
 goal : Joyeux -> MQaeuy
2019-07-17T01:12:59.72 , Gen : 25100 , BEST: 1488 , SECOND: 1488 
2019-07-17T01:13:06.116 , Gen : 25200 , BEST: 1488 , SECOND: 1488 
2019-07-17T01:13:12.073 , Gen : 25300 , BEST: 1488 , SECOND: 1488 
2019-07-17T01:13:18.483 , Gen : 25400 , BEST: 1488 , SECOND: 1488 
2019-07-17T01:13:24.997 , Gen : 25500 , BEST: 1488 , SECOND: 1488 
2019-07-17T01:13:31.622 , Gen : 25600 , BEST: 1488 , SECOND: 1488 
2019-07-17T01:13:37.967 , Gen : 25700 , BEST: 1488 , SECOND: 1488 
2019-07-17T01:13:45.555 , Gen : 25800 , BEST: 1488 , SECOND: 1488 
2019-07-17T01:13:53.131 , Gen : 25900 , BEST: 1488 , SECOND: 1488 
2019-07-17T01:14:00.009 , Gen : 26000 , BEST: 1488 , SECOND: 1488 
fitness : 1488 
  code : [.]+++++++++++++++++++++++++++++++++++++++++[+[[+++[+++++[+++++++++++[++++++++++++++++.++++.++--],+<[+[,<]][<-<<.,>>>.],<>-.>.-<]>.-<]]>[]>[,>.]+].-.>[,+<>[,-]>->]].+]>-<>]]<[..]+.+..+..[.----.<+<,[-+  
 goal : Joyeux -> MQaeuy
2019-07-17T01:14:06.04 , Gen : 26100 , BEST: 1488 , SECOND: 1488 
2019-07-17T01:14:12.171 , Gen : 26200 , BEST: 1488 , SECOND: 1488 
2019-07-17T01:14:18.506 , Gen : 26300 , BEST: 1488 , SECOND: 1488 
2019-07-17T01:14:24.864 , Gen : 26400 , BEST: 1488 , SECOND: 1488 
2019-07-17T01:14:31.058 , Gen : 26500 , BEST: 1488 , SECOND: 1488 
2019-07-17T01:14:38.078 , Gen : 26600 , BEST: 1488 , SECOND: 1488 
2019-07-17T01:14:46.047 , Gen : 26700 , BEST: 1488 , SECOND: 1488 
2019-07-17T01:14:52.79 , Gen : 26800 , BEST: 1488 , SECOND: 1488 
2019-07-17T01:14:59.664 , Gen : 26900 , BEST: 1488 , SECOND: 1488 
2019-07-17T01:15:06.874 , Gen : 27000 , BEST: 1488 , SECOND: 1488 
fitness : 1488 
  code : +[+++++++++++++++++++++++[++++++[++++[+++++++[+[[+++[+++++[+++++++++++[++++++++++++++++.++++.++--]<-]<>]>.],<]<,][<[.,<>]-+<-><,><.<].-<,.<[.<+]>][][]>[]<.+.+].[+.<-+,[-.+,.+<.[++<,.+.++-]>-.,.-,.]+.+  
 goal : Joyeux -> MQaeuy
2019-07-17T01:15:14.044 , Gen : 27100 , BEST: 1488 , SECOND: 1488 
2019-07-17T01:15:21.146 , Gen : 27200 , BEST: 1488 , SECOND: 1488 
2019-07-17T01:15:27.867 , Gen : 27300 , BEST: 1488 , SECOND: 1488 
2019-07-17T01:15:34.567 , Gen : 27400 , BEST: 1488 , SECOND: 1488 
2019-07-17T01:15:42.4 , Gen : 27500 , BEST: 1488 , SECOND: 1488 
2019-07-17T01:15:49.744 , Gen : 27600 , BEST: 1488 , SECOND: 1488 
2019-07-17T01:15:56.541 , Gen : 27700 , BEST: 1488 , SECOND: 1488 
2019-07-17T01:16:04.324 , Gen : 27800 , BEST: 1488 , SECOND: 1488 
2019-07-17T01:16:11.374 , Gen : 27900 , BEST: 1489 , SECOND: 1488 
2019-07-17T01:16:18.419 , Gen : 28000 , BEST: 1489 , SECOND: 1489 
fitness : 1489 
  code : +++++++++++++++++++++++[++++++[++++[+++++++[+[+[[+++[++++++[++[++++++[+++[+++++[+++++-++++++++++.+++.++-]-->]],<]]>]]]<.-<><.[<[.<<-+]<<+>]+>+<[+<+.-]<..+]>[],,>[<],<-<<[-<+<,>]]+][-[]<-]--],>.]+]>.--  
 goal : Joyeux -> QTcfux
2019-07-17T01:16:26.05 , Gen : 28100 , BEST: 1489 , SECOND: 1489 
2019-07-17T01:16:34.023 , Gen : 28200 , BEST: 1489 , SECOND: 1489 
2019-07-17T01:16:42.065 , Gen : 28300 , BEST: 1489 , SECOND: 1489 
2019-07-17T01:16:49.702 , Gen : 28400 , BEST: 1489 , SECOND: 1489 
2019-07-17T01:16:56.995 , Gen : 28500 , BEST: 1489 , SECOND: 1489 
2019-07-17T01:17:04.209 , Gen : 28600 , BEST: 1489 , SECOND: 1489 
2019-07-17T01:17:10.933 , Gen : 28700 , BEST: 1489 , SECOND: 1489 
2019-07-17T01:17:18.113 , Gen : 28800 , BEST: 1489 , SECOND: 1489 
2019-07-17T01:17:24.975 , Gen : 28900 , BEST: 1489 , SECOND: 1489 
2019-07-17T01:17:31.795 , Gen : 29000 , BEST: 1489 , SECOND: 1489 
fitness : 1489 
  code : ++++++++++++++-++-++++++++[++++++[++++[+++-+[+++[+[+[++++[++++++++++[+++++[-+++++++++[+++++-++++++++++.+++.++-]-.>-->>],<]]-.[.].,.>[>-<>>>>-]...]...[.....<..+[><,[[+>.<,+,.]-],,+,,><.[].-.--<+>+.,][,  
 goal : Joyeux -> QTcfux
2019-07-17T01:17:38.055 , Gen : 29100 , BEST: 1489 , SECOND: 1489 
2019-07-17T01:17:45.266 , Gen : 29200 , BEST: 1489 , SECOND: 1489 
2019-07-17T01:17:52.659 , Gen : 29300 , BEST: 1489 , SECOND: 1489 
2019-07-17T01:17:59.842 , Gen : 29400 , BEST: 1489 , SECOND: 1489 
2019-07-17T01:18:06.712 , Gen : 29500 , BEST: 1489 , SECOND: 1489 
2019-07-17T01:18:15.392 , Gen : 29600 , BEST: 1489 , SECOND: 1489 
2019-07-17T01:18:21.879 , Gen : 29700 , BEST: 1489 , SECOND: 1489 
2019-07-17T01:18:28.644 , Gen : 29800 , BEST: 1489 , SECOND: 1489 
2019-07-17T01:18:35.189 , Gen : 29900 , BEST: 1489 , SECOND: 1489 
2019-07-17T01:18:43.123 , Gen : 30000 , BEST: 1489 , SECOND: 1489 
fitness : 1489 
  code : >+++++++++++++++[++++++[++++[++++++[++++[+++-+[+++[[+[++++[++++++++++++++++[-+++++++++[+++++-+++++++++.+++.++-].>,<]]-]<.+++-.>.-+]].>][]+.[+>+.+>[,,,[>[<[>-,<>[]><<+++--<+--++[+[+><-,+.<-][+,][,><<.]  
 goal : Joyeux -> SVdgux
2019-07-17T01:18:50.773 , Gen : 30100 , BEST: 1489 , SECOND: 1489 
2019-07-17T01:18:58.738 , Gen : 30200 , BEST: 1489 , SECOND: 1489 
2019-07-17T01:19:06.191 , Gen : 30300 , BEST: 1489 , SECOND: 1489 
2019-07-17T01:19:13.499 , Gen : 30400 , BEST: 1489 , SECOND: 1489 
2019-07-17T01:19:21.039 , Gen : 30500 , BEST: 1489 , SECOND: 1489 
2019-07-17T01:19:27.831 , Gen : 30600 , BEST: 1489 , SECOND: 1489 
2019-07-17T01:19:37.172 , Gen : 30700 , BEST: 1489 , SECOND: 1489 
2019-07-17T01:19:46.389 , Gen : 30800 , BEST: 1489 , SECOND: 1489 
2019-07-17T01:19:53.78 , Gen : 30900 , BEST: 1489 , SECOND: 1489 
2019-07-17T01:20:01.401 , Gen : 31000 , BEST: 1489 , SECOND: 1489 
fitness : 1489 
  code : +++-++[++++++++++++++++-[+[++++++++++[+++++[+++[++++++[++++++++[+++-+[++[[+-++++++++[+++++++-++++++++.+++.+++-]]+[]+--.>>.>-+->.--.-.++]-..+<[>.-+]]]+].><>[[]>,.]-><]--]+[>]>.<.<+,>-,,,.,,.<-+[<.><[,-  
 goal : Joyeux -> ORbeux
2019-07-17T01:20:08.284 , Gen : 31100 , BEST: 1489 , SECOND: 1489 
2019-07-17T01:20:16.212 , Gen : 31200 , BEST: 1489 , SECOND: 1489 
2019-07-17T01:20:24.128 , Gen : 31300 , BEST: 1489 , SECOND: 1489 
2019-07-17T01:20:32.001 , Gen : 31400 , BEST: 1489 , SECOND: 1489 
2019-07-17T01:20:40.95 , Gen : 31500 , BEST: 1489 , SECOND: 1489 
2019-07-17T01:20:50.281 , Gen : 31600 , BEST: 1489 , SECOND: 1489 
2019-07-17T01:20:58.468 , Gen : 31700 , BEST: 1489 , SECOND: 1489 
2019-07-17T01:21:05.876 , Gen : 31800 , BEST: 1489 , SECOND: 1489 
2019-07-17T01:21:14.018 , Gen : 31900 , BEST: 1489 , SECOND: 1489 
2019-07-17T01:21:20.735 , Gen : 32000 , BEST: 1489 , SECOND: 1489 
fitness : 1489 
  code : +++[+++++++++[++++++++++[+++++++++++[++++[[++++++[+++++[++++++++[+++-+[[-+++++[++++++++++++++++.+++.+-]]+[>-]].<<.-<+>.]---.-<.,>+,>+<-,---.->.],]>+,,+],,<,,,,--.,>][,>-+,[[+,[[-]]]]-.>,.,+>+]>,,,]+.+  
 goal : Joyeux -> ORbeux
2019-07-17T01:21:27.908 , Gen : 32100 , BEST: 1489 , SECOND: 1489 
2019-07-17T01:21:35.15 , Gen : 32200 , BEST: 1489 , SECOND: 1489 
2019-07-17T01:21:42.07 , Gen : 32300 , BEST: 1489 , SECOND: 1489 
2019-07-17T01:21:49.636 , Gen : 32400 , BEST: 1489 , SECOND: 1489 
2019-07-17T01:21:57.776 , Gen : 32500 , BEST: 1489 , SECOND: 1489 
2019-07-17T01:22:06.305 , Gen : 32600 , BEST: 1489 , SECOND: 1489 
2019-07-17T01:22:14.232 , Gen : 32700 , BEST: 1489 , SECOND: 1489 
2019-07-17T01:22:22.218 , Gen : 32800 , BEST: 1489 , SECOND: 1489 
2019-07-17T01:22:29.694 , Gen : 32900 , BEST: 1489 , SECOND: 1489 
2019-07-17T01:22:37.48 , Gen : 33000 , BEST: 1489 , SECOND: 1489 
fitness : 1489 
  code : ++[++++++++++++[[+[+++++++[+++++++++++[+++++[+++[++++[++[+++++++--++-+[+[[+++++++++[+++++++++++++++.+++.++-]]+..]++.[].-[.-,.<[-<----,,-,>.,,>--],--,>-].--.>,.+,++<>>>+]>>+>+>+<[[]-..+><.,+[.<+[,-[.>[  
 goal : Joyeux -> ORbeux
2019-07-17T01:22:45.414 , Gen : 33100 , BEST: 1489 , SECOND: 1489 
2019-07-17T01:22:53.554 , Gen : 33200 , BEST: 1489 , SECOND: 1489 
2019-07-17T01:23:01.013 , Gen : 33300 , BEST: 1489 , SECOND: 1489 
2019-07-17T01:23:07.689 , Gen : 33400 , BEST: 1489 , SECOND: 1489 
2019-07-17T01:23:14.774 , Gen : 33500 , BEST: 1489 , SECOND: 1489 
2019-07-17T01:23:21.564 , Gen : 33600 , BEST: 1489 , SECOND: 1489 
2019-07-17T01:23:28.716 , Gen : 33700 , BEST: 1489 , SECOND: 1489 
2019-07-17T01:23:35.811 , Gen : 33800 , BEST: 1489 , SECOND: 1489 
2019-07-17T01:23:42.692 , Gen : 33900 , BEST: 1489 , SECOND: 1489 
2019-07-17T01:23:49.692 , Gen : 34000 , BEST: 1489 , SECOND: 1489 
fitness : 1489 
  code : ,+[++++++++++++[+[++++++++++++++++++[++++++[+++[++++[++[+++++++--++-+[+[+++++++++[+++++++++++++++.+++.++-].+--]+.++>.]<-----+[<---,-,-[]-]-,],-->-[-]].++++,--[.]+[,],].+>>]>+,>]++.<[,[>[>+[[<+]><<<+>,  
 goal : Joyeux -> ORbeux
2019-07-17T01:23:57.206 , Gen : 34100 , BEST: 1489 , SECOND: 1489 
2019-07-17T01:24:04.955 , Gen : 34200 , BEST: 1489 , SECOND: 1489 
2019-07-17T01:24:11.833 , Gen : 34300 , BEST: 1489 , SECOND: 1489 
2019-07-17T01:24:18.575 , Gen : 34400 , BEST: 1489 , SECOND: 1489 
2019-07-17T01:24:25.052 , Gen : 34500 , BEST: 1489 , SECOND: 1489 
2019-07-17T01:24:31.757 , Gen : 34600 , BEST: 1489 , SECOND: 1489 
2019-07-17T01:24:38.784 , Gen : 34700 , BEST: 1489 , SECOND: 1489 
2019-07-17T01:24:45.677 , Gen : 34800 , BEST: 1489 , SECOND: 1489 
2019-07-17T01:24:51.54 , Gen : 34900 , BEST: 1489 , SECOND: 1489 
2019-07-17T01:24:57.661 , Gen : 35000 , BEST: 1489 , SECOND: 1489 
fitness : 1489 
  code : >>-+++++++++[++++++++++++++[++++++[++[++++-++++++++++[[+++[++++++[+[+[+++++++++[++++++++++++++++.+++.++--]+.,<+++.>.++-],><.++++]+<[.]---+--->--+]]]],+>.]]..<[,<>,[[,<<[,<[<+>><<[.+<[+.+>,>]+-.],>]<><  
 goal : Joyeux -> ORbeux
2019-07-17T01:25:05.021 , Gen : 35100 , BEST: 1489 , SECOND: 1489 
2019-07-17T01:25:12.629 , Gen : 35200 , BEST: 1489 , SECOND: 1489 
2019-07-17T01:25:21.021 , Gen : 35300 , BEST: 1489 , SECOND: 1489 
2019-07-17T01:25:27.992 , Gen : 35400 , BEST: 1489 , SECOND: 1489 
2019-07-17T01:25:34.725 , Gen : 35500 , BEST: 1489 , SECOND: 1489 
2019-07-17T01:25:41.225 , Gen : 35600 , BEST: 1489 , SECOND: 1489 
2019-07-17T01:25:48.694 , Gen : 35700 , BEST: 1489 , SECOND: 1489 
2019-07-17T01:25:55.415 , Gen : 35800 , BEST: 1489 , SECOND: 1489 
2019-07-17T01:26:01.81 , Gen : 35900 , BEST: 1489 , SECOND: 1489 
2019-07-17T01:26:08.888 , Gen : 36000 , BEST: 1489 , SECOND: 1489 
fitness : 1489 
  code : <>-+++++++++++++++++++-++[+[+++++++[++[++++++-+++++++++[[[[+++[++++++[+[+++++++[+++[++++++++++++++++.+++.++--]+,,.++-.+,[]<>[]].+.+<<+>--->[--->]],-<<+<<+<--,>..<,-[]+.<>.<,-[][,>.++,,>-.<[<]<]+<,><-[  
 goal : Joyeux -> ORbeux
2019-07-17T01:26:15.775 , Gen : 36100 , BEST: 1489 , SECOND: 1489 
2019-07-17T01:26:22.658 , Gen : 36200 , BEST: 1489 , SECOND: 1489 
2019-07-17T01:26:28.872 , Gen : 36300 , BEST: 1489 , SECOND: 1489 
2019-07-17T01:26:36.291 , Gen : 36400 , BEST: 1489 , SECOND: 1489 
2019-07-17T01:26:44.958 , Gen : 36500 , BEST: 1489 , SECOND: 1489 
2019-07-17T01:26:53.635 , Gen : 36600 , BEST: 1489 , SECOND: 1489 
2019-07-17T01:27:01.111 , Gen : 36700 , BEST: 1489 , SECOND: 1489 
2019-07-17T01:27:09.004 , Gen : 36800 , BEST: 1489 , SECOND: 1489 
2019-07-17T01:27:15.665 , Gen : 36900 , BEST: 1489 , SECOND: 1489 
2019-07-17T01:27:23.061 , Gen : 37000 , BEST: 1489 , SECOND: 1489 
fitness : 1489 
  code : +++++++++++++++-++[++[+++++++[++[++++[+++-++++++++++[[[[+++[++++++[+[+++++++[+++[++++++++++++++++.+++.++-+--]]]]+>--.-..>--..-]-.---]<,]>+-<,.+.<<>.-..>->...->,>]<,>[>><]>>->..>[.-][[-.><.+-+[.-+.]+]<  
 goal : Joyeux -> ORbeux
2019-07-17T01:27:30.377 , Gen : 37100 , BEST: 1489 , SECOND: 1489 
2019-07-17T01:27:38.656 , Gen : 37200 , BEST: 1489 , SECOND: 1489 
2019-07-17T01:27:46.284 , Gen : 37300 , BEST: 1489 , SECOND: 1489 
2019-07-17T01:27:54.48 , Gen : 37400 , BEST: 1489 , SECOND: 1489 
2019-07-17T01:28:01.594 , Gen : 37500 , BEST: 1489 , SECOND: 1489 
2019-07-17T01:28:09.384 , Gen : 37600 , BEST: 1489 , SECOND: 1489 
2019-07-17T01:28:16.718 , Gen : 37700 , BEST: 1489 , SECOND: 1489 
2019-07-17T01:28:24.768 , Gen : 37800 , BEST: 1489 , SECOND: 1489 
2019-07-17T01:28:31.321 , Gen : 37900 , BEST: 1489 , SECOND: 1489 
2019-07-17T01:28:37.895 , Gen : 38000 , BEST: 1489 , SECOND: 1489 
fitness : 1489 
  code : ++<>++++++++-+[++[++++++++[++[+++-++++++++++++++[[[[++++++[++[+++++[++[+++++++[+++[++++++++++++++++.+++.++-+--]]+,,.++-+]]+++-+],,->.>><>[>+>..<[,..>,,]>[-[],.>.<->><[>+>.-,]..],.>+<+.],.>.+<+[.>+,.->  
 goal : Joyeux -> ORbeux
2019-07-17T01:28:45.57 , Gen : 38100 , BEST: 1489 , SECOND: 1489 
