targetFitness = 522 
params : Main.GeneticAlgorithms.Types.GAParams(136, 1000000, 186, 200, 0.7, 0.01, true, IOStream(<file ../Results/logStringhi.log>), 10920.0, 522.0, 0, 1) 
2019-07-10T23:57:07.467 , Gen : 100 , BEST: 509 , SECOND: 509 
2019-07-10T23:57:09.05 , Gen : 200 , BEST: 519 , SECOND: 519 
2019-07-10T23:57:10.781 , Gen : 300 , BEST: 521 , SECOND: 521 
2019-07-10T23:57:12.611 , Gen : 400 , BEST: 521 , SECOND: 521 
2019-07-10T23:57:14.466 , Gen : 500 , BEST: 521 , SECOND: 521 
2019-07-10T23:57:16.396 , Gen : 600 , BEST: 521 , SECOND: 521 
2019-07-10T23:57:18.202 , Gen : 700 , BEST: 521 , SECOND: 521 
2019-07-10T23:57:20.103 , Gen : 800 , BEST: 521 , SECOND: 521 
2019-07-10T23:57:21.914 , Gen : 900 , BEST: 521 , SECOND: 521 
2019-07-10T23:57:24.018 , Gen : 1000 , BEST: 521 , SECOND: 521 
fitness : 521 
  code : >*-<>!*,-----$-**-..*$[$--!-[]<.**[*-]]<+<<**>>]]<-.].>]![,.$[.<]+,,,][.-<*[*.,.++!!]><<]!<,]<<+.!*<>]],*-[.],<]$!,..-+.,.*+>-<$-<.$+[,$+!-[$,,<][]*[-><,-!-<<>-]*$].<]!],,--*],<>.<*]+[*-  
 goal : hi -> ii
2019-07-10T23:57:26.207 , Gen : 1100 , BEST: 521 , SECOND: 521 
2019-07-10T23:57:28.117 , Gen : 1200 , BEST: 521 , SECOND: 521 
2019-07-10T23:57:30.065 , Gen : 1300 , BEST: 521 , SECOND: 521 
2019-07-10T23:57:31.929 , Gen : 1400 , BEST: 521 , SECOND: 521 
2019-07-10T23:57:33.832 , Gen : 1500 , BEST: 521 , SECOND: 521 
2019-07-10T23:57:35.83 , Gen : 1600 , BEST: 521 , SECOND: 521 
2019-07-10T23:57:37.742 , Gen : 1700 , BEST: 521 , SECOND: 521 
2019-07-10T23:57:39.836 , Gen : 1800 , BEST: 521 , SECOND: 521 
2019-07-10T23:57:42.092 , Gen : 1900 , BEST: 521 , SECOND: 521 
2019-07-10T23:57:44.07 , Gen : 2000 , BEST: 521 , SECOND: 521 
fitness : 521 
  code : --$---$-**-..*.[$--$>>>,.!]<+.*<+***>>]]<-.].<<]$,+],>[<-.<]$-]+.,,,][!.-<*[*.,.+![!]><<]!<,]<<+.!*<>]],-[.],<]$!,..-+.,.*+.-,-<.$.+[,$>+!-[$,,<][.+*[*[-><,!-<<>-]*$].<]!],,-*+,<>.<*]+[*  
 goal : hi -> ii
2019-07-10T23:57:45.892 , Gen : 2100 , BEST: 521 , SECOND: 521 
2019-07-10T23:57:47.698 , Gen : 2200 , BEST: 521 , SECOND: 521 
2019-07-10T23:57:49.632 , Gen : 2300 , BEST: 521 , SECOND: 521 
2019-07-10T23:57:51.67 , Gen : 2400 , BEST: 521 , SECOND: 521 
2019-07-10T23:57:53.481 , Gen : 2500 , BEST: 521 , SECOND: 521 
2019-07-10T23:57:55.305 , Gen : 2600 , BEST: 521 , SECOND: 521 
2019-07-10T23:57:57.541 , Gen : 2700 , BEST: 521 , SECOND: 521 
2019-07-10T23:58:00.069 , Gen : 2800 , BEST: 521 , SECOND: 521 
2019-07-10T23:58:03.065 , Gen : 2900 , BEST: 521 , SECOND: 521 
2019-07-10T23:58:06.058 , Gen : 3000 , BEST: 521 , SECOND: 521 
fitness : 521 
  code : ---$-***---$..*.[$-->!<]+]]<+<+.+.[*>>]<-*.].<<][<-.<<-.,][-]+.,*][!].-<[*.*[*.,.+++![!]><<,]<<+.!*<>]],-[.],<]$!,..-+.,.*..-<,-<.$.+[,$+!<-[$,,<][]*[-><,-!-<<>-]*$].<]!],,-*]+<>.<*]+[*<  
 goal : hi -> ii
2019-07-10T23:58:08.643 , Gen : 3100 , BEST: 521 , SECOND: 521 
2019-07-10T23:58:10.522 , Gen : 3200 , BEST: 521 , SECOND: 521 
2019-07-10T23:58:12.771 , Gen : 3300 , BEST: 521 , SECOND: 521 
2019-07-10T23:58:15.4 , Gen : 3400 , BEST: 521 , SECOND: 521 
2019-07-10T23:58:17.467 , Gen : 3500 , BEST: 521 , SECOND: 521 
2019-07-10T23:58:19.794 , Gen : 3600 , BEST: 521 , SECOND: 521 
2019-07-10T23:58:21.748 , Gen : 3700 , BEST: 521 , SECOND: 521 
2019-07-10T23:58:23.647 , Gen : 3800 , BEST: 521 , SECOND: 521 
2019-07-10T23:58:25.693 , Gen : 3900 , BEST: 521 , SECOND: 521 
2019-07-10T23:58:28.133 , Gen : 4000 , BEST: 521 , SECOND: 521 
fitness : 521 
  code : >---$-***---$$..![*.[$]<]+]]<+<.**[*-*>>]<-.][<<]$,+][>[<-.<]$-]+.,,][!.-<*[*.,.++!.!]><<]!<,]<<+.!*<>]],-[.],<]$!,..-+.,.*+.<$,-<.$.+[,$+!-[$,,<][]*[-><,-!-<<>-]*$].<]!],,-*],<>.*]+[$-[  
 goal : hi -> ii
2019-07-10T23:58:30.401 , Gen : 4100 , BEST: 521 , SECOND: 521 
2019-07-10T23:58:32.781 , Gen : 4200 , BEST: 521 , SECOND: 521 
2019-07-10T23:58:35.728 , Gen : 4300 , BEST: 521 , SECOND: 521 
fitness : 522 
  code : ---$-***---$-.[![.[$]<]+]]+,]<+]<.*>[]*>]!--.]!-.+<].+-*]+>[<]$,]+.,,][[!++![!]>++[,].,]<<+!!*<>],-[.],[.<]$!,..-!+.,.*++..*+.-<$,-<.$.+[,$+!-[$,,,]][.>!-*<<>-]]*$].<]!],,-$$<,-*],><>.<.  
 goal : hi -> hi
 Generation : 4324 
fitness 522 
dna : [0.309006, 0.311824, 0.318749, 0.740627, 0.30914, 0.934792, 0.911094, 0.934792, 0.318749, 0.30914, 0.318749, 0.78526, 0.357839, 0.369711, 0.62981, 0.864247, 0.587756, 0.385863, 0.623974, 0.796454, 0.708166, 0.0233551, 0.68799, 0.227732, 0.717576, 0.684605, 0.227732, 0.488274, 0.684605, 0.0737296, 0.246183, 0.639442, 0.0737296, 0.37702, 0.974306, 0.132664, 0.545694, 0.655104, 0.974306, 0.132664, 0.723314, 0.852678, 0.343843, 0.342788, 0.43082, 0.723314, 0.852678, 0.343843, 0.450406, 0.232008, 0.024055, 0.678699, 0.429953, 0.206438, 0.309758, 0.943852, 0.706913, 0.219062, 0.136638, 0.588937, 0.024055, 0.678699, 0.781378, 0.474423, 0.706913, 0.219062, 0.422901, 0.476896, 0.477966, 0.652532, 0.575493, 0.615665, 0.82848, 0.247683, 0.214632, 0.902017, 0.561053, 0.898288, 0.710457, 0.166611, 0.247683, 0.214632, 0.561053, 0.531072, 0.710457, 0.42897, 0.501094, 0.665937, 0.0874904, 0.0228443, 0.229873, 0.852893, 0.852893, 0.995793, 0.0885863, 0.181132, 0.664844, 0.481855, 0.28946, 0.56073, 0.414189, 0.638241, 0.457596, 0.56073, 0.414189, 0.0699999, 0.655143, 0.777156, 0.84513, 0.502582, 0.392297, 0.373557, 0.320642, 0.832917, 0.181954, 0.42379, 0.485308, 0.413048, 0.996467, 0.228041, 0.228041, 0.374325, 0.413048, 0.996467, 0.228041, 0.374325, 0.315929, 0.0384609, 0.755293, 0.475491, 0.326295, 0.0178717, 0.366684, 0.783393, 0.421125, 0.26109, 0.565678, 0.516502, 0.809148, 0.215264, 0.827055, 0.293853, 0.585515, 0.765434, 0.474448, 0.491663, 0.491663, 0.667012, 0.717895, 0.613322, 0.367882, 0.170159, 0.836007, 0.287674, 0.947731, 0.0585033, 0.0247038, 0.107416, 0.343105, 0.703372, 0.660407, 0.966703, 0.742724, 0.669564, 0.400828, 0.0608251, 0.718862, 0.879299, 0.665336, 0.540407, 0.491411, 0.31214, 0.740318, 0.740318, 0.0635888, 0.491411, 0.31214, 0.915488, 0.663495, 0.529085, 0.127538, 0.0548779, 0.144284, 0.398296, 0.0556411, 0.388347] 
