targetFitness = 522 
params : Main.GeneticAlgorithms.Types.GAParams(136, 100000, 150, 150, 0.7, 0.01, true, IOStream(<file ../Results/logStringhi.log>), 7135.0, 522.0, 0, 1) 
2019-07-05T12:23:29.114 
Gen : 100 , BEST: , 319  , SECOND: 319 
2019-07-05T12:23:31.188 
Gen : 200 , BEST: , 319  , SECOND: 319 
2019-07-05T12:23:33.832 
Gen : 300 , BEST: , 367  , SECOND: 367 
2019-07-05T12:23:37.443 
Gen : 400 , BEST: , 371  , SECOND: 371 
2019-07-05T12:23:41.058 
Gen : 500 , BEST: , 413  , SECOND: 413 
fitness : 413 
  code : +[.[[,-,,+->-[[[,[-[,--[,,-,].<[].].+-..+<-]+[+]>],-.,><-,.<<]+[][,[,,-][<-[+,]]]-.+<,.<<<><>.[[[,>[-[-]+++<+-]-<-,++],<]<-,><<,[..+-+<+,.[,,>].,[[],]  
 goal : hi -> o
2019-07-05T12:23:44.654 
Gen : 600 , BEST: , 415  , SECOND: 415 
2019-07-05T12:23:47.732 
Gen : 700 , BEST: , 501  , SECOND: 501 
2019-07-05T12:23:51.121 
Gen : 800 , BEST: , 519  , SECOND: 519 
2019-07-05T12:23:54.137 
Gen : 900 , BEST: , 521  , SECOND: 521 
2019-07-05T12:23:57.574 
Gen : 1000 , BEST: , 521  , SECOND: 521 
fitness : 521 
  code : +[-[.]-,-[+-[,-[--[,--[---[----]>[,,<<[,>,,,>,]>+],]]]<>.]>+]+[[]+]].]]]>+].]<]]>++<]>]><>+[++]]>>>,<-<->-[-][]>]>--]-]<<,-,-].<]<><>,+-<<+,+,.,+,,,,,  
 goal : hi -> ii
2019-07-05T12:24:00.289 
Gen : 1100 , BEST: , 521  , SECOND: 521 
2019-07-05T12:24:03.017 
Gen : 1200 , BEST: , 521  , SECOND: 521 
2019-07-05T12:24:05.574 
Gen : 1300 , BEST: , 521  , SECOND: 521 
2019-07-05T12:24:07.984 
Gen : 1400 , BEST: , 521  , SECOND: 521 
2019-07-05T12:24:10.282 
Gen : 1500 , BEST: , 521  , SECOND: 521 
fitness : 521 
  code : +[-[.]---[[,+[-[----+------]>[>,[-,,.,<,].,<]]>,,]+-<+]-[<>.].]+<<+]]+<>+],]<]]++++]],]>][]>.-.>>,]].-.[+->,].<-]<<],,,<,<.+]-[<,+]-[<,+--<+><.+-],]+,  
 goal : hi -> hh
2019-07-05T12:24:12.717 
Gen : 1600 , BEST: , 521  , SECOND: 521 
2019-07-05T12:24:15.345 
Gen : 1700 , BEST: , 521  , SECOND: 521 
2019-07-05T12:24:17.701 
Gen : 1800 , BEST: , 521  , SECOND: 521 
2019-07-05T12:24:20.388 
Gen : 1900 , BEST: , 521  , SECOND: 521 
2019-07-05T12:24:22.779 
Gen : 2000 , BEST: , 521  , SECOND: 521 
fitness : 521 
  code : +[-[.]--[[,+[-[----+------]>[>-,,..,],<.>[-,<.+-[.>[]+<<]++]+<<+]]]]]]+].]+]]]],,],-.,.+..,[+,<,+-<,-->[..--,----[-,,,,-.]-<-]]>,>.>][++>].[,-[,..-,->  
 goal : hi -> ii
2019-07-05T12:24:25.475 
Gen : 2100 , BEST: , 521  , SECOND: 521 
2019-07-05T12:24:28.067 
Gen : 2200 , BEST: , 521  , SECOND: 521 
2019-07-05T12:24:30.86 
Gen : 2300 , BEST: , 521  , SECOND: 521 
2019-07-05T12:24:33.52 
Gen : 2400 , BEST: , 521  , SECOND: 521 
2019-07-05T12:24:35.964 
Gen : 2500 , BEST: , 521  , SECOND: 521 
fitness : 521 
  code : +[-[.]--[[,+[-[--+--,+---[-,-]]>,>],.]>>.,.>[<,>.,+--]+]<++.+.,>]+]+]]]][]]]]],,,]-,]+..,<,-.>..->,,,<.----[+.]],-,,-,.],<<[,-<-+<-,,>-,<<>->-.+>->++,  
 goal : hi -> ii
2019-07-05T12:24:38.247 
Gen : 2600 , BEST: , 521  , SECOND: 521 
2019-07-05T12:24:40.54 
Gen : 2700 , BEST: , 521  , SECOND: 521 
2019-07-05T12:24:42.901 
Gen : 2800 , BEST: , 521  , SECOND: 521 
2019-07-05T12:24:45.151 
Gen : 2900 , BEST: , 521  , SECOND: 521 
2019-07-05T12:24:47.424 
Gen : 3000 , BEST: , 521  , SECOND: 521 
fitness : 521 
  code : ,+[,-[.]--[[+[-[--+-,+--[-[,-],>,>],.[],->.->..--]-.]]-[[,]>]]]],,[,,+,,[,],],,]]+<,],>>]-,+-++-+-,++-,[,[[---+[[],---+-<-,-,]-><>-,<[<[<+[-+-[-[<,.+,  
 goal : hi -> ii
2019-07-05T12:24:49.781 
Gen : 3100 , BEST: , 521  , SECOND: 521 
fitness : 522 
  code : +[,-[.+]---[[+[-[--+-,+--[-[,-],>,],.[],->,>>].-.[<+>[[[[,]>]]]],[,,+.,,,,],,,],],,]],+,>,++-,>]+][[---+[[+++--+]+-[+-<-,<-,--<--,-<[-><[-[-[+[[+][,.+  
 goal : hi -> hi
 Generation : 3136 
fitness 522 
dna : [0.325667, 0.819177, 0.65805, 0.379481, 0.849034, 0.621333, 0.322275, 0.933852, 0.45859, 0.388143, 0.407357, 0.865076, 0.86455, 0.358351, 0.842496, 0.406456, 0.842496, 0.406456, 0.45859, 0.262195, 0.45859, 0.672333, 0.262195, 0.45859, 0.45859, 0.858559, 0.491916, 0.758484, 0.673197, 0.491916, 0.989816, 0.668237, 0.197452, 0.668237, 0.885933, 0.668237, 0.576657, 0.86649, 0.885933, 0.686216, 0.462146, 0.188813, 0.686216, 0.20899, 0.188813, 0.989441, 0.595693, 0.487399, 0.582434, 0.808742, 0.0476562, 0.324054, 0.210072, 0.845627, 0.84141, 0.808742, 0.84141, 0.631217, 0.907916, 0.231373, 0.907916, 0.907916, 0.944604, 0.907916, 0.651917, 0.865072, 0.639975, 0.651917, 0.319297, 0.546016, 0.663574, 0.663574, 0.651917, 0.651917, 0.969969, 0.639975, 0.663574, 0.663574, 0.969969, 0.639975, 0.969969, 0.639975, 0.651917, 0.876353, 0.97089, 0.663574, 0.26213, 0.680169, 0.228066, 0.738706, 0.300216, 0.349164, 0.409898, 0.738706, 0.152516, 0.925697, 0.349164, 0.997998, 0.805283, 0.80858, 0.409898, 0.409898, 0.409898, 0.349164, 0.80858, 0.80858, 0.25755, 0.371771, 0.25755, 0.409898, 0.409898, 0.25755, 0.89669, 0.257312, 0.409898, 0.80858, 0.371771, 0.435994, 0.12127, 0.419604, 0.707327, 0.12127, 0.419604, 0.707327, 0.494874, 0.435994, 0.12127, 0.419604, 0.494874, 0.690997, 0.482509, 0.12127, 0.780151, 0.460103, 0.179259, 0.12127, 0.828143, 0.378542, 0.828143, 0.378542, 0.861173, 0.348064, 0.828143, 0.828143, 0.355004, 0.877545, 0.861173, 0.659428, 0.585299, 0.250141] 
