targetFitness = 1290 
params : Main.GeneticAlgorithms.Types.GAParams(136, 1000000, 150, 150, 0.7, 0.01, true, IOStream(<file ../Results/logStringhello.log>), 9787.0, 1290.0, 0, 1) 
2019-07-01T21:43:55.495 
Gen : 100 , BEST: , 775  , SECOND: 775 
2019-07-01T21:44:07.815 
Gen : 200 , BEST: , 790  , SECOND: 790 
2019-07-01T21:44:21.229 
Gen : 300 , BEST: , 795  , SECOND: 795 
2019-07-01T21:44:32.828 
Gen : 400 , BEST: , 810  , SECOND: 810 
2019-07-01T21:44:39.948 
Gen : 500 , BEST: , 827  , SECOND: 827 
fitness : 827 
  code : ++[-++++++++..-],[]]]]<..[..>.]].[[[[,[,+><><[<,,,[[-<<-<.-<<[+]<[<[+.,]-,<-+-<+<++.],,>>,..+<<-<++>.,,[<+>+>,>,]<,]<.<.-+..<<.-,<<,,-++]<[]>][-].+,+>  
 goal : hello -> 		
2019-07-01T21:44:48.787 
Gen : 600 , BEST: , 868  , SECOND: 863 
2019-07-01T21:44:54.664 
Gen : 700 , BEST: , 868  , SECOND: 868 
2019-07-01T21:45:00.234 
Gen : 800 , BEST: , 873  , SECOND: 873 
2019-07-01T21:45:07.644 
Gen : 900 , BEST: , 908  , SECOND: 908 
2019-07-01T21:45:14.522 
Gen : 1000 , BEST: , 928  , SECOND: 928 
fitness : 928 
  code : ,++[+++++,+++-+++.+-+,]]].,<.+].++...,.+-<,,]-,<,++,+,+[><>+>+.-,+.+[>-+[+]<><<+<+]<+-+---.,.-,..[-<,,+.,>>.,,[,.>,+-.+.,+,.,.>,.>.+.>-+.+,]]><>+[-->[  
 goal : hello -> "-8
2019-07-01T21:45:20.859 
Gen : 1100 , BEST: , 938  , SECOND: 938 
2019-07-01T21:45:27.219 
Gen : 1200 , BEST: , 953  , SECOND: 953 
2019-07-01T21:45:34.168 
Gen : 1300 , BEST: , 1008  , SECOND: 1008 
2019-07-01T21:45:41.538 
Gen : 1400 , BEST: , 1105  , SECOND: 1099 
2019-07-01T21:45:47.622 
Gen : 1500 , BEST: , 1116  , SECOND: 1113 
fitness : 1116 
  code : ++-++[+++++++++++++++,++,++++++++.+,].,--,+,>[+,]]++,,++,,]+[.[>.<.]+>+<,<,+]+[[+.[->+,[,.[+.--[,][-.[[[<++-]>[++..+-[.--<,+++,[,.]>.[[+<>]->++]++[+-[  
 goal : hello -> 6PjÂ„
2019-07-01T21:45:53.933 
Gen : 1600 , BEST: , 1119  , SECOND: 1119 
2019-07-01T21:46:00.952 
Gen : 1700 , BEST: , 1119  , SECOND: 1119 
2019-07-01T21:46:07.526 
Gen : 1800 , BEST: , 1122  , SECOND: 1122 
2019-07-01T21:46:16.055 
Gen : 1900 , BEST: , 1123  , SECOND: 1122 
2019-07-01T21:46:23.556 
Gen : 2000 , BEST: , 1123  , SECOND: 1123 
fitness : 1123 
  code : ++++++[+++++++++,++++++,++,++++++++.+,-+-]-],-+>,+-,>>[+>+-,<<+..,++>+>,],++,-,],<+-..[.[,+-<++,[,>-.>>].>.+[[++]++>[.-><++>,,.+..,--]]<+[],-],<]<+]..  
 goal : hello -> 8QjÂƒ
2019-07-01T21:46:31.879 
Gen : 2100 , BEST: , 1123  , SECOND: 1123 
2019-07-01T21:46:39.967 
Gen : 2200 , BEST: , 1126  , SECOND: 1126 
2019-07-01T21:46:47.45 
Gen : 2300 , BEST: , 1129  , SECOND: 1129 
2019-07-01T21:46:56.511 
Gen : 2400 , BEST: , 1131  , SECOND: 1131 
2019-07-01T21:47:04.522 
Gen : 2500 , BEST: , 1133  , SECOND: 1133 
fitness : 1133 
  code : >+>>+++++[++++++[++++++++,++++++,++,++++++++.+,-]+-],]]>.,<[]>+>.,+++,,+,<,>,+],,,..>->]..,.[[-,<],<,[<>.-.-.>]++,]<[<->[><.,-,[..,.,<<,.,<<...].+]++>  
 goal : hello -> #;SkÂƒ
2019-07-01T21:47:12.401 
Gen : 2600 , BEST: , 1136  , SECOND: 1136 
2019-07-01T21:47:19.664 
Gen : 2700 , BEST: , 1136  , SECOND: 1136 
2019-07-01T21:47:26.761 
Gen : 2800 , BEST: , 1137  , SECOND: 1137 
2019-07-01T21:47:33.912 
Gen : 2900 , BEST: , 1138  , SECOND: 1138 
2019-07-01T21:47:44.588 
Gen : 3000 , BEST: , 1139  , SECOND: 1138 
fitness : 1139 
  code : +++++++++[++++++[++++++++,+,++++,++,+++++++++.+,-]+-],,]>,]>.,,[,.,],-[,.-+[..[[>-[,.,+,>>.++>-[>,[[,+,.]+<-]]<,<],[]-+.<]<,]<<>.>>],,.+<--<<+->++]>>-  
 goal : hello -> '?WoÂ‡
2019-07-01T21:47:52.514 
Gen : 3100 , BEST: , 1140  , SECOND: 1139 
2019-07-01T21:48:01.016 
Gen : 3200 , BEST: , 1143  , SECOND: 1143 
2019-07-01T21:48:10.607 
Gen : 3300 , BEST: , 1143  , SECOND: 1143 
2019-07-01T21:48:20.528 
Gen : 3400 , BEST: , 1143  , SECOND: 1143 
2019-07-01T21:48:28.449 
Gen : 3500 , BEST: , 1144  , SECOND: 1143 
fitness : 1144 
  code : +++++++[++++[++++++[+++++++,+,++++,++,+++++++++.]]>-]+>>,+,[-,[[+.[[[[[.[,.>.],-+[+,]>>]->+<,-]]<+,[>++->[,>[+-.+++>+.]>+.].,,>.[+.>[->,,.>>++>++[-.[>  
 goal : hello -> (?VmÂ„
2019-07-01T21:48:36.236 
Gen : 3600 , BEST: , 1145  , SECOND: 1145 
2019-07-01T21:48:43.283 
Gen : 3700 , BEST: , 1145  , SECOND: 1145 
2019-07-01T21:48:50.879 
Gen : 3800 , BEST: , 1145  , SECOND: 1145 
2019-07-01T21:48:58.626 
Gen : 3900 , BEST: , 1154  , SECOND: 1151 
2019-07-01T21:49:05.624 
Gen : 4000 , BEST: , 1157  , SECOND: 1157 
fitness : 1157 
  code : ++++++++++++++[+++[+[++++++[++++++++++,+,+++++++,+,++.]]>-]+,.+,[..-[[,,-[[+>,,[.-..,[+>[[>,>+<,+[>>,+[>++,,>>,>],>+.+,>>+,,[>[,,,,.]>>-.<-.,-]>.<],[]  
 goal : hello -> -BWlÂ
2019-07-01T21:49:12.837 
Gen : 4100 , BEST: , 1158  , SECOND: 1157 
2019-07-01T21:49:21.518 
Gen : 4200 , BEST: , 1158  , SECOND: 1158 
2019-07-01T21:49:30.595 
Gen : 4300 , BEST: , 1158  , SECOND: 1158 
2019-07-01T21:49:40.752 
Gen : 4400 , BEST: , 1161  , SECOND: 1158 
2019-07-01T21:49:53.105 
Gen : 4500 , BEST: , 1161  , SECOND: 1161 
fitness : 1161 
  code : ->+++[++++++++++++++[+++[+[++++++[+++++++++,+,+++++++,+++.]]>>>-]>+>>]+][.>.<.-++<<<>+,].>++].>,+,-+,+]],>[>+],>.<],>[,<-<->.]]]]><].].]][>-[,..<.<-,+  
 goal : hello -> /CWk
2019-07-01T21:50:06.123 
Gen : 4600 , BEST: , 1164  , SECOND: 1161 
2019-07-01T21:50:20.158 
Gen : 4700 , BEST: , 1164  , SECOND: 1164 
2019-07-01T21:50:29.268 
Gen : 4800 , BEST: , 1166  , SECOND: 1165 
2019-07-01T21:50:37.445 
Gen : 4900 , BEST: , 1171  , SECOND: 1171 
2019-07-01T21:50:47.066 
Gen : 5000 , BEST: , 1172  , SECOND: 1171 
fitness : 1172 
  code : ++++++++[+++++++++++[+++[+[+++[+++++++[+++++++++,,,+++++++,+++.]]+>-]>+>-.+-[<-[+]]++[[],.+>[..[.+,..><,+[,<,,<+<.],,]<+]-].,+]].,<.]>[.-]+,+]<.<,>>[<  
 goal : hello -> 4GZmÂ€
2019-07-01T21:50:58.695 
Gen : 5100 , BEST: , 1172  , SECOND: 1171 
2019-07-01T21:51:10.104 
Gen : 5200 , BEST: , 1172  , SECOND: 1172 
2019-07-01T21:51:22.052 
Gen : 5300 , BEST: , 1173  , SECOND: 1173 
2019-07-01T21:51:33.753 
Gen : 5400 , BEST: , 1174  , SECOND: 1174 
2019-07-01T21:51:43.048 
Gen : 5500 , BEST: , 1178  , SECOND: 1177 
fitness : 1178 
  code : ,+++++++++[+++++++++++[++++[+[+++[++++++++[++++++++,,,+++++++,+++.]]],>->]<+>.+.+-[>+<+<,],]]>.+,,]]>,.]>+,>,<.]<-]<->]>]<[>]-,]]]]]]]]],,>->++<<+]++>  
 goal : hello -> 6HZl~
2019-07-01T21:51:50.911 
Gen : 5600 , BEST: , 1179  , SECOND: 1179 
2019-07-01T21:52:00.58 
Gen : 5700 , BEST: , 1179  , SECOND: 1179 
2019-07-01T21:52:12.11 
Gen : 5800 , BEST: , 1186  , SECOND: 1185 
2019-07-01T21:52:23.939 
Gen : 5900 , BEST: , 1186  , SECOND: 1186 
2019-07-01T21:52:36.209 
Gen : 6000 , BEST: , 1188  , SECOND: 1188 
fitness : 1188 
  code : ++++++++++++++-+++++++++++++[+[++++[++++++++++[++[++++,+++,-,+++++++++++.]].>.>++->[<.,>>>,,.>.<[.-<-,[+]><-,]-<[[[>-[<+[-]][.<.,-]<,,>,]<,,.],].-[<->  
 goal : hello -> <M^oÂ€
2019-07-01T21:52:48.948 
Gen : 6100 , BEST: , 1188  , SECOND: 1188 
2019-07-01T21:53:00.023 
Gen : 6200 , BEST: , 1192  , SECOND: 1192 
2019-07-01T21:53:12.893 
Gen : 6300 , BEST: , 1193  , SECOND: 1192 
2019-07-01T21:53:24.118 
Gen : 6400 , BEST: , 1195  , SECOND: 1194 
2019-07-01T21:53:34.79 
Gen : 6500 , BEST: , 1195  , SECOND: 1195 
fitness : 1195 
  code : ++++++,+++++++++++++-++++++++[+++++[++++[++++++++[++[++[++++,+++,-,++++++++++.]>].+>>++->[[.,-<[>-+<+>-+>+-->-.][--.+--<,+<<-]-,[,[.][[.>>[[++>-+++-][  
 goal : hello -> ?O_o
2019-07-01T21:53:45.223 
Gen : 6600 , BEST: , 1200  , SECOND: 1197 
2019-07-01T21:53:56.151 
Gen : 6700 , BEST: , 1201  , SECOND: 1200 
2019-07-01T21:54:06.896 
Gen : 6800 , BEST: , 1202  , SECOND: 1201 
2019-07-01T21:54:22.234 
Gen : 6900 , BEST: , 1202  , SECOND: 1202 
2019-07-01T21:54:37.678 
Gen : 7000 , BEST: , 1206  , SECOND: 1206 
fitness : 1206 
  code : ++++++++++++++[++,+++++++++++++++[+++++++[+++++++++[+++,++[++++++,++++++++.]>].+<+>[.>[++<<.>.[]]-.>.>>>,[-><.][.]...-].]++..[<..+]+[-[>>+].]+-.+,]..,  
 goal : hello -> BP^lz
2019-07-01T21:54:46.024 
Gen : 7100 , BEST: , 1208  , SECOND: 1207 
2019-07-01T21:54:55.419 
Gen : 7200 , BEST: , 1208  , SECOND: 1208 
2019-07-01T21:55:07.186 
Gen : 7300 , BEST: , 1208  , SECOND: 1208 
2019-07-01T21:55:17.658 
Gen : 7400 , BEST: , 1209  , SECOND: 1209 
2019-07-01T21:55:32.665 
Gen : 7500 , BEST: , 1213  , SECOND: 1213 
fitness : 1213 
  code : +++++++++++++++++[++,+++++++++++++++[+++++++[+++++++++[++++++[+++++,++++++++.]>],>].<...+.+.[]]-[]-].->.<+]][.+..][.+-.,--.+.,[<,..,<.-,,>]--<.,<-..,<  
 goal : hello -> ER_ly
2019-07-01T21:55:45.67 
Gen : 7600 , BEST: , 1217  , SECOND: 1217 
2019-07-01T21:55:56.394 
Gen : 7700 , BEST: , 1222  , SECOND: 1222 
2019-07-01T21:56:07.386 
Gen : 7800 , BEST: , 1222  , SECOND: 1222 
2019-07-01T21:56:26.382 
Gen : 7900 , BEST: , 1222  , SECOND: 1222 
2019-07-01T21:56:44.07 
Gen : 8000 , BEST: , 1223  , SECOND: 1222 
fitness : 1223 
  code : ++,++++++++++[++,++++++++,++++++-+++++++++++++,++[+++++-++++++++++[++[++,[+++[+++++,+++++++.]>]<]][]].].-[<[[-]+]-.][-,.-,.,]].[-]..-+,><>]>].>->..++.  
 goal : hello -> KWco{
2019-07-01T21:57:00.519 
Gen : 8100 , BEST: , 1223  , SECOND: 1223 
2019-07-01T21:57:19.099 
Gen : 8200 , BEST: , 1224  , SECOND: 1224 
2019-07-01T21:57:37.14 
Gen : 8300 , BEST: , 1252  , SECOND: 1252 
2019-07-01T21:57:51.625 
Gen : 8400 , BEST: , 1277  , SECOND: 1275 
2019-07-01T21:58:06.571 
Gen : 8500 , BEST: , 1278  , SECOND: 1278 
fitness : 1278 
  code : +++-[++>++++<+,+++,,+]+++++++-+-,+++++++++++-+--++>+,-+++,[+[+++++++++[++++++,[++[,++-+++++[[-.+++,+]].--]][..<]>+-[>.<]-]+,]>,<,],,,]]]>,]..-<>,]]>--  
 goal : hello -> behkn
2019-07-01T21:58:21.256 
Gen : 8600 , BEST: , 1280  , SECOND: 1280 
2019-07-01T21:58:38.083 
Gen : 8700 , BEST: , 1280  , SECOND: 1280 
2019-07-01T21:58:50.28 
Gen : 8800 , BEST: , 1281  , SECOND: 1281 
2019-07-01T21:59:02.052 
Gen : 8900 , BEST: , 1281  , SECOND: 1281 
2019-07-01T21:59:16.768 
Gen : 9000 , BEST: , 1282  , SECOND: 1282 
fitness : 1282 
  code : ,,,-[>++++--[+>+<+++,,+]++++-,+-,++,+,++,++++++--++,-+++,-+++[[+++++++++-+>++[.++]+[].],.+><+]]-]]-][]++]>>.]]]+.]+]]-,>-[[[,-,,]+.,>,]+.>,>-+-<[>-+.,  
 goal : hello -> hjlnp
2019-07-01T21:59:31.916 
Gen : 9100 , BEST: , 1282  , SECOND: 1282 
2019-07-01T21:59:45.25 
Gen : 9200 , BEST: , 1282  , SECOND: 1282 
2019-07-01T21:59:57.1 
Gen : 9300 , BEST: , 1282  , SECOND: 1282 
2019-07-01T22:00:08.055 
Gen : 9400 , BEST: , 1282  , SECOND: 1282 
2019-07-01T22:00:19.86 
Gen : 9500 , BEST: , 1284  , SECOND: 1284 
fitness : 1284 
  code : ->-,++[+>+<+>+<,+++,,]+[+++-+,++,++]+++--++,-++[+,-++[[[+++-++++->++.[.++]+<[+.>-].<--,]+>>]].+-,<.+-,>.[,].>].<<>.<>><>+><+[.]-,[.+,<.[].,>.++][-.<-,  
 goal : hello -> hhjln
2019-07-01T22:00:29.545 
Gen : 9600 , BEST: , 1284  , SECOND: 1284 
2019-07-01T22:00:40.11 
Gen : 9700 , BEST: , 1284  , SECOND: 1284 
2019-07-01T22:00:50.913 
Gen : 9800 , BEST: , 1284  , SECOND: 1284 
2019-07-01T22:01:02.544 
Gen : 9900 , BEST: , 1284  , SECOND: 1284 
2019-07-01T22:01:16.856 
Gen : 10000 , BEST: , 1284  , SECOND: 1284 
fitness : 1284 
  code : ,+>++[++><+>+<,++,,]<[,++,[>+[[[,+++[+,-+,-++[+,-+[[-[[+-++-++++->++.[.++],+>+-]+>+,]+,[,-...+>>..],],..-[[+.]+,-[]->[<>,.+++.+.+>[<[>,[+>+,..++]->,.,  
 goal : hello -> hhjln
2019-07-01T22:01:30.676 
Gen : 10100 , BEST: , 1285  , SECOND: 1285 
2019-07-01T22:01:45.684 
Gen : 10200 , BEST: , 1286  , SECOND: 1286 
2019-07-01T22:01:57.804 
Gen : 10300 , BEST: , 1286  , SECOND: 1286 
2019-07-01T22:02:10.259 
Gen : 10400 , BEST: , 1286  , SECOND: 1286 
2019-07-01T22:02:22.993 
Gen : 10500 , BEST: , 1286  , SECOND: 1286 
fitness : 1286 
  code : ++[++><+>+<,+++,-]++[,++[,[>+[[[.,.[,-+,-+,-+++-+[[[+,-,++-++..+]<]><[>+[->++.].[+>-.,+]]-+[>...>...>.-+.<>>].-..><<[.+].].<+[],[.-+[],]>]],-][[>-[..]  
 goal : hello -> ggllp
2019-07-01T22:02:35.01 
Gen : 10600 , BEST: , 1286  , SECOND: 1286 
2019-07-01T22:02:45.844 
Gen : 10700 , BEST: , 1286  , SECOND: 1286 
2019-07-01T22:02:57.747 
Gen : 10800 , BEST: , 1286  , SECOND: 1286 
2019-07-01T22:03:08.272 
Gen : 10900 , BEST: , 1286  , SECOND: 1286 
2019-07-01T22:03:17.454 
Gen : 11000 , BEST: , 1286  , SECOND: 1286 
fitness : 1286 
  code : ,++[++><+>+<,+++,-]++[,++[,>+[[.,.[[,-+,-+++-+[[[,+,-,++-++..+]<]<[>+.>]]>+[.][-<]-++.[>[[+>,.[.><><[.,><<[<>[[.,<>>[.].-]><.<-+],><+,>][[.,-++-,-<,[+  
 goal : hello -> ggllp
2019-07-01T22:03:26.813 
Gen : 11100 , BEST: , 1286  , SECOND: 1286 
2019-07-01T22:03:38.547 
Gen : 11200 , BEST: , 1286  , SECOND: 1286 
2019-07-01T22:03:48.499 
Gen : 11300 , BEST: , 1286  , SECOND: 1286 
2019-07-01T22:03:58.978 
Gen : 11400 , BEST: , 1286  , SECOND: 1286 
2019-07-01T22:04:08.548 
Gen : 11500 , BEST: , 1286  , SECOND: 1286 
fitness : 1286 
  code : ++[++><+>+<,+++,-]++[,++[,>+[[.,.[[,-+,-[+++-+[[+,-,++-++..+]<]<>+<+<[+->.+>..,][,,,-<,[[>.>.++,-]][.,-+][]+-+[]]-<+.<]<,.,,].-].><[][]]><[,]>+>,,>-+,  
 goal : hello -> ggllp
2019-07-01T22:04:19.403 
Gen : 11600 , BEST: , 1286  , SECOND: 1286 
2019-07-01T22:04:31.585 
Gen : 11700 , BEST: , 1286  , SECOND: 1286 
2019-07-01T22:04:44.578 
Gen : 11800 , BEST: , 1286  , SECOND: 1286 
2019-07-01T22:04:54.67 
Gen : 11900 , BEST: , 1287  , SECOND: 1287 
2019-07-01T22:05:04.407 
Gen : 12000 , BEST: , 1287  , SECOND: 1287 
fitness : 1287 
  code : ++[++><+>+<,+++,-]+++[,++[,>+[[.,.[[,,--+,-+[+++-+[[+,-,++-++..>-+-<]<<<.]<]]]--,].,][][[][][<[<,[.[,,>.+-->[.>-,,[]-,.]<<[>],+]<.][[[]+++[><]>[<>+]--  
 goal : hello -> ggllo
2019-07-01T22:05:14.4 
Gen : 12100 , BEST: , 1287  , SECOND: 1287 
2019-07-01T22:05:26.673 
Gen : 12200 , BEST: , 1287  , SECOND: 1287 
2019-07-01T22:05:41.222 
Gen : 12300 , BEST: , 1287  , SECOND: 1287 
2019-07-01T22:05:54.661 
Gen : 12400 , BEST: , 1287  , SECOND: 1287 
2019-07-01T22:06:07.187 
Gen : 12500 , BEST: , 1287  , SECOND: 1287 
fitness : 1287 
  code : ++[++><+>+<,+++-]++++,++[,>+[[.,.[[,,--+,-+[+++-+[[+,-,++-++..>-+-<]<<[<]<].[[<<,,],<][[[,[<<,[[.][,[,,[<[,[<><.]]<[].+><..<+]>]>.,.]]<,]<,.<.].]<+++]  
 goal : hello -> ggllo
2019-07-01T22:06:18.443 
Gen : 12600 , BEST: , 1287  , SECOND: 1287 
2019-07-01T22:06:30.717 
Gen : 12700 , BEST: , 1287  , SECOND: 1287 
2019-07-01T22:06:42.35 
Gen : 12800 , BEST: , 1287  , SECOND: 1287 
2019-07-01T22:06:57.262 
Gen : 12900 , BEST: , 1287  , SECOND: 1287 
2019-07-01T22:07:09.156 
Gen : 13000 , BEST: , 1287  , SECOND: 1287 
fitness : 1287 
  code : +-,++[++><+>+<,+++-]+++,[+,>+[[.,.[[,,--+,-+[+++-+[[+,-,++-++..>-+<]>.][[[[>-+[[,][[][[][[[+<[[+[]>.>]-],>>][<,<><-,->[-+]>..+.-].+]+,>,,++++-+++.->,]  
 goal : hello -> ggllo
2019-07-01T22:07:21.051 
Gen : 13100 , BEST: , 1287  , SECOND: 1287 
2019-07-01T22:07:33.142 
Gen : 13200 , BEST: , 1287  , SECOND: 1287 
2019-07-01T22:07:44.345 
Gen : 13300 , BEST: , 1287  , SECOND: 1287 
2019-07-01T22:07:56.533 
Gen : 13400 , BEST: , 1287  , SECOND: 1287 
2019-07-01T22:08:06.431 
Gen : 13500 , BEST: , 1287  , SECOND: 1287 
fitness : 1287 
  code : +-,++[++><+,>+<,+++-]++,+,[+,>+[[.,.[[,,--+,-+[+++-+[[+,-,++-++..>-+<]>.[[]-[[,],][[,[[>[[[[]<+-[[[+><>>-+>-[-[,..[.],<<<,..[.+]>++>->->..-<>[>[>,,-+[  
 goal : hello -> ggllo
2019-07-01T22:08:17.765 
Gen : 13600 , BEST: , 1287  , SECOND: 1287 
2019-07-01T22:08:28.145 
Gen : 13700 , BEST: , 1287  , SECOND: 1287 
2019-07-01T22:08:40.795 
Gen : 13800 , BEST: , 1287  , SECOND: 1287 
2019-07-01T22:08:52.079 
Gen : 13900 , BEST: , 1287  , SECOND: 1287 
2019-07-01T22:09:02.238 
Gen : 14000 , BEST: , 1287  , SECOND: 1287 
fitness : 1287 
  code : -,>,++[++><><+,>+<,+++-]++,+,[+,>+[[.,.[[,,[-[+,-+[+++--+[[+,-,++-++..>-+<]][,[,,<[+<>-.<,<][<].,.>.<-->>+>,[<+<.+-]>>--<+>>--+>..-->.+>,>[[<..[><-<++  
 goal : hello -> ggllo
2019-07-01T22:09:11.44 
Gen : 14100 , BEST: , 1287  , SECOND: 1287 
2019-07-01T22:09:21.733 
Gen : 14200 , BEST: , 1287  , SECOND: 1287 
2019-07-01T22:09:33.556 
Gen : 14300 , BEST: , 1287  , SECOND: 1287 
2019-07-01T22:09:44.422 
Gen : 14400 , BEST: , 1287  , SECOND: 1287 
2019-07-01T22:09:55.401 
Gen : 14500 , BEST: , 1287  , SECOND: 1287 
fitness : 1287 
  code : +,+[++><><+,>+<,+++-]+,,+,[+->+[[.[,.[[,,[-[[+,-+[+++--+[[+,-,++-++..>-+<].],[+<,><.+.<-[<-<+>++[.<--,---+[++<+[--+][..-<->-++---->+->.<++,]--]-[,,.[[  
 goal : hello -> ggllo
2019-07-01T22:10:06.404 
Gen : 14600 , BEST: , 1287  , SECOND: 1287 
2019-07-01T22:10:16.643 
Gen : 14700 , BEST: , 1287  , SECOND: 1287 
2019-07-01T22:10:26.567 
Gen : 14800 , BEST: , 1287  , SECOND: 1287 
2019-07-01T22:10:36.744 
Gen : 14900 , BEST: , 1287  , SECOND: 1287 
2019-07-01T22:10:46.913 
Gen : 15000 , BEST: , 1287  , SECOND: 1287 
fitness : 1287 
  code : ><><+[,+[[++><+,>+<,+++-]+,,+[++->+[[.[,.[[,,[-[[+,-+[+++--+[[+-,++-++..>-+<].[<+<+>+<..->[+>+..+.->--[-]+.+-]--[--->]>-->.>+-<>---<+-<+]++++++[<++[+.  
 goal : hello -> ggllo
2019-07-01T22:10:55.593 
Gen : 15100 , BEST: , 1287  , SECOND: 1287 
2019-07-01T22:11:07.439 
Gen : 15200 , BEST: , 1287  , SECOND: 1287 
2019-07-01T22:11:20.402 
Gen : 15300 , BEST: , 1287  , SECOND: 1287 
2019-07-01T22:11:33.018 
Gen : 15400 , BEST: , 1287  , SECOND: 1287 
2019-07-01T22:11:46.103 
Gen : 15500 , BEST: , 1287  , SECOND: 1287 
fitness : 1287 
  code : ,><+,+[+++><+,>+<,++-]+,,+[+++->+[[.[,.[[,,[-[[,+,-+[+++--+[[+-,++-++..>,-+<].[<[>[<.[<.+<+-[[[>]>-+.].>,---.-.-<-+-]]<-]>-<+>.>>--<.+,<.<+],[[.-+-[-+  
 goal : hello -> ggllo
2019-07-01T22:11:59.284 
Gen : 15600 , BEST: , 1287  , SECOND: 1287 
2019-07-01T22:12:14.913 
Gen : 15700 , BEST: , 1287  , SECOND: 1287 
2019-07-01T22:12:31.106 
Gen : 15800 , BEST: , 1287  , SECOND: 1287 
2019-07-01T22:12:48.51 
Gen : 15900 , BEST: , 1287  , SECOND: 1287 
2019-07-01T22:13:03.179 
Gen : 16000 , BEST: , 1287  , SECOND: 1287 
fitness : 1287 
  code : >+[-++[+++><+,>+<,++-],,+[+++->+[[.[,.[[,[-[[,+,-+[+++--+[+-,++-++..>,-+<].]]>][+[.,.,.,.++-,,,.]]><[]>,,->,<.>,><+>+[>>.[>,[>+[>[+++.]<->,,<->,..+.<-  
 goal : hello -> ggllo
2019-07-01T22:13:12.756 
Gen : 16100 , BEST: , 1287  , SECOND: 1287 
2019-07-01T22:13:22.406 
Gen : 16200 , BEST: , 1287  , SECOND: 1287 
2019-07-01T22:13:35.917 
Gen : 16300 , BEST: , 1287  , SECOND: 1287 
2019-07-01T22:13:47.366 
Gen : 16400 , BEST: , 1287  , SECOND: 1287 
2019-07-01T22:13:58.096 
Gen : 16500 , BEST: , 1287  , SECOND: 1287 
fitness : 1287 
  code : +[-++[+++,><+,>+<++-],,+[+++->+[.[,.[[,[-[[,+,-[+[+,++--+[+-,++-++..>,-<].[<>>.++>.,<,-[>,<+<<>>[..[>[[<[[[[+<<[,>]<][<><.]+,[<][>.+]][.<->---+][]-,>>  
 goal : hello -> ggllo
2019-07-01T22:14:08.343 
Gen : 16600 , BEST: , 1287  , SECOND: 1287 
2019-07-01T22:14:19.295 
Gen : 16700 , BEST: , 1287  , SECOND: 1287 
2019-07-01T22:14:28.35 
Gen : 16800 , BEST: , 1287  , SECOND: 1287 
2019-07-01T22:14:38.671 
Gen : 16900 , BEST: , 1287  , SECOND: 1287 
2019-07-01T22:14:49.041 
Gen : 17000 , BEST: , 1288  , SECOND: 1287 
fitness : 1288 
  code : +[-++[+++,><+,>+<++-],,+[+++->+[.[+--.[[,[-[[++,-[+[+,++--+[+-++-++..>,--<].>.+,,>,[.[.,>,--.[]<,,>+++.+<,<.[>[+,[<<<><..+>.++-+-,[[]<<-<-.[[..,+,>..<  
 goal : hello -> gfllo
2019-07-01T22:14:59.062 
Gen : 17100 , BEST: , 1288  , SECOND: 1288 
2019-07-01T22:15:09.691 
Gen : 17200 , BEST: , 1288  , SECOND: 1288 
2019-07-01T22:15:18.87 
Gen : 17300 , BEST: , 1288  , SECOND: 1288 
2019-07-01T22:15:28.328 
Gen : 17400 , BEST: , 1288  , SECOND: 1288 
2019-07-01T22:15:38.72 
Gen : 17500 , BEST: , 1288  , SECOND: 1288 
fitness : 1288 
  code : +[-++[+++,><+,>+<++-],,++++->+[.[+--.[,[-[[++,-[+[+,++--+[+-++-++..>,--<].,+,,>,[,+>[++[.[.[.[.],]>+--+,-+<[<,[[<+><+[<--<]+][,+,[[><,,]].+..,..],-,->  
 goal : hello -> gfllo
2019-07-01T22:15:48.085 
Gen : 17600 , BEST: , 1288  , SECOND: 1288 
2019-07-01T22:15:57.318 
Gen : 17700 , BEST: , 1288  , SECOND: 1288 
2019-07-01T22:16:07.046 
Gen : 17800 , BEST: , 1288  , SECOND: 1288 
2019-07-01T22:16:18.643 
Gen : 17900 , BEST: , 1288  , SECOND: 1288 
2019-07-01T22:16:31.996 
Gen : 18000 , BEST: , 1288  , SECOND: 1288 
fitness : 1288 
  code : >-++[+-[++,>,+<>+<++++,-],++->+[.[+--.[,[-[[++-[+[+,++--+[+-++-++,..>,-<]+++-+.].>.]+++>,+[..+,+,,[>]],,]++><>,><[[[,++><+>->-,,[][[,[+,,]+,-,,]-[.]>[  
 goal : hello -> gfllo
2019-07-01T22:16:44.509 
Gen : 18100 , BEST: , 1288  , SECOND: 1288 
2019-07-01T22:16:55.948 
Gen : 18200 , BEST: , 1288  , SECOND: 1288 
2019-07-01T22:17:04.665 
Gen : 18300 , BEST: , 1288  , SECOND: 1288 
2019-07-01T22:17:14.588 
Gen : 18400 , BEST: , 1288  , SECOND: 1288 
2019-07-01T22:17:25.581 
Gen : 18500 , BEST: , 1289  , SECOND: 1289 
fitness : 1289 
  code : +[-++[+++,><+,>+<+-+],+,++++->+[.[+---.[,[-[++,-[++,++-+[+-++-++,..>+,-<]+].+-[[+>>[>>.>>>>[.,><[.+,+,,+<+++++]+.]>>,,[[[+>[[,,,-+,<<]>[,,+][+[[[><,-+  
 goal : hello -> gello
2019-07-01T22:17:38.04 
Gen : 18600 , BEST: , 1289  , SECOND: 1289 
2019-07-01T22:17:49.155 
Gen : 18700 , BEST: , 1289  , SECOND: 1289 
2019-07-01T22:17:58.858 
Gen : 18800 , BEST: , 1289  , SECOND: 1289 
2019-07-01T22:18:10.12 
Gen : 18900 , BEST: , 1289  , SECOND: 1289 
2019-07-01T22:18:21.151 
Gen : 19000 , BEST: , 1289  , SECOND: 1289 
fitness : 1289 
  code : >+[-++[+++,><+,>+<+-+],+,++,+->+[.[+---.[,[-[++,-[++,++-+[+-++-++,..>-+,-<]-]+->>><[].<,.,<<><,]>+]+,]+>>>+]>>><+>,-,-]<+[+-+[+>][<<<>><<,>,>,.[+>][,.  
 goal : hello -> gello
2019-07-01T22:18:32.154 
Gen : 19100 , BEST: , 1289  , SECOND: 1289 
2019-07-01T22:18:42.195 
Gen : 19200 , BEST: , 1289  , SECOND: 1289 
2019-07-01T22:18:54.365 
Gen : 19300 , BEST: , 1289  , SECOND: 1289 
2019-07-01T22:19:05.386 
Gen : 19400 , BEST: , 1289  , SECOND: 1289 
2019-07-01T22:19:16.113 
Gen : 19500 , BEST: , 1289  , SECOND: 1289 
fitness : 1289 
  code : +-,++[+++,-+-,,+>,+<++-+]+-+,++,+->+[.[+---.[,[-[++,-[++,++,-+[+,-++-++,..>-+,-<]-]-<]>]><<,<+[>+>>[>>]<,<[.<>,<<><<]>]>[>,>][[.<-.<>,[[<<>][><>.-+>..  
 goal : hello -> gello
2019-07-01T22:19:26.495 
Gen : 19600 , BEST: , 1289  , SECOND: 1289 
2019-07-01T22:19:38.185 
Gen : 19700 , BEST: , 1289  , SECOND: 1289 
2019-07-01T22:19:49.978 
Gen : 19800 , BEST: , 1289  , SECOND: 1289 
2019-07-01T22:20:02.666 
Gen : 19900 , BEST: , 1289  , SECOND: 1289 
2019-07-01T22:20:16.378 
Gen : 20000 , BEST: , 1289  , SECOND: 1289 
fitness : 1289 
  code : ++[+++,-+-,,+>,+<++-+]-+,+-+,++,+->+[.[+---.[,[-[++,-[++,++,-+[+,-++-++,..>+,<]-]<]<,-[[,[,+>[+>,,[.<<]>>[>-<]>[.[.-<>--<>[[-[]<.<-[++,,>..-+[-[,[>[]<  
 goal : hello -> gello
2019-07-01T22:20:27.794 
Gen : 20100 , BEST: , 1289  , SECOND: 1289 
2019-07-01T22:20:41.007 
Gen : 20200 , BEST: , 1289  , SECOND: 1289 
2019-07-01T22:20:51.798 
Gen : 20300 , BEST: , 1289  , SECOND: 1289 
2019-07-01T22:21:02.893 
Gen : 20400 , BEST: , 1289  , SECOND: 1289 
2019-07-01T22:21:14.535 
Gen : 20500 , BEST: , 1289  , SECOND: 1289 
fitness : 1289 
  code : ++[+++,-+-,,+>,+<++-+],-+-+,+-+,++,>+.[+---.[,[-[+[++,-[+,++,-+[+,-++-++,..>+,<]-<<]<,-[]--<[-[->[.[[-]<[<[.>>>.>-][>-[>[[-[,><[][<-[>.[[>[<-[,<-+>-+.  
 goal : hello -> gello
2019-07-01T22:21:27.351 
Gen : 20600 , BEST: , 1289  , SECOND: 1289 
2019-07-01T22:21:38.301 
Gen : 20700 , BEST: , 1289  , SECOND: 1289 
2019-07-01T22:21:49.272 
Gen : 20800 , BEST: , 1289  , SECOND: 1289 
2019-07-01T22:21:59.125 
Gen : 20900 , BEST: , 1289  , SECOND: 1289 
2019-07-01T22:22:10.125 
Gen : 21000 , BEST: , 1289  , SECOND: 1289 
fitness : 1289 
  code : ,+[+[+++,-,,+>,+<++-+],-++,+---+,++,>+.[+---.[,[-[+[++,-[+,++,-+[+,-++-++,..>,<]-<<,-[-<[--,>>[<[-.-.>.-[[+[]<<][>,><.,-[><+<,[[+,-.[<+,,<+++[>,>>.-,.  
 goal : hello -> gello
2019-07-01T22:22:19.989 
Gen : 21100 , BEST: , 1289  , SECOND: 1289 
2019-07-01T22:22:29.94 
Gen : 21200 , BEST: , 1289  , SECOND: 1289 
2019-07-01T22:22:40.755 
Gen : 21300 , BEST: , 1289  , SECOND: 1289 
2019-07-01T22:22:52.194 
Gen : 21400 , BEST: , 1289  , SECOND: 1289 
2019-07-01T22:23:03.283 
Gen : 21500 , BEST: , 1289  , SECOND: 1289 
fitness : 1289 
  code : >+[+[+++,-,,,>+<++-++]-++-+-----,+,++,>+.[+---.[,[-[+++,-+,++,-+[+,-++-++,..][],.-],>--+,..+-<->.><]--.<-<,[>>,,<+[,>]>]<,+<,[,+,<<,+[>[[+]].+>.->>.>[  
 goal : hello -> gello
2019-07-01T22:23:13.381 
Gen : 21600 , BEST: , 1289  , SECOND: 1289 
2019-07-01T22:23:22.198 
Gen : 21700 , BEST: , 1289  , SECOND: 1289 
2019-07-01T22:23:32.464 
Gen : 21800 , BEST: , 1289  , SECOND: 1289 
2019-07-01T22:23:42.297 
Gen : 21900 , BEST: , 1289  , SECOND: 1289 
2019-07-01T22:23:52.752 
Gen : 22000 , BEST: , 1289  , SECOND: 1289 
fitness : 1289 
  code : >+[+[+++-,,,,>+<++-++]-+-+-+--,+,,+,>+.[+---.[,[-[+++-+,++,-+[+,-++-++,..][],.-],>+-[],.+]]-+-.><-><>>,,<]]].>]<+[,]<.[<>]].]>[.+]+[>+>>]>>+.[<>+[]+[+  
 goal : hello -> gello
2019-07-01T22:24:03.442 
Gen : 22100 , BEST: , 1289  , SECOND: 1289 
2019-07-01T22:24:14.072 
Gen : 22200 , BEST: , 1289  , SECOND: 1289 
2019-07-01T22:24:24.11 
Gen : 22300 , BEST: , 1289  , SECOND: 1289 
2019-07-01T22:24:35.171 
Gen : 22400 , BEST: , 1289  , SECOND: 1289 
2019-07-01T22:24:46.153 
Gen : 22500 , BEST: , 1289  , SECOND: 1289 
fitness : 1289 
  code : ++[[++-,,>+<++,++]---+--,,,+-,,+,>+.[+---.[,[-[+++-+[++,-+[+,-++-++,..][.],.]],[,]]>-.,[.],.]>,<.[[[-[]]->->,>[[[..[<[,<<,,]<,<+,><]->>]<<].<].><>,...  
 goal : hello -> gello
2019-07-01T22:24:57.105 
Gen : 22600 , BEST: , 1289  , SECOND: 1289 
2019-07-01T22:25:08.636 
Gen : 22700 , BEST: , 1289  , SECOND: 1289 
2019-07-01T22:25:20.304 
Gen : 22800 , BEST: , 1289  , SECOND: 1289 
2019-07-01T22:25:30.33 
Gen : 22900 , BEST: , 1289  , SECOND: 1289 
2019-07-01T22:25:42.884 
Gen : 23000 , BEST: , 1289  , SECOND: 1289 
fitness : 1289 
  code : >+-+>++[++->+<++,++]---+-+-,,,+-,++,>+.[+-,--.,[,[-[+++-+[++,-+[+++,..]+][<]<>[->+.[<][[>[..+>[.>...[>[<]<[][,[<-+]+]]++<..,<>>,>->]>+]-<[<,],>+.,-++,  
 goal : hello -> gello
2019-07-01T22:25:56.367 
Gen : 23100 , BEST: , 1289  , SECOND: 1289 
2019-07-01T22:26:11.024 
Gen : 23200 , BEST: , 1289  , SECOND: 1289 
2019-07-01T22:26:22.696 
Gen : 23300 , BEST: , 1289  , SECOND: 1289 
2019-07-01T22:26:33.941 
Gen : 23400 , BEST: , 1289  , SECOND: 1289 
2019-07-01T22:26:47.245 
Gen : 23500 , BEST: , 1289  , SECOND: 1289 
fitness : 1289 
  code : -+>++[++->+<++,++]---+[-+,,+-,++,>+.[+-,--.[,[-[+++-+[++,-+[+++,..]+][<]<>[->+][[[<]<[.>[.>].<]<-.]+]-][,-<],,[.+[,,[.]+[>,.[+<>.+[,<[<,>..]<-+><>-,<>  
 goal : hello -> gello
2019-07-01T22:26:58.796 
Gen : 23600 , BEST: , 1289  , SECOND: 1289 
2019-07-01T22:27:08.679 
Gen : 23700 , BEST: , 1289  , SECOND: 1289 
2019-07-01T22:27:20.426 
Gen : 23800 , BEST: , 1289  , SECOND: 1289 
2019-07-01T22:27:31.052 
Gen : 23900 , BEST: , 1289  , SECOND: 1289 
2019-07-01T22:27:46.268 
Gen : 24000 , BEST: , 1289  , SECOND: 1289 
fitness : 1289 
  code : ++,,>++[++->+<++,++]---+[-+,,++-,++,>+.[+-,--.[[-[+++-+[++,-+[+++,..]+>.++,]>->>+>]..><<[<<.+]]]-[]..,]+++-,,][[.[]]]+,>>.+<.[]<.>+-.+]>+,>.>+>]-.,++.  
 goal : hello -> gello
2019-07-01T22:28:00.696 
Gen : 24100 , BEST: , 1289  , SECOND: 1289 
2019-07-01T22:28:13.713 
Gen : 24200 , BEST: , 1289  , SECOND: 1289 
2019-07-01T22:28:27.586 
Gen : 24300 , BEST: , 1289  , SECOND: 1289 
2019-07-01T22:28:41.495 
Gen : 24400 , BEST: , 1289  , SECOND: 1289 
2019-07-01T22:28:53.959 
Gen : 24500 , BEST: , 1289  , SECOND: 1289 
fitness : 1289 
  code : ++[++->+<++,++],--+[-+,,++-,++,>+.[+-,--.[[-[,+++-+[++,-+[+++,..]+>.+++,>[>[][>]>-->>[]>>[+---],.<-+--]->-,,+]+-]]..+]--..,+-..,+]][][->.]--,,+<..++-,  
 goal : hello -> gello
2019-07-01T22:29:06.247 
Gen : 24600 , BEST: , 1289  , SECOND: 1289 
2019-07-01T22:29:17.002 
Gen : 24700 , BEST: , 1289  , SECOND: 1289 
2019-07-01T22:29:28.584 
Gen : 24800 , BEST: , 1289  , SECOND: 1289 
2019-07-01T22:29:39.869 
Gen : 24900 , BEST: , 1289  , SECOND: 1289 
2019-07-01T22:29:51.871 
Gen : 25000 , BEST: , 1289  , SECOND: 1289 
fitness : 1289 
  code : ++[++->+<++,++],--+[-+,[+-,++,>+.[+-,--.[[[-[,+++-+[++,-+[+++,..]+,,.],]+,<+>><<--,,<<--,[---,->>>[--,[,[<<]--,[<].--+.,]<]]-,.]---++,...]...[-.,....[  
 goal : hello -> gello
2019-07-01T22:30:08.588 
Gen : 25100 , BEST: , 1289  , SECOND: 1289 
2019-07-01T22:30:23.584 
Gen : 25200 , BEST: , 1289  , SECOND: 1289 
2019-07-01T22:30:35.136 
Gen : 25300 , BEST: , 1289  , SECOND: 1289 
2019-07-01T22:30:47.607 
Gen : 25400 , BEST: , 1289  , SECOND: 1289 
2019-07-01T22:31:00.309 
Gen : 25500 , BEST: , 1289  , SECOND: 1289 
fitness : 1289 
  code : +[+++->+<+,+>+<,+,],--+[-,++,>+.[+-,--.[[[-[+++-+[++,-+[+++,..]]+++]]],<-<-+-<<+>---><+>--<[,>.[+<]+<<.-].,<],,,]],-]<+--+..,-].>.]>.]>--,.,>+,.,<].,-  
 goal : hello -> gello
2019-07-01T22:31:17.556 
Gen : 25600 , BEST: , 1289  , SECOND: 1289 
2019-07-01T22:31:32.041 
Gen : 25700 , BEST: , 1289  , SECOND: 1289 
2019-07-01T22:31:45.093 
Gen : 25800 , BEST: , 1289  , SECOND: 1289 
2019-07-01T22:31:58.83 
Gen : 25900 , BEST: , 1289  , SECOND: 1289 
2019-07-01T22:32:11.223 
Gen : 26000 , BEST: , 1289  , SECOND: 1289 
fitness : 1289 
  code : -++[+++->,+<++>+<,+,],-[-,++,>+.[+-,--[.-+[-[+++-+,++-+[+++,..]]+++>++-]>,->,-,]<<[,>-+-]<].<[[,,]->],>[<<>[+--,[[]],,[.],+-,,.,,,,.<<.+-],]--[.<,[>,[  
 goal : hello -> gello
2019-07-01T22:32:23.25 
Gen : 26100 , BEST: , 1289  , SECOND: 1289 
2019-07-01T22:32:35.809 
Gen : 26200 , BEST: , 1289  , SECOND: 1289 
2019-07-01T22:32:45.692 
Gen : 26300 , BEST: , 1289  , SECOND: 1289 
2019-07-01T22:32:58.264 
Gen : 26400 , BEST: , 1289  , SECOND: 1289 
2019-07-01T22:33:09.226 
Gen : 26500 , BEST: , 1289  , SECOND: 1289 
fitness : 1289 
  code : ++-,[+++->,+<+,+>+<+,]++,>+.[+-,--[.-+[-+++-+,++-+[+++,..].].>]>,<-+>.,<+-]+,>]>>.,.],,].[,[>][,.]..,>-[,-[]]+]]].,<-+.][]+]-.]]-[.-<>]-[.-<><<>,.<]<+  
 goal : hello -> gello
2019-07-01T22:33:19.619 
Gen : 26600 , BEST: , 1289  , SECOND: 1289 
2019-07-01T22:33:30.576 
Gen : 26700 , BEST: , 1289  , SECOND: 1289 
2019-07-01T22:33:41.876 
Gen : 26800 , BEST: , 1289  , SECOND: 1289 
2019-07-01T22:33:52.805 
Gen : 26900 , BEST: , 1289  , SECOND: 1289 
2019-07-01T22:34:06.182 
Gen : 27000 , BEST: , 1289  , SECOND: 1289 
fitness : 1289 
  code : ->++-,[+++->,+,<+,+>+<+,]++,>+.+-,--[.-+[-+++-+,++-+[+++,..].].>]>+[<.+][->->,,],]]>]][]>][--.]>,-[-,+<+>-.->-]]-,]]-,,[+]+<][+-,,,,.-,..,+<>>,,..-[+-  
 goal : hello -> gello
2019-07-01T22:34:19.22 
Gen : 27100 , BEST: , 1289  , SECOND: 1289 
2019-07-01T22:34:30.399 
Gen : 27200 , BEST: , 1289  , SECOND: 1289 
2019-07-01T22:34:41.766 
Gen : 27300 , BEST: , 1289  , SECOND: 1289 
2019-07-01T22:34:52.985 
Gen : 27400 , BEST: , 1289  , SECOND: 1289 
2019-07-01T22:35:01.949 
Gen : 27500 , BEST: , 1289  , SECOND: 1289 
fitness : 1289 
  code : ++-,[+++->,+,<++>+<+,]++,>+.+-,--[.-+[-+++-+,++-+[+++,,..].>>,+]]>,].+[.]-.+--][]+-]--]<<+,-]-.-,-[[+<+[,<.<[+,<,[<-><-<,>+-<<]>[[[[.,>[>]],,<.],>]+<+  
 goal : hello -> gello
2019-07-01T22:35:10.641 
Gen : 27600 , BEST: , 1289  , SECOND: 1289 
2019-07-01T22:35:19.201 
Gen : 27700 , BEST: , 1289  , SECOND: 1289 
2019-07-01T22:35:29.844 
Gen : 27800 , BEST: , 1289  , SECOND: 1289 
2019-07-01T22:35:40.386 
Gen : 27900 , BEST: , 1289  , SECOND: 1289 
2019-07-01T22:35:52.236 
Gen : 28000 , BEST: , 1289  , SECOND: 1289 
fitness : 1289 
  code : +[+++->,+,<++>+<+,]++,>+.+[-,--[.-+[-++,+-+,++-+[+++,,..],,..[]+.,>,..[]>,.><]].,-].[][,[]<,<-,,[-[-<->]++.[+->.[+]]-,[+>[]<-[+-.>,-------.+<-,<-,<<+<  
 goal : hello -> gello
2019-07-01T22:36:02.333 
Gen : 28100 , BEST: , 1289  , SECOND: 1289 
2019-07-01T22:36:13.025 
Gen : 28200 , BEST: , 1289  , SECOND: 1289 
2019-07-01T22:36:26.095 
Gen : 28300 , BEST: , 1289  , SECOND: 1289 
2019-07-01T22:36:36.155 
Gen : 28400 , BEST: , 1289  , SECOND: 1289 
2019-07-01T22:36:44.999 
Gen : 28500 , BEST: , 1289  , SECOND: 1289 
fitness : 1289 
  code : >+[+++->,+,<++>+<+,]++,>+.+[-,--[.-++[+-,+-+,++-+[+++,..],],.-.>],-..]-,<><>,]->,.].]>><],]<,->,-,->]],-,<--.<,].>.]+--++[-.[-,--,-,[<,<,<<,[+-+-.]<[,  
 goal : hello -> gello
2019-07-01T22:36:54.259 
Gen : 28600 , BEST: , 1289  , SECOND: 1289 
2019-07-01T22:37:04.348 
Gen : 28700 , BEST: , 1289  , SECOND: 1289 
2019-07-01T22:37:14.691 
Gen : 28800 , BEST: , 1289  , SECOND: 1289 
2019-07-01T22:37:25.335 
Gen : 28900 , BEST: , 1289  , SECOND: 1289 
2019-07-01T22:37:37.343 
Gen : 29000 , BEST: , 1289  , SECOND: 1289 
fitness : 1289 
  code : +[[+,++->+<++>+,<+,]++,>+.+[---[.-++[+,++-+[+++,..],].,..<+.,[,].][]<]-[>--[[+-,.[]-,]-].]]>+]]+.].[[+,>]]>-]]-,..>,+-<<-]].]-[>+.-[[][.,]],,--,,-.>+-  
 goal : hello -> gello
2019-07-01T22:37:47.924 
Gen : 29100 , BEST: , 1289  , SECOND: 1289 
2019-07-01T22:37:58.905 
Gen : 29200 , BEST: , 1289  , SECOND: 1289 
2019-07-01T22:38:10.125 
Gen : 29300 , BEST: , 1289  , SECOND: 1289 
2019-07-01T22:38:21.612 
Gen : 29400 , BEST: , 1289  , SECOND: 1289 
2019-07-01T22:38:34.711 
Gen : 29500 , BEST: , 1289  , SECOND: 1289 
fitness : 1289 
  code : -[>+[[+,++->+<++>+,<+],,]+,>+.+[---[.-++[+,++-+[+++,..].,[.,[[.,[.,,].][]-[,],<[-+,]][-,][].][->>.,]>->],]>+.,]>,].--]].][+.-<.+.>,,>,+[]+,]>[>+++.,-[  
 goal : hello -> gello
2019-07-01T22:38:44.88 
Gen : 29600 , BEST: , 1289  , SECOND: 1289 
2019-07-01T22:38:56.734 
Gen : 29700 , BEST: , 1289  , SECOND: 1289 
2019-07-01T22:39:11.53 
Gen : 29800 , BEST: , 1289  , SECOND: 1289 
2019-07-01T22:39:26.76 
Gen : 29900 , BEST: , 1289  , SECOND: 1289 
2019-07-01T22:39:38.905 
Gen : 30000 , BEST: , 1289  , SECOND: 1289 
fitness : 1289 
  code : >+[[+,++->+<++>+,<+][,,,]+,>+.+[---[.-++[+,++,[-+[+++,..].,[.,[.,[.,,.]].].>],,[-]]--][[[]<-[>][<>]<....]..]]-]>-]<-.,+<+<>.-]++++++->.+].+.+[>+[-+[+[  
 goal : hello -> gello
2019-07-01T22:39:49.682 
Gen : 30100 , BEST: , 1289  , SECOND: 1289 
2019-07-01T22:40:01.138 
Gen : 30200 , BEST: , 1289  , SECOND: 1289 
2019-07-01T22:40:12.952 
Gen : 30300 , BEST: , 1289  , SECOND: 1289 
2019-07-01T22:40:24.218 
Gen : 30400 , BEST: , 1289  , SECOND: 1289 
2019-07-01T22:40:36.462 
Gen : 30500 , BEST: , 1289  , SECOND: 1289 
fitness : 1289 
  code : +[[+,++->+<++>+,<+][,+,.]+,>+.+[---[.-++[+,++[-+[+++,..,].,[+>.[]+[....[+[[.[,-<-].]]..[,<.,].-...>.>->,[-->-,.>-]+]<<]+]>+>+[+]],+>..+][<],+[-<>+[->,  
 goal : hello -> gello
2019-07-01T22:40:48.867 
Gen : 30600 , BEST: , 1289  , SECOND: 1289 
2019-07-01T22:41:02.14 
Gen : 30700 , BEST: , 1289  , SECOND: 1289 
2019-07-01T22:41:11.742 
Gen : 30800 , BEST: , 1289  , SECOND: 1289 
2019-07-01T22:41:22.842 
Gen : 30900 , BEST: , 1289  , SECOND: 1289 
2019-07-01T22:41:33.653 
Gen : 31000 , BEST: , 1289  , SECOND: 1289 
fitness : 1289 
  code : +-->+[[+,++->+<++>+,<+][,+,.]+,>+.[---+.-++[+,++[-++++,..,].,>[<.[.[+<>,>.>[.->-]-]-[]]]<]..]..[<+,-.[].[[].[].[[[-[],..+]]+]]],]<],>+]+<+<+.>--+--.-,  
 goal : hello -> gello
2019-07-01T22:41:44.577 
Gen : 31100 , BEST: , 1289  , SECOND: 1289 
2019-07-01T22:41:55.132 
Gen : 31200 , BEST: , 1289  , SECOND: 1289 
2019-07-01T22:42:04.119 
Gen : 31300 , BEST: , 1289  , SECOND: 1289 
2019-07-01T22:42:13.523 
Gen : 31400 , BEST: , 1289  , SECOND: 1289 
2019-07-01T22:42:23.167 
Gen : 31500 , BEST: , 1289  , SECOND: 1289 
fitness : 1289 
  code : []>+[[[+,++->+<++>+,,<+][,+..]+,>+.[---+.-++[+,++[-++++,..]>.>>]-.>>[+[.<[.-[-,.--]..]]->]]]<][,.-]].[>.,--]++]+[-->+]-[>]<>]<-+++][,><+>]+>][,+<[]>,,  
 goal : hello -> gello
2019-07-01T22:42:32.347 
Gen : 31600 , BEST: , 1289  , SECOND: 1289 
2019-07-01T22:42:42.012 
Gen : 31700 , BEST: , 1289  , SECOND: 1289 
2019-07-01T22:42:52.328 
Gen : 31800 , BEST: , 1289  , SECOND: 1289 
2019-07-01T22:43:01.837 
Gen : 31900 , BEST: , 1289  , SECOND: 1289 
2019-07-01T22:43:15.094 
Gen : 32000 , BEST: , 1289  , SECOND: 1289 
fitness : 1289 
  code : +[[,+,++->+<++>+,,<+]+,>+.[---+.-++[+,++[-++++,..]]><>-+[,.<...+<].>+...,[[,+]].,---.,[].+,[-[-]<[]..+]]].]>][,>>+.+>>>[+><[,>+,..[<.>,[<+<,.],.[.--,,  
 goal : hello -> gello
2019-07-01T22:43:26.596 
Gen : 32100 , BEST: , 1289  , SECOND: 1289 
2019-07-01T22:43:37.87 
Gen : 32200 , BEST: , 1289  , SECOND: 1289 
2019-07-01T22:43:49.315 
Gen : 32300 , BEST: , 1289  , SECOND: 1289 
2019-07-01T22:44:02.743 
Gen : 32400 , BEST: , 1289  , SECOND: 1289 
2019-07-01T22:44:18.996 
Gen : 32500 , BEST: , 1289  , SECOND: 1289 
fitness : 1289 
  code : ,+-+[+,++->+<++>+,,<+]++,>+.[---+,.-++[+,++[-++++..],-,+[,.......+[><]>>,+..-[[],-<>.+<.,]---->+->>[<],,[[<>.>><,[..[,[-<]<-+<>.<>+>+]+.>+[[><,]...,-+  
 goal : hello -> gello
2019-07-01T22:44:31.822 
Gen : 32600 , BEST: , 1289  , SECOND: 1289 
2019-07-01T22:44:42.233 
Gen : 32700 , BEST: , 1289  , SECOND: 1289 
2019-07-01T22:44:53.782 
Gen : 32800 , BEST: , 1289  , SECOND: 1289 
2019-07-01T22:45:07.069 
Gen : 32900 , BEST: , 1289  , SECOND: 1289 
2019-07-01T22:45:17.726 
Gen : 33000 , BEST: , 1289  , SECOND: 1289 
fitness : 1289 
  code : +[+,++->+<++>+,,<+]++->+.[---+,.-++[+,++[-++++..],.+.],.[...+>].,].].<+[>-.][-[>-,[<>.-[>[><.<><[>[><<-+<<[,,<.<,-<-,<+<+,+>-.+,]+[>[>,[++,,>..+.+>+->  
 goal : hello -> gello
2019-07-01T22:45:26.86 
Gen : 33100 , BEST: , 1289  , SECOND: 1289 
2019-07-01T22:45:38.982 
Gen : 33200 , BEST: , 1289  , SECOND: 1289 
2019-07-01T22:45:53.416 
Gen : 33300 , BEST: , 1289  , SECOND: 1289 
2019-07-01T22:46:04.861 
Gen : 33400 , BEST: , 1289  , SECOND: 1289 
2019-07-01T22:46:14.255 
Gen : 33500 , BEST: , 1289  , SECOND: 1289 
fitness : 1289 
  code : +[+++->+<++>+,,<+]++->+.[---+,.-++[+,++[-++++..,],+.]][,].++,+]+].].+-.]..+<[+[<]+,[<]].-[>]<<<<]>>]<<<<+-+--<>[--+[+.+[[+++,>-,-<[<-]-[[.[]]+]+[---<+  
 goal : hello -> gello
2019-07-01T22:46:23.455 
Gen : 33600 , BEST: , 1289  , SECOND: 1289 
2019-07-01T22:46:32.19 
Gen : 33700 , BEST: , 1289  , SECOND: 1289 
2019-07-01T22:46:41.857 
Gen : 33800 , BEST: , 1289  , SECOND: 1289 
2019-07-01T22:46:55.165 
Gen : 33900 , BEST: , 1289  , SECOND: 1289 
2019-07-01T22:47:08.003 
Gen : 34000 , BEST: , 1289  , SECOND: 1289 
fitness : 1289 
  code : ,>++[+++-><++>+,<+]++->+.[---+,.-++[+,++[-++++..,],+.],++]<,>+<]<].]<.[<+]+-.-+--<]><.]<]><]<,-],..+[+<<],.++]+..,++-.+.>[-.-.].+],,]]--]<-[.-]<-[<+,<  
 goal : hello -> gello
2019-07-01T22:47:19.794 
Gen : 34100 , BEST: , 1289  , SECOND: 1289 
2019-07-01T22:47:29.23 
Gen : 34200 , BEST: , 1289  , SECOND: 1289 
2019-07-01T22:47:37.7 
Gen : 34300 , BEST: , 1289  , SECOND: 1289 
2019-07-01T22:47:46.826 
Gen : 34400 , BEST: , 1289  , SECOND: 1289 
2019-07-01T22:47:57.495 
Gen : 34500 , BEST: , 1289  , SECOND: 1289 
fitness : 1289 
  code : ++[+++-><++>+,<+]+->+.[---+,.-++[+,++[-++++..,],+.,++++-<][,.-.]]>>++>].<>-.-<,,+-<,,,,[.+-],],]]-,..+<,+.,-<<,],>]]+.[][]]-]]]]<>,.]>>-]>,>++,+>.+]+[  
 goal : hello -> gello
2019-07-01T22:48:07.28 
Gen : 34600 , BEST: , 1289  , SECOND: 1289 
2019-07-01T22:48:17.04 
Gen : 34700 , BEST: , 1289  , SECOND: 1289 
2019-07-01T22:48:28.919 
Gen : 34800 , BEST: , 1289  , SECOND: 1289 
2019-07-01T22:48:43.319 
Gen : 34900 , BEST: , 1289  , SECOND: 1289 
2019-07-01T22:48:53.415 
Gen : 35000 , BEST: , 1289  , SECOND: 1289 
fitness : 1289 
  code : +>++,[+++-><++>+,<+]+->+.[[---+,.-++[+++[-++++..][+.+>[.>]].]>[>[][>.]>>>>.]]]-.>-,<<,<..]<,[><.]+][<[[-<-.[.].+.,].>++]>],-.]+++.-+->++,]+.[-,>-,-,+,  
 goal : hello -> gello
2019-07-01T22:49:04.316 
Gen : 35100 , BEST: , 1289  , SECOND: 1289 
2019-07-01T22:49:15.217 
Gen : 35200 , BEST: , 1289  , SECOND: 1289 
2019-07-01T22:49:28.529 
Gen : 35300 , BEST: , 1289  , SECOND: 1289 
2019-07-01T22:49:42.476 
Gen : 35400 , BEST: , 1289  , SECOND: 1289 
2019-07-01T22:49:57.966 
Gen : 35500 , BEST: , 1289  , SECOND: 1289 
fitness : 1289 
  code : +>++,[+++-><++>+,<+]+->+.[---+,.-++[+++[-++++..]-]--]-]+>.<]<.<[+++[][]+][<]<[,,,,.,.][<,-,-.<+>-+>-.>+<]].[]->].->.[+]].>,,+.+.+>+,..,,>+,.>.++<+,]+>  
 goal : hello -> gello
2019-07-01T22:50:09.093 
Gen : 35600 , BEST: , 1289  , SECOND: 1289 
2019-07-01T22:50:20.173 
Gen : 35700 , BEST: , 1289  , SECOND: 1289 
2019-07-01T22:50:30.714 
Gen : 35800 , BEST: , 1289  , SECOND: 1289 
2019-07-01T22:50:40.689 
Gen : 35900 , BEST: , 1289  , SECOND: 1289 
2019-07-01T22:50:51.646 
Gen : 36000 , BEST: , 1289  , SECOND: 1289 
fitness : 1289 
  code : ++,[+++-><+-><++>+,<+]+->+.[-,--+,.-++[+++[-++++..].-----]+,[+-]><++<+..+..,+[.].>,+,,,+,,+,,-][[<]]]]<>.].,+]],--,.+.]]..<[+,...-]<]>]]<+]<]<-<,>]->>  
 goal : hello -> gello
2019-07-01T22:51:02.802 
Gen : 36100 , BEST: , 1289  , SECOND: 1289 
2019-07-01T22:51:12.313 
Gen : 36200 , BEST: , 1289  , SECOND: 1289 
2019-07-01T22:51:22.312 
Gen : 36300 , BEST: , 1289  , SECOND: 1289 
2019-07-01T22:51:31.555 
Gen : 36400 , BEST: , 1289  , SECOND: 1289 
2019-07-01T22:51:40.456 
Gen : 36500 , BEST: , 1289  , SECOND: 1289 
fitness : 1289 
  code : >+,+[,++-,><++-><++>+,<+]+->+.[-,--+,.-+++++[-++++..]>>],[>->[[[..,>>,[.-,.++.+-+..++][+[.+.].>,<,<,]]>,.].,].,+.<,++-]-.<+]+>,<,,<,,.,<>]>+.-<+>>[>>.  
 goal : hello -> gello
2019-07-01T22:51:49.277 
Gen : 36600 , BEST: , 1289  , SECOND: 1289 
2019-07-01T22:51:58.913 
Gen : 36700 , BEST: , 1289  , SECOND: 1289 
2019-07-01T22:52:08.63 
Gen : 36800 , BEST: , 1289  , SECOND: 1289 
fitness : 1290 
  code : ---[,++-,><++-><++>+,<+]+->+.[-,--[,.-+++++[-++++..]>[.-[.+,.+,]]][..]-]]<]+..-.]+[..[,[+[<.][,[+<+.[,<+,<.[->>.<,>>-.,>>>]]+<<>,>->+[.<>-<.>>+-<.--><  
 goal : hello -> hello
 Generation : 36886 
fitness 1290 
dna : [0.423297, 0.471602, 0.452349, 0.765445, 0.685267, 0.357234, 0.357234, 0.498482, 0.65792, 0.218427, 0.0580325, 0.357234, 0.358669, 0.38107, 0.218427, 0.0580325, 0.358669, 0.262649, 0.218427, 0.301848, 0.707576, 0.0580325, 0.28318, 0.87965, 0.304834, 0.419222, 0.233562, 0.32926, 0.580345, 0.798692, 0.418517, 0.692813, 0.404435, 0.425014, 0.820507, 0.691719, 0.566684, 0.393146, 0.280454, 0.293131, 0.319166, 0.349679, 0.353819, 0.815106, 0.381227, 0.270959, 0.250875, 0.356527, 0.353819, 0.599813, 0.519888, 0.961939, 0.157463, 0.851479, 0.589211, 0.438298, 0.851479, 0.589211, 0.373478, 0.747105, 0.537479, 0.280047, 0.710475, 0.994368, 0.935288, 0.935288, 0.79826, 0.530562, 0.535432, 0.907091, 0.42468, 0.935288, 0.900766, 0.0548926, 0.907091, 0.252289, 0.608925, 0.562255, 0.475121, 0.562255, 0.907091, 0.354022, 0.825014, 0.608925, 0.545426, 0.774727, 0.710475, 0.825014, 0.354022, 0.825014, 0.0399401, 0.608925, 0.938829, 0.774727, 0.710475, 0.825014, 0.354022, 0.0399401, 0.329898, 0.605127, 0.867454, 0.710475, 0.0327555, 0.329898, 0.743173, 0.0975021, 0.586451, 0.816286, 0.432994, 0.16222, 0.166004, 0.553462, 0.0425001, 0.677843, 0.243364, 0.243364, 0.484118, 0.517589, 0.677843, 0.240959, 0.183947, 0.236316, 0.904966, 0.887088, 0.321096, 0.107084, 0.0425001, 0.174312, 0.677843, 0.243364, 0.484118, 0.148572, 0.348258, 0.838994, 0.594265, 0.100931, 0.148572, 0.413461, 0.0332361, 0.594265, 0.148572, 0.190929, 0.348258, 0.486728, 0.0145016, 0.613208, 0.486728, 0.43793, 0.190929, 0.0547683] 
