targetFitness = 522 
params : Main.GeneticAlgorithms.Types.GAParams(136, 1000000, 186, 200, 0.7, 0.01, true, IOStream(<file ../Results/logStringhi.log>), 11850.0, 522.0, 0, 1) 
2019-07-10T14:40:17.678 , Gen : 100 , BEST: 421  , SECOND: 421 
2019-07-10T14:40:19.818 , Gen : 200 , BEST: 516  , SECOND: 516 
2019-07-10T14:40:22.491 , Gen : 300 , BEST: 519  , SECOND: 519 
2019-07-10T14:40:24.988 , Gen : 400 , BEST: 519  , SECOND: 519 
2019-07-10T14:40:27.167 , Gen : 500 , BEST: 521  , SECOND: 521 
2019-07-10T14:40:29.408 , Gen : 600 , BEST: 521  , SECOND: 521 
2019-07-10T14:40:31.258 , Gen : 700 , BEST: 521  , SECOND: 521 
2019-07-10T14:40:33.476 , Gen : 800 , BEST: 521  , SECOND: 521 
2019-07-10T14:40:35.209 , Gen : 900 , BEST: 521  , SECOND: 521 
2019-07-10T14:40:36.847 , Gen : 1000 , BEST: 521  , SECOND: 521 
fitness : 521 
  code : ,+!++++$*-+++$><++*..*<$,,$<[$<!*.!..+><.+<+$*,<.[.$<+$!!+-*.+*+$+<!,,..]$[*++]+<]-.>]$!-.><]>]..<]-.[.+>+!++,+++-+<+>*<$$$>>,]+**[,>+[<<!.*]-**>!<<<<<!*>!![<<<<<<.<!!<![[+<[]!+*+,],]<.-  
 goal : hi -> hh
fitness : 522 
  code : ++$*++++++*$--*.+$.,$+!]*]+[[!><.><.+-.*!.,<].*<.[.[+$!!!+!,.!,+*,++]+*+]>!-,$>]$!-$,.<]-]!+>-!+<+,+++-+<++>,]-[<]<]<>>,.*,-+,++[*>+,>,!.*]-**!*[<<!*>!!+],,!<<.<!!,*$[+<[]]++,],]$]<*+],+  
 goal : hi -> hi
 Generation : 1066 
fitness 522 
dna : [0.250135, 0.250135, 0.806378, 0.996868, 0.185225, 0.247553, 0.247553, 0.267444, 0.247553, 0.267444, 0.996868, 0.778639, 0.275068, 0.291564, 0.941012, 0.381564, 0.185225, 0.75092, 0.451655, 0.485899, 0.786456, 0.185225, 0.838736, 0.637207, 0.996868, 0.685258, 0.226204, 0.603526, 0.562952, 0.85803, 0.146709, 0.0848607, 0.380748, 0.161862, 0.0848607, 0.380748, 0.266691, 0.312915, 0.380748, 0.95126, 0.871676, 0.374802, 0.543287, 0.0811095, 0.662741, 0.374802, 0.99585, 0.0811095, 0.380748, 0.564101, 0.406142, 0.622149, 0.248695, 0.757913, 0.866032, 0.846075, 0.846075, 0.221269, 0.831292, 0.471107, 0.396405, 0.831292, 0.471107, 0.225059, 0.978521, 0.534565, 0.262209, 0.262209, 0.66206, 0.195364, 0.911349, 0.262209, 0.66206, 0.0929182, 0.818415, 0.327528, 0.502316, 0.793633, 0.0929182, 0.66206, 0.735485, 0.818415, 0.327528, 0.792382, 0.463937, 0.386187, 0.0765452, 0.724988, 0.327528, 0.724988, 0.905541, 0.219417, 0.154114, 0.331487, 0.907005, 0.189768, 0.0399458, 0.189768, 0.473543, 0.189768, 0.189768, 0.189768, 0.272853, 0.189768, 0.0180606, 0.189768, 0.227401, 0.123394, 0.517347, 0.652482, 0.293217, 0.569965, 0.0690527, 0.689447, 0.0610296, 0.694411, 0.0690527, 0.156072, 0.0964772, 0.499778, 0.422886, 0.961144, 0.499778, 0.347394, 0.238033, 0.499778, 0.271586, 0.238033, 0.546544, 0.968202, 0.112488, 0.191839, 0.512758, 0.112488, 0.500696, 0.840062, 0.378854, 0.968202, 0.708603, 0.34548, 0.968202, 0.968202, 0.87285, 0.950418, 0.608348, 0.0793779, 0.0657783, 0.87285, 0.968202, 0.108482, 0.87285, 0.835348, 0.219663, 0.654011, 0.538455, 0.537034, 0.87285, 0.0657783, 0.0094036, 0.396365, 0.0657783, 0.87285, 0.87285, 0.474343, 0.92984, 0.808338, 0.61142, 0.272371, 0.00690125, 0.616426, 0.725041, 0.636594, 0.272371, 0.215534, 0.517717, 0.665735, 0.524079, 0.709717, 0.795698, 0.71865, 0.0744489, 0.917438, 0.248608, 0.654036, 0.466121, 0.248608] 
