targetFitness = 1024 
params : Main.GeneticAlgorithms.Types.GAParams(136, 1000000, 80, 150, 0.7, 0.01, true, IOStream(<file ../Results/logTimesThree.log>), 52168.0, 1024.0, 0, 1) 
2019-08-05T13:57:58.525 , Gen : 100 , BEST: 984 , SECOND: 984 
2019-08-05T13:58:01.056 , Gen : 200 , BEST: 988 , SECOND: 988 
2019-08-05T13:58:03.533 , Gen : 300 , BEST: 988 , SECOND: 988 
2019-08-05T13:58:05.475 , Gen : 400 , BEST: 988 , SECOND: 988 
2019-08-05T13:58:07.102 , Gen : 500 , BEST: 988 , SECOND: 988 
2019-08-05T13:58:08.72 , Gen : 600 , BEST: 988 , SECOND: 988 
2019-08-05T13:58:10.648 , Gen : 700 , BEST: 998 , SECOND: 998 
2019-08-05T13:58:12.891 , Gen : 800 , BEST: 1000 , SECOND: 1000 
2019-08-05T13:58:15.783 , Gen : 900 , BEST: 1000 , SECOND: 1000 
2019-08-05T13:58:18.768 , Gen : 1000 , BEST: 1000 , SECOND: 1000 
fitness : 1000 
 code : +>,>--[--[---[-<->]]<+...<++<.+[.,-,].-+.,--+]+[..++.,.<+[<]<,[<<].[-<,<>+-<>>>, 
 1 * 3 ->  9 
 8 * 3 ->  16 
 10 * 3 ->  18 
2019-08-05T13:58:21.731 , Gen : 1100 , BEST: 1000 , SECOND: 1000 
2019-08-05T13:58:24.695 , Gen : 1200 , BEST: 1000 , SECOND: 1000 
2019-08-05T13:58:27.748 , Gen : 1300 , BEST: 1000 , SECOND: 1000 
2019-08-05T13:58:30.849 , Gen : 1400 , BEST: 1000 , SECOND: 1000 
2019-08-05T13:58:33.877 , Gen : 1500 , BEST: 1000 , SECOND: 1000 
2019-08-05T13:58:37.526 , Gen : 1600 , BEST: 1000 , SECOND: 1000 
2019-08-05T13:58:41.213 , Gen : 1700 , BEST: 1000 , SECOND: 1000 
2019-08-05T13:58:44.128 , Gen : 1800 , BEST: 1010 , SECOND: 1010 
2019-08-05T13:58:47.171 , Gen : 1900 , BEST: 1012 , SECOND: 1012 
2019-08-05T13:58:49.914 , Gen : 2000 , BEST: 1012 , SECOND: 1012 
fitness : 1012 
 code : +++>,+[+<-->]<-[+.++..,>+..>-.[]]-+]+<+]<],-<++<+.-[+,<.].-,+]<>]]<[+..>,[,..[>] 
 15 * 3 ->  35 
 13 * 3 ->  31 
 9 * 3 ->  23 
2019-08-05T13:58:52.925 , Gen : 2100 , BEST: 1012 , SECOND: 1012 
2019-08-05T13:58:56.025 , Gen : 2200 , BEST: 1012 , SECOND: 1012 
2019-08-05T13:58:59.199 , Gen : 2300 , BEST: 1012 , SECOND: 1012 
2019-08-05T13:59:02.631 , Gen : 2400 , BEST: 1012 , SECOND: 1012 
2019-08-05T13:59:06.304 , Gen : 2500 , BEST: 1012 , SECOND: 1012 
2019-08-05T13:59:09.767 , Gen : 2600 , BEST: 1012 , SECOND: 1012 
2019-08-05T13:59:13.021 , Gen : 2700 , BEST: 1012 , SECOND: 1012 
2019-08-05T13:59:16.094 , Gen : 2800 , BEST: 1012 , SECOND: 1012 
2019-08-05T13:59:19.36 , Gen : 2900 , BEST: 1012 , SECOND: 1012 
2019-08-05T13:59:22.346 , Gen : 3000 , BEST: 1012 , SECOND: 1012 
fitness : 1012 
 code : +++>,+[+<-->]<-[+.++..,>+..>-.[]]-+]+<+]<],-<++<+.-[+,<.].-,+]<>]]<[+..>,[,..[>] 
 2 * 3 ->  9 
 8 * 3 ->  21 
 7 * 3 ->  19 
2019-08-05T13:59:25.976 , Gen : 3100 , BEST: 1012 , SECOND: 1012 
2019-08-05T13:59:29.407 , Gen : 3200 , BEST: 1012 , SECOND: 1012 
2019-08-05T13:59:33.62 , Gen : 3300 , BEST: 1012 , SECOND: 1012 
2019-08-05T13:59:36.819 , Gen : 3400 , BEST: 1012 , SECOND: 1012 
2019-08-05T13:59:40.577 , Gen : 3500 , BEST: 1012 , SECOND: 1012 
2019-08-05T13:59:44.61 , Gen : 3600 , BEST: 1012 , SECOND: 1012 
2019-08-05T13:59:47.91 , Gen : 3700 , BEST: 1012 , SECOND: 1012 
2019-08-05T13:59:51.402 , Gen : 3800 , BEST: 1012 , SECOND: 1012 
2019-08-05T13:59:55.158 , Gen : 3900 , BEST: 1012 , SECOND: 1012 
2019-08-05T13:59:58.656 , Gen : 4000 , BEST: 1012 , SECOND: 1012 
fitness : 1012 
 code : +++>,+[+<-->]<-[+.++..,>+..>-.[]]-+]+<+]<],-<++<+.-[+,<.].-,+]<>]]<[+..>,[,..[>] 
 4 * 3 ->  13 
 1 * 3 ->  7 
 14 * 3 ->  33 
2019-08-05T14:00:01.64 , Gen : 4100 , BEST: 1012 , SECOND: 1012 
2019-08-05T14:00:04.551 , Gen : 4200 , BEST: 1012 , SECOND: 1012 
2019-08-05T14:00:07.545 , Gen : 4300 , BEST: 1012 , SECOND: 1012 
2019-08-05T14:00:10.659 , Gen : 4400 , BEST: 1012 , SECOND: 1012 
2019-08-05T14:00:13.845 , Gen : 4500 , BEST: 1012 , SECOND: 1012 
2019-08-05T14:00:17.134 , Gen : 4600 , BEST: 1012 , SECOND: 1012 
2019-08-05T14:00:20.342 , Gen : 4700 , BEST: 1012 , SECOND: 1012 
2019-08-05T14:00:23.871 , Gen : 4800 , BEST: 1012 , SECOND: 1012 
2019-08-05T14:00:27.823 , Gen : 4900 , BEST: 1012 , SECOND: 1012 
2019-08-05T14:00:32.189 , Gen : 5000 , BEST: 1012 , SECOND: 1012 
fitness : 1012 
 code : +++>,+[+<-->]<-[+.++..,>+..>-.[]]-+]+<+]<],-<++<+.-[+,<.].-,+]<>]]<[+..>,[,..[>] 
 10 * 3 ->  25 
 0 * 3 ->  5 
 9 * 3 ->  23 
2019-08-05T14:00:35.804 , Gen : 5100 , BEST: 1012 , SECOND: 1012 
2019-08-05T14:00:39.926 , Gen : 5200 , BEST: 1012 , SECOND: 1012 
2019-08-05T14:00:43.675 , Gen : 5300 , BEST: 1012 , SECOND: 1012 
2019-08-05T14:00:47.455 , Gen : 5400 , BEST: 1012 , SECOND: 1012 
2019-08-05T14:00:51.008 , Gen : 5500 , BEST: 1012 , SECOND: 1012 
2019-08-05T14:00:54.424 , Gen : 5600 , BEST: 1012 , SECOND: 1012 
2019-08-05T14:00:58.116 , Gen : 5700 , BEST: 1012 , SECOND: 1012 
2019-08-05T14:01:01.255 , Gen : 5800 , BEST: 1012 , SECOND: 1012 
2019-08-05T14:01:04.519 , Gen : 5900 , BEST: 1012 , SECOND: 1012 
2019-08-05T14:01:07.741 , Gen : 6000 , BEST: 1012 , SECOND: 1012 
fitness : 1012 
 code : +++>,+[+<-->]<-[+.++..,>+..>-.[]]-+]+<+]<],-<++<+.-[+,<.].-,+]<>]]<[+..>,[,..[>] 
 7 * 3 ->  19 
 6 * 3 ->  17 
 4 * 3 ->  13 
2019-08-05T14:01:10.631 , Gen : 6100 , BEST: 1012 , SECOND: 1012 
2019-08-05T14:01:13.926 , Gen : 6200 , BEST: 1012 , SECOND: 1012 
2019-08-05T14:01:17.223 , Gen : 6300 , BEST: 1012 , SECOND: 1012 
2019-08-05T14:01:19.736 , Gen : 6400 , BEST: 1012 , SECOND: 1012 
2019-08-05T14:01:22.745 , Gen : 6500 , BEST: 1012 , SECOND: 1012 
2019-08-05T14:01:26.042 , Gen : 6600 , BEST: 1012 , SECOND: 1012 
2019-08-05T14:01:29.515 , Gen : 6700 , BEST: 1012 , SECOND: 1012 
2019-08-05T14:01:32.834 , Gen : 6800 , BEST: 1012 , SECOND: 1012 
2019-08-05T14:01:36.276 , Gen : 6900 , BEST: 1012 , SECOND: 1012 
2019-08-05T14:01:39.463 , Gen : 7000 , BEST: 1012 , SECOND: 1012 
fitness : 1012 
 code : +++>,+[+<-->]<-[+.++..,>+..>-.[]]-+]+<+]<],-<++<+.-[+,<.].-,+]<>]]<[+..>,[,..[>] 
 6 * 3 ->  17 
 1 * 3 ->  7 
 7 * 3 ->  19 
2019-08-05T14:01:42.971 , Gen : 7100 , BEST: 1012 , SECOND: 1012 
2019-08-05T14:01:46.518 , Gen : 7200 , BEST: 1012 , SECOND: 1012 
2019-08-05T14:01:49.771 , Gen : 7300 , BEST: 1012 , SECOND: 1012 
2019-08-05T14:01:52.823 , Gen : 7400 , BEST: 1012 , SECOND: 1012 
2019-08-05T14:01:55.869 , Gen : 7500 , BEST: 1012 , SECOND: 1012 
2019-08-05T14:01:59.024 , Gen : 7600 , BEST: 1012 , SECOND: 1012 
2019-08-05T14:02:01.544 , Gen : 7700 , BEST: 1012 , SECOND: 1012 
2019-08-05T14:02:03.887 , Gen : 7800 , BEST: 1012 , SECOND: 1012 
2019-08-05T14:02:06.116 , Gen : 7900 , BEST: 1012 , SECOND: 1012 
2019-08-05T14:02:08.91 , Gen : 8000 , BEST: 1012 , SECOND: 1012 
fitness : 1012 
 code : +++>,+[+<-->]<-[+.++..,>+..>-.[]]-+]+<+]<],-<++<+.-[+,<.].-,+]<>]]<[+..>,[,..[>] 
 6 * 3 ->  17 
 2 * 3 ->  9 
 5 * 3 ->  15 
2019-08-05T14:02:11.974 , Gen : 8100 , BEST: 1012 , SECOND: 1012 
2019-08-05T14:02:14.664 , Gen : 8200 , BEST: 1012 , SECOND: 1012 
2019-08-05T14:02:17.553 , Gen : 8300 , BEST: 1012 , SECOND: 1012 
2019-08-05T14:02:19.961 , Gen : 8400 , BEST: 1012 , SECOND: 1012 
2019-08-05T14:02:23.064 , Gen : 8500 , BEST: 1012 , SECOND: 1012 
2019-08-05T14:02:26.571 , Gen : 8600 , BEST: 1012 , SECOND: 1012 
2019-08-05T14:02:30.15 , Gen : 8700 , BEST: 1012 , SECOND: 1012 
2019-08-05T14:02:33.589 , Gen : 8800 , BEST: 1012 , SECOND: 1012 
2019-08-05T14:02:37.002 , Gen : 8900 , BEST: 1012 , SECOND: 1012 
2019-08-05T14:02:40.307 , Gen : 9000 , BEST: 1012 , SECOND: 1012 
fitness : 1012 
 code : +++>,+[+<-->]<-[+.++..,>+..>-.[]]-+]+<+]<],-<++<+.-[+,<.].-,+]<>]]<[+..>,[,..[>] 
 12 * 3 ->  29 
 11 * 3 ->  27 
 4 * 3 ->  13 
2019-08-05T14:02:43.704 , Gen : 9100 , BEST: 1012 , SECOND: 1012 
2019-08-05T14:02:47.176 , Gen : 9200 , BEST: 1012 , SECOND: 1012 
2019-08-05T14:02:50.593 , Gen : 9300 , BEST: 1012 , SECOND: 1012 
2019-08-05T14:02:54.028 , Gen : 9400 , BEST: 1012 , SECOND: 1012 
2019-08-05T14:02:57.271 , Gen : 9500 , BEST: 1012 , SECOND: 1012 
2019-08-05T14:03:00.491 , Gen : 9600 , BEST: 1012 , SECOND: 1012 
2019-08-05T14:03:03.509 , Gen : 9700 , BEST: 1012 , SECOND: 1012 
2019-08-05T14:03:06.586 , Gen : 9800 , BEST: 1012 , SECOND: 1012 
2019-08-05T14:03:09.853 , Gen : 9900 , BEST: 1012 , SECOND: 1012 
2019-08-05T14:03:13.623 , Gen : 10000 , BEST: 1012 , SECOND: 1012 
fitness : 1012 
 code : +++>,+[+<-->]<-[+.++..,>+..>-.[]]-+]+<+]<],-<++<+.-[+,<.].-,+]<>]]<[+..>,[,..[>] 
 10 * 3 ->  25 
 2 * 3 ->  9 
 7 * 3 ->  19 
2019-08-05T14:03:17.857 , Gen : 10100 , BEST: 1012 , SECOND: 1012 
2019-08-05T14:03:21.843 , Gen : 10200 , BEST: 1012 , SECOND: 1012 
2019-08-05T14:03:25.674 , Gen : 10300 , BEST: 1012 , SECOND: 1012 
2019-08-05T14:03:29.728 , Gen : 10400 , BEST: 1012 , SECOND: 1012 
2019-08-05T14:03:33.603 , Gen : 10500 , BEST: 1012 , SECOND: 1012 
2019-08-05T14:03:37.876 , Gen : 10600 , BEST: 1012 , SECOND: 1012 
2019-08-05T14:03:42.02 , Gen : 10700 , BEST: 1012 , SECOND: 1012 
2019-08-05T14:03:46.24 , Gen : 10800 , BEST: 1012 , SECOND: 1012 
2019-08-05T14:03:50.185 , Gen : 10900 , BEST: 1012 , SECOND: 1012 
2019-08-05T14:03:53.95 , Gen : 11000 , BEST: 1012 , SECOND: 1012 
fitness : 1012 
 code : +++>,+[+<-->]<-[+.++..,>+..>-.[]]-+]+<+]<],-<++<+.-[+,<.].-,+]<>]]<[+..>,[,..[>] 
 12 * 3 ->  29 
 1 * 3 ->  7 
 6 * 3 ->  17 
2019-08-05T14:03:57.822 , Gen : 11100 , BEST: 1012 , SECOND: 1012 
2019-08-05T14:04:01.38 , Gen : 11200 , BEST: 1012 , SECOND: 1012 
2019-08-05T14:04:04.742 , Gen : 11300 , BEST: 1012 , SECOND: 1012 
2019-08-05T14:04:08.927 , Gen : 11400 , BEST: 1012 , SECOND: 1012 
2019-08-05T14:04:12.692 , Gen : 11500 , BEST: 1012 , SECOND: 1012 
2019-08-05T14:04:16.808 , Gen : 11600 , BEST: 1012 , SECOND: 1012 
2019-08-05T14:04:20.665 , Gen : 11700 , BEST: 1012 , SECOND: 1012 
2019-08-05T14:04:24.922 , Gen : 11800 , BEST: 1012 , SECOND: 1012 
2019-08-05T14:04:28.767 , Gen : 11900 , BEST: 1012 , SECOND: 1012 
2019-08-05T14:04:32.796 , Gen : 12000 , BEST: 1012 , SECOND: 1012 
fitness : 1012 
 code : +++>,+[+<-->]<-[+.++..,>+..>-.[]]-+]+<+]<],-<++<+.-[+,<.].-,+]<>]]<[+..>,[,..[>] 
 12 * 3 ->  29 
 12 * 3 ->  29 
 8 * 3 ->  21 
2019-08-05T14:04:36.885 , Gen : 12100 , BEST: 1012 , SECOND: 1012 
2019-08-05T14:04:40.488 , Gen : 12200 , BEST: 1012 , SECOND: 1012 
2019-08-05T14:04:44.027 , Gen : 12300 , BEST: 1012 , SECOND: 1012 
2019-08-05T14:04:47.888 , Gen : 12400 , BEST: 1012 , SECOND: 1012 
2019-08-05T14:04:51.402 , Gen : 12500 , BEST: 1012 , SECOND: 1012 
2019-08-05T14:04:55.241 , Gen : 12600 , BEST: 1012 , SECOND: 1012 
2019-08-05T14:04:59.302 , Gen : 12700 , BEST: 1012 , SECOND: 1012 
2019-08-05T14:05:03.241 , Gen : 12800 , BEST: 1012 , SECOND: 1012 
2019-08-05T14:05:07.234 , Gen : 12900 , BEST: 1012 , SECOND: 1012 
2019-08-05T14:05:11.292 , Gen : 13000 , BEST: 1012 , SECOND: 1012 
fitness : 1012 
 code : +++>,+[+<-->]<-[+.++..,>+..>-.[]]-+]+<+]<],-<++<+.-[+,<.].-,+]<>]]<[+..>,[,..[>] 
 4 * 3 ->  13 
 5 * 3 ->  15 
 11 * 3 ->  27 
2019-08-05T14:05:15.54 , Gen : 13100 , BEST: 1012 , SECOND: 1012 
2019-08-05T14:05:19.484 , Gen : 13200 , BEST: 1012 , SECOND: 1012 
2019-08-05T14:05:23.537 , Gen : 13300 , BEST: 1012 , SECOND: 1012 
2019-08-05T14:05:27.362 , Gen : 13400 , BEST: 1012 , SECOND: 1012 
2019-08-05T14:05:31.211 , Gen : 13500 , BEST: 1012 , SECOND: 1012 
2019-08-05T14:05:35.018 , Gen : 13600 , BEST: 1012 , SECOND: 1012 
2019-08-05T14:05:38.976 , Gen : 13700 , BEST: 1012 , SECOND: 1012 
2019-08-05T14:05:43.352 , Gen : 13800 , BEST: 1012 , SECOND: 1012 
2019-08-05T14:05:47.384 , Gen : 13900 , BEST: 1012 , SECOND: 1012 
2019-08-05T14:05:51.099 , Gen : 14000 , BEST: 1012 , SECOND: 1012 
fitness : 1012 
 code : +++>,+[+<-->]<-[+.++..,>+..>-.[]]-+]+<+]<],-<++<+.-[+,<.].-,+]<>]]<[+..>,[,..[>] 
 6 * 3 ->  17 
 14 * 3 ->  33 
 11 * 3 ->  27 
2019-08-05T14:05:54.809 , Gen : 14100 , BEST: 1012 , SECOND: 1012 
2019-08-05T14:05:58.527 , Gen : 14200 , BEST: 1012 , SECOND: 1012 
2019-08-05T14:06:02.391 , Gen : 14300 , BEST: 1012 , SECOND: 1012 
2019-08-05T14:06:05.977 , Gen : 14400 , BEST: 1012 , SECOND: 1012 
2019-08-05T14:06:09.843 , Gen : 14500 , BEST: 1012 , SECOND: 1012 
2019-08-05T14:06:13.817 , Gen : 14600 , BEST: 1012 , SECOND: 1012 
2019-08-05T14:06:17.29 , Gen : 14700 , BEST: 1012 , SECOND: 1012 
2019-08-05T14:06:21.067 , Gen : 14800 , BEST: 1012 , SECOND: 1012 
2019-08-05T14:06:25.499 , Gen : 14900 , BEST: 1012 , SECOND: 1012 
2019-08-05T14:06:29.481 , Gen : 15000 , BEST: 1012 , SECOND: 1012 
fitness : 1012 
 code : +++>,+[+<-->]<-[+.++..,>+..>-.[]]-+]+<+]<],-<++<+.-[+,<.].-,+]<>]]<[+..>,[,..[>] 
 11 * 3 ->  27 
 11 * 3 ->  27 
 12 * 3 ->  29 
2019-08-05T14:06:33.512 , Gen : 15100 , BEST: 1012 , SECOND: 1012 
2019-08-05T14:06:37.241 , Gen : 15200 , BEST: 1012 , SECOND: 1012 
2019-08-05T14:06:40.585 , Gen : 15300 , BEST: 1012 , SECOND: 1012 
2019-08-05T14:06:44.076 , Gen : 15400 , BEST: 1012 , SECOND: 1012 
2019-08-05T14:06:47.768 , Gen : 15500 , BEST: 1012 , SECOND: 1012 
2019-08-05T14:06:51.497 , Gen : 15600 , BEST: 1012 , SECOND: 1012 
2019-08-05T14:06:55.256 , Gen : 15700 , BEST: 1012 , SECOND: 1012 
2019-08-05T14:06:58.95 , Gen : 15800 , BEST: 1012 , SECOND: 1012 
2019-08-05T14:07:03.254 , Gen : 15900 , BEST: 1012 , SECOND: 1012 
2019-08-05T14:07:07.591 , Gen : 16000 , BEST: 1012 , SECOND: 1012 
fitness : 1012 
 code : +++>,+[+<-->]<-[+.++..,>+..>-.[]]-+]+<+]<],-<++<+.-[+,<.].-,+]<>]]<[+..>,[,..[>] 
 4 * 3 ->  13 
 3 * 3 ->  11 
 5 * 3 ->  15 
2019-08-05T14:07:11.398 , Gen : 16100 , BEST: 1012 , SECOND: 1012 
2019-08-05T14:07:15.17 , Gen : 16200 , BEST: 1012 , SECOND: 1012 
2019-08-05T14:07:19.624 , Gen : 16300 , BEST: 1012 , SECOND: 1012 
2019-08-05T14:07:23.941 , Gen : 16400 , BEST: 1012 , SECOND: 1012 
2019-08-05T14:07:28.119 , Gen : 16500 , BEST: 1012 , SECOND: 1012 
2019-08-05T14:07:31.918 , Gen : 16600 , BEST: 1012 , SECOND: 1012 
2019-08-05T14:07:36.073 , Gen : 16700 , BEST: 1012 , SECOND: 1012 
2019-08-05T14:07:40.07 , Gen : 16800 , BEST: 1012 , SECOND: 1012 
2019-08-05T14:07:43.912 , Gen : 16900 , BEST: 1012 , SECOND: 1012 
2019-08-05T14:07:47.816 , Gen : 17000 , BEST: 1012 , SECOND: 1012 
fitness : 1012 
 code : +++>,+[+<-->]<-[+.++..,>+..>-.[]]-+]+<+]<],-<++<+.-[+,<.].-,+]<>]]<[+..>,[,..[>] 
 14 * 3 ->  33 
 4 * 3 ->  13 
 5 * 3 ->  15 
2019-08-05T14:07:51.738 , Gen : 17100 , BEST: 1012 , SECOND: 1012 
2019-08-05T14:07:55.159 , Gen : 17200 , BEST: 1012 , SECOND: 1012 
2019-08-05T14:07:59.109 , Gen : 17300 , BEST: 1012 , SECOND: 1012 
2019-08-05T14:08:02.989 , Gen : 17400 , BEST: 1012 , SECOND: 1012 
2019-08-05T14:08:06.798 , Gen : 17500 , BEST: 1012 , SECOND: 1012 
2019-08-05T14:08:10.871 , Gen : 17600 , BEST: 1012 , SECOND: 1012 
2019-08-05T14:08:14.875 , Gen : 17700 , BEST: 1012 , SECOND: 1012 
2019-08-05T14:08:19.024 , Gen : 17800 , BEST: 1012 , SECOND: 1012 
2019-08-05T14:08:22.833 , Gen : 17900 , BEST: 1012 , SECOND: 1012 
2019-08-05T14:08:26.972 , Gen : 18000 , BEST: 1012 , SECOND: 1012 
fitness : 1012 
 code : +++>,+[+<-->]<-[+.++..,>+..>-.[]]-+]+<+]<],-<++<+.-[+,<.].-,+]<>]]<[+..>,[,..[>] 
 0 * 3 ->  5 
 6 * 3 ->  17 
 7 * 3 ->  19 
2019-08-05T14:08:30.686 , Gen : 18100 , BEST: 1012 , SECOND: 1012 
2019-08-05T14:08:34.374 , Gen : 18200 , BEST: 1012 , SECOND: 1012 
2019-08-05T14:08:38.198 , Gen : 18300 , BEST: 1012 , SECOND: 1012 
2019-08-05T14:08:41.933 , Gen : 18400 , BEST: 1012 , SECOND: 1012 
2019-08-05T14:08:45.527 , Gen : 18500 , BEST: 1012 , SECOND: 1012 
2019-08-05T14:08:49.736 , Gen : 18600 , BEST: 1012 , SECOND: 1012 
2019-08-05T14:08:53.914 , Gen : 18700 , BEST: 1012 , SECOND: 1012 
2019-08-05T14:08:57.832 , Gen : 18800 , BEST: 1012 , SECOND: 1012 
2019-08-05T14:09:01.593 , Gen : 18900 , BEST: 1012 , SECOND: 1012 
2019-08-05T14:09:05.235 , Gen : 19000 , BEST: 1012 , SECOND: 1012 
fitness : 1012 
 code : +++>,+[+<-->]<-[+.++..,>+..>-.[]]-+]+<+]<],-<++<+.-[+,<.].-,+]<>]]<[+..>,[,..[>] 
 15 * 3 ->  35 
 15 * 3 ->  35 
 0 * 3 ->  5 
2019-08-05T14:09:08.874 , Gen : 19100 , BEST: 1012 , SECOND: 1012 
2019-08-05T14:09:12.936 , Gen : 19200 , BEST: 1012 , SECOND: 1012 
2019-08-05T14:09:16.961 , Gen : 19300 , BEST: 1012 , SECOND: 1012 
2019-08-05T14:09:21.179 , Gen : 19400 , BEST: 1012 , SECOND: 1012 
2019-08-05T14:09:25.579 , Gen : 19500 , BEST: 1012 , SECOND: 1012 
2019-08-05T14:09:30.259 , Gen : 19600 , BEST: 1012 , SECOND: 1012 
2019-08-05T14:09:34.522 , Gen : 19700 , BEST: 1012 , SECOND: 1012 
2019-08-05T14:09:39.063 , Gen : 19800 , BEST: 1012 , SECOND: 1012 
2019-08-05T14:09:42.705 , Gen : 19900 , BEST: 1012 , SECOND: 1012 
2019-08-05T14:09:46.619 , Gen : 20000 , BEST: 1012 , SECOND: 1012 
fitness : 1012 
 code : +++>,+[+<-->]<-[+.++..,>+..>-.[]]-+]+<+]<],-<++<+.-[+,<.].-,+]<>]]<[+..>,[,..[>] 
 5 * 3 ->  15 
 2 * 3 ->  9 
 15 * 3 ->  35 
2019-08-05T14:09:50.818 , Gen : 20100 , BEST: 1012 , SECOND: 1012 
2019-08-05T14:09:54.771 , Gen : 20200 , BEST: 1012 , SECOND: 1012 
2019-08-05T14:09:58.61 , Gen : 20300 , BEST: 1012 , SECOND: 1012 
2019-08-05T14:10:02.395 , Gen : 20400 , BEST: 1012 , SECOND: 1012 
2019-08-05T14:10:05.775 , Gen : 20500 , BEST: 1012 , SECOND: 1012 
2019-08-05T14:10:09.261 , Gen : 20600 , BEST: 1012 , SECOND: 1012 
2019-08-05T14:10:13.108 , Gen : 20700 , BEST: 1012 , SECOND: 1012 
2019-08-05T14:10:16.856 , Gen : 20800 , BEST: 1012 , SECOND: 1012 
2019-08-05T14:10:20.43 , Gen : 20900 , BEST: 1012 , SECOND: 1012 
2019-08-05T14:10:23.992 , Gen : 21000 , BEST: 1012 , SECOND: 1012 
fitness : 1012 
 code : +++>,+[+<-->]<-[+.++..,>+..>-.[]]-+]+<+]<],-<++<+.-[+,<.].-,+]<>]]<[+..>,[,..[>] 
 5 * 3 ->  15 
 12 * 3 ->  29 
 2 * 3 ->  9 
2019-08-05T14:10:27.498 , Gen : 21100 , BEST: 1012 , SECOND: 1012 
2019-08-05T14:10:31.515 , Gen : 21200 , BEST: 1012 , SECOND: 1012 
2019-08-05T14:10:35.706 , Gen : 21300 , BEST: 1012 , SECOND: 1012 
2019-08-05T14:10:39.486 , Gen : 21400 , BEST: 1012 , SECOND: 1012 
2019-08-05T14:10:43.424 , Gen : 21500 , BEST: 1012 , SECOND: 1012 
2019-08-05T14:10:47.301 , Gen : 21600 , BEST: 1012 , SECOND: 1012 
2019-08-05T14:10:50.842 , Gen : 21700 , BEST: 1012 , SECOND: 1012 
2019-08-05T14:10:55.012 , Gen : 21800 , BEST: 1012 , SECOND: 1012 
2019-08-05T14:10:58.893 , Gen : 21900 , BEST: 1012 , SECOND: 1012 
2019-08-05T14:11:02.765 , Gen : 22000 , BEST: 1012 , SECOND: 1012 
fitness : 1012 
 code : +++>,+[+<-->]<-[+.++..,>+..>-.[]]-+]+<+]<],-<++<+.-[+,<.].-,+]<>]]<[+..>,[,..[>] 
 9 * 3 ->  23 
 8 * 3 ->  21 
 1 * 3 ->  7 
2019-08-05T14:11:06.723 , Gen : 22100 , BEST: 1012 , SECOND: 1012 
2019-08-05T14:11:10.441 , Gen : 22200 , BEST: 1012 , SECOND: 1012 
2019-08-05T14:11:14.379 , Gen : 22300 , BEST: 1012 , SECOND: 1012 
2019-08-05T14:11:18.17 , Gen : 22400 , BEST: 1012 , SECOND: 1012 
2019-08-05T14:11:21.921 , Gen : 22500 , BEST: 1012 , SECOND: 1012 
2019-08-05T14:11:25.561 , Gen : 22600 , BEST: 1012 , SECOND: 1012 
2019-08-05T14:11:29.61 , Gen : 22700 , BEST: 1012 , SECOND: 1012 
2019-08-05T14:11:33.664 , Gen : 22800 , BEST: 1012 , SECOND: 1012 
2019-08-05T14:11:37.777 , Gen : 22900 , BEST: 1012 , SECOND: 1012 
2019-08-05T14:11:41.948 , Gen : 23000 , BEST: 1012 , SECOND: 1012 
fitness : 1012 
 code : +++>,+[+<-->]<-[+.++..,>+..>-.[]]-+]+<+]<],-<++<+.-[+,<.].-,+]<>]]<[+..>,[,..[>] 
 8 * 3 ->  21 
 0 * 3 ->  5 
 12 * 3 ->  29 
2019-08-05T14:11:45.773 , Gen : 23100 , BEST: 1012 , SECOND: 1012 
2019-08-05T14:11:49.545 , Gen : 23200 , BEST: 1012 , SECOND: 1012 
2019-08-05T14:11:53.483 , Gen : 23300 , BEST: 1012 , SECOND: 1012 
2019-08-05T14:11:57.438 , Gen : 23400 , BEST: 1012 , SECOND: 1012 
2019-08-05T14:12:01.354 , Gen : 23500 , BEST: 1012 , SECOND: 1012 
2019-08-05T14:12:05.033 , Gen : 23600 , BEST: 1012 , SECOND: 1012 
2019-08-05T14:12:08.897 , Gen : 23700 , BEST: 1012 , SECOND: 1012 
2019-08-05T14:12:12.824 , Gen : 23800 , BEST: 1012 , SECOND: 1012 
2019-08-05T14:12:16.554 , Gen : 23900 , BEST: 1012 , SECOND: 1012 
2019-08-05T14:12:20.328 , Gen : 24000 , BEST: 1012 , SECOND: 1012 
fitness : 1012 
 code : +++>,+[+<-->]<-[+.++..,>+..>-.[]]-+]+<+]<],-<++<+.-[+,<.].-,+]<>]]<[+..>,[,..[>] 
 5 * 3 ->  15 
 13 * 3 ->  31 
 5 * 3 ->  15 
2019-08-05T14:12:24.255 , Gen : 24100 , BEST: 1012 , SECOND: 1012 
2019-08-05T14:12:28.207 , Gen : 24200 , BEST: 1012 , SECOND: 1012 
2019-08-05T14:12:32.29 , Gen : 24300 , BEST: 1012 , SECOND: 1012 
2019-08-05T14:12:35.991 , Gen : 24400 , BEST: 1012 , SECOND: 1012 
2019-08-05T14:12:39.915 , Gen : 24500 , BEST: 1012 , SECOND: 1012 
2019-08-05T14:12:43.949 , Gen : 24600 , BEST: 1012 , SECOND: 1012 
2019-08-05T14:12:48.406 , Gen : 24700 , BEST: 1012 , SECOND: 1012 
2019-08-05T14:12:52.247 , Gen : 24800 , BEST: 1012 , SECOND: 1012 
2019-08-05T14:12:56.097 , Gen : 24900 , BEST: 1012 , SECOND: 1012 
2019-08-05T14:12:59.892 , Gen : 25000 , BEST: 1012 , SECOND: 1012 
fitness : 1012 
 code : +++>,+[+<-->]<-[+.++..,>+..>-.[]]-+]+<+]<],-<++<+.-[+,<.].-,+]<>]]<[+..>,[,..[>] 
 3 * 3 ->  11 
 12 * 3 ->  29 
 9 * 3 ->  23 
2019-08-05T14:13:03.972 , Gen : 25100 , BEST: 1012 , SECOND: 1012 
2019-08-05T14:13:07.995 , Gen : 25200 , BEST: 1012 , SECOND: 1012 
2019-08-05T14:13:12.084 , Gen : 25300 , BEST: 1012 , SECOND: 1012 
2019-08-05T14:13:16.261 , Gen : 25400 , BEST: 1012 , SECOND: 1012 
2019-08-05T14:13:20.02 , Gen : 25500 , BEST: 1012 , SECOND: 1012 
2019-08-05T14:13:23.858 , Gen : 25600 , BEST: 1012 , SECOND: 1012 
2019-08-05T14:13:27.266 , Gen : 25700 , BEST: 1012 , SECOND: 1012 
2019-08-05T14:13:31.104 , Gen : 25800 , BEST: 1012 , SECOND: 1012 
2019-08-05T14:13:34.771 , Gen : 25900 , BEST: 1012 , SECOND: 1012 
2019-08-05T14:13:38.705 , Gen : 26000 , BEST: 1012 , SECOND: 1012 
fitness : 1012 
 code : +++>,+[+<-->]<-[+.++..,>+..>-.[]]-+]+<+]<],-<++<+.-[+,<.].-,+]<>]]<[+..>,[,..[>] 
 5 * 3 ->  15 
 2 * 3 ->  9 
 6 * 3 ->  17 
2019-08-05T14:13:42.605 , Gen : 26100 , BEST: 1012 , SECOND: 1012 
2019-08-05T14:13:46.539 , Gen : 26200 , BEST: 1012 , SECOND: 1012 
2019-08-05T14:13:50.093 , Gen : 26300 , BEST: 1012 , SECOND: 1012 
2019-08-05T14:13:53.784 , Gen : 26400 , BEST: 1012 , SECOND: 1012 
2019-08-05T14:13:57.356 , Gen : 26500 , BEST: 1012 , SECOND: 1012 
2019-08-05T14:14:01.001 , Gen : 26600 , BEST: 1012 , SECOND: 1012 
2019-08-05T14:14:04.699 , Gen : 26700 , BEST: 1012 , SECOND: 1012 
2019-08-05T14:14:08.359 , Gen : 26800 , BEST: 1012 , SECOND: 1012 
2019-08-05T14:14:12.416 , Gen : 26900 , BEST: 1012 , SECOND: 1012 
2019-08-05T14:14:16.612 , Gen : 27000 , BEST: 1012 , SECOND: 1012 
fitness : 1012 
 code : +++>,+[+<-->]<-[+.++..,>+..>-.[]]-+]+<+]<],-<++<+.-[+,<.].-,+]<>]]<[+..>,[,..[>] 
 7 * 3 ->  19 
 5 * 3 ->  15 
 2 * 3 ->  9 
2019-08-05T14:14:20.879 , Gen : 27100 , BEST: 1012 , SECOND: 1012 
2019-08-05T14:14:24.638 , Gen : 27200 , BEST: 1012 , SECOND: 1012 
2019-08-05T14:14:28.314 , Gen : 27300 , BEST: 1012 , SECOND: 1012 
2019-08-05T14:14:32.131 , Gen : 27400 , BEST: 1012 , SECOND: 1012 
2019-08-05T14:14:36.216 , Gen : 27500 , BEST: 1012 , SECOND: 1012 
2019-08-05T14:14:40.287 , Gen : 27600 , BEST: 1012 , SECOND: 1012 
2019-08-05T14:14:44.357 , Gen : 27700 , BEST: 1012 , SECOND: 1012 
2019-08-05T14:14:48.355 , Gen : 27800 , BEST: 1013 , SECOND: 1012 
2019-08-05T14:14:52.339 , Gen : 27900 , BEST: 1013 , SECOND: 1013 
2019-08-05T14:14:56.46 , Gen : 28000 , BEST: 1013 , SECOND: 1013 
fitness : 1013 
 code : >->+,[+<-->]<-[++++[><+++.++++++++++++++++++.+.+<-..<<[]]],.+[+>[-[><[<[>+[[>>[, 
 6 * 3 ->  17 
 9 * 3 ->  23 
 3 * 3 ->  11 
2019-08-05T14:15:00.452 , Gen : 28100 , BEST: 1013 , SECOND: 1013 
2019-08-05T14:15:04.243 , Gen : 28200 , BEST: 1013 , SECOND: 1013 
2019-08-05T14:15:07.99 , Gen : 28300 , BEST: 1013 , SECOND: 1013 
2019-08-05T14:15:11.511 , Gen : 28400 , BEST: 1013 , SECOND: 1013 
2019-08-05T14:15:15.228 , Gen : 28500 , BEST: 1013 , SECOND: 1013 
2019-08-05T14:15:19.102 , Gen : 28600 , BEST: 1013 , SECOND: 1013 
2019-08-05T14:15:23.443 , Gen : 28700 , BEST: 1013 , SECOND: 1013 
2019-08-05T14:15:27.722 , Gen : 28800 , BEST: 1014 , SECOND: 1013 
2019-08-05T14:15:31.269 , Gen : 28900 , BEST: 1016 , SECOND: 1016 
2019-08-05T14:15:35.127 , Gen : 29000 , BEST: 1017 , SECOND: 1017 
fitness : 1017 
 code : >[]->-,[+<-->]<-[+++++>]<+++.[>+++.,-<>,-->+[].>>>,<,[>+<],-[+><[<.>+>,-,,---.+[ 
 5 * 3 ->  16 
 15 * 3 ->  36 
 10 * 3 ->  26 
2019-08-05T14:15:38.715 , Gen : 29100 , BEST: 1017 , SECOND: 1017 
2019-08-05T14:15:42.59 , Gen : 29200 , BEST: 1017 , SECOND: 1017 
2019-08-05T14:15:46.714 , Gen : 29300 , BEST: 1017 , SECOND: 1017 
2019-08-05T14:15:51.212 , Gen : 29400 , BEST: 1017 , SECOND: 1017 
2019-08-05T14:15:55.161 , Gen : 29500 , BEST: 1017 , SECOND: 1017 
2019-08-05T14:15:59.345 , Gen : 29600 , BEST: 1017 , SECOND: 1017 
2019-08-05T14:16:03.655 , Gen : 29700 , BEST: 1017 , SECOND: 1017 
2019-08-05T14:16:08.111 , Gen : 29800 , BEST: 1017 , SECOND: 1017 
2019-08-05T14:16:11.97 , Gen : 29900 , BEST: 1017 , SECOND: 1017 
2019-08-05T14:16:15.758 , Gen : 30000 , BEST: 1017 , SECOND: 1017 
fitness : 1017 
 code : >[]->-,[+<-->]<-[+++++>]<+++.[>+++.,-<>,-->+[].>>>,<,[>+<],-[+><[<.>+>,-,,---.+[ 
 3 * 3 ->  12 
 11 * 3 ->  28 
 0 * 3 ->  6 
2019-08-05T14:16:19.469 , Gen : 30100 , BEST: 1017 , SECOND: 1017 
2019-08-05T14:16:23.46 , Gen : 30200 , BEST: 1017 , SECOND: 1017 
2019-08-05T14:16:27.327 , Gen : 30300 , BEST: 1017 , SECOND: 1017 
2019-08-05T14:16:31.396 , Gen : 30400 , BEST: 1017 , SECOND: 1017 
2019-08-05T14:16:34.794 , Gen : 30500 , BEST: 1017 , SECOND: 1017 
2019-08-05T14:16:38.613 , Gen : 30600 , BEST: 1017 , SECOND: 1017 
2019-08-05T14:16:42.379 , Gen : 30700 , BEST: 1018 , SECOND: 1018 
2019-08-05T14:16:46.204 , Gen : 30800 , BEST: 1018 , SECOND: 1018 
2019-08-05T14:16:50.691 , Gen : 30900 , BEST: 1018 , SECOND: 1018 
2019-08-05T14:16:54.814 , Gen : 31000 , BEST: 1018 , SECOND: 1018 
fitness : 1018 
 code : +>>[]->-,[+<-->]<-[++++++>]<+++.+++++++[+[++[[]><><.,],,.>,[><+][+.>-++]-,+[.>,[ 
 0 * 3 ->  7 
 9 * 3 ->  25 
 12 * 3 ->  31 
2019-08-05T14:16:59.093 , Gen : 31100 , BEST: 1018 , SECOND: 1018 
2019-08-05T14:17:03.211 , Gen : 31200 , BEST: 1018 , SECOND: 1018 
2019-08-05T14:17:07.521 , Gen : 31300 , BEST: 1018 , SECOND: 1018 
2019-08-05T14:17:12.031 , Gen : 31400 , BEST: 1018 , SECOND: 1018 
2019-08-05T14:17:16.276 , Gen : 31500 , BEST: 1018 , SECOND: 1018 
2019-08-05T14:17:20.233 , Gen : 31600 , BEST: 1018 , SECOND: 1018 
2019-08-05T14:17:23.809 , Gen : 31700 , BEST: 1018 , SECOND: 1018 
2019-08-05T14:17:27.305 , Gen : 31800 , BEST: 1018 , SECOND: 1018 
2019-08-05T14:17:30.785 , Gen : 31900 , BEST: 1018 , SECOND: 1018 
2019-08-05T14:17:34.902 , Gen : 32000 , BEST: 1018 , SECOND: 1018 
fitness : 1018 
 code : +>>[]->-,[+<-->]<-[++++++>]<+++.+++++++[+[++[[]><><.,],,.>,[><+][+.>-++]-,+[.>,[ 
 3 * 3 ->  13 
 10 * 3 ->  27 
 0 * 3 ->  7 
2019-08-05T14:17:39.103 , Gen : 32100 , BEST: 1018 , SECOND: 1018 
2019-08-05T14:17:43.29 , Gen : 32200 , BEST: 1018 , SECOND: 1018 
2019-08-05T14:17:46.95 , Gen : 32300 , BEST: 1018 , SECOND: 1018 
2019-08-05T14:17:50.63 , Gen : 32400 , BEST: 1018 , SECOND: 1018 
2019-08-05T14:17:54.936 , Gen : 32500 , BEST: 1018 , SECOND: 1018 
2019-08-05T14:17:59.337 , Gen : 32600 , BEST: 1018 , SECOND: 1018 
2019-08-05T14:18:03.547 , Gen : 32700 , BEST: 1018 , SECOND: 1018 
2019-08-05T14:18:07.079 , Gen : 32800 , BEST: 1018 , SECOND: 1018 
2019-08-05T14:18:10.844 , Gen : 32900 , BEST: 1018 , SECOND: 1018 
2019-08-05T14:18:15.262 , Gen : 33000 , BEST: 1018 , SECOND: 1018 
fitness : 1018 
 code : +>>[]->-,[+<-->]<-[++++++>]<+++.+++++++[+[++[[]><><.,],,.>,[><+][+.>-++]-,+[.>,[ 
 10 * 3 ->  27 
 7 * 3 ->  21 
 8 * 3 ->  23 
2019-08-05T14:18:19.517 , Gen : 33100 , BEST: 1018 , SECOND: 1018 
2019-08-05T14:18:23.453 , Gen : 33200 , BEST: 1018 , SECOND: 1018 
2019-08-05T14:18:27.178 , Gen : 33300 , BEST: 1018 , SECOND: 1018 
2019-08-05T14:18:31.155 , Gen : 33400 , BEST: 1018 , SECOND: 1018 
2019-08-05T14:18:35.23 , Gen : 33500 , BEST: 1018 , SECOND: 1018 
2019-08-05T14:18:39.545 , Gen : 33600 , BEST: 1018 , SECOND: 1018 
2019-08-05T14:18:44.021 , Gen : 33700 , BEST: 1018 , SECOND: 1018 
2019-08-05T14:18:47.934 , Gen : 33800 , BEST: 1018 , SECOND: 1018 
2019-08-05T14:18:52.144 , Gen : 33900 , BEST: 1018 , SECOND: 1018 
2019-08-05T14:18:55.603 , Gen : 34000 , BEST: 1018 , SECOND: 1018 
fitness : 1018 
 code : +>>[]->-,[+<-->]<-[++++++>]<+++.+++++++[+[++[[]><><.,],,.>,[><+][+.>-++]-,+[.>,[ 
 13 * 3 ->  33 
 13 * 3 ->  33 
 10 * 3 ->  27 
2019-08-05T14:18:59.385 , Gen : 34100 , BEST: 1018 , SECOND: 1018 
2019-08-05T14:19:03.298 , Gen : 34200 , BEST: 1018 , SECOND: 1018 
2019-08-05T14:19:07.18 , Gen : 34300 , BEST: 1018 , SECOND: 1018 
2019-08-05T14:19:11.337 , Gen : 34400 , BEST: 1018 , SECOND: 1018 
2019-08-05T14:19:15.188 , Gen : 34500 , BEST: 1018 , SECOND: 1018 
2019-08-05T14:19:19.122 , Gen : 34600 , BEST: 1018 , SECOND: 1018 
2019-08-05T14:19:23.086 , Gen : 34700 , BEST: 1018 , SECOND: 1018 
2019-08-05T14:19:27.03 , Gen : 34800 , BEST: 1018 , SECOND: 1018 
2019-08-05T14:19:31.014 , Gen : 34900 , BEST: 1018 , SECOND: 1018 
2019-08-05T14:19:34.722 , Gen : 35000 , BEST: 1018 , SECOND: 1018 
fitness : 1018 
 code : +>>[]->-,[+<-->]<-[++++++>]<+++.+++++++[+[++[[]><><.,],,.>,[><+][+.>-++]-,+[.>,[ 
 0 * 3 ->  7 
 11 * 3 ->  29 
 12 * 3 ->  31 
2019-08-05T14:19:38.706 , Gen : 35100 , BEST: 1018 , SECOND: 1018 
2019-08-05T14:19:42.726 , Gen : 35200 , BEST: 1018 , SECOND: 1018 
2019-08-05T14:19:46.468 , Gen : 35300 , BEST: 1018 , SECOND: 1018 
2019-08-05T14:19:50.305 , Gen : 35400 , BEST: 1018 , SECOND: 1018 
2019-08-05T14:19:54.037 , Gen : 35500 , BEST: 1018 , SECOND: 1018 
2019-08-05T14:19:58.359 , Gen : 35600 , BEST: 1018 , SECOND: 1018 
2019-08-05T14:20:02.781 , Gen : 35700 , BEST: 1018 , SECOND: 1018 
2019-08-05T14:20:06.837 , Gen : 35800 , BEST: 1018 , SECOND: 1018 
2019-08-05T14:20:11.248 , Gen : 35900 , BEST: 1018 , SECOND: 1018 
2019-08-05T14:20:15.419 , Gen : 36000 , BEST: 1018 , SECOND: 1018 
fitness : 1018 
 code : +>>[]->-,[+<-->]<-[++++++>]<+++.+++++++[+[++[[]><><.,],,.>,[><+][+.>-++]-,+[.>,[ 
 6 * 3 ->  19 
 0 * 3 ->  7 
 11 * 3 ->  29 
2019-08-05T14:20:19.362 , Gen : 36100 , BEST: 1018 , SECOND: 1018 
2019-08-05T14:20:23.155 , Gen : 36200 , BEST: 1018 , SECOND: 1018 
2019-08-05T14:20:26.934 , Gen : 36300 , BEST: 1018 , SECOND: 1018 
2019-08-05T14:20:30.562 , Gen : 36400 , BEST: 1018 , SECOND: 1018 
2019-08-05T14:20:34.594 , Gen : 36500 , BEST: 1018 , SECOND: 1018 
2019-08-05T14:20:38.585 , Gen : 36600 , BEST: 1018 , SECOND: 1018 
2019-08-05T14:20:42.85 , Gen : 36700 , BEST: 1018 , SECOND: 1018 
2019-08-05T14:20:47.085 , Gen : 36800 , BEST: 1018 , SECOND: 1018 
2019-08-05T14:20:51.468 , Gen : 36900 , BEST: 1018 , SECOND: 1018 
2019-08-05T14:20:55.9 , Gen : 37000 , BEST: 1018 , SECOND: 1018 
fitness : 1018 
 code : +>>[]->-,[+<-->]<-[++++++>]<+++.+++++++[+[++[[]><><.,],,.>,[><+][+.>-++]-,+[.>,[ 
 10 * 3 ->  27 
 13 * 3 ->  33 
 5 * 3 ->  17 
2019-08-05T14:20:59.832 , Gen : 37100 , BEST: 1018 , SECOND: 1018 
2019-08-05T14:21:03.868 , Gen : 37200 , BEST: 1018 , SECOND: 1018 
2019-08-05T14:21:07.812 , Gen : 37300 , BEST: 1018 , SECOND: 1018 
2019-08-05T14:21:11.603 , Gen : 37400 , BEST: 1018 , SECOND: 1018 
2019-08-05T14:21:15.51 , Gen : 37500 , BEST: 1018 , SECOND: 1018 
2019-08-05T14:21:19.273 , Gen : 37600 , BEST: 1018 , SECOND: 1018 
2019-08-05T14:21:23.083 , Gen : 37700 , BEST: 1018 , SECOND: 1018 
2019-08-05T14:21:26.937 , Gen : 37800 , BEST: 1018 , SECOND: 1018 
2019-08-05T14:21:30.957 , Gen : 37900 , BEST: 1018 , SECOND: 1018 
2019-08-05T14:21:34.634 , Gen : 38000 , BEST: 1018 , SECOND: 1018 
fitness : 1018 
 code : +>>[]->-,[+<-->]<-[++++++>]<+++.+++++++[+[++[[]><><.,],,.>,[><+][+.>-++]-,+[.>,[ 
 3 * 3 ->  13 
 11 * 3 ->  29 
 7 * 3 ->  21 
2019-08-05T14:21:38.686 , Gen : 38100 , BEST: 1018 , SECOND: 1018 
2019-08-05T14:21:42.886 , Gen : 38200 , BEST: 1018 , SECOND: 1018 
2019-08-05T14:21:47.038 , Gen : 38300 , BEST: 1018 , SECOND: 1018 
2019-08-05T14:21:50.985 , Gen : 38400 , BEST: 1018 , SECOND: 1018 
2019-08-05T14:21:55.08 , Gen : 38500 , BEST: 1018 , SECOND: 1018 
2019-08-05T14:21:58.699 , Gen : 38600 , BEST: 1018 , SECOND: 1018 
2019-08-05T14:22:02.666 , Gen : 38700 , BEST: 1018 , SECOND: 1018 
2019-08-05T14:22:06.525 , Gen : 38800 , BEST: 1018 , SECOND: 1018 
2019-08-05T14:22:10.453 , Gen : 38900 , BEST: 1018 , SECOND: 1018 
2019-08-05T14:22:14.51 , Gen : 39000 , BEST: 1018 , SECOND: 1018 
fitness : 1018 
 code : +>>[]->-,[+<-->]<-[++++++>]<+++.+++++++[+[++[[]><><.,],,.>,[><+][+.>-++]-,+[.>,[ 
 8 * 3 ->  23 
 13 * 3 ->  33 
 0 * 3 ->  7 
2019-08-05T14:22:18.497 , Gen : 39100 , BEST: 1018 , SECOND: 1018 
2019-08-05T14:22:22.292 , Gen : 39200 , BEST: 1018 , SECOND: 1018 
2019-08-05T14:22:25.808 , Gen : 39300 , BEST: 1018 , SECOND: 1018 
2019-08-05T14:22:29.296 , Gen : 39400 , BEST: 1018 , SECOND: 1018 
2019-08-05T14:22:32.907 , Gen : 39500 , BEST: 1018 , SECOND: 1018 
2019-08-05T14:22:36.424 , Gen : 39600 , BEST: 1018 , SECOND: 1018 
2019-08-05T14:22:40.154 , Gen : 39700 , BEST: 1018 , SECOND: 1018 
2019-08-05T14:22:43.945 , Gen : 39800 , BEST: 1018 , SECOND: 1018 
2019-08-05T14:22:47.695 , Gen : 39900 , BEST: 1018 , SECOND: 1018 
2019-08-05T14:22:51.631 , Gen : 40000 , BEST: 1018 , SECOND: 1018 
fitness : 1018 
 code : +>>[]->-,[+<-->]<-[++++++>]<+++.+++++++[+[++[[]><><.,],,.>,[><+][+.>-++]-,+[.>,[ 
 12 * 3 ->  31 
 6 * 3 ->  19 
 15 * 3 ->  37 
2019-08-05T14:22:55.244 , Gen : 40100 , BEST: 1018 , SECOND: 1018 
2019-08-05T14:22:59.045 , Gen : 40200 , BEST: 1018 , SECOND: 1018 
2019-08-05T14:23:02.573 , Gen : 40300 , BEST: 1018 , SECOND: 1018 
2019-08-05T14:23:06.656 , Gen : 40400 , BEST: 1018 , SECOND: 1018 
2019-08-05T14:23:10.816 , Gen : 40500 , BEST: 1018 , SECOND: 1018 
2019-08-05T14:23:14.95 , Gen : 40600 , BEST: 1018 , SECOND: 1018 
2019-08-05T14:23:19.392 , Gen : 40700 , BEST: 1018 , SECOND: 1018 
2019-08-05T14:23:23.301 , Gen : 40800 , BEST: 1018 , SECOND: 1018 
2019-08-05T14:23:27.302 , Gen : 40900 , BEST: 1018 , SECOND: 1018 
2019-08-05T14:23:31.529 , Gen : 41000 , BEST: 1018 , SECOND: 1018 
fitness : 1018 
 code : +>>[]->-,[+<-->]<-[++++++>]<+++.+++++++[+[++[[]><><.,],,.>,[><+][+.>-++]-,+[.>,[ 
 4 * 3 ->  15 
 15 * 3 ->  37 
 11 * 3 ->  29 
2019-08-05T14:23:35.664 , Gen : 41100 , BEST: 1018 , SECOND: 1018 
2019-08-05T14:23:39.925 , Gen : 41200 , BEST: 1018 , SECOND: 1018 
2019-08-05T14:23:43.752 , Gen : 41300 , BEST: 1018 , SECOND: 1018 
2019-08-05T14:23:47.584 , Gen : 41400 , BEST: 1018 , SECOND: 1018 
2019-08-05T14:23:51.856 , Gen : 41500 , BEST: 1018 , SECOND: 1018 
2019-08-05T14:23:56.44 , Gen : 41600 , BEST: 1018 , SECOND: 1018 
2019-08-05T14:24:00.497 , Gen : 41700 , BEST: 1018 , SECOND: 1018 
2019-08-05T14:24:04.595 , Gen : 41800 , BEST: 1018 , SECOND: 1018 
2019-08-05T14:24:09.303 , Gen : 41900 , BEST: 1018 , SECOND: 1018 
2019-08-05T14:24:13.874 , Gen : 42000 , BEST: 1018 , SECOND: 1018 
fitness : 1018 
 code : +>>[]->-,[+<-->]<-[++++++>]<+++.+++++++[+[++[[]><><.,],,.>,[><+][+.>-++]-,+[.>,[ 
 8 * 3 ->  23 
 14 * 3 ->  35 
 9 * 3 ->  25 
2019-08-05T14:24:18.135 , Gen : 42100 , BEST: 1018 , SECOND: 1018 
2019-08-05T14:24:21.903 , Gen : 42200 , BEST: 1018 , SECOND: 1018 
2019-08-05T14:24:25.522 , Gen : 42300 , BEST: 1018 , SECOND: 1018 
2019-08-05T14:24:29.132 , Gen : 42400 , BEST: 1018 , SECOND: 1018 
2019-08-05T14:24:32.662 , Gen : 42500 , BEST: 1018 , SECOND: 1018 
2019-08-05T14:24:36.668 , Gen : 42600 , BEST: 1018 , SECOND: 1018 
2019-08-05T14:24:40.968 , Gen : 42700 , BEST: 1018 , SECOND: 1018 
2019-08-05T14:24:45.087 , Gen : 42800 , BEST: 1018 , SECOND: 1018 
2019-08-05T14:24:49.382 , Gen : 42900 , BEST: 1018 , SECOND: 1018 
2019-08-05T14:24:53.312 , Gen : 43000 , BEST: 1018 , SECOND: 1018 
fitness : 1018 
 code : +>>[]->-,[+<-->]<-[++++++>]<+++.+++++++[+[++[[]><><.,],,.>,[><+][+.>-++]-,+[.>,[ 
 4 * 3 ->  15 
 5 * 3 ->  17 
 15 * 3 ->  37 
2019-08-05T14:24:56.832 , Gen : 43100 , BEST: 1018 , SECOND: 1018 
2019-08-05T14:25:00.661 , Gen : 43200 , BEST: 1018 , SECOND: 1018 
2019-08-05T14:25:04.421 , Gen : 43300 , BEST: 1018 , SECOND: 1018 
2019-08-05T14:25:08.7 , Gen : 43400 , BEST: 1018 , SECOND: 1018 
2019-08-05T14:25:12.435 , Gen : 43500 , BEST: 1018 , SECOND: 1018 
2019-08-05T14:25:16.6 , Gen : 43600 , BEST: 1018 , SECOND: 1018 
2019-08-05T14:25:20.651 , Gen : 43700 , BEST: 1018 , SECOND: 1018 
2019-08-05T14:25:25.143 , Gen : 43800 , BEST: 1018 , SECOND: 1018 
2019-08-05T14:25:29.263 , Gen : 43900 , BEST: 1018 , SECOND: 1018 
2019-08-05T14:25:33.767 , Gen : 44000 , BEST: 1018 , SECOND: 1018 
fitness : 1018 
 code : +>>[]->-,[+<-->]<-[++++++>]<+++.+++++++[+[++[[]><><.,],,.>,[><+][+.>-++]-,+[.>,[ 
 6 * 3 ->  19 
 3 * 3 ->  13 
 6 * 3 ->  19 
2019-08-05T14:25:37.987 , Gen : 44100 , BEST: 1018 , SECOND: 1018 
2019-08-05T14:25:41.927 , Gen : 44200 , BEST: 1018 , SECOND: 1018 
2019-08-05T14:25:46.254 , Gen : 44300 , BEST: 1018 , SECOND: 1018 
2019-08-05T14:25:50.117 , Gen : 44400 , BEST: 1018 , SECOND: 1018 
2019-08-05T14:25:54.431 , Gen : 44500 , BEST: 1018 , SECOND: 1018 
2019-08-05T14:25:58.796 , Gen : 44600 , BEST: 1018 , SECOND: 1018 
2019-08-05T14:26:02.822 , Gen : 44700 , BEST: 1018 , SECOND: 1018 
2019-08-05T14:26:06.548 , Gen : 44800 , BEST: 1018 , SECOND: 1018 
2019-08-05T14:26:10.293 , Gen : 44900 , BEST: 1018 , SECOND: 1018 
2019-08-05T14:26:14.214 , Gen : 45000 , BEST: 1018 , SECOND: 1018 
fitness : 1018 
 code : +>>[]->-,[+<-->]<-[++++++>]<+++.+++++++[+[++[[]><><.,],,.>,[><+][+.>-++]-,+[.>,[ 
 4 * 3 ->  15 
 11 * 3 ->  29 
 4 * 3 ->  15 
2019-08-05T14:26:17.942 , Gen : 45100 , BEST: 1018 , SECOND: 1018 
2019-08-05T14:26:22.022 , Gen : 45200 , BEST: 1018 , SECOND: 1018 
2019-08-05T14:26:26.04 , Gen : 45300 , BEST: 1018 , SECOND: 1018 
2019-08-05T14:26:29.866 , Gen : 45400 , BEST: 1018 , SECOND: 1018 
2019-08-05T14:26:33.966 , Gen : 45500 , BEST: 1018 , SECOND: 1018 
2019-08-05T14:26:37.946 , Gen : 45600 , BEST: 1018 , SECOND: 1018 
2019-08-05T14:26:42.016 , Gen : 45700 , BEST: 1018 , SECOND: 1018 
2019-08-05T14:26:45.864 , Gen : 45800 , BEST: 1018 , SECOND: 1018 
2019-08-05T14:26:49.474 , Gen : 45900 , BEST: 1018 , SECOND: 1018 
2019-08-05T14:26:52.969 , Gen : 46000 , BEST: 1018 , SECOND: 1018 
fitness : 1018 
 code : +>>[]->-,[+<-->]<-[++++++>]<+++.+++++++[+[++[[]><><.,],,.>,[><+][+.>-++]-,+[.>,[ 
 9 * 3 ->  25 
 14 * 3 ->  35 
 0 * 3 ->  7 
2019-08-05T14:26:57.1 , Gen : 46100 , BEST: 1018 , SECOND: 1018 
2019-08-05T14:27:00.984 , Gen : 46200 , BEST: 1018 , SECOND: 1018 
2019-08-05T14:27:05.316 , Gen : 46300 , BEST: 1018 , SECOND: 1018 
2019-08-05T14:27:09.176 , Gen : 46400 , BEST: 1018 , SECOND: 1018 
2019-08-05T14:27:12.745 , Gen : 46500 , BEST: 1018 , SECOND: 1018 
2019-08-05T14:27:16.185 , Gen : 46600 , BEST: 1018 , SECOND: 1018 
2019-08-05T14:27:20.445 , Gen : 46700 , BEST: 1018 , SECOND: 1018 
2019-08-05T14:27:24.635 , Gen : 46800 , BEST: 1018 , SECOND: 1018 
2019-08-05T14:27:28.423 , Gen : 46900 , BEST: 1018 , SECOND: 1018 
2019-08-05T14:27:32.467 , Gen : 47000 , BEST: 1018 , SECOND: 1018 
fitness : 1018 
 code : +>>[]->-,[+<-->]<-[++++++>]<+++.+++++++[+[++[[]><><.,],,.>,[><+][+.>-++]-,+[.>,[ 
 2 * 3 ->  11 
 1 * 3 ->  3 
 14 * 3 ->  35 
2019-08-05T14:27:36.137 , Gen : 47100 , BEST: 1018 , SECOND: 1018 
2019-08-05T14:27:39.954 , Gen : 47200 , BEST: 1018 , SECOND: 1018 
2019-08-05T14:27:43.901 , Gen : 47300 , BEST: 1018 , SECOND: 1018 
2019-08-05T14:27:48.058 , Gen : 47400 , BEST: 1018 , SECOND: 1018 
2019-08-05T14:27:51.726 , Gen : 47500 , BEST: 1018 , SECOND: 1018 
2019-08-05T14:27:55.758 , Gen : 47600 , BEST: 1018 , SECOND: 1018 
2019-08-05T14:28:00.198 , Gen : 47700 , BEST: 1018 , SECOND: 1018 
2019-08-05T14:28:04.113 , Gen : 47800 , BEST: 1018 , SECOND: 1018 
2019-08-05T14:28:07.893 , Gen : 47900 , BEST: 1018 , SECOND: 1018 
2019-08-05T14:28:12.458 , Gen : 48000 , BEST: 1018 , SECOND: 1018 
fitness : 1018 
 code : +>>[]->-,[+<-->]<-[++++++>]<+++.+++++++[+[++[[]><><.,],,.>,[><+][+.>-++]-,+[.>,[ 
 2 * 3 ->  11 
 3 * 3 ->  13 
 6 * 3 ->  19 
2019-08-05T14:28:16.679 , Gen : 48100 , BEST: 1018 , SECOND: 1018 
2019-08-05T14:28:20.676 , Gen : 48200 , BEST: 1018 , SECOND: 1018 
2019-08-05T14:28:24.479 , Gen : 48300 , BEST: 1018 , SECOND: 1018 
2019-08-05T14:28:28.511 , Gen : 48400 , BEST: 1018 , SECOND: 1018 
2019-08-05T14:28:32.656 , Gen : 48500 , BEST: 1018 , SECOND: 1018 
2019-08-05T14:28:36.949 , Gen : 48600 , BEST: 1018 , SECOND: 1018 
2019-08-05T14:28:41.444 , Gen : 48700 , BEST: 1018 , SECOND: 1018 
2019-08-05T14:28:45.5 , Gen : 48800 , BEST: 1018 , SECOND: 1018 
2019-08-05T14:28:49.331 , Gen : 48900 , BEST: 1018 , SECOND: 1018 
2019-08-05T14:28:53.069 , Gen : 49000 , BEST: 1018 , SECOND: 1018 
fitness : 1018 
 code : +>>[]->-,[+<-->]<-[++++++>]<+++.+++++++[+[++[[]><><.,],,.>,[><+][+.>-++]-,+[.>,[ 
 0 * 3 ->  7 
 10 * 3 ->  27 
 14 * 3 ->  35 
2019-08-05T14:28:57.1 , Gen : 49100 , BEST: 1018 , SECOND: 1018 
2019-08-05T14:29:00.372 , Gen : 49200 , BEST: 1018 , SECOND: 1018 
2019-08-05T14:29:03.905 , Gen : 49300 , BEST: 1018 , SECOND: 1018 
2019-08-05T14:29:07.642 , Gen : 49400 , BEST: 1018 , SECOND: 1018 
2019-08-05T14:29:11.121 , Gen : 49500 , BEST: 1018 , SECOND: 1018 
2019-08-05T14:29:15.177 , Gen : 49600 , BEST: 1018 , SECOND: 1018 
2019-08-05T14:29:19.355 , Gen : 49700 , BEST: 1018 , SECOND: 1018 
2019-08-05T14:29:23.477 , Gen : 49800 , BEST: 1018 , SECOND: 1018 
2019-08-05T14:29:27.504 , Gen : 49900 , BEST: 1018 , SECOND: 1018 
2019-08-05T14:29:31.775 , Gen : 50000 , BEST: 1018 , SECOND: 1018 
fitness : 1018 
 code : +>>[]->-,[+<-->]<-[++++++>]<+++.+++++++[+[++[[]><><.,],,.>,[><+][+.>-++]-,+[.>,[ 
 1 * 3 ->  3 
 12 * 3 ->  31 
 6 * 3 ->  19 
2019-08-05T14:29:35.77 , Gen : 50100 , BEST: 1018 , SECOND: 1018 
2019-08-05T14:29:39.782 , Gen : 50200 , BEST: 1018 , SECOND: 1018 
2019-08-05T14:29:43.868 , Gen : 50300 , BEST: 1018 , SECOND: 1018 
2019-08-05T14:29:47.801 , Gen : 50400 , BEST: 1018 , SECOND: 1018 
2019-08-05T14:29:51.657 , Gen : 50500 , BEST: 1018 , SECOND: 1018 
2019-08-05T14:29:55.42 , Gen : 50600 , BEST: 1018 , SECOND: 1018 
2019-08-05T14:29:58.522 , Gen : 50700 , BEST: 1018 , SECOND: 1018 
2019-08-05T14:30:01.884 , Gen : 50800 , BEST: 1018 , SECOND: 1018 
2019-08-05T14:30:05.467 , Gen : 50900 , BEST: 1018 , SECOND: 1018 
2019-08-05T14:30:08.959 , Gen : 51000 , BEST: 1018 , SECOND: 1018 
fitness : 1018 
 code : +>>[]->-,[+<-->]<-[++++++>]<+++.+++++++[+[++[[]><><.,],,.>,[><+][+.>-++]-,+[.>,[ 
 12 * 3 ->  31 
 13 * 3 ->  33 
 8 * 3 ->  23 
2019-08-05T14:30:12.675 , Gen : 51100 , BEST: 1018 , SECOND: 1018 
2019-08-05T14:30:16.731 , Gen : 51200 , BEST: 1018 , SECOND: 1018 
2019-08-05T14:30:20.478 , Gen : 51300 , BEST: 1018 , SECOND: 1018 
2019-08-05T14:30:24.383 , Gen : 51400 , BEST: 1018 , SECOND: 1018 
2019-08-05T14:30:28.331 , Gen : 51500 , BEST: 1018 , SECOND: 1018 
2019-08-05T14:30:32.383 , Gen : 51600 , BEST: 1018 , SECOND: 1018 
2019-08-05T14:30:36.303 , Gen : 51700 , BEST: 1018 , SECOND: 1018 
2019-08-05T14:30:40.301 , Gen : 51800 , BEST: 1018 , SECOND: 1018 
2019-08-05T14:30:44.141 , Gen : 51900 , BEST: 1018 , SECOND: 1018 
2019-08-05T14:30:48.211 , Gen : 52000 , BEST: 1018 , SECOND: 1018 
fitness : 1018 
 code : +>>[]->-,[+<-->]<-[++++++>]<+++.+++++++[+[++[[]><><.,],,.>,[><+][+.>-++]-,+[.>,[ 
 5 * 3 ->  17 
 8 * 3 ->  23 
 1 * 3 ->  3 
2019-08-05T14:30:52.659 , Gen : 52100 , BEST: 1018 , SECOND: 1018 
2019-08-05T14:30:56.831 , Gen : 52200 , BEST: 1018 , SECOND: 1018 
2019-08-05T14:31:00.953 , Gen : 52300 , BEST: 1018 , SECOND: 1018 
2019-08-05T14:31:05.406 , Gen : 52400 , BEST: 1018 , SECOND: 1018 
2019-08-05T14:31:09.464 , Gen : 52500 , BEST: 1018 , SECOND: 1018 
2019-08-05T14:31:13.361 , Gen : 52600 , BEST: 1018 , SECOND: 1018 
2019-08-05T14:31:17.411 , Gen : 52700 , BEST: 1018 , SECOND: 1018 
2019-08-05T14:31:21.23 , Gen : 52800 , BEST: 1018 , SECOND: 1018 
2019-08-05T14:31:24.966 , Gen : 52900 , BEST: 1018 , SECOND: 1018 
2019-08-05T14:31:29.015 , Gen : 53000 , BEST: 1024 , SECOND: 1024 
fitness : 1024 
 code : ,[>++>+<+<-]>.++-[+++++++[.++>+++++]+++++<><.-++>.,.-]+.,[+],<++]+>-+.><+.>+,[[, 
 3 * 3 ->  9 
 15 * 3 ->  45 
 15 * 3 ->  45 
2019-08-05T14:31:33.208 , Gen : 53100 , BEST: 1024 , SECOND: 1024 
fitness : 1024 
 code : ,[>++>+<+<-]>.++-++++++++++++++++-+-+[+++..><.[++>.,.-].,[[+,,<++]+>.]+.>+.<,<,, 
 3 * 3 ->  9 
 11 * 3 ->  33 
 0 * 3 ->  0 
 Generation : 53102 
fitness 1024 
dna : [0.666677, 0.808413, 0.244314, 0.351888, 0.366688, 0.21123, 0.252553, 0.033918, 0.285649, 0.080292, 0.421374, 0.877916, 0.142715, 0.552082, 0.373466, 0.348547, 0.421226, 0.277029, 0.284007, 0.290503, 0.261654, 0.370212, 0.370212, 0.253849, 0.261654, 0.337351, 0.361762, 0.261654, 0.361762, 0.370212, 0.31021, 0.321469, 0.250109, 0.41434, 0.294248, 0.485104, 0.294248, 0.788195, 0.321469, 0.360079, 0.360079, 0.555392, 0.555392, 0.200781, 0.0113062, 0.520655, 0.827463, 0.356561, 0.264715, 0.20221, 0.572381, 0.700663, 0.558234, 0.492686, 0.997288, 0.613232, 0.664741, 0.776687, 0.783197, 0.32138, 0.704767, 0.645936, 0.00434112, 0.310047, 0.347953, 0.942211, 0.337888, 0.130584, 0.536196, 0.987638, 0.337888, 0.577022, 0.144335, 0.303176, 0.602168, 0.0945875, 0.638926, 0.0129357, 0.68532, 0.699949] 
