targetFitness = 1024 
params : Main.GeneticAlgorithms.Types.GAParams(136, 1000000, 150, 150, 0.7, 0.01, true, IOStream(<file ../Results/logTimesThree.log>), 42978.0, 1024.0, 0, 1) 
2019-07-30T14:15:35.011 , Gen : 100 , BEST: 988 , SECOND: 988 
2019-07-30T14:15:42.941 , Gen : 200 , BEST: 988 , SECOND: 988 
2019-07-30T14:15:51.026 , Gen : 300 , BEST: 990 , SECOND: 990 
2019-07-30T14:15:59.189 , Gen : 400 , BEST: 990 , SECOND: 990 
2019-07-30T14:16:08.067 , Gen : 500 , BEST: 990 , SECOND: 990 
2019-07-30T14:16:16.528 , Gen : 600 , BEST: 992 , SECOND: 992 
2019-07-30T14:16:23.204 , Gen : 700 , BEST: 992 , SECOND: 992 
2019-07-30T14:16:29.006 , Gen : 800 , BEST: 992 , SECOND: 992 
2019-07-30T14:16:34.779 , Gen : 900 , BEST: 992 , SECOND: 992 
2019-07-30T14:16:40.495 , Gen : 1000 , BEST: 994 , SECOND: 994 
fitness : 994 
 code : -,+[+[+++..+<--[+,.]<+].,-.->-]>,]+++-<[]>,+,<.<-.,.]].,-[[<[]<].<>[.+,,[<,,[+]<<]<][<<+]<<.+[+[.>+++.-[].,]-]>-][-,.>[[+.]---,.-]-][+]+<<++,+[<<+]+.[ 
 4 * 3 ->  9 
 7 * 3 ->  12 
 11 * 3 ->  16 
2019-07-30T14:16:46.748 , Gen : 1100 , BEST: 996 , SECOND: 994 
2019-07-30T14:16:54.836 , Gen : 1200 , BEST: 996 , SECOND: 996 
2019-07-30T14:17:01.375 , Gen : 1300 , BEST: 998 , SECOND: 998 
2019-07-30T14:17:09.583 , Gen : 1400 , BEST: 998 , SECOND: 998 
2019-07-30T14:17:17.138 , Gen : 1500 , BEST: 998 , SECOND: 998 
2019-07-30T14:17:24.524 , Gen : 1600 , BEST: 998 , SECOND: 998 
2019-07-30T14:17:31.461 , Gen : 1700 , BEST: 998 , SECOND: 998 
2019-07-30T14:17:38.642 , Gen : 1800 , BEST: 998 , SECOND: 998 
2019-07-30T14:17:45.093 , Gen : 1900 , BEST: 998 , SECOND: 998 
2019-07-30T14:17:51.767 , Gen : 2000 , BEST: 1000 , SECOND: 998 
fitness : 1000 
 code : -><,+++[+++++...+<--[+,.]+[],.,.-[-].<[]>],]-.]+,..>[-[<[+<].,>.[,-++<,[.[+,[[>+[<]<<]><+<+]<<-<>+[+.>]++>-[].<-]>-,[-,.>..]--[-]-,-][<-]+[<<<++,+.,[- 
 2 * 3 ->  10 
 1 * 3 ->  9 
 11 * 3 ->  19 
2019-07-30T14:17:57.521 , Gen : 2100 , BEST: 1000 , SECOND: 1000 
2019-07-30T14:18:02.968 , Gen : 2200 , BEST: 1000 , SECOND: 1000 
2019-07-30T14:18:09.621 , Gen : 2300 , BEST: 1000 , SECOND: 1000 
2019-07-30T14:18:16.578 , Gen : 2400 , BEST: 1000 , SECOND: 1000 
2019-07-30T14:18:23.515 , Gen : 2500 , BEST: 1000 , SECOND: 1000 
2019-07-30T14:18:30.514 , Gen : 2600 , BEST: 1000 , SECOND: 1000 
2019-07-30T14:18:37.646 , Gen : 2700 , BEST: 1000 , SECOND: 1000 
2019-07-30T14:18:46.301 , Gen : 2800 , BEST: 1000 , SECOND: 1000 
2019-07-30T14:18:55.235 , Gen : 2900 , BEST: 1000 , SECOND: 1000 
2019-07-30T14:19:03.984 , Gen : 3000 , BEST: 1000 , SECOND: 1000 
fitness : 1000 
 code : >,++[+[+++++.[],+-<+,<.<],-[<--[]>,]+,,-<<-.+,.>[-[<[+<]..>>..,-+<]+<,[.[+,[[<>+[<]<<]><[<+]<<.>+[+.>+]++>-[].,<<-]>-,[-,].+.]-[-,.-,-][<]+[<<<++,+.-. 
 7 * 3 ->  15 
 3 * 3 ->  11 
 1 * 3 ->  9 
2019-07-30T14:19:12.713 , Gen : 3100 , BEST: 1000 , SECOND: 1000 
2019-07-30T14:19:21.733 , Gen : 3200 , BEST: 1000 , SECOND: 1000 
2019-07-30T14:19:30.688 , Gen : 3300 , BEST: 1000 , SECOND: 1000 
2019-07-30T14:19:40.351 , Gen : 3400 , BEST: 1000 , SECOND: 1000 
2019-07-30T14:19:49.836 , Gen : 3500 , BEST: 1000 , SECOND: 1000 
2019-07-30T14:19:59.464 , Gen : 3600 , BEST: 1000 , SECOND: 1000 
2019-07-30T14:20:06.875 , Gen : 3700 , BEST: 1000 , SECOND: 1000 
2019-07-30T14:20:13.24 , Gen : 3800 , BEST: 1000 , SECOND: 1000 
2019-07-30T14:20:20.272 , Gen : 3900 , BEST: 1000 , SECOND: 1000 
2019-07-30T14:20:29.322 , Gen : 4000 , BEST: 1000 , SECOND: 1000 
fitness : 1000 
 code : >,++[+[+++++.[],+-<+,<.<],-[<--[]>,]+,,-<<-.+,.>[-[<[+<]..>>..,-+<]+<,[.[+,[[<>+[<]<<]><[<+]<<.>+[+.>+]++>-[].,<<-]>-,[-,].+.]-[-,.-,-][<]+[<<<++,+.-. 
 0 * 3 ->  8 
 5 * 3 ->  13 
 9 * 3 ->  17 
2019-07-30T14:20:38.494 , Gen : 4100 , BEST: 1000 , SECOND: 1000 
2019-07-30T14:20:46.231 , Gen : 4200 , BEST: 1000 , SECOND: 1000 
2019-07-30T14:20:54.618 , Gen : 4300 , BEST: 1000 , SECOND: 1000 
2019-07-30T14:21:02.348 , Gen : 4400 , BEST: 1000 , SECOND: 1000 
2019-07-30T14:21:09.919 , Gen : 4500 , BEST: 1000 , SECOND: 1000 
2019-07-30T14:21:17.367 , Gen : 4600 , BEST: 1000 , SECOND: 1000 
2019-07-30T14:21:24.477 , Gen : 4700 , BEST: 1000 , SECOND: 1000 
2019-07-30T14:21:31.195 , Gen : 4800 , BEST: 1000 , SECOND: 1000 
2019-07-30T14:21:37.935 , Gen : 4900 , BEST: 1000 , SECOND: 1000 
2019-07-30T14:21:45.01 , Gen : 5000 , BEST: 1000 , SECOND: 1000 
fitness : 1000 
 code : >,++[+[+++++.[],+-<+,<.<],-[<--[]>,]+,,-<<-.+,.>[-[<[+<]..>>..,-+<]+<,[.[+,[[<>+[<]<<]><[<+]<<.>+[+.>+]++>-[].,<<-]>-,[-,].+.]-[-,.-,-][<]+[<<<++,+.-. 
 8 * 3 ->  16 
 0 * 3 ->  8 
 4 * 3 ->  12 
2019-07-30T14:21:52.477 , Gen : 5100 , BEST: 1000 , SECOND: 1000 
2019-07-30T14:21:58.597 , Gen : 5200 , BEST: 1000 , SECOND: 1000 
2019-07-30T14:22:04.41 , Gen : 5300 , BEST: 1000 , SECOND: 1000 
2019-07-30T14:22:10.322 , Gen : 5400 , BEST: 1000 , SECOND: 1000 
2019-07-30T14:22:16.896 , Gen : 5500 , BEST: 1000 , SECOND: 1000 
2019-07-30T14:22:23.128 , Gen : 5600 , BEST: 1000 , SECOND: 1000 
2019-07-30T14:22:29.984 , Gen : 5700 , BEST: 1000 , SECOND: 1000 
2019-07-30T14:22:36.326 , Gen : 5800 , BEST: 1000 , SECOND: 1000 
2019-07-30T14:22:43.257 , Gen : 5900 , BEST: 1000 , SECOND: 1000 
2019-07-30T14:22:50.599 , Gen : 6000 , BEST: 1000 , SECOND: 1000 
fitness : 1000 
 code : >,++[+[+++++.[],+-<+,<.<],-[<--[]>,]+,,-<<-.+,.>[-[<[+<]..>>..,-+<]+<,[.[+,[[<>+[<]<<]><[<+]<<.>+[+.>+]++>-[].,<<-]>-,[-,].+.]-[-,.-,-][<]+[<<<++,+.-. 
 3 * 3 ->  11 
 13 * 3 ->  21 
 8 * 3 ->  16 
2019-07-30T14:22:57.241 , Gen : 6100 , BEST: 1000 , SECOND: 1000 
2019-07-30T14:23:03.703 , Gen : 6200 , BEST: 1000 , SECOND: 1000 
2019-07-30T14:23:09.929 , Gen : 6300 , BEST: 1000 , SECOND: 1000 
2019-07-30T14:23:15.482 , Gen : 6400 , BEST: 1000 , SECOND: 1000 
2019-07-30T14:23:21.862 , Gen : 6500 , BEST: 1000 , SECOND: 1000 
2019-07-30T14:23:28.273 , Gen : 6600 , BEST: 1000 , SECOND: 1000 
2019-07-30T14:23:34.688 , Gen : 6700 , BEST: 1000 , SECOND: 1000 
2019-07-30T14:23:40.997 , Gen : 6800 , BEST: 1000 , SECOND: 1000 
2019-07-30T14:23:47.529 , Gen : 6900 , BEST: 1000 , SECOND: 1000 
2019-07-30T14:23:53.725 , Gen : 7000 , BEST: 1000 , SECOND: 1000 
fitness : 1000 
 code : >,++[+[+++++.[],+-<+,<.<],-[<--[]>,]+,,-<<-.+,.>[-[<[+<]..>>..,-+<]+<,[.[+,[[<>+[<]<<]><[<+]<<.>+[+.>+]++>-[].,<<-]>-,[-,].+.]-[-,.-,-][<]+[<<<++,+.-. 
 1 * 3 ->  9 
 8 * 3 ->  16 
 0 * 3 ->  8 
2019-07-30T14:23:59.626 , Gen : 7100 , BEST: 1000 , SECOND: 1000 
2019-07-30T14:24:06.855 , Gen : 7200 , BEST: 1000 , SECOND: 1000 
2019-07-30T14:24:12.612 , Gen : 7300 , BEST: 1000 , SECOND: 1000 
2019-07-30T14:24:18.547 , Gen : 7400 , BEST: 1000 , SECOND: 1000 
2019-07-30T14:24:24.828 , Gen : 7500 , BEST: 1000 , SECOND: 1000 
2019-07-30T14:24:30.738 , Gen : 7600 , BEST: 1000 , SECOND: 1000 
2019-07-30T14:24:36.015 , Gen : 7700 , BEST: 1000 , SECOND: 1000 
2019-07-30T14:24:41.861 , Gen : 7800 , BEST: 1000 , SECOND: 1000 
2019-07-30T14:24:47.57 , Gen : 7900 , BEST: 1000 , SECOND: 1000 
